#
# A fatal error has been detected by the Java Runtime Environment:
#
#  EXCEPTION_ACCESS_VIOLATION (0xc0000005) at pc=0x0000000064d38206, pid=16432, tid=0x0000000000003ff8
#
# JRE version: Java(TM) SE Runtime Environment (8.0_231-b11) (build 1.8.0_231-b11)
# Java VM: Java HotSpot(TM) 64-Bit Server VM (25.231-b11 mixed mode windows-amd64 compressed oops)
# Problematic frame:
# V  [jvm.dll+0x408206]
#
# Failed to write core dump. Minidumps are not enabled by default on client versions of Windows
#
# If you would like to submit a bug report, please visit:
#   http://bugreport.java.com/bugreport/crash.jsp
#

---------------  T H R E A D  ---------------

Current thread (0x0000000002a50800):  GCTaskThread [stack: 0x0000000013810000,0x0000000013910000] [id=16376]

siginfo: ExceptionCode=0xc0000005, ExceptionInformation=0x0000000000000008 0x000000007a548206

Registers:
RAX=0x0000000000000e3e, RBX=0x0000000000000003, RCX=0x00000000000006ab, RDX=0x000000001e6219e0
RSP=0x000000001390fb50, RBP=0x000000001390fc30, RSI=0x000000000000000a, RDI=0x000000001caa86d0
R8 =0x00000000000006ab, R9 =0x000000003162733b, R10=0x0000000000000007, R11=0x00000007704bcdf0
R12=0x0000000000000010, R13=0x000000001390fc48, R14=0x0000000000000000, R15=0x0000000002a50ee0
RIP=0x0000000064d38206, EFLAGS=0x0000000000010202

Top of Stack: (sp=0x000000001390fb50)
0x000000001390fb50:   00000007704bb948 0000000064d35141
0x000000001390fb60:   0000060700000260 0000000000000003
0x000000001390fb70:   0000030000000e3e 0000030000000e39
0x000000001390fb80:   000000077018e358 0000030000000e3a
0x000000001390fb90:   0000030000000e3c 0000030000000e39
0x000000001390fba0:   0000000002a50ed0 0000030000000e3b
0x000000001390fbb0:   0000000002a50ed0 0000000002a4bf50
0x000000001390fbc0:   0000000002a50ed0 0000000002a4bf50
0x000000001390fbd0:   0000000064f8db28 00000000209bd5d0
0x000000001390fbe0:   000000000000000a 0000000064d3878d
0x000000001390fbf0:   0000030000000e3c 000000001e6225c0
0x000000001390fc00:   0000000000000000 00000007704bb955
0x000000001390fc10:   00000000209bd5d0 0000000000000000
0x000000001390fc20:   0000000000000000 0000000064d2706e
0x000000001390fc30:   000000003162733b 0000000002a50800
0x000000001390fc40:   0000000000000000 00000007704964c9 

Instructions: (pc=0x0000000064d38206)
0x0000000064d381e6:   44 24 20 2b c8 81 e1 ff ff 01 00 81 f9 ff ff 01
0x0000000064d381f6:   00 41 0f 44 ce 85 c9 75 07 32 c0 e9 e3 00 00 00
0x0000000064d38206:   8b 4c 24 20 48 8b 42 30 48 8b 04 c8 48 8b 5c 24
0x0000000064d38216:   20 49 89 45 00 8d 43 01 48 89 9c 24 a0 00 00 00 


Register to memory mapping:

RAX=0x0000000000000e3e is an unknown value
RBX=0x0000000000000003 is an unknown value
RCX=0x00000000000006ab is an unknown value
RDX=0x000000001e6219e0 is an unknown value
RSP=0x000000001390fb50 is an unknown value
RBP=0x000000001390fc30 is an unknown value
RSI=0x000000000000000a is an unknown value
RDI=0x000000001caa86d0 is an unknown value
R8 =0x00000000000006ab is an unknown value
R9 =0x000000003162733b is an unknown value
R10=0x0000000000000007 is an unknown value
R11=0x00000007704bcdf0 is an unknown value
R12=0x0000000000000010 is an unknown value
R13=0x000000001390fc48 is an unknown value
R14=0x0000000000000000 is an unknown value
R15=0x0000000002a50ee0 is an unknown value


Stack: [0x0000000013810000,0x0000000013910000],  sp=0x000000001390fb50,  free space=1022k
Native frames: (J=compiled Java code, j=interpreted, Vv=VM code, C=native code)
V  [jvm.dll+0x408206]
V  [jvm.dll+0x40878d]
V  [jvm.dll+0x3f706e]
V  [jvm.dll+0x29fd8a]
C  [msvcr100.dll+0x21d9f]
C  [msvcr100.dll+0x21e3b]
C  [KERNEL32.DLL+0x154e0]
C  [ntdll.dll+0x210b]


---------------  P R O C E S S  ---------------

Java Threads: ( => current thread )
  0x0000000021ea8000 JavaThread "background-preinit" [_thread_blocked, id=21964, stack(0x0000000022fb0000,0x00000000230b0000)]
  0x0000000020b6a000 JavaThread "RMI TCP Accept-0" daemon [_thread_in_native, id=13492, stack(0x0000000021b30000,0x0000000021c30000)]
  0x00000000208dc800 JavaThread "Service Thread" daemon [_thread_blocked, id=26108, stack(0x0000000021a10000,0x0000000021b10000)]
  0x0000000020830800 JavaThread "C1 CompilerThread11" daemon [_thread_blocked, id=26496, stack(0x0000000021910000,0x0000000021a10000)]
  0x0000000020836000 JavaThread "C1 CompilerThread10" daemon [_thread_blocked, id=11824, stack(0x0000000021810000,0x0000000021910000)]
  0x0000000020831800 JavaThread "C1 CompilerThread9" daemon [_thread_blocked, id=20416, stack(0x0000000021710000,0x0000000021810000)]
  0x0000000020833000 JavaThread "C1 CompilerThread8" daemon [_thread_blocked, id=3820, stack(0x0000000021510000,0x0000000021610000)]
  0x0000000020835800 JavaThread "C2 CompilerThread7" daemon [_thread_blocked, id=13144, stack(0x0000000021410000,0x0000000021510000)]
  0x000000002081e800 JavaThread "C2 CompilerThread6" daemon [_thread_blocked, id=21096, stack(0x0000000021310000,0x0000000021410000)]
  0x0000000020803800 JavaThread "C2 CompilerThread5" daemon [_thread_blocked, id=22996, stack(0x0000000021210000,0x0000000021310000)]
  0x00000000207f9000 JavaThread "C2 CompilerThread4" daemon [_thread_blocked, id=20804, stack(0x0000000021110000,0x0000000021210000)]
  0x00000000207f8000 JavaThread "C2 CompilerThread3" daemon [_thread_blocked, id=14676, stack(0x0000000021010000,0x0000000021110000)]
  0x00000000207e9800 JavaThread "C2 CompilerThread2" daemon [_thread_blocked, id=13904, stack(0x0000000020f10000,0x0000000021010000)]
  0x00000000207e8800 JavaThread "C2 CompilerThread1" daemon [_thread_blocked, id=13932, stack(0x0000000020e10000,0x0000000020f10000)]
  0x00000000207e8000 JavaThread "C2 CompilerThread0" daemon [_thread_blocked, id=18048, stack(0x0000000020d10000,0x0000000020e10000)]
  0x000000001e6df000 JavaThread "JDWP Command Reader" daemon [_thread_in_native, id=24028, stack(0x0000000020410000,0x0000000020510000)]
  0x000000001e6de000 JavaThread "JDWP Event Helper Thread" daemon [_thread_blocked, id=10704, stack(0x0000000020310000,0x0000000020410000)]
  0x000000001e6d5000 JavaThread "JDWP Transport Listener: dt_socket" daemon [_thread_blocked, id=21432, stack(0x0000000020210000,0x0000000020310000)]
  0x000000001e6c9000 JavaThread "Attach Listener" daemon [_thread_blocked, id=22932, stack(0x0000000020110000,0x0000000020210000)]
  0x000000001e670000 JavaThread "Signal Dispatcher" daemon [_thread_blocked, id=23996, stack(0x0000000020010000,0x0000000020110000)]
  0x000000001cbdb800 JavaThread "Finalizer" daemon [_thread_blocked, id=5768, stack(0x000000001feb0000,0x000000001ffb0000)]
  0x000000001e646000 JavaThread "Reference Handler" daemon [_thread_blocked, id=544, stack(0x000000001fdb0000,0x000000001feb0000)]
  0x0000000002a22000 JavaThread "main" [_thread_blocked, id=18332, stack(0x0000000002920000,0x0000000002a20000)]

Other Threads:
  0x000000001cbcc000 VMThread [stack: 0x000000001fcb0000,0x000000001fdb0000] [id=23752]
  0x0000000020b85000 WatcherThread [stack: 0x0000000021c30000,0x0000000021d30000] [id=23936]

=>0x0000000002a50800 (exited) GCTaskThread [stack: 0x0000000013810000,0x0000000013910000] [id=16376]

VM state:at safepoint (normal execution)

VM Mutex/Monitor currently owned by a thread:  ([mutex/lock_event])
[0x0000000002a20d50] Threads_lock - owner thread: 0x000000001cbcc000
[0x0000000002a20cd0] Heap_lock - owner thread: 0x0000000021ea8000

heap address: 0x00000006c2400000, size: 4060 MB, Compressed Oops mode: Zero based, Oop shift amount: 3
Narrow klass base: 0x0000000000000000, Narrow klass shift: 3
Compressed class space size: 1073741824 Address: 0x00000007c0000000

Heap:
 PSYoungGen      total 75776K, used 72681K [0x000000076b700000, 0x0000000770b80000, 0x00000007c0000000)
  eden space 65024K, 100% used [0x000000076b700000,0x000000076f680000,0x000000076f680000)
  from space 10752K, 71% used [0x000000076f680000,0x000000076fdfa6d8,0x0000000770100000)
  to   space 10752K, 49% used [0x0000000770100000,0x000000077062ce00,0x0000000770b80000)
 ParOldGen       total 173568K, used 24K [0x00000006c2400000, 0x00000006ccd80000, 0x000000076b700000)
  object space 173568K, 0% used [0x00000006c2400000,0x00000006c2406000,0x00000006ccd80000)
 Metaspace       used 19104K, capacity 19746K, committed 19968K, reserved 1067008K
  class space    used 2527K, capacity 2705K, committed 2816K, reserved 1048576K

Card table byte_map: [0x00000000120d0000,0x00000000128c0000] byte_map_base: 0x000000000eabe000

Marking Bits: (ParMarkBitMap*) 0x0000000065156d90
 Begin Bits: [0x0000000013b10000, 0x0000000017a80000)
 End Bits:   [0x0000000017a80000, 0x000000001b9f0000)

Polling page: 0x0000000000bd0000

CodeCache: size=245760Kb used=5227Kb max_used=5227Kb free=240532Kb
 bounds [0x0000000002d10000, 0x0000000003230000, 0x0000000011d10000]
 total_blobs=1946 nmethods=1560 adapters=303
 compilation: enabled

Compilation events (10 events):
Event: 0.946 Thread 0x0000000020831800 1556       1       org.springframework.core.annotation.AnnotationTypeMappings::size (10 bytes)
Event: 0.946 Thread 0x0000000020831800 nmethod 1556 0x0000000003229810 code [0x0000000003229960, 0x0000000003229aa8]
Event: 0.946 Thread 0x0000000020830800 1557       1       java.util.concurrent.ConcurrentMap::computeIfAbsent (51 bytes)
Event: 0.946 Thread 0x0000000020830800 nmethod 1557 0x0000000003229b10 code [0x0000000003229ca0, 0x0000000003229f38]
Event: 0.946 Thread 0x0000000020833000 1558       1       org.springframework.core.ResolvableType::getType (8 bytes)
Event: 0.946 Thread 0x0000000020836000 1559       1       org.springframework.core.SerializableTypeWrapper::unwrap (34 bytes)
Event: 0.946 Thread 0x0000000020833000 nmethod 1558 0x000000000322a0d0 code [0x000000000322a240, 0x000000000322a478]
Event: 0.946 Thread 0x0000000020836000 nmethod 1559 0x000000000322a590 code [0x000000000322a700, 0x000000000322a918]
Event: 0.951 Thread 0x0000000020831800 1560       1       java.util.concurrent.ConcurrentHashMap::containsKey (14 bytes)
Event: 0.952 Thread 0x0000000020831800 nmethod 1560 0x000000000322aa10 code [0x000000000322ab60, 0x000000000322acc8]

GC Heap History (3 events):
Event: 0.785 GC heap before
{Heap before GC invocations=1 (full 0):
 PSYoungGen      total 75776K, used 65024K [0x000000076b700000, 0x0000000770b80000, 0x00000007c0000000)
  eden space 65024K, 100% used [0x000000076b700000,0x000000076f680000,0x000000076f680000)
  from space 10752K, 0% used [0x0000000770100000,0x0000000770100000,0x0000000770b80000)
  to   space 10752K, 0% used [0x000000076f680000,0x000000076f680000,0x0000000770100000)
 ParOldGen       total 173568K, used 0K [0x00000006c2400000, 0x00000006ccd80000, 0x000000076b700000)
  object space 173568K, 0% used [0x00000006c2400000,0x00000006c2400000,0x00000006ccd80000)
 Metaspace       used 13946K, capacity 14386K, committed 14720K, reserved 1062912K
  class space    used 1748K, capacity 1893K, committed 1920K, reserved 1048576K
Event: 0.790 GC heap after
Heap after GC invocations=1 (full 0):
 PSYoungGen      total 75776K, used 7657K [0x000000076b700000, 0x0000000770b80000, 0x00000007c0000000)
  eden space 65024K, 0% used [0x000000076b700000,0x000000076b700000,0x000000076f680000)
  from space 10752K, 71% used [0x000000076f680000,0x000000076fdfa6d8,0x0000000770100000)
  to   space 10752K, 0% used [0x0000000770100000,0x0000000770100000,0x0000000770b80000)
 ParOldGen       total 173568K, used 16K [0x00000006c2400000, 0x00000006ccd80000, 0x000000076b700000)
  object space 173568K, 0% used [0x00000006c2400000,0x00000006c2404000,0x00000006ccd80000)
 Metaspace       used 13946K, capacity 14386K, committed 14720K, reserved 1062912K
  class space    used 1748K, capacity 1893K, committed 1920K, reserved 1048576K
}
Event: 0.956 GC heap before
{Heap before GC invocations=2 (full 0):
 PSYoungGen      total 75776K, used 72681K [0x000000076b700000, 0x0000000770b80000, 0x00000007c0000000)
  eden space 65024K, 100% used [0x000000076b700000,0x000000076f680000,0x000000076f680000)
  from space 10752K, 71% used [0x000000076f680000,0x000000076fdfa6d8,0x0000000770100000)
  to   space 10752K, 0% used [0x0000000770100000,0x0000000770100000,0x0000000770b80000)
 ParOldGen       total 173568K, used 16K [0x00000006c2400000, 0x00000006ccd80000, 0x000000076b700000)
  object space 173568K, 0% used [0x00000006c2400000,0x00000006c2404000,0x00000006ccd80000)
 Metaspace       used 19104K, capacity 19746K, committed 19968K, reserved 1067008K
  class space    used 2527K, capacity 2705K, committed 2816K, reserved 1048576K

Deoptimization events (0 events):
No events

Classes redefined (0 events):
No events

Internal exceptions (10 events):
Event: 0.902 Thread 0x0000000002a22000 Exception <a 'java/lang/ArrayIndexOutOfBoundsException'> (0x000000076e2bcfa0) thrown at [C:\re\workspace\8-2-build-windows-amd64-cygwin\jdk8u231\13620\hotspot\src\share\vm\runtime\sharedRuntime.cpp, line 605]
Event: 0.902 Thread 0x0000000002a22000 Exception <a 'java/lang/ArrayIndexOutOfBoundsException'> (0x000000076e2bf618) thrown at [C:\re\workspace\8-2-build-windows-amd64-cygwin\jdk8u231\13620\hotspot\src\share\vm\runtime\sharedRuntime.cpp, line 605]
Event: 0.902 Thread 0x0000000002a22000 Exception <a 'java/lang/ArrayIndexOutOfBoundsException'> (0x000000076e2cdfa8) thrown at [C:\re\workspace\8-2-build-windows-amd64-cygwin\jdk8u231\13620\hotspot\src\share\vm\runtime\sharedRuntime.cpp, line 605]
Event: 0.903 Thread 0x0000000002a22000 Exception <a 'java/lang/ArrayIndexOutOfBoundsException'> (0x000000076e2d72a8) thrown at [C:\re\workspace\8-2-build-windows-amd64-cygwin\jdk8u231\13620\hotspot\src\share\vm\runtime\sharedRuntime.cpp, line 605]
Event: 0.903 Thread 0x0000000002a22000 Exception <a 'java/lang/ArrayIndexOutOfBoundsException'> (0x000000076e2f5548) thrown at [C:\re\workspace\8-2-build-windows-amd64-cygwin\jdk8u231\13620\hotspot\src\share\vm\runtime\sharedRuntime.cpp, line 605]
Event: 0.904 Thread 0x0000000002a22000 Exception <a 'java/lang/ArrayIndexOutOfBoundsException'> (0x000000076e302538) thrown at [C:\re\workspace\8-2-build-windows-amd64-cygwin\jdk8u231\13620\hotspot\src\share\vm\runtime\sharedRuntime.cpp, line 605]
Event: 0.904 Thread 0x0000000002a22000 Exception <a 'java/lang/ArrayIndexOutOfBoundsException'> (0x000000076e309e20) thrown at [C:\re\workspace\8-2-build-windows-amd64-cygwin\jdk8u231\13620\hotspot\src\share\vm\runtime\sharedRuntime.cpp, line 605]
Event: 0.909 Thread 0x0000000002a22000 Exception <a 'java/lang/NoSuchMethodError': org.slf4j.impl.StaticMDCBinder.getSingleton()Lorg/slf4j/impl/StaticMDCBinder;> (0x000000076e39e398) thrown at [C:\re\workspace\8-2-build-windows-amd64-cygwin\jdk8u231\13620\hotspot\src\share\vm\interpreter\linkR
Event: 0.942 Thread 0x0000000002a22000 Exception <a 'java/lang/NoSuchMethodError': java.lang.Object.lambda$getAnnotationTypes$0(Lorg/springframework/core/annotation/MergedAnnotation;)Ljava/lang/String;> (0x000000076ee42118) thrown at [C:\re\workspace\8-2-build-windows-amd64-cygwin\jdk8u231\136
Event: 0.944 Thread 0x0000000002a22000 Exception <a 'java/lang/NoSuchMethodError': java.lang.Object.lambda$getMetaAnnotationTypes$1(Lorg/springframework/core/annotation/MergedAnnotation;)Ljava/lang/String;> (0x000000076ee625d0) thrown at [C:\re\workspace\8-2-build-windows-amd64-cygwin\jdk8u231

Events (10 events):
Event: 0.956 Thread 0x0000000002a22000 DEOPT UNPACKING pc=0x0000000002d57890 sp=0x0000000002a1dbb0 mode 1
Event: 0.956 loading class com/fasterxml/jackson/databind/ser/std/NumberSerializers$ShortSerializer
Event: 0.956 loading class com/fasterxml/jackson/databind/ser/std/NumberSerializers$ShortSerializer done
Event: 0.956 Thread 0x0000000021ea8000 DEOPT PACKING pc=0x00000000030e5a11 sp=0x00000000230acd60
Event: 0.956 Thread 0x0000000021ea8000 DEOPT UNPACKING pc=0x0000000002d57890 sp=0x00000000230acab0 mode 1
Event: 0.956 Thread 0x0000000021ea8000 DEOPT PACKING pc=0x00000000030ae744 sp=0x00000000230acde0
Event: 0.956 Thread 0x0000000021ea8000 DEOPT UNPACKING pc=0x0000000002d57890 sp=0x00000000230acc00 mode 1
Event: 0.956 Thread 0x0000000021ea8000 DEOPT PACKING pc=0x00000000030ae68c sp=0x00000000230acf70
Event: 0.956 Thread 0x0000000021ea8000 DEOPT UNPACKING pc=0x0000000002d57890 sp=0x00000000230acd90 mode 1
Event: 0.956 Executing VM operation: ParallelGCFailedAllocation


Dynamic libraries:
0x00007ff6bcb30000 - 0x00007ff6bcb67000 	D:\Java\jdk1.8.0_231\bin\java.exe
0x00007ffa1a920000 - 0x00007ffa1ab24000 	C:\WINDOWS\SYSTEM32\ntdll.dll
0x00007ffa19920000 - 0x00007ffa199dd000 	C:\WINDOWS\System32\KERNEL32.DLL
0x00007ffa180f0000 - 0x00007ffa1845b000 	C:\WINDOWS\System32\KERNELBASE.dll
0x00007ffa19a70000 - 0x00007ffa19b1c000 	C:\WINDOWS\System32\ADVAPI32.dll
0x00007ffa18a40000 - 0x00007ffa18ae3000 	C:\WINDOWS\System32\msvcrt.dll
0x00007ffa193b0000 - 0x00007ffa1944e000 	C:\WINDOWS\System32\sechost.dll
0x00007ffa18900000 - 0x00007ffa18a20000 	C:\WINDOWS\System32\RPCRT4.dll
0x00007ffa1a380000 - 0x00007ffa1a52f000 	C:\WINDOWS\System32\USER32.dll
0x00007ffa18460000 - 0x00007ffa18486000 	C:\WINDOWS\System32\win32u.dll
0x00007ffa18f10000 - 0x00007ffa18f39000 	C:\WINDOWS\System32\GDI32.dll
0x00007ffa185a0000 - 0x00007ffa186b1000 	C:\WINDOWS\System32\gdi32full.dll
0x00007ffa17ee0000 - 0x00007ffa17f7d000 	C:\WINDOWS\System32\msvcp_win.dll
0x00007ffa18490000 - 0x00007ffa185a0000 	C:\WINDOWS\System32\ucrtbase.dll
0x00007ffa0b860000 - 0x00007ffa0bb05000 	C:\WINDOWS\WinSxS\amd64_microsoft.windows.common-controls_6595b64144ccf1df_6.0.21343.1000_none_59f4c1071028aa42\COMCTL32.dll
0x00007ffa1a7b0000 - 0x00007ffa1a7e1000 	C:\WINDOWS\System32\IMM32.DLL
0x00000000651e0000 - 0x00000000652b2000 	D:\Java\jdk1.8.0_231\jre\bin\msvcr100.dll
0x0000000064930000 - 0x00000000651d6000 	D:\Java\jdk1.8.0_231\jre\bin\server\jvm.dll
0x00007ffa1a5f0000 - 0x00007ffa1a5f8000 	C:\WINDOWS\System32\PSAPI.DLL
0x00007ffa133d0000 - 0x00007ffa133da000 	C:\WINDOWS\SYSTEM32\VERSION.dll
0x00007ffa13ba0000 - 0x00007ffa13bd0000 	C:\WINDOWS\SYSTEM32\WINMM.dll
0x00007ffa0b850000 - 0x00007ffa0b859000 	C:\WINDOWS\SYSTEM32\WSOCK32.dll
0x00007ffa18dd0000 - 0x00007ffa18e40000 	C:\WINDOWS\System32\WS2_32.dll
0x00007ff9f6270000 - 0x00007ff9f627f000 	D:\Java\jdk1.8.0_231\jre\bin\verify.dll
0x00007ff9eb370000 - 0x00007ff9eb399000 	D:\Java\jdk1.8.0_231\jre\bin\java.dll
0x00007ffa0fc80000 - 0x00007ffa0fcb5000 	D:\Java\jdk1.8.0_231\jre\bin\jdwp.dll
0x00007ffa13ef0000 - 0x00007ffa13ef8000 	D:\Java\jdk1.8.0_231\jre\bin\npt.dll
0x00007ffa0d920000 - 0x00007ffa0d943000 	D:\Java\jdk1.8.0_231\jre\bin\instrument.dll
0x00007ff9eb350000 - 0x00007ff9eb366000 	D:\Java\jdk1.8.0_231\jre\bin\zip.dll
0x00007ffa19c10000 - 0x00007ffa1a37e000 	C:\WINDOWS\System32\SHELL32.dll
0x00007ffa16070000 - 0x00007ffa168d6000 	C:\WINDOWS\SYSTEM32\windows.storage.dll
0x00007ffa18f50000 - 0x00007ffa192c4000 	C:\WINDOWS\System32\combase.dll
0x00007ffa19b20000 - 0x00007ffa19c0e000 	C:\WINDOWS\System32\SHCORE.dll
0x00007ffa1a530000 - 0x00007ffa1a58e000 	C:\WINDOWS\System32\shlwapi.dll
0x00007ffa17e10000 - 0x00007ffa17e31000 	C:\WINDOWS\SYSTEM32\profapi.dll
0x00007ffa13810000 - 0x00007ffa13819000 	D:\Java\jdk1.8.0_231\jre\bin\dt_socket.dll
0x00007ffa17530000 - 0x00007ffa17597000 	C:\WINDOWS\system32\mswsock.dll
0x00007ff9d3080000 - 0x00007ff9d309a000 	D:\Java\jdk1.8.0_231\jre\bin\net.dll
0x00007ffa16b60000 - 0x00007ffa16c4b000 	C:\WINDOWS\SYSTEM32\DNSAPI.dll
0x00007ffa16b30000 - 0x00007ffa16b5d000 	C:\WINDOWS\SYSTEM32\IPHLPAPI.DLL
0x00007ffa19a60000 - 0x00007ffa19a69000 	C:\WINDOWS\System32\NSI.dll
0x00007ffa0ee10000 - 0x00007ffa0ee1a000 	C:\Windows\System32\rasadhlp.dll
0x00007ffa12450000 - 0x00007ffa124d1000 	C:\WINDOWS\System32\fwpuclnt.dll
0x00007ffa0fce0000 - 0x00007ffa0fced000 	D:\Java\jdk1.8.0_231\jre\bin\management.dll
0x00007ff9d3060000 - 0x00007ff9d3072000 	D:\Java\jdk1.8.0_231\jre\bin\nio.dll
0x00007ffa17770000 - 0x00007ffa17788000 	C:\WINDOWS\SYSTEM32\CRYPTSP.dll
0x00007ffa16ff0000 - 0x00007ffa17025000 	C:\WINDOWS\system32\rsaenh.dll
0x00007ffa17620000 - 0x00007ffa17648000 	C:\WINDOWS\SYSTEM32\USERENV.dll
0x00007ffa178e0000 - 0x00007ffa17907000 	C:\WINDOWS\SYSTEM32\bcrypt.dll
0x00007ffa18780000 - 0x00007ffa187ff000 	C:\WINDOWS\System32\bcryptprimitives.dll
0x00007ffa17790000 - 0x00007ffa1779c000 	C:\WINDOWS\SYSTEM32\CRYPTBASE.dll
0x00007ffa12bb0000 - 0x00007ffa12bc9000 	C:\WINDOWS\SYSTEM32\dhcpcsvc6.DLL
0x00007ffa135b0000 - 0x00007ffa135ce000 	C:\WINDOWS\SYSTEM32\dhcpcsvc.DLL
0x00007ffa01780000 - 0x00007ffa01797000 	C:\WINDOWS\system32\napinsp.dll
0x00007ffa01690000 - 0x00007ffa016ab000 	C:\WINDOWS\system32\pnrpnsp.dll
0x00007ffa01540000 - 0x00007ffa01552000 	C:\WINDOWS\System32\winrnr.dll
0x00007ffa01480000 - 0x00007ffa01495000 	C:\WINDOWS\system32\wshbth.dll
0x00007ffa01450000 - 0x00007ffa0146f000 	C:\WINDOWS\system32\nlansp_c.dll
0x00007ffa0e440000 - 0x00007ffa0e66c000 	C:\WINDOWS\SYSTEM32\dbghelp.dll

VM Arguments:
jvm_args: -agentlib:jdwp=transport=dt_socket,address=127.0.0.1:49796,suspend=y,server=n -XX:TieredStopAtLevel=1 -Xverify:none -Dspring.output.ansi.enabled=always -javaagent:C:\Users\ZAT\AppData\Local\JetBrains\IntelliJIdea2020.3\captureAgent\debugger-agent.jar -Dcom.sun.management.jmxremote -Dspring.jmx.enabled=true -Dspring.liveBeansView.mbeanDomain -Dspring.application.admin.enabled=true -Dfile.encoding=UTF-8 
java_command: com.tickets.TicketsApplication
java_class_path (initial): D:\Java\jdk1.8.0_231\jre\lib\charsets.jar;D:\Java\jdk1.8.0_231\jre\lib\deploy.jar;D:\Java\jdk1.8.0_231\jre\lib\ext\access-bridge-64.jar;D:\Java\jdk1.8.0_231\jre\lib\ext\cldrdata.jar;D:\Java\jdk1.8.0_231\jre\lib\ext\dnsns.jar;D:\Java\jdk1.8.0_231\jre\lib\ext\jaccess.jar;D:\Java\jdk1.8.0_231\jre\lib\ext\jfxrt.jar;D:\Java\jdk1.8.0_231\jre\lib\ext\localedata.jar;D:\Java\jdk1.8.0_231\jre\lib\ext\nashorn.jar;D:\Java\jdk1.8.0_231\jre\lib\ext\sunec.jar;D:\Java\jdk1.8.0_231\jre\lib\ext\sunjce_provider.jar;D:\Java\jdk1.8.0_231\jre\lib\ext\sunmscapi.jar;D:\Java\jdk1.8.0_231\jre\lib\ext\sunpkcs11.jar;D:\Java\jdk1.8.0_231\jre\lib\ext\zipfs.jar;D:\Java\jdk1.8.0_231\jre\lib\javaws.jar;D:\Java\jdk1.8.0_231\jre\lib\jce.jar;D:\Java\jdk1.8.0_231\jre\lib\jfr.jar;D:\Java\jdk1.8.0_231\jre\lib\jfxswt.jar;D:\Java\jdk1.8.0_231\jre\lib\jsse.jar;D:\Java\jdk1.8.0_231\jre\lib\management-agent.jar;D:\Java\jdk1.8.0_231\jre\lib\plugin.jar;D:\Java\jdk1.8.0_231\jre\lib\resources.jar;D:\Java\jdk1.8.0_231\jre\lib\rt.jar;J:\github\ticket-project\target\classes;D:\apache-maven-3.6.3\repository\org\springframework\boot\spring-boot-starter\2.2.5.RELEASE\spring-boot-starter-2.2.5.RELEASE.jar;D:\apache-maven-3.6.3\repository\org\springframework\boot\spring-boot\2.2.5.RELEASE\spring-boot-2.2.5.RELEASE.jar;D:\apache-maven-3.6.3\repository\org\springframework\spring-context\5.2.4.RELEASE\spring-context-5.2.4.RELEASE.jar;D:\apache-maven-3.6.3\repository\org\springframework\boot\spring-boot-autoconfigure\2.2.5.RELEASE\spring-boot-autoconfigure-2.2.5.RELEASE.jar;D:\apache-maven-3.6.3\repository\org\springframework\boot\spring-boot-starter-logging\2.2.5.RELEASE\spring-boot-starter-logging-2.2.5.RELEASE.jar;D:\apache-maven-3.6.3\repository\ch\qos\logback\logback-classic\1.2.3\logback-classic-1.2.3.jar;D:\apache-maven-3.6.3\repository\ch\qos\logback\logback-core\1.2.3\logback-core-1.2.3.jar;D:\apache-maven-3.6.3\repository\org\apache\logging\log4j\log4j-to-slf4j\2.12.1\log4j-to-slf4j-2.1
Launcher Type: SUN_STANDARD

Environment Variables:
JAVA_HOME=D:\Java\jdk1.8.0_231
CLASSPATH=.;D:\Java\jdk1.8.0_231\lib;D:\Java\jdk1.8.0_231\lib\tool.jar
PATH=D:\Netsarang\Xshell 7\;D:\Netsarang\Xftp 7\;C:\Program Files (x86)\Common Files\Intel\Shared Libraries\redist\intel64_win\compiler;C:\Program Files (x86)\Common Files\Intel\Shared Libraries\redist\intel64\compiler;C:\Program Files (x86)\Common Files\Oracle\Java\javapath;C:\WINDOWS\system32;C:\WINDOWS;C:\WINDOWS\System32\Wbem;C:\WINDOWS\System32\WindowsPowerShell\v1.0\;C:\Program Files (x86)\Intel\Intel(R) Management Engine Components\DAL;C:\Program Files\Intel\Intel(R) Management Engine Components\DAL;C:\WINDOWS\System32\OpenSSH\;D:\Microsoft SQL Serverx86\100\Tools\Binn\;D:\Microsoft SQL Server\100\Tools\Binn\;D:\Microsoft SQL Server\100\DTS\Binn\;D:\Microsoft SQL Serverx86\100\Tools\Binn\VSShell\Common7\IDE\;C:\Program Files (x86)\Microsoft Visual Studio 9.0\Common7\IDE\PrivateAssemblies\;D:\Microsoft SQL Serverx86\100\DTS\Binn\;D:\Java\jdk1.8.0_231\bin;D:\Java\jdk1.8.0_231\jre\bin;D:\nodejs\;D:\apache-maven-3.6.3\bin;D:\apache-maven-3.6.3\bin;C:\Program Files\Microsoft SQL Server\130\Tools\Binn\;C:\Program Files\Microsoft SQL Server\Client SDK\ODBC\170\Tools\Binn\;C:\Program Files\Microsoft SQL Server\110\Tools\Binn\;%ERLANG_HOME%\bin;D:\Microsoft Visual Studio\SDK\Python37_64;D:\mysql-8.0.18-winx64;D:\Git\bin;D:\Program Files (x86)\IncrediBuild;C:\Program Files\dotnet\;D:\gradle-6.7.1\bin;C:\Program Files\Microsoft SQL Server\120\Tools\Binn\;C:\Program Files\Microsoft SQL Server\Client SDK\ODBC\110\Tools\Binn\;C:\Program Files (x86)\Microsoft SQL Server\120\Tools\Binn\;C:\Program Files\Microsoft SQL Server\120\DTS\Binn\;C:\Users\ZAT\AppData\Local\Microsoft\WindowsApps;G:\Bandzip\;C:\Users\ZAT\AppData\Roaming\npm;D:\Microsoft VS Code\bin;D:\JetBrains\IntelliJ IDEA 2019.3.1\bin;C:\Users\ZAT\AppData\Local\BypassRuntm;C:\Users\ZAT\AppData\Local\Microsoft\WindowsApps;C:\Users\ZAT\.dotnet\tools;;C:\Program Files\JetBrains\IntelliJ IDEA 2020.3.2\bin;
USERNAME=ZAT
OS=Windows_NT
PROCESSOR_IDENTIFIER=Intel64 Family 6 Model 158 Stepping 13, GenuineIntel



---------------  S Y S T E M  ---------------

OS: Windows 10.0 , 64 bit Build 21343 (10.0.21343.1000)

CPU:total 16 (initial active 16) (8 cores per cpu, 2 threads per core) family 6 model 158 stepping 13, cmov, cx8, fxsr, mmx, sse, sse2, sse3, ssse3, sse4.1, sse4.2, popcnt, avx, avx2, aes, clmul, erms, 3dnowpref, lzcnt, ht, tsc, tscinvbit, bmi1, bmi2, adx

Memory: 4k page, physical 16622152k(4788492k free), swap 34447944k(15364720k free)

vm_info: Java HotSpot(TM) 64-Bit Server VM (25.231-b11) for windows-amd64 JRE (1.8.0_231-b11), built on Oct  5 2019 03:11:30 by "java_re" with MS VC++ 10.0 (VS2010)

time: Wed Apr 07 18:17:40 2021
timezone: 中国标准时间
elapsed time: 0 seconds (0d 0h 0m 0s)

