2023-09-20 12:04:47.256 [Timer-0] ERROR com.tickets.controller.FaceController - 获取token接口调用失败
org.springframework.web.client.ResourceAccessException: I/O error on POST request for "https://gaxcx.huizhou.gov.cn/sjcs/sys/login": Read timed out; nested exception is java.net.SocketTimeoutException: Read timed out
	at org.springframework.web.client.RestTemplate.doExecute(RestTemplate.java:748)
	at org.springframework.web.client.RestTemplate.execute(RestTemplate.java:674)
	at org.springframework.web.client.RestTemplate.postForEntity(RestTemplate.java:449)
	at com.tickets.controller.FaceController.getToken(FaceController.java:450)
	at com.tickets.controller.FaceController.postHuiZhouDate(FaceController.java:252)
	at com.tickets.controller.FaceController$2.run(FaceController.java:170)
	at java.base/java.util.TimerThread.mainLoop(Timer.java:566)
	at java.base/java.util.TimerThread.run(Timer.java:516)
Caused by: java.net.SocketTimeoutException: Read timed out
	at java.base/sun.nio.ch.NioSocketImpl.timedRead(NioSocketImpl.java:273)
	at java.base/sun.nio.ch.NioSocketImpl.implRead(NioSocketImpl.java:299)
	at java.base/sun.nio.ch.NioSocketImpl.read(NioSocketImpl.java:340)
	at java.base/sun.nio.ch.NioSocketImpl$1.read(NioSocketImpl.java:789)
	at java.base/java.net.Socket$SocketInputStream.read(Socket.java:1025)
	at java.base/sun.security.ssl.SSLSocketInputRecord.read(SSLSocketInputRecord.java:483)
	at java.base/sun.security.ssl.SSLSocketInputRecord.readHeader(SSLSocketInputRecord.java:477)
	at java.base/sun.security.ssl.SSLSocketInputRecord.bytesInCompletePacket(SSLSocketInputRecord.java:70)
	at java.base/sun.security.ssl.SSLSocketImpl.readApplicationRecord(SSLSocketImpl.java:1461)
	at java.base/sun.security.ssl.SSLSocketImpl$AppInputStream.read(SSLSocketImpl.java:1066)
	at java.base/java.io.BufferedInputStream.fill(BufferedInputStream.java:258)
	at java.base/java.io.BufferedInputStream.read1(BufferedInputStream.java:313)
	at java.base/java.io.BufferedInputStream.implRead(BufferedInputStream.java:386)
	at java.base/java.io.BufferedInputStream.read(BufferedInputStream.java:365)
	at java.base/sun.net.www.http.HttpClient.parseHTTPHeader(HttpClient.java:828)
	at java.base/sun.net.www.http.HttpClient.parseHTTP(HttpClient.java:760)
	at java.base/sun.net.www.protocol.http.HttpURLConnection.getInputStream0(HttpURLConnection.java:1672)
	at java.base/sun.net.www.protocol.http.HttpURLConnection.getInputStream(HttpURLConnection.java:1581)
	at java.base/java.net.HttpURLConnection.getResponseCode(HttpURLConnection.java:529)
	at java.base/sun.net.www.protocol.https.HttpsURLConnectionImpl.getResponseCode(HttpsURLConnectionImpl.java:308)
	at org.springframework.http.client.SimpleClientHttpResponse.getRawStatusCode(SimpleClientHttpResponse.java:55)
	at org.springframework.web.client.DefaultResponseErrorHandler.hasError(DefaultResponseErrorHandler.java:61)
	at org.springframework.web.client.RestTemplate.handleResponse(RestTemplate.java:770)
	at org.springframework.web.client.RestTemplate.doExecute(RestTemplate.java:740)
	... 7 common frames omitted
2023-09-20 12:04:47.258 [Timer-0] ERROR com.tickets.controller.FaceController - No content to map due to end-of-input
 at [Source: (String)""; line: 1, column: 0]
com.fasterxml.jackson.databind.exc.MismatchedInputException: No content to map due to end-of-input
 at [Source: (String)""; line: 1, column: 0]
	at com.fasterxml.jackson.databind.exc.MismatchedInputException.from(MismatchedInputException.java:59)
	at com.fasterxml.jackson.databind.ObjectMapper._initForReading(ObjectMapper.java:4344)
	at com.fasterxml.jackson.databind.ObjectMapper._readMapAndClose(ObjectMapper.java:4189)
	at com.fasterxml.jackson.databind.ObjectMapper.readValue(ObjectMapper.java:3205)
	at com.fasterxml.jackson.databind.ObjectMapper.readValue(ObjectMapper.java:3173)
	at com.tickets.utils.JsonUtil.readValue(JsonUtil.java:56)
	at com.tickets.controller.FaceController.getTokeyValue(FaceController.java:543)
	at com.tickets.controller.FaceController.postHuiZhouDate(FaceController.java:253)
	at com.tickets.controller.FaceController$2.run(FaceController.java:170)
	at java.base/java.util.TimerThread.mainLoop(Timer.java:566)
	at java.base/java.util.TimerThread.run(Timer.java:516)
2023-09-20 12:04:57.189 [Timer-0] ERROR com.tickets.controller.FaceController - 获取token接口调用失败
org.springframework.web.client.ResourceAccessException: I/O error on POST request for "https://gaxcx.huizhou.gov.cn/sjcs/sys/login": Read timed out; nested exception is java.net.SocketTimeoutException: Read timed out
	at org.springframework.web.client.RestTemplate.doExecute(RestTemplate.java:748)
	at org.springframework.web.client.RestTemplate.execute(RestTemplate.java:674)
	at org.springframework.web.client.RestTemplate.postForEntity(RestTemplate.java:449)
	at com.tickets.controller.FaceController.getToken(FaceController.java:450)
	at com.tickets.controller.FaceController.postHuiZhouDate(FaceController.java:252)
	at com.tickets.controller.FaceController$2.run(FaceController.java:170)
	at java.base/java.util.TimerThread.mainLoop(Timer.java:566)
	at java.base/java.util.TimerThread.run(Timer.java:516)
Caused by: java.net.SocketTimeoutException: Read timed out
	at java.base/sun.nio.ch.NioSocketImpl.timedRead(NioSocketImpl.java:273)
	at java.base/sun.nio.ch.NioSocketImpl.implRead(NioSocketImpl.java:299)
	at java.base/sun.nio.ch.NioSocketImpl.read(NioSocketImpl.java:340)
	at java.base/sun.nio.ch.NioSocketImpl$1.read(NioSocketImpl.java:789)
	at java.base/java.net.Socket$SocketInputStream.read(Socket.java:1025)
	at java.base/sun.security.ssl.SSLSocketInputRecord.read(SSLSocketInputRecord.java:483)
	at java.base/sun.security.ssl.SSLSocketInputRecord.readHeader(SSLSocketInputRecord.java:477)
	at java.base/sun.security.ssl.SSLSocketInputRecord.bytesInCompletePacket(SSLSocketInputRecord.java:70)
	at java.base/sun.security.ssl.SSLSocketImpl.readApplicationRecord(SSLSocketImpl.java:1461)
	at java.base/sun.security.ssl.SSLSocketImpl$AppInputStream.read(SSLSocketImpl.java:1066)
	at java.base/java.io.BufferedInputStream.fill(BufferedInputStream.java:258)
	at java.base/java.io.BufferedInputStream.read1(BufferedInputStream.java:313)
	at java.base/java.io.BufferedInputStream.implRead(BufferedInputStream.java:386)
	at java.base/java.io.BufferedInputStream.read(BufferedInputStream.java:365)
	at java.base/sun.net.www.http.HttpClient.parseHTTPHeader(HttpClient.java:828)
	at java.base/sun.net.www.http.HttpClient.parseHTTP(HttpClient.java:760)
	at java.base/sun.net.www.protocol.http.HttpURLConnection.getInputStream0(HttpURLConnection.java:1672)
	at java.base/sun.net.www.protocol.http.HttpURLConnection.getInputStream(HttpURLConnection.java:1581)
	at java.base/java.net.HttpURLConnection.getResponseCode(HttpURLConnection.java:529)
	at java.base/sun.net.www.protocol.https.HttpsURLConnectionImpl.getResponseCode(HttpsURLConnectionImpl.java:308)
	at org.springframework.http.client.SimpleClientHttpResponse.getRawStatusCode(SimpleClientHttpResponse.java:55)
	at org.springframework.web.client.DefaultResponseErrorHandler.hasError(DefaultResponseErrorHandler.java:61)
	at org.springframework.web.client.RestTemplate.handleResponse(RestTemplate.java:770)
	at org.springframework.web.client.RestTemplate.doExecute(RestTemplate.java:740)
	... 7 common frames omitted
2023-09-20 12:04:57.190 [Timer-0] ERROR com.tickets.controller.FaceController - No content to map due to end-of-input
 at [Source: (String)""; line: 1, column: 0]
com.fasterxml.jackson.databind.exc.MismatchedInputException: No content to map due to end-of-input
 at [Source: (String)""; line: 1, column: 0]
	at com.fasterxml.jackson.databind.exc.MismatchedInputException.from(MismatchedInputException.java:59)
	at com.fasterxml.jackson.databind.ObjectMapper._initForReading(ObjectMapper.java:4344)
	at com.fasterxml.jackson.databind.ObjectMapper._readMapAndClose(ObjectMapper.java:4189)
	at com.fasterxml.jackson.databind.ObjectMapper.readValue(ObjectMapper.java:3205)
	at com.fasterxml.jackson.databind.ObjectMapper.readValue(ObjectMapper.java:3173)
	at com.tickets.utils.JsonUtil.readValue(JsonUtil.java:56)
	at com.tickets.controller.FaceController.getTokeyValue(FaceController.java:543)
	at com.tickets.controller.FaceController.postHuiZhouDate(FaceController.java:253)
	at com.tickets.controller.FaceController$2.run(FaceController.java:170)
	at java.base/java.util.TimerThread.mainLoop(Timer.java:566)
	at java.base/java.util.TimerThread.run(Timer.java:516)
2023-09-20 12:05:03.056 [Timer-0] ERROR com.tickets.controller.FaceController - 获取token接口调用失败
org.springframework.web.client.ResourceAccessException: I/O error on POST request for "https://gaxcx.huizhou.gov.cn/sjcs/sys/login": Read timed out; nested exception is java.net.SocketTimeoutException: Read timed out
	at org.springframework.web.client.RestTemplate.doExecute(RestTemplate.java:748)
	at org.springframework.web.client.RestTemplate.execute(RestTemplate.java:674)
	at org.springframework.web.client.RestTemplate.postForEntity(RestTemplate.java:449)
	at com.tickets.controller.FaceController.getToken(FaceController.java:450)
	at com.tickets.controller.FaceController.postHuiZhouDate(FaceController.java:252)
	at com.tickets.controller.FaceController$2.run(FaceController.java:170)
	at java.base/java.util.TimerThread.mainLoop(Timer.java:566)
	at java.base/java.util.TimerThread.run(Timer.java:516)
Caused by: java.net.SocketTimeoutException: Read timed out
	at java.base/sun.nio.ch.NioSocketImpl.timedRead(NioSocketImpl.java:273)
	at java.base/sun.nio.ch.NioSocketImpl.implRead(NioSocketImpl.java:299)
	at java.base/sun.nio.ch.NioSocketImpl.read(NioSocketImpl.java:340)
	at java.base/sun.nio.ch.NioSocketImpl$1.read(NioSocketImpl.java:789)
	at java.base/java.net.Socket$SocketInputStream.read(Socket.java:1025)
	at java.base/sun.security.ssl.SSLSocketInputRecord.read(SSLSocketInputRecord.java:483)
	at java.base/sun.security.ssl.SSLSocketInputRecord.readHeader(SSLSocketInputRecord.java:477)
	at java.base/sun.security.ssl.SSLSocketInputRecord.bytesInCompletePacket(SSLSocketInputRecord.java:70)
	at java.base/sun.security.ssl.SSLSocketImpl.readApplicationRecord(SSLSocketImpl.java:1461)
	at java.base/sun.security.ssl.SSLSocketImpl$AppInputStream.read(SSLSocketImpl.java:1066)
	at java.base/java.io.BufferedInputStream.fill(BufferedInputStream.java:258)
	at java.base/java.io.BufferedInputStream.read1(BufferedInputStream.java:313)
	at java.base/java.io.BufferedInputStream.implRead(BufferedInputStream.java:386)
	at java.base/java.io.BufferedInputStream.read(BufferedInputStream.java:365)
	at java.base/sun.net.www.http.HttpClient.parseHTTPHeader(HttpClient.java:828)
	at java.base/sun.net.www.http.HttpClient.parseHTTP(HttpClient.java:760)
	at java.base/sun.net.www.protocol.http.HttpURLConnection.getInputStream0(HttpURLConnection.java:1672)
	at java.base/sun.net.www.protocol.http.HttpURLConnection.getInputStream(HttpURLConnection.java:1581)
	at java.base/java.net.HttpURLConnection.getResponseCode(HttpURLConnection.java:529)
	at java.base/sun.net.www.protocol.https.HttpsURLConnectionImpl.getResponseCode(HttpsURLConnectionImpl.java:308)
	at org.springframework.http.client.SimpleClientHttpResponse.getRawStatusCode(SimpleClientHttpResponse.java:55)
	at org.springframework.web.client.DefaultResponseErrorHandler.hasError(DefaultResponseErrorHandler.java:61)
	at org.springframework.web.client.RestTemplate.handleResponse(RestTemplate.java:770)
	at org.springframework.web.client.RestTemplate.doExecute(RestTemplate.java:740)
	... 7 common frames omitted
2023-09-20 12:05:03.057 [Timer-0] ERROR com.tickets.controller.FaceController - No content to map due to end-of-input
 at [Source: (String)""; line: 1, column: 0]
com.fasterxml.jackson.databind.exc.MismatchedInputException: No content to map due to end-of-input
 at [Source: (String)""; line: 1, column: 0]
	at com.fasterxml.jackson.databind.exc.MismatchedInputException.from(MismatchedInputException.java:59)
	at com.fasterxml.jackson.databind.ObjectMapper._initForReading(ObjectMapper.java:4344)
	at com.fasterxml.jackson.databind.ObjectMapper._readMapAndClose(ObjectMapper.java:4189)
	at com.fasterxml.jackson.databind.ObjectMapper.readValue(ObjectMapper.java:3205)
	at com.fasterxml.jackson.databind.ObjectMapper.readValue(ObjectMapper.java:3173)
	at com.tickets.utils.JsonUtil.readValue(JsonUtil.java:56)
	at com.tickets.controller.FaceController.getTokeyValue(FaceController.java:543)
	at com.tickets.controller.FaceController.postHuiZhouDate(FaceController.java:253)
	at com.tickets.controller.FaceController$2.run(FaceController.java:170)
	at java.base/java.util.TimerThread.mainLoop(Timer.java:566)
	at java.base/java.util.TimerThread.run(Timer.java:516)
