2023-10-24 21:23:14.757 [main] INFO  com.tickets.TicketsApplication - Starting TicketsApplication using Java 21 with PID 37036 (C:\Users\11583\Desktop\ticket-project\target\classes started by 11583 in C:\Users\11583\Desktop\ticket-project)
2023-10-24 21:23:14.760 [main] INFO  com.tickets.TicketsApplication - No active profile set, falling back to 1 default profile: "default"
2023-10-24 21:23:15.682 [main] INFO  org.apache.catalina.core.StandardService - Starting service [Tomcat]
2023-10-24 21:23:15.682 [main] INFO  org.apache.catalina.core.StandardEngine - Starting Servlet engine: [Apache Tomcat/10.1.13]
2023-10-24 21:23:15.740 [main] INFO  o.a.c.core.ContainerBase.[Tomcat].[localhost].[/] - Initializing Spring embedded WebApplicationContext
2023-10-24 21:23:16.821 [main] INFO  com.tickets.TicketsApplication - Started TicketsApplication in 2.436 seconds (process running for 2.926)
2023-10-24 21:23:17.049 [RMI TCP Connection(4)-172.19.240.1] INFO  o.a.c.core.ContainerBase.[Tomcat].[localhost].[/] - Initializing Spring DispatcherServlet 'dispatcherServlet'
2023-10-24 21:23:17.073 [RMI TCP Connection(5)-172.19.240.1] INFO  com.alibaba.druid.pool.DruidDataSource - {dataSource-1} inited
2023-10-24 21:24:15.929 [SpringApplicationShutdownHook] INFO  com.alibaba.druid.pool.DruidDataSource - {dataSource-1} closing ...
2023-10-24 21:24:15.933 [SpringApplicationShutdownHook] INFO  com.alibaba.druid.pool.DruidDataSource - {dataSource-1} closed
2023-10-24 21:24:18.451 [main] INFO  com.tickets.TicketsApplication - Starting TicketsApplication using Java 21 with PID 17944 (C:\Users\11583\Desktop\ticket-project\target\classes started by 11583 in C:\Users\11583\Desktop\ticket-project)
2023-10-24 21:24:18.452 [main] INFO  com.tickets.TicketsApplication - No active profile set, falling back to 1 default profile: "default"
2023-10-24 21:24:19.565 [main] INFO  org.apache.catalina.core.StandardService - Starting service [Tomcat]
2023-10-24 21:24:19.565 [main] INFO  org.apache.catalina.core.StandardEngine - Starting Servlet engine: [Apache Tomcat/10.1.13]
2023-10-24 21:24:19.631 [main] INFO  o.a.c.core.ContainerBase.[Tomcat].[localhost].[/] - Initializing Spring embedded WebApplicationContext
2023-10-24 21:24:20.917 [main] INFO  com.tickets.TicketsApplication - Started TicketsApplication in 2.943 seconds (process running for 3.355)
2023-10-24 21:24:21.248 [RMI TCP Connection(4)-172.19.240.1] INFO  o.a.c.core.ContainerBase.[Tomcat].[localhost].[/] - Initializing Spring DispatcherServlet 'dispatcherServlet'
2023-10-24 21:24:21.274 [RMI TCP Connection(3)-172.19.240.1] INFO  com.alibaba.druid.pool.DruidDataSource - {dataSource-1} inited
2023-10-24 21:24:35.418 [SpringApplicationShutdownHook] INFO  com.alibaba.druid.pool.DruidDataSource - {dataSource-1} closing ...
2023-10-24 21:24:35.422 [SpringApplicationShutdownHook] INFO  com.alibaba.druid.pool.DruidDataSource - {dataSource-1} closed
2023-10-24 21:24:38.904 [main] INFO  com.tickets.TicketsApplication - Starting TicketsApplication using Java 21 with PID 28556 (C:\Users\11583\Desktop\ticket-project\target\classes started by 11583 in C:\Users\11583\Desktop\ticket-project)
2023-10-24 21:24:38.905 [main] INFO  com.tickets.TicketsApplication - No active profile set, falling back to 1 default profile: "default"
2023-10-24 21:24:39.836 [main] INFO  org.apache.catalina.core.StandardService - Starting service [Tomcat]
2023-10-24 21:24:39.837 [main] INFO  org.apache.catalina.core.StandardEngine - Starting Servlet engine: [Apache Tomcat/10.1.13]
2023-10-24 21:24:39.895 [main] INFO  o.a.c.core.ContainerBase.[Tomcat].[localhost].[/] - Initializing Spring embedded WebApplicationContext
2023-10-24 21:24:40.975 [main] INFO  com.tickets.TicketsApplication - Started TicketsApplication in 2.415 seconds (process running for 2.872)
2023-10-24 21:24:41.257 [RMI TCP Connection(3)-172.19.240.1] INFO  o.a.c.core.ContainerBase.[Tomcat].[localhost].[/] - Initializing Spring DispatcherServlet 'dispatcherServlet'
2023-10-24 21:24:41.282 [RMI TCP Connection(2)-172.19.240.1] INFO  com.alibaba.druid.pool.DruidDataSource - {dataSource-1} inited
2023-10-24 21:28:06.933 [SpringApplicationShutdownHook] INFO  com.alibaba.druid.pool.DruidDataSource - {dataSource-1} closing ...
2023-10-24 21:28:06.937 [SpringApplicationShutdownHook] INFO  com.alibaba.druid.pool.DruidDataSource - {dataSource-1} closed
2023-10-24 21:28:11.757 [main] INFO  com.tickets.TicketsApplication - Starting TicketsApplication using Java 21 with PID 43648 (C:\Users\11583\Desktop\ticket-project\target\classes started by 11583 in C:\Users\11583\Desktop\ticket-project)
2023-10-24 21:28:11.758 [main] INFO  com.tickets.TicketsApplication - No active profile set, falling back to 1 default profile: "default"
2023-10-24 21:28:12.659 [main] INFO  org.apache.catalina.core.StandardService - Starting service [Tomcat]
2023-10-24 21:28:12.659 [main] INFO  org.apache.catalina.core.StandardEngine - Starting Servlet engine: [Apache Tomcat/10.1.13]
2023-10-24 21:28:12.719 [main] INFO  o.a.c.core.ContainerBase.[Tomcat].[localhost].[/] - Initializing Spring embedded WebApplicationContext
2023-10-24 21:28:13.829 [main] INFO  com.tickets.TicketsApplication - Started TicketsApplication in 2.406 seconds (process running for 2.912)
2023-10-24 21:28:14.086 [RMI TCP Connection(2)-172.19.240.1] INFO  o.a.c.core.ContainerBase.[Tomcat].[localhost].[/] - Initializing Spring DispatcherServlet 'dispatcherServlet'
2023-10-24 21:28:14.109 [RMI TCP Connection(1)-172.19.240.1] INFO  com.alibaba.druid.pool.DruidDataSource - {dataSource-1} inited
2023-10-24 21:28:45.729 [SpringApplicationShutdownHook] INFO  com.alibaba.druid.pool.DruidDataSource - {dataSource-1} closing ...
2023-10-24 21:28:45.730 [SpringApplicationShutdownHook] INFO  com.alibaba.druid.pool.DruidDataSource - {dataSource-1} closed
2023-10-24 21:28:49.734 [main] INFO  com.tickets.TicketsApplication - Starting TicketsApplication using Java 21 with PID 43984 (C:\Users\11583\Desktop\ticket-project\target\classes started by 11583 in C:\Users\11583\Desktop\ticket-project)
2023-10-24 21:28:49.735 [main] INFO  com.tickets.TicketsApplication - No active profile set, falling back to 1 default profile: "default"
2023-10-24 21:28:50.645 [main] INFO  org.apache.catalina.core.StandardService - Starting service [Tomcat]
2023-10-24 21:28:50.645 [main] INFO  org.apache.catalina.core.StandardEngine - Starting Servlet engine: [Apache Tomcat/10.1.13]
2023-10-24 21:28:50.707 [main] INFO  o.a.c.core.ContainerBase.[Tomcat].[localhost].[/] - Initializing Spring embedded WebApplicationContext
2023-10-24 21:28:51.820 [main] INFO  com.tickets.TicketsApplication - Started TicketsApplication in 2.415 seconds (process running for 2.856)
2023-10-24 21:28:52.134 [RMI TCP Connection(6)-172.19.240.1] INFO  o.a.c.core.ContainerBase.[Tomcat].[localhost].[/] - Initializing Spring DispatcherServlet 'dispatcherServlet'
2023-10-24 21:28:52.158 [RMI TCP Connection(5)-172.19.240.1] INFO  com.alibaba.druid.pool.DruidDataSource - {dataSource-1} inited
2023-10-24 21:30:22.794 [SpringApplicationShutdownHook] INFO  com.alibaba.druid.pool.DruidDataSource - {dataSource-1} closing ...
2023-10-24 21:30:22.794 [SpringApplicationShutdownHook] INFO  com.alibaba.druid.pool.DruidDataSource - {dataSource-1} closed
2023-10-24 21:30:26.319 [main] INFO  com.tickets.TicketsApplication - Starting TicketsApplication using Java 21 with PID 43628 (C:\Users\11583\Desktop\ticket-project\target\classes started by 11583 in C:\Users\11583\Desktop\ticket-project)
2023-10-24 21:30:26.320 [main] INFO  com.tickets.TicketsApplication - No active profile set, falling back to 1 default profile: "default"
2023-10-24 21:30:27.245 [main] INFO  org.apache.catalina.core.StandardService - Starting service [Tomcat]
2023-10-24 21:30:27.245 [main] INFO  org.apache.catalina.core.StandardEngine - Starting Servlet engine: [Apache Tomcat/10.1.13]
2023-10-24 21:30:27.305 [main] INFO  o.a.c.core.ContainerBase.[Tomcat].[localhost].[/] - Initializing Spring embedded WebApplicationContext
2023-10-24 21:30:28.453 [main] INFO  com.tickets.TicketsApplication - Started TicketsApplication in 2.469 seconds (process running for 2.884)
2023-10-24 21:30:28.739 [RMI TCP Connection(4)-172.19.240.1] INFO  o.a.c.core.ContainerBase.[Tomcat].[localhost].[/] - Initializing Spring DispatcherServlet 'dispatcherServlet'
2023-10-24 21:30:28.762 [RMI TCP Connection(5)-172.19.240.1] INFO  com.alibaba.druid.pool.DruidDataSource - {dataSource-1} inited
2023-10-24 21:30:42.061 [SpringApplicationShutdownHook] INFO  com.alibaba.druid.pool.DruidDataSource - {dataSource-1} closing ...
2023-10-24 21:30:42.062 [SpringApplicationShutdownHook] INFO  com.alibaba.druid.pool.DruidDataSource - {dataSource-1} closed
2023-10-24 21:30:48.648 [main] INFO  com.tickets.TicketsApplication - Starting TicketsApplication using Java 21 with PID 35092 (C:\Users\11583\Desktop\ticket-project\target\classes started by 11583 in C:\Users\11583\Desktop\ticket-project)
2023-10-24 21:30:48.649 [main] INFO  com.tickets.TicketsApplication - No active profile set, falling back to 1 default profile: "default"
2023-10-24 21:30:49.533 [main] INFO  org.apache.catalina.core.StandardService - Starting service [Tomcat]
2023-10-24 21:30:49.533 [main] INFO  org.apache.catalina.core.StandardEngine - Starting Servlet engine: [Apache Tomcat/10.1.13]
2023-10-24 21:30:49.593 [main] INFO  o.a.c.core.ContainerBase.[Tomcat].[localhost].[/] - Initializing Spring embedded WebApplicationContext
2023-10-24 21:30:50.646 [main] INFO  com.tickets.TicketsApplication - Started TicketsApplication in 2.45 seconds (process running for 2.878)
2023-10-24 21:30:50.946 [RMI TCP Connection(3)-172.19.240.1] INFO  o.a.c.core.ContainerBase.[Tomcat].[localhost].[/] - Initializing Spring DispatcherServlet 'dispatcherServlet'
2023-10-24 21:30:50.971 [RMI TCP Connection(2)-172.19.240.1] INFO  com.alibaba.druid.pool.DruidDataSource - {dataSource-1} inited
2023-10-24 21:41:06.293 [SpringApplicationShutdownHook] INFO  com.alibaba.druid.pool.DruidDataSource - {dataSource-1} closing ...
2023-10-24 21:41:06.297 [SpringApplicationShutdownHook] INFO  com.alibaba.druid.pool.DruidDataSource - {dataSource-1} closed
2023-10-24 21:41:28.941 [main] INFO  com.tickets.TicketsApplication - Starting TicketsApplication using Java 21 with PID 27860 (C:\Users\11583\Desktop\ticket-project\target\classes started by 11583 in C:\Users\11583\Desktop\ticket-project)
2023-10-24 21:41:28.942 [main] INFO  com.tickets.TicketsApplication - No active profile set, falling back to 1 default profile: "default"
2023-10-24 21:41:29.843 [main] INFO  org.apache.catalina.core.StandardService - Starting service [Tomcat]
2023-10-24 21:41:29.843 [main] INFO  org.apache.catalina.core.StandardEngine - Starting Servlet engine: [Apache Tomcat/10.1.13]
2023-10-24 21:41:29.897 [main] INFO  o.a.c.core.ContainerBase.[Tomcat].[localhost].[/] - Initializing Spring embedded WebApplicationContext
2023-10-24 21:41:30.931 [main] INFO  com.tickets.TicketsApplication - Started TicketsApplication in 2.401 seconds (process running for 2.78)
2023-10-24 21:41:31.283 [RMI TCP Connection(3)-172.19.240.1] INFO  o.a.c.core.ContainerBase.[Tomcat].[localhost].[/] - Initializing Spring DispatcherServlet 'dispatcherServlet'
2023-10-24 21:41:31.306 [RMI TCP Connection(2)-172.19.240.1] INFO  com.alibaba.druid.pool.DruidDataSource - {dataSource-1} inited
2023-10-24 21:41:57.849 [SpringApplicationShutdownHook] INFO  com.alibaba.druid.pool.DruidDataSource - {dataSource-1} closing ...
2023-10-24 21:41:57.852 [SpringApplicationShutdownHook] INFO  com.alibaba.druid.pool.DruidDataSource - {dataSource-1} closed
2023-10-24 21:41:59.402 [main] INFO  com.tickets.TicketsApplication - Starting TicketsApplication using Java 21 with PID 43196 (C:\Users\11583\Desktop\ticket-project\target\classes started by 11583 in C:\Users\11583\Desktop\ticket-project)
2023-10-24 21:41:59.403 [main] INFO  com.tickets.TicketsApplication - No active profile set, falling back to 1 default profile: "default"
2023-10-24 21:42:00.295 [main] INFO  org.apache.catalina.core.StandardService - Starting service [Tomcat]
2023-10-24 21:42:00.295 [main] INFO  org.apache.catalina.core.StandardEngine - Starting Servlet engine: [Apache Tomcat/10.1.13]
2023-10-24 21:42:00.357 [main] INFO  o.a.c.core.ContainerBase.[Tomcat].[localhost].[/] - Initializing Spring embedded WebApplicationContext
2023-10-24 21:42:01.414 [main] INFO  com.tickets.TicketsApplication - Started TicketsApplication in 2.364 seconds (process running for 2.767)
2023-10-24 21:42:01.593 [http-nio-8080-exec-1] INFO  o.a.c.core.ContainerBase.[Tomcat].[localhost].[/] - Initializing Spring DispatcherServlet 'dispatcherServlet'
2023-10-24 21:42:01.820 [RMI TCP Connection(3)-172.19.240.1] INFO  com.alibaba.druid.pool.DruidDataSource - {dataSource-1} inited
2023-10-24 21:42:44.508 [SpringApplicationShutdownHook] INFO  com.alibaba.druid.pool.DruidDataSource - {dataSource-1} closing ...
2023-10-24 21:42:44.512 [SpringApplicationShutdownHook] INFO  com.alibaba.druid.pool.DruidDataSource - {dataSource-1} closed
2023-10-24 21:42:44.512 [Timer-0] INFO  com.alibaba.druid.pool.DruidDataSource - connection recyle failed.
2023-10-24 21:43:43.916 [main] INFO  com.tickets.TicketsApplication - Starting TicketsApplication using Java 21 with PID 43068 (C:\Users\11583\Desktop\ticket-project\target\classes started by 11583 in C:\Users\11583\Desktop\ticket-project)
2023-10-24 21:43:43.917 [main] INFO  com.tickets.TicketsApplication - No active profile set, falling back to 1 default profile: "default"
2023-10-24 21:43:44.853 [main] INFO  org.apache.catalina.core.StandardService - Starting service [Tomcat]
2023-10-24 21:43:44.854 [main] INFO  org.apache.catalina.core.StandardEngine - Starting Servlet engine: [Apache Tomcat/10.1.13]
2023-10-24 21:43:44.914 [main] INFO  o.a.c.core.ContainerBase.[Tomcat].[localhost].[/] - Initializing Spring embedded WebApplicationContext
2023-10-24 21:43:45.996 [main] INFO  com.tickets.TicketsApplication - Started TicketsApplication in 2.479 seconds (process running for 2.903)
2023-10-24 21:43:46.261 [RMI TCP Connection(4)-172.19.240.1] INFO  o.a.c.core.ContainerBase.[Tomcat].[localhost].[/] - Initializing Spring DispatcherServlet 'dispatcherServlet'
2023-10-24 21:43:46.284 [RMI TCP Connection(3)-172.19.240.1] INFO  com.alibaba.druid.pool.DruidDataSource - {dataSource-1} inited
2023-10-24 21:44:07.723 [SpringApplicationShutdownHook] INFO  com.alibaba.druid.pool.DruidDataSource - {dataSource-1} closing ...
2023-10-24 21:44:07.726 [SpringApplicationShutdownHook] INFO  com.alibaba.druid.pool.DruidDataSource - {dataSource-1} closed
