2023-09-11 18:58:58.085 [SpringContextShutdownHook] INFO  com.alibaba.druid.pool.DruidDataSource - {dataSource-1} closing ...
2023-09-11 18:58:58.095 [SpringContextShutdownHook] INFO  com.alibaba.druid.pool.DruidDataSource - {dataSource-1} closed
2023-09-11 18:59:00.978 [main] INFO  com.tickets.TicketsApplication - Starting TicketsApplication on 文文 with PID 57604 (C:\Users\11583\Desktop\ticket-project\target\classes started by 11583 in C:\Users\11583\Desktop\ticket-project)
2023-09-11 18:59:00.980 [main] INFO  com.tickets.TicketsApplication - No active profile set, falling back to default profiles: default
2023-09-11 18:59:01.810 [main] INFO  org.apache.catalina.core.StandardService - Starting service [Tomcat]
2023-09-11 18:59:01.811 [main] INFO  org.apache.catalina.core.StandardEngine - Starting Servlet engine: [Apache Tomcat/9.0.31]
2023-09-11 18:59:01.890 [main] INFO  o.a.c.core.ContainerBase.[Tomcat].[localhost].[/] - Initializing Spring embedded WebApplicationContext
2023-09-11 18:59:02.423 [main] INFO  s.d.s.w.PropertySourcedRequestMappingHandlerMapping - Mapped URL path [/v2/api-docs] onto method [springfox.documentation.swagger2.web.Swagger2Controller#getDocumentation(String, HttpServletRequest)]
2023-09-11 18:59:02.596 [main] INFO  s.d.s.web.plugins.DocumentationPluginsBootstrapper - Context refreshed
2023-09-11 18:59:02.605 [main] INFO  s.d.s.web.plugins.DocumentationPluginsBootstrapper - Found 1 custom documentation plugin(s)
2023-09-11 18:59:02.623 [main] INFO  s.d.spring.web.scanners.ApiListingReferenceScanner - Scanning for api listing references
2023-09-11 18:59:02.702 [main] INFO  s.d.s.w.r.operation.CachingOperationNameGenerator - Generating unique operation named: delByIdUsingDELETE_1
2023-09-11 18:59:02.704 [main] INFO  s.d.s.w.r.operation.CachingOperationNameGenerator - Generating unique operation named: delByIdsUsingDELETE_1
2023-09-11 18:59:02.711 [main] INFO  s.d.s.w.r.operation.CachingOperationNameGenerator - Generating unique operation named: searchUsingGET_1
2023-09-11 18:59:02.713 [main] INFO  s.d.s.w.r.operation.CachingOperationNameGenerator - Generating unique operation named: addDeviceUsingPOST_1
2023-09-11 18:59:02.714 [main] INFO  s.d.s.w.r.operation.CachingOperationNameGenerator - Generating unique operation named: delByIdUsingDELETE_2
2023-09-11 18:59:02.715 [main] INFO  s.d.s.w.r.operation.CachingOperationNameGenerator - Generating unique operation named: delByIdsUsingDELETE_2
2023-09-11 18:59:02.717 [main] INFO  s.d.s.w.r.operation.CachingOperationNameGenerator - Generating unique operation named: searchUsingGET_2
2023-09-11 18:59:02.719 [main] INFO  s.d.s.w.r.operation.CachingOperationNameGenerator - Generating unique operation named: updatDeviceUsingPOST_1
2023-09-11 18:59:02.721 [main] INFO  s.d.s.w.r.operation.CachingOperationNameGenerator - Generating unique operation named: addDeviceUsingPOST_2
2023-09-11 18:59:02.725 [main] INFO  s.d.s.w.r.operation.CachingOperationNameGenerator - Generating unique operation named: delByIdUsingDELETE_3
2023-09-11 18:59:02.726 [main] INFO  s.d.s.w.r.operation.CachingOperationNameGenerator - Generating unique operation named: delByIdsUsingDELETE_3
2023-09-11 18:59:02.729 [main] INFO  s.d.s.w.r.operation.CachingOperationNameGenerator - Generating unique operation named: searchUsingGET_3
2023-09-11 18:59:02.733 [main] INFO  s.d.s.w.r.operation.CachingOperationNameGenerator - Generating unique operation named: updatDeviceUsingPOST_2
2023-09-11 18:59:02.735 [main] INFO  s.d.s.w.r.operation.CachingOperationNameGenerator - Generating unique operation named: delByIdUsingDELETE_4
2023-09-11 18:59:02.736 [main] INFO  s.d.s.w.r.operation.CachingOperationNameGenerator - Generating unique operation named: delByIdsUsingDELETE_4
2023-09-11 18:59:02.738 [main] INFO  s.d.s.w.r.operation.CachingOperationNameGenerator - Generating unique operation named: searchUsingGET_4
2023-09-11 18:59:02.742 [main] INFO  s.d.s.w.r.operation.CachingOperationNameGenerator - Generating unique operation named: delByIdUsingDELETE_5
2023-09-11 18:59:02.743 [main] INFO  s.d.s.w.r.operation.CachingOperationNameGenerator - Generating unique operation named: delByIdsUsingDELETE_5
2023-09-11 18:59:02.744 [main] INFO  s.d.s.w.r.operation.CachingOperationNameGenerator - Generating unique operation named: searchUsingGET_5
2023-09-11 18:59:02.758 [main] INFO  s.d.s.w.r.operation.CachingOperationNameGenerator - Generating unique operation named: addUsingPOST_1
2023-09-11 18:59:02.761 [main] INFO  s.d.s.w.r.operation.CachingOperationNameGenerator - Generating unique operation named: addUsingPOST_2
2023-09-11 18:59:02.764 [main] INFO  s.d.s.w.r.operation.CachingOperationNameGenerator - Generating unique operation named: searchUsingGET_6
2023-09-11 18:59:02.766 [main] INFO  s.d.s.w.r.operation.CachingOperationNameGenerator - Generating unique operation named: addVenueUsingPOST_1
2023-09-11 18:59:02.768 [main] INFO  s.d.s.w.r.operation.CachingOperationNameGenerator - Generating unique operation named: addUsingPOST_3
2023-09-11 18:59:02.769 [main] INFO  s.d.s.w.r.operation.CachingOperationNameGenerator - Generating unique operation named: addBatchUsingPOST_1
2023-09-11 18:59:02.770 [main] INFO  s.d.s.w.r.operation.CachingOperationNameGenerator - Generating unique operation named: delByIdUsingDELETE_6
2023-09-11 18:59:02.770 [main] INFO  s.d.s.w.r.operation.CachingOperationNameGenerator - Generating unique operation named: delByIdsUsingDELETE_6
2023-09-11 18:59:02.773 [main] INFO  s.d.s.w.r.operation.CachingOperationNameGenerator - Generating unique operation named: modelDownloadUsingGET_1
2023-09-11 18:59:02.775 [main] INFO  s.d.s.w.r.operation.CachingOperationNameGenerator - Generating unique operation named: searchUsingGET_7
2023-09-11 18:59:02.775 [main] INFO  s.d.s.w.r.operation.CachingOperationNameGenerator - Generating unique operation named: updateVenueUsingPOST_1
2023-09-11 18:59:02.778 [main] INFO  s.d.s.w.r.operation.CachingOperationNameGenerator - Generating unique operation named: addUsingPOST_4
2023-09-11 18:59:02.778 [main] INFO  s.d.s.w.r.operation.CachingOperationNameGenerator - Generating unique operation named: delByIdUsingDELETE_7
2023-09-11 18:59:02.779 [main] INFO  s.d.s.w.r.operation.CachingOperationNameGenerator - Generating unique operation named: delByIdsUsingDELETE_7
2023-09-11 18:59:02.780 [main] INFO  s.d.s.w.r.operation.CachingOperationNameGenerator - Generating unique operation named: getByVaIdUsingGET_1
2023-09-11 18:59:02.782 [main] INFO  s.d.s.w.r.operation.CachingOperationNameGenerator - Generating unique operation named: searchUsingGET_8
2023-09-11 18:59:02.783 [main] INFO  s.d.s.w.r.operation.CachingOperationNameGenerator - Generating unique operation named: searchUsingGET_9
2023-09-11 18:59:02.783 [main] INFO  s.d.s.w.r.operation.CachingOperationNameGenerator - Generating unique operation named: updateUsingPOST_1
2023-09-11 18:59:02.784 [main] INFO  s.d.s.w.r.operation.CachingOperationNameGenerator - Generating unique operation named: updateEnableUsingPUT_1
2023-09-11 18:59:02.787 [main] INFO  s.d.s.w.r.operation.CachingOperationNameGenerator - Generating unique operation named: addVenueUsingPOST_2
2023-09-11 18:59:02.787 [main] INFO  s.d.s.w.r.operation.CachingOperationNameGenerator - Generating unique operation named: delByIdUsingDELETE_8
2023-09-11 18:59:02.788 [main] INFO  s.d.s.w.r.operation.CachingOperationNameGenerator - Generating unique operation named: delByIdsUsingDELETE_8
2023-09-11 18:59:02.790 [main] INFO  s.d.s.w.r.operation.CachingOperationNameGenerator - Generating unique operation named: searchUsingGET_10
2023-09-11 18:59:02.790 [main] INFO  s.d.s.w.r.operation.CachingOperationNameGenerator - Generating unique operation named: searchUsingGET_11
2023-09-11 18:59:02.791 [main] INFO  s.d.s.w.r.operation.CachingOperationNameGenerator - Generating unique operation named: updateEnableUsingPUT_2
2023-09-11 18:59:02.791 [main] INFO  s.d.s.w.r.operation.CachingOperationNameGenerator - Generating unique operation named: updateVenueUsingPOST_2
2023-09-11 18:59:02.793 [main] INFO  s.d.s.w.r.operation.CachingOperationNameGenerator - Generating unique operation named: loginUsingPOST_1
2023-09-11 18:59:02.834 [main] INFO  com.tickets.TicketsApplication - Started TicketsApplication in 2.151 seconds (JVM running for 2.624)
2023-09-11 18:59:09.723 [http-nio-8080-exec-1] INFO  o.a.c.core.ContainerBase.[Tomcat].[localhost].[/] - Initializing Spring DispatcherServlet 'dispatcherServlet'
2023-09-11 18:59:09.807 [http-nio-8080-exec-2] INFO  com.alibaba.druid.pool.DruidDataSource - {dataSource-1} inited
2023-09-11 19:05:04.338 [SpringContextShutdownHook] INFO  com.alibaba.druid.pool.DruidDataSource - {dataSource-1} closing ...
2023-09-11 19:05:04.344 [SpringContextShutdownHook] INFO  com.alibaba.druid.pool.DruidDataSource - {dataSource-1} closed
2023-09-11 19:05:07.869 [main] INFO  com.tickets.TicketsApplication - Starting TicketsApplication on 文文 with PID 59684 (C:\Users\11583\Desktop\ticket-project\target\classes started by 11583 in C:\Users\11583\Desktop\ticket-project)
2023-09-11 19:05:07.871 [main] INFO  com.tickets.TicketsApplication - No active profile set, falling back to default profiles: default
2023-09-11 19:05:08.702 [main] INFO  org.apache.catalina.core.StandardService - Starting service [Tomcat]
2023-09-11 19:05:08.702 [main] INFO  org.apache.catalina.core.StandardEngine - Starting Servlet engine: [Apache Tomcat/9.0.31]
2023-09-11 19:05:08.780 [main] INFO  o.a.c.core.ContainerBase.[Tomcat].[localhost].[/] - Initializing Spring embedded WebApplicationContext
2023-09-11 19:05:09.334 [main] INFO  s.d.s.w.PropertySourcedRequestMappingHandlerMapping - Mapped URL path [/v2/api-docs] onto method [springfox.documentation.swagger2.web.Swagger2Controller#getDocumentation(String, HttpServletRequest)]
2023-09-11 19:05:09.517 [main] INFO  s.d.s.web.plugins.DocumentationPluginsBootstrapper - Context refreshed
2023-09-11 19:05:09.525 [main] INFO  s.d.s.web.plugins.DocumentationPluginsBootstrapper - Found 1 custom documentation plugin(s)
2023-09-11 19:05:09.546 [main] INFO  s.d.spring.web.scanners.ApiListingReferenceScanner - Scanning for api listing references
2023-09-11 19:05:09.632 [main] INFO  s.d.s.w.r.operation.CachingOperationNameGenerator - Generating unique operation named: delByIdUsingDELETE_1
2023-09-11 19:05:09.634 [main] INFO  s.d.s.w.r.operation.CachingOperationNameGenerator - Generating unique operation named: delByIdsUsingDELETE_1
2023-09-11 19:05:09.641 [main] INFO  s.d.s.w.r.operation.CachingOperationNameGenerator - Generating unique operation named: searchUsingGET_1
2023-09-11 19:05:09.642 [main] INFO  s.d.s.w.r.operation.CachingOperationNameGenerator - Generating unique operation named: addDeviceUsingPOST_1
2023-09-11 19:05:09.643 [main] INFO  s.d.s.w.r.operation.CachingOperationNameGenerator - Generating unique operation named: delByIdUsingDELETE_2
2023-09-11 19:05:09.644 [main] INFO  s.d.s.w.r.operation.CachingOperationNameGenerator - Generating unique operation named: delByIdsUsingDELETE_2
2023-09-11 19:05:09.646 [main] INFO  s.d.s.w.r.operation.CachingOperationNameGenerator - Generating unique operation named: searchUsingGET_2
2023-09-11 19:05:09.647 [main] INFO  s.d.s.w.r.operation.CachingOperationNameGenerator - Generating unique operation named: updatDeviceUsingPOST_1
2023-09-11 19:05:09.649 [main] INFO  s.d.s.w.r.operation.CachingOperationNameGenerator - Generating unique operation named: addDeviceUsingPOST_2
2023-09-11 19:05:09.651 [main] INFO  s.d.s.w.r.operation.CachingOperationNameGenerator - Generating unique operation named: delByIdUsingDELETE_3
2023-09-11 19:05:09.652 [main] INFO  s.d.s.w.r.operation.CachingOperationNameGenerator - Generating unique operation named: delByIdsUsingDELETE_3
2023-09-11 19:05:09.654 [main] INFO  s.d.s.w.r.operation.CachingOperationNameGenerator - Generating unique operation named: searchUsingGET_3
2023-09-11 19:05:09.658 [main] INFO  s.d.s.w.r.operation.CachingOperationNameGenerator - Generating unique operation named: updatDeviceUsingPOST_2
2023-09-11 19:05:09.660 [main] INFO  s.d.s.w.r.operation.CachingOperationNameGenerator - Generating unique operation named: delByIdUsingDELETE_4
2023-09-11 19:05:09.661 [main] INFO  s.d.s.w.r.operation.CachingOperationNameGenerator - Generating unique operation named: delByIdsUsingDELETE_4
2023-09-11 19:05:09.664 [main] INFO  s.d.s.w.r.operation.CachingOperationNameGenerator - Generating unique operation named: searchUsingGET_4
2023-09-11 19:05:09.669 [main] INFO  s.d.s.w.r.operation.CachingOperationNameGenerator - Generating unique operation named: delByIdUsingDELETE_5
2023-09-11 19:05:09.669 [main] INFO  s.d.s.w.r.operation.CachingOperationNameGenerator - Generating unique operation named: delByIdsUsingDELETE_5
2023-09-11 19:05:09.671 [main] INFO  s.d.s.w.r.operation.CachingOperationNameGenerator - Generating unique operation named: searchUsingGET_5
2023-09-11 19:05:09.682 [main] INFO  s.d.s.w.r.operation.CachingOperationNameGenerator - Generating unique operation named: addUsingPOST_1
2023-09-11 19:05:09.684 [main] INFO  s.d.s.w.r.operation.CachingOperationNameGenerator - Generating unique operation named: addUsingPOST_2
2023-09-11 19:05:09.688 [main] INFO  s.d.s.w.r.operation.CachingOperationNameGenerator - Generating unique operation named: searchUsingGET_6
2023-09-11 19:05:09.689 [main] INFO  s.d.s.w.r.operation.CachingOperationNameGenerator - Generating unique operation named: addVenueUsingPOST_1
2023-09-11 19:05:09.691 [main] INFO  s.d.s.w.r.operation.CachingOperationNameGenerator - Generating unique operation named: addUsingPOST_3
2023-09-11 19:05:09.692 [main] INFO  s.d.s.w.r.operation.CachingOperationNameGenerator - Generating unique operation named: addBatchUsingPOST_1
2023-09-11 19:05:09.693 [main] INFO  s.d.s.w.r.operation.CachingOperationNameGenerator - Generating unique operation named: delByIdUsingDELETE_6
2023-09-11 19:05:09.693 [main] INFO  s.d.s.w.r.operation.CachingOperationNameGenerator - Generating unique operation named: delByIdsUsingDELETE_6
2023-09-11 19:05:09.696 [main] INFO  s.d.s.w.r.operation.CachingOperationNameGenerator - Generating unique operation named: modelDownloadUsingGET_1
2023-09-11 19:05:09.698 [main] INFO  s.d.s.w.r.operation.CachingOperationNameGenerator - Generating unique operation named: searchUsingGET_7
2023-09-11 19:05:09.699 [main] INFO  s.d.s.w.r.operation.CachingOperationNameGenerator - Generating unique operation named: updateVenueUsingPOST_1
2023-09-11 19:05:09.701 [main] INFO  s.d.s.w.r.operation.CachingOperationNameGenerator - Generating unique operation named: addUsingPOST_4
2023-09-11 19:05:09.702 [main] INFO  s.d.s.w.r.operation.CachingOperationNameGenerator - Generating unique operation named: delByIdUsingDELETE_7
2023-09-11 19:05:09.702 [main] INFO  s.d.s.w.r.operation.CachingOperationNameGenerator - Generating unique operation named: delByIdsUsingDELETE_7
2023-09-11 19:05:09.703 [main] INFO  s.d.s.w.r.operation.CachingOperationNameGenerator - Generating unique operation named: getByVaIdUsingGET_1
2023-09-11 19:05:09.705 [main] INFO  s.d.s.w.r.operation.CachingOperationNameGenerator - Generating unique operation named: searchUsingGET_8
2023-09-11 19:05:09.706 [main] INFO  s.d.s.w.r.operation.CachingOperationNameGenerator - Generating unique operation named: searchUsingGET_9
2023-09-11 19:05:09.707 [main] INFO  s.d.s.w.r.operation.CachingOperationNameGenerator - Generating unique operation named: updateUsingPOST_1
2023-09-11 19:05:09.707 [main] INFO  s.d.s.w.r.operation.CachingOperationNameGenerator - Generating unique operation named: updateEnableUsingPUT_1
2023-09-11 19:05:09.709 [main] INFO  s.d.s.w.r.operation.CachingOperationNameGenerator - Generating unique operation named: addVenueUsingPOST_2
2023-09-11 19:05:09.710 [main] INFO  s.d.s.w.r.operation.CachingOperationNameGenerator - Generating unique operation named: delByIdUsingDELETE_8
2023-09-11 19:05:09.711 [main] INFO  s.d.s.w.r.operation.CachingOperationNameGenerator - Generating unique operation named: delByIdsUsingDELETE_8
2023-09-11 19:05:09.713 [main] INFO  s.d.s.w.r.operation.CachingOperationNameGenerator - Generating unique operation named: searchUsingGET_10
2023-09-11 19:05:09.713 [main] INFO  s.d.s.w.r.operation.CachingOperationNameGenerator - Generating unique operation named: searchUsingGET_11
2023-09-11 19:05:09.714 [main] INFO  s.d.s.w.r.operation.CachingOperationNameGenerator - Generating unique operation named: updateEnableUsingPUT_2
2023-09-11 19:05:09.715 [main] INFO  s.d.s.w.r.operation.CachingOperationNameGenerator - Generating unique operation named: updateVenueUsingPOST_2
2023-09-11 19:05:09.716 [main] INFO  s.d.s.w.r.operation.CachingOperationNameGenerator - Generating unique operation named: loginUsingPOST_1
2023-09-11 19:05:09.755 [main] INFO  com.tickets.TicketsApplication - Started TicketsApplication in 2.211 seconds (JVM running for 2.668)
2023-09-11 19:05:10.330 [http-nio-8080-exec-1] INFO  o.a.c.core.ContainerBase.[Tomcat].[localhost].[/] - Initializing Spring DispatcherServlet 'dispatcherServlet'
2023-09-11 19:05:10.427 [http-nio-8080-exec-1] INFO  com.alibaba.druid.pool.DruidDataSource - {dataSource-1} inited
