2023-09-05 18:02:13.782 [http-nio-8080-exec-4] INFO  com.alibaba.druid.pool.DruidDataSource - {dataSource-1} inited
2023-09-05 18:23:23.452 [SpringContextShutdownHook] INFO  com.alibaba.druid.pool.DruidDataSource - {dataSource-1} closing ...
2023-09-05 18:23:23.459 [SpringContextShutdownHook] INFO  com.alibaba.druid.pool.DruidDataSource - {dataSource-1} closed
2023-09-05 18:23:27.071 [main] INFO  com.tickets.TicketsApplication - Starting TicketsApplication on 文文 with PID 25080 (C:\Users\11583\Desktop\ticket-project\target\classes started by 11583 in C:\Users\11583\Desktop\ticket-project)
2023-09-05 18:23:27.073 [main] INFO  com.tickets.TicketsApplication - No active profile set, falling back to default profiles: default
2023-09-05 18:23:27.855 [main] INFO  org.apache.catalina.core.StandardService - Starting service [Tomcat]
2023-09-05 18:23:27.855 [main] INFO  org.apache.catalina.core.StandardEngine - Starting Servlet engine: [Apache Tomcat/9.0.31]
2023-09-05 18:23:27.922 [main] INFO  o.a.c.core.ContainerBase.[Tomcat].[localhost].[/] - Initializing Spring embedded WebApplicationContext
2023-09-05 18:23:28.426 [main] INFO  s.d.s.w.PropertySourcedRequestMappingHandlerMapping - Mapped URL path [/v2/api-docs] onto method [springfox.documentation.swagger2.web.Swagger2Controller#getDocumentation(String, HttpServletRequest)]
2023-09-05 18:23:28.578 [main] INFO  s.d.s.web.plugins.DocumentationPluginsBootstrapper - Context refreshed
2023-09-05 18:23:28.587 [main] INFO  s.d.s.web.plugins.DocumentationPluginsBootstrapper - Found 1 custom documentation plugin(s)
2023-09-05 18:23:28.603 [main] INFO  s.d.spring.web.scanners.ApiListingReferenceScanner - Scanning for api listing references
2023-09-05 18:23:28.678 [main] INFO  s.d.s.w.r.operation.CachingOperationNameGenerator - Generating unique operation named: delByIdUsingDELETE_1
2023-09-05 18:23:28.680 [main] INFO  s.d.s.w.r.operation.CachingOperationNameGenerator - Generating unique operation named: delByIdsUsingDELETE_1
2023-09-05 18:23:28.686 [main] INFO  s.d.s.w.r.operation.CachingOperationNameGenerator - Generating unique operation named: searchUsingGET_1
2023-09-05 18:23:28.688 [main] INFO  s.d.s.w.r.operation.CachingOperationNameGenerator - Generating unique operation named: addDeviceUsingPOST_1
2023-09-05 18:23:28.689 [main] INFO  s.d.s.w.r.operation.CachingOperationNameGenerator - Generating unique operation named: delByIdUsingDELETE_2
2023-09-05 18:23:28.690 [main] INFO  s.d.s.w.r.operation.CachingOperationNameGenerator - Generating unique operation named: delByIdsUsingDELETE_2
2023-09-05 18:23:28.692 [main] INFO  s.d.s.w.r.operation.CachingOperationNameGenerator - Generating unique operation named: searchUsingGET_2
2023-09-05 18:23:28.694 [main] INFO  s.d.s.w.r.operation.CachingOperationNameGenerator - Generating unique operation named: updatDeviceUsingPOST_1
2023-09-05 18:23:28.696 [main] INFO  s.d.s.w.r.operation.CachingOperationNameGenerator - Generating unique operation named: addDeviceUsingPOST_2
2023-09-05 18:23:28.700 [main] INFO  s.d.s.w.r.operation.CachingOperationNameGenerator - Generating unique operation named: delByIdUsingDELETE_3
2023-09-05 18:23:28.701 [main] INFO  s.d.s.w.r.operation.CachingOperationNameGenerator - Generating unique operation named: delByIdsUsingDELETE_3
2023-09-05 18:23:28.704 [main] INFO  s.d.s.w.r.operation.CachingOperationNameGenerator - Generating unique operation named: searchUsingGET_3
2023-09-05 18:23:28.708 [main] INFO  s.d.s.w.r.operation.CachingOperationNameGenerator - Generating unique operation named: updatDeviceUsingPOST_2
2023-09-05 18:23:28.711 [main] INFO  s.d.s.w.r.operation.CachingOperationNameGenerator - Generating unique operation named: delByIdUsingDELETE_4
2023-09-05 18:23:28.712 [main] INFO  s.d.s.w.r.operation.CachingOperationNameGenerator - Generating unique operation named: delByIdsUsingDELETE_4
2023-09-05 18:23:28.714 [main] INFO  s.d.s.w.r.operation.CachingOperationNameGenerator - Generating unique operation named: searchUsingGET_4
2023-09-05 18:23:28.719 [main] INFO  s.d.s.w.r.operation.CachingOperationNameGenerator - Generating unique operation named: delByIdUsingDELETE_5
2023-09-05 18:23:28.720 [main] INFO  s.d.s.w.r.operation.CachingOperationNameGenerator - Generating unique operation named: delByIdsUsingDELETE_5
2023-09-05 18:23:28.721 [main] INFO  s.d.s.w.r.operation.CachingOperationNameGenerator - Generating unique operation named: searchUsingGET_5
2023-09-05 18:23:28.736 [main] INFO  s.d.s.w.r.operation.CachingOperationNameGenerator - Generating unique operation named: addUsingPOST_1
2023-09-05 18:23:28.738 [main] INFO  s.d.s.w.r.operation.CachingOperationNameGenerator - Generating unique operation named: addUsingPOST_2
2023-09-05 18:23:28.742 [main] INFO  s.d.s.w.r.operation.CachingOperationNameGenerator - Generating unique operation named: searchUsingGET_6
2023-09-05 18:23:28.744 [main] INFO  s.d.s.w.r.operation.CachingOperationNameGenerator - Generating unique operation named: addVenueUsingPOST_1
2023-09-05 18:23:28.745 [main] INFO  s.d.s.w.r.operation.CachingOperationNameGenerator - Generating unique operation named: addUsingPOST_3
2023-09-05 18:23:28.746 [main] INFO  s.d.s.w.r.operation.CachingOperationNameGenerator - Generating unique operation named: addBatchUsingPOST_1
2023-09-05 18:23:28.747 [main] INFO  s.d.s.w.r.operation.CachingOperationNameGenerator - Generating unique operation named: delByIdUsingDELETE_6
2023-09-05 18:23:28.748 [main] INFO  s.d.s.w.r.operation.CachingOperationNameGenerator - Generating unique operation named: delByIdsUsingDELETE_6
2023-09-05 18:23:28.751 [main] INFO  s.d.s.w.r.operation.CachingOperationNameGenerator - Generating unique operation named: modelDownloadUsingGET_1
2023-09-05 18:23:28.752 [main] INFO  s.d.s.w.r.operation.CachingOperationNameGenerator - Generating unique operation named: searchUsingGET_7
2023-09-05 18:23:28.753 [main] INFO  s.d.s.w.r.operation.CachingOperationNameGenerator - Generating unique operation named: updateVenueUsingPOST_1
2023-09-05 18:23:28.756 [main] INFO  s.d.s.w.r.operation.CachingOperationNameGenerator - Generating unique operation named: addUsingPOST_4
2023-09-05 18:23:28.756 [main] INFO  s.d.s.w.r.operation.CachingOperationNameGenerator - Generating unique operation named: delByIdUsingDELETE_7
2023-09-05 18:23:28.757 [main] INFO  s.d.s.w.r.operation.CachingOperationNameGenerator - Generating unique operation named: delByIdsUsingDELETE_7
2023-09-05 18:23:28.758 [main] INFO  s.d.s.w.r.operation.CachingOperationNameGenerator - Generating unique operation named: getByVaIdUsingGET_1
2023-09-05 18:23:28.760 [main] INFO  s.d.s.w.r.operation.CachingOperationNameGenerator - Generating unique operation named: searchUsingGET_8
2023-09-05 18:23:28.761 [main] INFO  s.d.s.w.r.operation.CachingOperationNameGenerator - Generating unique operation named: searchUsingGET_9
2023-09-05 18:23:28.762 [main] INFO  s.d.s.w.r.operation.CachingOperationNameGenerator - Generating unique operation named: updateUsingPOST_1
2023-09-05 18:23:28.763 [main] INFO  s.d.s.w.r.operation.CachingOperationNameGenerator - Generating unique operation named: updateEnableUsingPUT_1
2023-09-05 18:23:28.765 [main] INFO  s.d.s.w.r.operation.CachingOperationNameGenerator - Generating unique operation named: addVenueUsingPOST_2
2023-09-05 18:23:28.766 [main] INFO  s.d.s.w.r.operation.CachingOperationNameGenerator - Generating unique operation named: delByIdUsingDELETE_8
2023-09-05 18:23:28.766 [main] INFO  s.d.s.w.r.operation.CachingOperationNameGenerator - Generating unique operation named: delByIdsUsingDELETE_8
2023-09-05 18:23:28.769 [main] INFO  s.d.s.w.r.operation.CachingOperationNameGenerator - Generating unique operation named: searchUsingGET_10
2023-09-05 18:23:28.770 [main] INFO  s.d.s.w.r.operation.CachingOperationNameGenerator - Generating unique operation named: searchUsingGET_11
2023-09-05 18:23:28.771 [main] INFO  s.d.s.w.r.operation.CachingOperationNameGenerator - Generating unique operation named: updateEnableUsingPUT_2
2023-09-05 18:23:28.771 [main] INFO  s.d.s.w.r.operation.CachingOperationNameGenerator - Generating unique operation named: updateVenueUsingPOST_2
2023-09-05 18:23:28.774 [main] INFO  s.d.s.w.r.operation.CachingOperationNameGenerator - Generating unique operation named: loginUsingPOST_1
2023-09-05 18:23:28.809 [main] INFO  com.tickets.TicketsApplication - Started TicketsApplication in 2.023 seconds (JVM running for 2.48)
2023-09-05 18:23:45.875 [SpringContextShutdownHook] INFO  com.alibaba.druid.pool.DruidDataSource - {dataSource-0} closing ...
2023-09-05 18:23:48.207 [main] INFO  com.tickets.TicketsApplication - Starting TicketsApplication on 文文 with PID 31192 (C:\Users\11583\Desktop\ticket-project\target\classes started by 11583 in C:\Users\11583\Desktop\ticket-project)
2023-09-05 18:23:48.208 [main] INFO  com.tickets.TicketsApplication - No active profile set, falling back to default profiles: default
2023-09-05 18:23:48.916 [main] INFO  org.apache.catalina.core.StandardService - Starting service [Tomcat]
2023-09-05 18:23:48.916 [main] INFO  org.apache.catalina.core.StandardEngine - Starting Servlet engine: [Apache Tomcat/9.0.31]
2023-09-05 18:23:48.978 [main] INFO  o.a.c.core.ContainerBase.[Tomcat].[localhost].[/] - Initializing Spring embedded WebApplicationContext
2023-09-05 18:23:49.445 [main] INFO  s.d.s.w.PropertySourcedRequestMappingHandlerMapping - Mapped URL path [/v2/api-docs] onto method [springfox.documentation.swagger2.web.Swagger2Controller#getDocumentation(String, HttpServletRequest)]
2023-09-05 18:23:49.591 [main] INFO  s.d.s.web.plugins.DocumentationPluginsBootstrapper - Context refreshed
2023-09-05 18:23:49.598 [main] INFO  s.d.s.web.plugins.DocumentationPluginsBootstrapper - Found 1 custom documentation plugin(s)
2023-09-05 18:23:49.612 [main] INFO  s.d.spring.web.scanners.ApiListingReferenceScanner - Scanning for api listing references
2023-09-05 18:23:49.689 [main] INFO  s.d.s.w.r.operation.CachingOperationNameGenerator - Generating unique operation named: delByIdUsingDELETE_1
2023-09-05 18:23:49.690 [main] INFO  s.d.s.w.r.operation.CachingOperationNameGenerator - Generating unique operation named: delByIdsUsingDELETE_1
2023-09-05 18:23:49.697 [main] INFO  s.d.s.w.r.operation.CachingOperationNameGenerator - Generating unique operation named: searchUsingGET_1
2023-09-05 18:23:49.698 [main] INFO  s.d.s.w.r.operation.CachingOperationNameGenerator - Generating unique operation named: addDeviceUsingPOST_1
2023-09-05 18:23:49.699 [main] INFO  s.d.s.w.r.operation.CachingOperationNameGenerator - Generating unique operation named: delByIdUsingDELETE_2
2023-09-05 18:23:49.700 [main] INFO  s.d.s.w.r.operation.CachingOperationNameGenerator - Generating unique operation named: delByIdsUsingDELETE_2
2023-09-05 18:23:49.702 [main] INFO  s.d.s.w.r.operation.CachingOperationNameGenerator - Generating unique operation named: searchUsingGET_2
2023-09-05 18:23:49.703 [main] INFO  s.d.s.w.r.operation.CachingOperationNameGenerator - Generating unique operation named: updatDeviceUsingPOST_1
2023-09-05 18:23:49.705 [main] INFO  s.d.s.w.r.operation.CachingOperationNameGenerator - Generating unique operation named: addDeviceUsingPOST_2
2023-09-05 18:23:49.708 [main] INFO  s.d.s.w.r.operation.CachingOperationNameGenerator - Generating unique operation named: delByIdUsingDELETE_3
2023-09-05 18:23:49.709 [main] INFO  s.d.s.w.r.operation.CachingOperationNameGenerator - Generating unique operation named: delByIdsUsingDELETE_3
2023-09-05 18:23:49.712 [main] INFO  s.d.s.w.r.operation.CachingOperationNameGenerator - Generating unique operation named: searchUsingGET_3
2023-09-05 18:23:49.716 [main] INFO  s.d.s.w.r.operation.CachingOperationNameGenerator - Generating unique operation named: updatDeviceUsingPOST_2
2023-09-05 18:23:49.718 [main] INFO  s.d.s.w.r.operation.CachingOperationNameGenerator - Generating unique operation named: delByIdUsingDELETE_4
2023-09-05 18:23:49.718 [main] INFO  s.d.s.w.r.operation.CachingOperationNameGenerator - Generating unique operation named: delByIdsUsingDELETE_4
2023-09-05 18:23:49.721 [main] INFO  s.d.s.w.r.operation.CachingOperationNameGenerator - Generating unique operation named: searchUsingGET_4
2023-09-05 18:23:49.725 [main] INFO  s.d.s.w.r.operation.CachingOperationNameGenerator - Generating unique operation named: delByIdUsingDELETE_5
2023-09-05 18:23:49.725 [main] INFO  s.d.s.w.r.operation.CachingOperationNameGenerator - Generating unique operation named: delByIdsUsingDELETE_5
2023-09-05 18:23:49.727 [main] INFO  s.d.s.w.r.operation.CachingOperationNameGenerator - Generating unique operation named: searchUsingGET_5
2023-09-05 18:23:49.740 [main] INFO  s.d.s.w.r.operation.CachingOperationNameGenerator - Generating unique operation named: addUsingPOST_1
2023-09-05 18:23:49.743 [main] INFO  s.d.s.w.r.operation.CachingOperationNameGenerator - Generating unique operation named: addUsingPOST_2
2023-09-05 18:23:49.747 [main] INFO  s.d.s.w.r.operation.CachingOperationNameGenerator - Generating unique operation named: searchUsingGET_6
2023-09-05 18:23:49.748 [main] INFO  s.d.s.w.r.operation.CachingOperationNameGenerator - Generating unique operation named: addVenueUsingPOST_1
2023-09-05 18:23:49.750 [main] INFO  s.d.s.w.r.operation.CachingOperationNameGenerator - Generating unique operation named: addUsingPOST_3
2023-09-05 18:23:49.751 [main] INFO  s.d.s.w.r.operation.CachingOperationNameGenerator - Generating unique operation named: addBatchUsingPOST_1
2023-09-05 18:23:49.751 [main] INFO  s.d.s.w.r.operation.CachingOperationNameGenerator - Generating unique operation named: delByIdUsingDELETE_6
2023-09-05 18:23:49.752 [main] INFO  s.d.s.w.r.operation.CachingOperationNameGenerator - Generating unique operation named: delByIdsUsingDELETE_6
2023-09-05 18:23:49.755 [main] INFO  s.d.s.w.r.operation.CachingOperationNameGenerator - Generating unique operation named: modelDownloadUsingGET_1
2023-09-05 18:23:49.756 [main] INFO  s.d.s.w.r.operation.CachingOperationNameGenerator - Generating unique operation named: searchUsingGET_7
2023-09-05 18:23:49.757 [main] INFO  s.d.s.w.r.operation.CachingOperationNameGenerator - Generating unique operation named: updateVenueUsingPOST_1
2023-09-05 18:23:49.759 [main] INFO  s.d.s.w.r.operation.CachingOperationNameGenerator - Generating unique operation named: addUsingPOST_4
2023-09-05 18:23:49.760 [main] INFO  s.d.s.w.r.operation.CachingOperationNameGenerator - Generating unique operation named: delByIdUsingDELETE_7
2023-09-05 18:23:49.760 [main] INFO  s.d.s.w.r.operation.CachingOperationNameGenerator - Generating unique operation named: delByIdsUsingDELETE_7
2023-09-05 18:23:49.761 [main] INFO  s.d.s.w.r.operation.CachingOperationNameGenerator - Generating unique operation named: getByVaIdUsingGET_1
2023-09-05 18:23:49.763 [main] INFO  s.d.s.w.r.operation.CachingOperationNameGenerator - Generating unique operation named: searchUsingGET_8
2023-09-05 18:23:49.763 [main] INFO  s.d.s.w.r.operation.CachingOperationNameGenerator - Generating unique operation named: searchUsingGET_9
2023-09-05 18:23:49.764 [main] INFO  s.d.s.w.r.operation.CachingOperationNameGenerator - Generating unique operation named: updateUsingPOST_1
2023-09-05 18:23:49.765 [main] INFO  s.d.s.w.r.operation.CachingOperationNameGenerator - Generating unique operation named: updateEnableUsingPUT_1
2023-09-05 18:23:49.766 [main] INFO  s.d.s.w.r.operation.CachingOperationNameGenerator - Generating unique operation named: addVenueUsingPOST_2
2023-09-05 18:23:49.767 [main] INFO  s.d.s.w.r.operation.CachingOperationNameGenerator - Generating unique operation named: delByIdUsingDELETE_8
2023-09-05 18:23:49.768 [main] INFO  s.d.s.w.r.operation.CachingOperationNameGenerator - Generating unique operation named: delByIdsUsingDELETE_8
2023-09-05 18:23:49.770 [main] INFO  s.d.s.w.r.operation.CachingOperationNameGenerator - Generating unique operation named: searchUsingGET_10
2023-09-05 18:23:49.771 [main] INFO  s.d.s.w.r.operation.CachingOperationNameGenerator - Generating unique operation named: searchUsingGET_11
2023-09-05 18:23:49.771 [main] INFO  s.d.s.w.r.operation.CachingOperationNameGenerator - Generating unique operation named: updateEnableUsingPUT_2
2023-09-05 18:23:49.772 [main] INFO  s.d.s.w.r.operation.CachingOperationNameGenerator - Generating unique operation named: updateVenueUsingPOST_2
2023-09-05 18:23:49.773 [main] INFO  s.d.s.w.r.operation.CachingOperationNameGenerator - Generating unique operation named: loginUsingPOST_1
2023-09-05 18:23:49.808 [main] INFO  com.tickets.TicketsApplication - Started TicketsApplication in 1.881 seconds (JVM running for 2.259)
2023-09-05 18:23:56.401 [http-nio-8080-exec-1] INFO  o.a.c.core.ContainerBase.[Tomcat].[localhost].[/] - Initializing Spring DispatcherServlet 'dispatcherServlet'
2023-09-05 18:26:52.730 [SpringContextShutdownHook] INFO  com.alibaba.druid.pool.DruidDataSource - {dataSource-0} closing ...
2023-09-05 18:26:55.623 [main] INFO  com.tickets.TicketsApplication - Starting TicketsApplication on 文文 with PID 35776 (C:\Users\11583\Desktop\ticket-project\target\classes started by 11583 in C:\Users\11583\Desktop\ticket-project)
2023-09-05 18:26:55.625 [main] INFO  com.tickets.TicketsApplication - No active profile set, falling back to default profiles: default
2023-09-05 18:26:56.326 [main] INFO  org.apache.catalina.core.StandardService - Starting service [Tomcat]
2023-09-05 18:26:56.327 [main] INFO  org.apache.catalina.core.StandardEngine - Starting Servlet engine: [Apache Tomcat/9.0.31]
2023-09-05 18:26:56.390 [main] INFO  o.a.c.core.ContainerBase.[Tomcat].[localhost].[/] - Initializing Spring embedded WebApplicationContext
2023-09-05 18:26:56.852 [main] INFO  s.d.s.w.PropertySourcedRequestMappingHandlerMapping - Mapped URL path [/v2/api-docs] onto method [springfox.documentation.swagger2.web.Swagger2Controller#getDocumentation(String, HttpServletRequest)]
2023-09-05 18:26:56.997 [main] INFO  s.d.s.web.plugins.DocumentationPluginsBootstrapper - Context refreshed
2023-09-05 18:26:57.004 [main] INFO  s.d.s.web.plugins.DocumentationPluginsBootstrapper - Found 1 custom documentation plugin(s)
2023-09-05 18:26:57.019 [main] INFO  s.d.spring.web.scanners.ApiListingReferenceScanner - Scanning for api listing references
2023-09-05 18:26:57.093 [main] INFO  s.d.s.w.r.operation.CachingOperationNameGenerator - Generating unique operation named: delByIdUsingDELETE_1
2023-09-05 18:26:57.094 [main] INFO  s.d.s.w.r.operation.CachingOperationNameGenerator - Generating unique operation named: delByIdsUsingDELETE_1
2023-09-05 18:26:57.101 [main] INFO  s.d.s.w.r.operation.CachingOperationNameGenerator - Generating unique operation named: searchUsingGET_1
2023-09-05 18:26:57.103 [main] INFO  s.d.s.w.r.operation.CachingOperationNameGenerator - Generating unique operation named: addDeviceUsingPOST_1
2023-09-05 18:26:57.104 [main] INFO  s.d.s.w.r.operation.CachingOperationNameGenerator - Generating unique operation named: delByIdUsingDELETE_2
2023-09-05 18:26:57.105 [main] INFO  s.d.s.w.r.operation.CachingOperationNameGenerator - Generating unique operation named: delByIdsUsingDELETE_2
2023-09-05 18:26:57.107 [main] INFO  s.d.s.w.r.operation.CachingOperationNameGenerator - Generating unique operation named: searchUsingGET_2
2023-09-05 18:26:57.108 [main] INFO  s.d.s.w.r.operation.CachingOperationNameGenerator - Generating unique operation named: updatDeviceUsingPOST_1
2023-09-05 18:26:57.110 [main] INFO  s.d.s.w.r.operation.CachingOperationNameGenerator - Generating unique operation named: addDeviceUsingPOST_2
2023-09-05 18:26:57.114 [main] INFO  s.d.s.w.r.operation.CachingOperationNameGenerator - Generating unique operation named: delByIdUsingDELETE_3
2023-09-05 18:26:57.115 [main] INFO  s.d.s.w.r.operation.CachingOperationNameGenerator - Generating unique operation named: delByIdsUsingDELETE_3
2023-09-05 18:26:57.118 [main] INFO  s.d.s.w.r.operation.CachingOperationNameGenerator - Generating unique operation named: searchUsingGET_3
2023-09-05 18:26:57.122 [main] INFO  s.d.s.w.r.operation.CachingOperationNameGenerator - Generating unique operation named: updatDeviceUsingPOST_2
2023-09-05 18:26:57.124 [main] INFO  s.d.s.w.r.operation.CachingOperationNameGenerator - Generating unique operation named: delByIdUsingDELETE_4
2023-09-05 18:26:57.125 [main] INFO  s.d.s.w.r.operation.CachingOperationNameGenerator - Generating unique operation named: delByIdsUsingDELETE_4
2023-09-05 18:26:57.128 [main] INFO  s.d.s.w.r.operation.CachingOperationNameGenerator - Generating unique operation named: searchUsingGET_4
2023-09-05 18:26:57.132 [main] INFO  s.d.s.w.r.operation.CachingOperationNameGenerator - Generating unique operation named: delByIdUsingDELETE_5
2023-09-05 18:26:57.132 [main] INFO  s.d.s.w.r.operation.CachingOperationNameGenerator - Generating unique operation named: delByIdsUsingDELETE_5
2023-09-05 18:26:57.134 [main] INFO  s.d.s.w.r.operation.CachingOperationNameGenerator - Generating unique operation named: searchUsingGET_5
2023-09-05 18:26:57.147 [main] INFO  s.d.s.w.r.operation.CachingOperationNameGenerator - Generating unique operation named: addUsingPOST_1
2023-09-05 18:26:57.149 [main] INFO  s.d.s.w.r.operation.CachingOperationNameGenerator - Generating unique operation named: addUsingPOST_2
2023-09-05 18:26:57.153 [main] INFO  s.d.s.w.r.operation.CachingOperationNameGenerator - Generating unique operation named: searchUsingGET_6
2023-09-05 18:26:57.154 [main] INFO  s.d.s.w.r.operation.CachingOperationNameGenerator - Generating unique operation named: addVenueUsingPOST_1
2023-09-05 18:26:57.156 [main] INFO  s.d.s.w.r.operation.CachingOperationNameGenerator - Generating unique operation named: addUsingPOST_3
2023-09-05 18:26:57.157 [main] INFO  s.d.s.w.r.operation.CachingOperationNameGenerator - Generating unique operation named: addBatchUsingPOST_1
2023-09-05 18:26:57.157 [main] INFO  s.d.s.w.r.operation.CachingOperationNameGenerator - Generating unique operation named: delByIdUsingDELETE_6
2023-09-05 18:26:57.158 [main] INFO  s.d.s.w.r.operation.CachingOperationNameGenerator - Generating unique operation named: delByIdsUsingDELETE_6
2023-09-05 18:26:57.161 [main] INFO  s.d.s.w.r.operation.CachingOperationNameGenerator - Generating unique operation named: modelDownloadUsingGET_1
2023-09-05 18:26:57.162 [main] INFO  s.d.s.w.r.operation.CachingOperationNameGenerator - Generating unique operation named: searchUsingGET_7
2023-09-05 18:26:57.163 [main] INFO  s.d.s.w.r.operation.CachingOperationNameGenerator - Generating unique operation named: updateVenueUsingPOST_1
2023-09-05 18:26:57.166 [main] INFO  s.d.s.w.r.operation.CachingOperationNameGenerator - Generating unique operation named: addUsingPOST_4
2023-09-05 18:26:57.166 [main] INFO  s.d.s.w.r.operation.CachingOperationNameGenerator - Generating unique operation named: delByIdUsingDELETE_7
2023-09-05 18:26:57.167 [main] INFO  s.d.s.w.r.operation.CachingOperationNameGenerator - Generating unique operation named: delByIdsUsingDELETE_7
2023-09-05 18:26:57.167 [main] INFO  s.d.s.w.r.operation.CachingOperationNameGenerator - Generating unique operation named: getByVaIdUsingGET_1
2023-09-05 18:26:57.169 [main] INFO  s.d.s.w.r.operation.CachingOperationNameGenerator - Generating unique operation named: searchUsingGET_8
2023-09-05 18:26:57.170 [main] INFO  s.d.s.w.r.operation.CachingOperationNameGenerator - Generating unique operation named: searchUsingGET_9
2023-09-05 18:26:57.171 [main] INFO  s.d.s.w.r.operation.CachingOperationNameGenerator - Generating unique operation named: updateUsingPOST_1
2023-09-05 18:26:57.171 [main] INFO  s.d.s.w.r.operation.CachingOperationNameGenerator - Generating unique operation named: updateEnableUsingPUT_1
2023-09-05 18:26:57.174 [main] INFO  s.d.s.w.r.operation.CachingOperationNameGenerator - Generating unique operation named: addVenueUsingPOST_2
2023-09-05 18:26:57.175 [main] INFO  s.d.s.w.r.operation.CachingOperationNameGenerator - Generating unique operation named: delByIdUsingDELETE_8
2023-09-05 18:26:57.176 [main] INFO  s.d.s.w.r.operation.CachingOperationNameGenerator - Generating unique operation named: delByIdsUsingDELETE_8
2023-09-05 18:26:57.178 [main] INFO  s.d.s.w.r.operation.CachingOperationNameGenerator - Generating unique operation named: searchUsingGET_10
2023-09-05 18:26:57.178 [main] INFO  s.d.s.w.r.operation.CachingOperationNameGenerator - Generating unique operation named: searchUsingGET_11
2023-09-05 18:26:57.179 [main] INFO  s.d.s.w.r.operation.CachingOperationNameGenerator - Generating unique operation named: updateEnableUsingPUT_2
2023-09-05 18:26:57.180 [main] INFO  s.d.s.w.r.operation.CachingOperationNameGenerator - Generating unique operation named: updateVenueUsingPOST_2
2023-09-05 18:26:57.181 [main] INFO  s.d.s.w.r.operation.CachingOperationNameGenerator - Generating unique operation named: loginUsingPOST_1
2023-09-05 18:26:57.216 [main] INFO  com.tickets.TicketsApplication - Started TicketsApplication in 1.867 seconds (JVM running for 2.218)
2023-09-05 18:27:03.509 [http-nio-8080-exec-1] INFO  o.a.c.core.ContainerBase.[Tomcat].[localhost].[/] - Initializing Spring DispatcherServlet 'dispatcherServlet'
2023-09-05 18:27:03.558 [http-nio-8080-exec-1] INFO  com.alibaba.druid.pool.DruidDataSource - {dataSource-1} inited
2023-09-05 18:28:07.524 [SpringContextShutdownHook] INFO  com.alibaba.druid.pool.DruidDataSource - {dataSource-1} closing ...
2023-09-05 18:28:07.527 [SpringContextShutdownHook] INFO  com.alibaba.druid.pool.DruidDataSource - {dataSource-1} closed
2023-09-05 18:28:09.750 [main] INFO  com.tickets.TicketsApplication - Starting TicketsApplication on 文文 with PID 5436 (C:\Users\11583\Desktop\ticket-project\target\classes started by 11583 in C:\Users\11583\Desktop\ticket-project)
2023-09-05 18:28:09.752 [main] INFO  com.tickets.TicketsApplication - No active profile set, falling back to default profiles: default
2023-09-05 18:28:10.457 [main] INFO  org.apache.catalina.core.StandardService - Starting service [Tomcat]
2023-09-05 18:28:10.457 [main] INFO  org.apache.catalina.core.StandardEngine - Starting Servlet engine: [Apache Tomcat/9.0.31]
2023-09-05 18:28:10.517 [main] INFO  o.a.c.core.ContainerBase.[Tomcat].[localhost].[/] - Initializing Spring embedded WebApplicationContext
2023-09-05 18:28:10.985 [main] INFO  s.d.s.w.PropertySourcedRequestMappingHandlerMapping - Mapped URL path [/v2/api-docs] onto method [springfox.documentation.swagger2.web.Swagger2Controller#getDocumentation(String, HttpServletRequest)]
2023-09-05 18:28:11.129 [main] INFO  s.d.s.web.plugins.DocumentationPluginsBootstrapper - Context refreshed
2023-09-05 18:28:11.135 [main] INFO  s.d.s.web.plugins.DocumentationPluginsBootstrapper - Found 1 custom documentation plugin(s)
2023-09-05 18:28:11.150 [main] INFO  s.d.spring.web.scanners.ApiListingReferenceScanner - Scanning for api listing references
2023-09-05 18:28:11.222 [main] INFO  s.d.s.w.r.operation.CachingOperationNameGenerator - Generating unique operation named: delByIdUsingDELETE_1
2023-09-05 18:28:11.223 [main] INFO  s.d.s.w.r.operation.CachingOperationNameGenerator - Generating unique operation named: delByIdsUsingDELETE_1
2023-09-05 18:28:11.230 [main] INFO  s.d.s.w.r.operation.CachingOperationNameGenerator - Generating unique operation named: searchUsingGET_1
2023-09-05 18:28:11.232 [main] INFO  s.d.s.w.r.operation.CachingOperationNameGenerator - Generating unique operation named: addDeviceUsingPOST_1
2023-09-05 18:28:11.233 [main] INFO  s.d.s.w.r.operation.CachingOperationNameGenerator - Generating unique operation named: delByIdUsingDELETE_2
2023-09-05 18:28:11.234 [main] INFO  s.d.s.w.r.operation.CachingOperationNameGenerator - Generating unique operation named: delByIdsUsingDELETE_2
2023-09-05 18:28:11.236 [main] INFO  s.d.s.w.r.operation.CachingOperationNameGenerator - Generating unique operation named: searchUsingGET_2
2023-09-05 18:28:11.237 [main] INFO  s.d.s.w.r.operation.CachingOperationNameGenerator - Generating unique operation named: updatDeviceUsingPOST_1
2023-09-05 18:28:11.239 [main] INFO  s.d.s.w.r.operation.CachingOperationNameGenerator - Generating unique operation named: addDeviceUsingPOST_2
2023-09-05 18:28:11.242 [main] INFO  s.d.s.w.r.operation.CachingOperationNameGenerator - Generating unique operation named: delByIdUsingDELETE_3
2023-09-05 18:28:11.243 [main] INFO  s.d.s.w.r.operation.CachingOperationNameGenerator - Generating unique operation named: delByIdsUsingDELETE_3
2023-09-05 18:28:11.246 [main] INFO  s.d.s.w.r.operation.CachingOperationNameGenerator - Generating unique operation named: searchUsingGET_3
2023-09-05 18:28:11.250 [main] INFO  s.d.s.w.r.operation.CachingOperationNameGenerator - Generating unique operation named: updatDeviceUsingPOST_2
2023-09-05 18:28:11.252 [main] INFO  s.d.s.w.r.operation.CachingOperationNameGenerator - Generating unique operation named: delByIdUsingDELETE_4
2023-09-05 18:28:11.253 [main] INFO  s.d.s.w.r.operation.CachingOperationNameGenerator - Generating unique operation named: delByIdsUsingDELETE_4
2023-09-05 18:28:11.255 [main] INFO  s.d.s.w.r.operation.CachingOperationNameGenerator - Generating unique operation named: searchUsingGET_4
2023-09-05 18:28:11.259 [main] INFO  s.d.s.w.r.operation.CachingOperationNameGenerator - Generating unique operation named: delByIdUsingDELETE_5
2023-09-05 18:28:11.260 [main] INFO  s.d.s.w.r.operation.CachingOperationNameGenerator - Generating unique operation named: delByIdsUsingDELETE_5
2023-09-05 18:28:11.261 [main] INFO  s.d.s.w.r.operation.CachingOperationNameGenerator - Generating unique operation named: searchUsingGET_5
2023-09-05 18:28:11.274 [main] INFO  s.d.s.w.r.operation.CachingOperationNameGenerator - Generating unique operation named: addUsingPOST_1
2023-09-05 18:28:11.277 [main] INFO  s.d.s.w.r.operation.CachingOperationNameGenerator - Generating unique operation named: addUsingPOST_2
2023-09-05 18:28:11.280 [main] INFO  s.d.s.w.r.operation.CachingOperationNameGenerator - Generating unique operation named: searchUsingGET_6
2023-09-05 18:28:11.282 [main] INFO  s.d.s.w.r.operation.CachingOperationNameGenerator - Generating unique operation named: addVenueUsingPOST_1
2023-09-05 18:28:11.284 [main] INFO  s.d.s.w.r.operation.CachingOperationNameGenerator - Generating unique operation named: addUsingPOST_3
2023-09-05 18:28:11.285 [main] INFO  s.d.s.w.r.operation.CachingOperationNameGenerator - Generating unique operation named: addBatchUsingPOST_1
2023-09-05 18:28:11.285 [main] INFO  s.d.s.w.r.operation.CachingOperationNameGenerator - Generating unique operation named: delByIdUsingDELETE_6
2023-09-05 18:28:11.286 [main] INFO  s.d.s.w.r.operation.CachingOperationNameGenerator - Generating unique operation named: delByIdsUsingDELETE_6
2023-09-05 18:28:11.289 [main] INFO  s.d.s.w.r.operation.CachingOperationNameGenerator - Generating unique operation named: modelDownloadUsingGET_1
2023-09-05 18:28:11.290 [main] INFO  s.d.s.w.r.operation.CachingOperationNameGenerator - Generating unique operation named: searchUsingGET_7
2023-09-05 18:28:11.291 [main] INFO  s.d.s.w.r.operation.CachingOperationNameGenerator - Generating unique operation named: updateVenueUsingPOST_1
2023-09-05 18:28:11.293 [main] INFO  s.d.s.w.r.operation.CachingOperationNameGenerator - Generating unique operation named: addUsingPOST_4
2023-09-05 18:28:11.293 [main] INFO  s.d.s.w.r.operation.CachingOperationNameGenerator - Generating unique operation named: delByIdUsingDELETE_7
2023-09-05 18:28:11.294 [main] INFO  s.d.s.w.r.operation.CachingOperationNameGenerator - Generating unique operation named: delByIdsUsingDELETE_7
2023-09-05 18:28:11.295 [main] INFO  s.d.s.w.r.operation.CachingOperationNameGenerator - Generating unique operation named: getByVaIdUsingGET_1
2023-09-05 18:28:11.297 [main] INFO  s.d.s.w.r.operation.CachingOperationNameGenerator - Generating unique operation named: searchUsingGET_8
2023-09-05 18:28:11.297 [main] INFO  s.d.s.w.r.operation.CachingOperationNameGenerator - Generating unique operation named: searchUsingGET_9
2023-09-05 18:28:11.298 [main] INFO  s.d.s.w.r.operation.CachingOperationNameGenerator - Generating unique operation named: updateUsingPOST_1
2023-09-05 18:28:11.299 [main] INFO  s.d.s.w.r.operation.CachingOperationNameGenerator - Generating unique operation named: updateEnableUsingPUT_1
2023-09-05 18:28:11.300 [main] INFO  s.d.s.w.r.operation.CachingOperationNameGenerator - Generating unique operation named: addVenueUsingPOST_2
2023-09-05 18:28:11.301 [main] INFO  s.d.s.w.r.operation.CachingOperationNameGenerator - Generating unique operation named: delByIdUsingDELETE_8
2023-09-05 18:28:11.302 [main] INFO  s.d.s.w.r.operation.CachingOperationNameGenerator - Generating unique operation named: delByIdsUsingDELETE_8
2023-09-05 18:28:11.304 [main] INFO  s.d.s.w.r.operation.CachingOperationNameGenerator - Generating unique operation named: searchUsingGET_10
2023-09-05 18:28:11.305 [main] INFO  s.d.s.w.r.operation.CachingOperationNameGenerator - Generating unique operation named: searchUsingGET_11
2023-09-05 18:28:11.305 [main] INFO  s.d.s.w.r.operation.CachingOperationNameGenerator - Generating unique operation named: updateEnableUsingPUT_2
2023-09-05 18:28:11.306 [main] INFO  s.d.s.w.r.operation.CachingOperationNameGenerator - Generating unique operation named: updateVenueUsingPOST_2
2023-09-05 18:28:11.308 [main] INFO  s.d.s.w.r.operation.CachingOperationNameGenerator - Generating unique operation named: loginUsingPOST_1
2023-09-05 18:28:11.344 [main] INFO  com.tickets.TicketsApplication - Started TicketsApplication in 1.873 seconds (JVM running for 2.231)
2023-09-05 18:28:17.205 [http-nio-8080-exec-1] INFO  o.a.c.core.ContainerBase.[Tomcat].[localhost].[/] - Initializing Spring DispatcherServlet 'dispatcherServlet'
2023-09-05 18:29:09.719 [SpringContextShutdownHook] INFO  com.alibaba.druid.pool.DruidDataSource - {dataSource-0} closing ...
2023-09-05 18:29:12.676 [main] INFO  com.tickets.TicketsApplication - Starting TicketsApplication on 文文 with PID 40948 (C:\Users\11583\Desktop\ticket-project\target\classes started by 11583 in C:\Users\11583\Desktop\ticket-project)
2023-09-05 18:29:12.678 [main] INFO  com.tickets.TicketsApplication - No active profile set, falling back to default profiles: default
2023-09-05 18:29:13.405 [main] INFO  org.apache.catalina.core.StandardService - Starting service [Tomcat]
2023-09-05 18:29:13.406 [main] INFO  org.apache.catalina.core.StandardEngine - Starting Servlet engine: [Apache Tomcat/9.0.31]
2023-09-05 18:29:13.469 [main] INFO  o.a.c.core.ContainerBase.[Tomcat].[localhost].[/] - Initializing Spring embedded WebApplicationContext
2023-09-05 18:29:13.964 [main] INFO  s.d.s.w.PropertySourcedRequestMappingHandlerMapping - Mapped URL path [/v2/api-docs] onto method [springfox.documentation.swagger2.web.Swagger2Controller#getDocumentation(String, HttpServletRequest)]
2023-09-05 18:29:14.117 [main] INFO  s.d.s.web.plugins.DocumentationPluginsBootstrapper - Context refreshed
2023-09-05 18:29:14.124 [main] INFO  s.d.s.web.plugins.DocumentationPluginsBootstrapper - Found 1 custom documentation plugin(s)
2023-09-05 18:29:14.140 [main] INFO  s.d.spring.web.scanners.ApiListingReferenceScanner - Scanning for api listing references
2023-09-05 18:29:14.218 [main] INFO  s.d.s.w.r.operation.CachingOperationNameGenerator - Generating unique operation named: delByIdUsingDELETE_1
2023-09-05 18:29:14.219 [main] INFO  s.d.s.w.r.operation.CachingOperationNameGenerator - Generating unique operation named: delByIdsUsingDELETE_1
2023-09-05 18:29:14.227 [main] INFO  s.d.s.w.r.operation.CachingOperationNameGenerator - Generating unique operation named: searchUsingGET_1
2023-09-05 18:29:14.228 [main] INFO  s.d.s.w.r.operation.CachingOperationNameGenerator - Generating unique operation named: addDeviceUsingPOST_1
2023-09-05 18:29:14.229 [main] INFO  s.d.s.w.r.operation.CachingOperationNameGenerator - Generating unique operation named: delByIdUsingDELETE_2
2023-09-05 18:29:14.230 [main] INFO  s.d.s.w.r.operation.CachingOperationNameGenerator - Generating unique operation named: delByIdsUsingDELETE_2
2023-09-05 18:29:14.232 [main] INFO  s.d.s.w.r.operation.CachingOperationNameGenerator - Generating unique operation named: searchUsingGET_2
2023-09-05 18:29:14.233 [main] INFO  s.d.s.w.r.operation.CachingOperationNameGenerator - Generating unique operation named: updatDeviceUsingPOST_1
2023-09-05 18:29:14.235 [main] INFO  s.d.s.w.r.operation.CachingOperationNameGenerator - Generating unique operation named: addDeviceUsingPOST_2
2023-09-05 18:29:14.238 [main] INFO  s.d.s.w.r.operation.CachingOperationNameGenerator - Generating unique operation named: delByIdUsingDELETE_3
2023-09-05 18:29:14.239 [main] INFO  s.d.s.w.r.operation.CachingOperationNameGenerator - Generating unique operation named: delByIdsUsingDELETE_3
2023-09-05 18:29:14.241 [main] INFO  s.d.s.w.r.operation.CachingOperationNameGenerator - Generating unique operation named: searchUsingGET_3
2023-09-05 18:29:14.246 [main] INFO  s.d.s.w.r.operation.CachingOperationNameGenerator - Generating unique operation named: updatDeviceUsingPOST_2
2023-09-05 18:29:14.247 [main] INFO  s.d.s.w.r.operation.CachingOperationNameGenerator - Generating unique operation named: delByIdUsingDELETE_4
2023-09-05 18:29:14.248 [main] INFO  s.d.s.w.r.operation.CachingOperationNameGenerator - Generating unique operation named: delByIdsUsingDELETE_4
2023-09-05 18:29:14.250 [main] INFO  s.d.s.w.r.operation.CachingOperationNameGenerator - Generating unique operation named: searchUsingGET_4
2023-09-05 18:29:14.254 [main] INFO  s.d.s.w.r.operation.CachingOperationNameGenerator - Generating unique operation named: delByIdUsingDELETE_5
2023-09-05 18:29:14.255 [main] INFO  s.d.s.w.r.operation.CachingOperationNameGenerator - Generating unique operation named: delByIdsUsingDELETE_5
2023-09-05 18:29:14.258 [main] INFO  s.d.s.w.r.operation.CachingOperationNameGenerator - Generating unique operation named: searchUsingGET_5
2023-09-05 18:29:14.272 [main] INFO  s.d.s.w.r.operation.CachingOperationNameGenerator - Generating unique operation named: addUsingPOST_1
2023-09-05 18:29:14.275 [main] INFO  s.d.s.w.r.operation.CachingOperationNameGenerator - Generating unique operation named: addUsingPOST_2
2023-09-05 18:29:14.278 [main] INFO  s.d.s.w.r.operation.CachingOperationNameGenerator - Generating unique operation named: searchUsingGET_6
2023-09-05 18:29:14.280 [main] INFO  s.d.s.w.r.operation.CachingOperationNameGenerator - Generating unique operation named: addVenueUsingPOST_1
2023-09-05 18:29:14.282 [main] INFO  s.d.s.w.r.operation.CachingOperationNameGenerator - Generating unique operation named: addUsingPOST_3
2023-09-05 18:29:14.283 [main] INFO  s.d.s.w.r.operation.CachingOperationNameGenerator - Generating unique operation named: addBatchUsingPOST_1
2023-09-05 18:29:14.283 [main] INFO  s.d.s.w.r.operation.CachingOperationNameGenerator - Generating unique operation named: delByIdUsingDELETE_6
2023-09-05 18:29:14.284 [main] INFO  s.d.s.w.r.operation.CachingOperationNameGenerator - Generating unique operation named: delByIdsUsingDELETE_6
2023-09-05 18:29:14.287 [main] INFO  s.d.s.w.r.operation.CachingOperationNameGenerator - Generating unique operation named: modelDownloadUsingGET_1
2023-09-05 18:29:14.289 [main] INFO  s.d.s.w.r.operation.CachingOperationNameGenerator - Generating unique operation named: searchUsingGET_7
2023-09-05 18:29:14.291 [main] INFO  s.d.s.w.r.operation.CachingOperationNameGenerator - Generating unique operation named: updateVenueUsingPOST_1
2023-09-05 18:29:14.293 [main] INFO  s.d.s.w.r.operation.CachingOperationNameGenerator - Generating unique operation named: addUsingPOST_4
2023-09-05 18:29:14.293 [main] INFO  s.d.s.w.r.operation.CachingOperationNameGenerator - Generating unique operation named: delByIdUsingDELETE_7
2023-09-05 18:29:14.294 [main] INFO  s.d.s.w.r.operation.CachingOperationNameGenerator - Generating unique operation named: delByIdsUsingDELETE_7
2023-09-05 18:29:14.294 [main] INFO  s.d.s.w.r.operation.CachingOperationNameGenerator - Generating unique operation named: getByVaIdUsingGET_1
2023-09-05 18:29:14.297 [main] INFO  s.d.s.w.r.operation.CachingOperationNameGenerator - Generating unique operation named: searchUsingGET_8
2023-09-05 18:29:14.297 [main] INFO  s.d.s.w.r.operation.CachingOperationNameGenerator - Generating unique operation named: searchUsingGET_9
2023-09-05 18:29:14.298 [main] INFO  s.d.s.w.r.operation.CachingOperationNameGenerator - Generating unique operation named: updateUsingPOST_1
2023-09-05 18:29:14.299 [main] INFO  s.d.s.w.r.operation.CachingOperationNameGenerator - Generating unique operation named: updateEnableUsingPUT_1
2023-09-05 18:29:14.301 [main] INFO  s.d.s.w.r.operation.CachingOperationNameGenerator - Generating unique operation named: addVenueUsingPOST_2
2023-09-05 18:29:14.302 [main] INFO  s.d.s.w.r.operation.CachingOperationNameGenerator - Generating unique operation named: delByIdUsingDELETE_8
2023-09-05 18:29:14.302 [main] INFO  s.d.s.w.r.operation.CachingOperationNameGenerator - Generating unique operation named: delByIdsUsingDELETE_8
2023-09-05 18:29:14.305 [main] INFO  s.d.s.w.r.operation.CachingOperationNameGenerator - Generating unique operation named: searchUsingGET_10
2023-09-05 18:29:14.305 [main] INFO  s.d.s.w.r.operation.CachingOperationNameGenerator - Generating unique operation named: searchUsingGET_11
2023-09-05 18:29:14.306 [main] INFO  s.d.s.w.r.operation.CachingOperationNameGenerator - Generating unique operation named: updateEnableUsingPUT_2
2023-09-05 18:29:14.307 [main] INFO  s.d.s.w.r.operation.CachingOperationNameGenerator - Generating unique operation named: updateVenueUsingPOST_2
2023-09-05 18:29:14.309 [main] INFO  s.d.s.w.r.operation.CachingOperationNameGenerator - Generating unique operation named: loginUsingPOST_1
2023-09-05 18:29:14.346 [main] INFO  com.tickets.TicketsApplication - Started TicketsApplication in 1.942 seconds (JVM running for 2.316)
2023-09-05 18:29:14.470 [http-nio-8080-exec-1] INFO  o.a.c.core.ContainerBase.[Tomcat].[localhost].[/] - Initializing Spring DispatcherServlet 'dispatcherServlet'
2023-09-05 18:29:14.522 [http-nio-8080-exec-1] INFO  com.alibaba.druid.pool.DruidDataSource - {dataSource-1} inited
