2023-10-25 10:35:36.045 [main] INFO  com.tickets.TicketsApplication - Starting TicketsApplication using Java 21 with PID 3540 (C:\Users\11583\Desktop\ticket-project\target\classes started by 11583 in C:\Users\11583\Desktop\ticket-project)
2023-10-25 10:35:36.047 [main] INFO  com.tickets.TicketsApplication - No active profile set, falling back to 1 default profile: "default"
2023-10-25 10:35:37.193 [main] INFO  org.apache.catalina.core.StandardService - Starting service [Tomcat]
2023-10-25 10:35:37.193 [main] INFO  org.apache.catalina.core.StandardEngine - Starting Servlet engine: [Apache Tomcat/10.1.13]
2023-10-25 10:35:37.283 [main] INFO  o.a.c.core.ContainerBase.[Tomcat].[localhost].[/] - Initializing Spring embedded WebApplicationContext
2023-10-25 10:35:38.421 [main] INFO  com.tickets.TicketsApplication - Started TicketsApplication in 2.765 seconds (process running for 3.197)
2023-10-25 10:35:38.984 [RMI TCP Connection(4)-172.19.240.1] INFO  o.a.c.core.ContainerBase.[Tomcat].[localhost].[/] - Initializing Spring DispatcherServlet 'dispatcherServlet'
2023-10-25 10:35:39.006 [RMI TCP Connection(5)-172.19.240.1] INFO  com.alibaba.druid.pool.DruidDataSource - {dataSource-1} inited
2023-10-25 10:36:47.960 [SpringApplicationShutdownHook] INFO  com.alibaba.druid.pool.DruidDataSource - {dataSource-1} closing ...
2023-10-25 10:36:47.963 [SpringApplicationShutdownHook] INFO  com.alibaba.druid.pool.DruidDataSource - {dataSource-1} closed
2023-10-25 10:36:52.883 [main] INFO  com.tickets.TicketsApplication - Starting TicketsApplication using Java 21 with PID 44900 (C:\Users\11583\Desktop\ticket-project\target\classes started by 11583 in C:\Users\11583\Desktop\ticket-project)
2023-10-25 10:36:52.884 [main] INFO  com.tickets.TicketsApplication - No active profile set, falling back to 1 default profile: "default"
2023-10-25 10:36:53.782 [main] INFO  org.apache.catalina.core.StandardService - Starting service [Tomcat]
2023-10-25 10:36:53.782 [main] INFO  org.apache.catalina.core.StandardEngine - Starting Servlet engine: [Apache Tomcat/10.1.13]
2023-10-25 10:36:53.842 [main] INFO  o.a.c.core.ContainerBase.[Tomcat].[localhost].[/] - Initializing Spring embedded WebApplicationContext
2023-10-25 10:36:54.907 [main] INFO  com.tickets.TicketsApplication - Started TicketsApplication in 2.35 seconds (process running for 2.779)
2023-10-25 10:36:55.299 [RMI TCP Connection(1)-172.19.240.1] INFO  o.a.c.core.ContainerBase.[Tomcat].[localhost].[/] - Initializing Spring DispatcherServlet 'dispatcherServlet'
2023-10-25 10:36:55.323 [RMI TCP Connection(3)-172.19.240.1] INFO  com.alibaba.druid.pool.DruidDataSource - {dataSource-1} inited
2023-10-25 10:39:29.863 [SpringApplicationShutdownHook] INFO  com.alibaba.druid.pool.DruidDataSource - {dataSource-1} closing ...
2023-10-25 10:39:29.867 [SpringApplicationShutdownHook] INFO  com.alibaba.druid.pool.DruidDataSource - {dataSource-1} closed
2023-10-25 10:39:33.251 [main] INFO  com.tickets.TicketsApplication - Starting TicketsApplication using Java 21 with PID 45572 (C:\Users\11583\Desktop\ticket-project\target\classes started by 11583 in C:\Users\11583\Desktop\ticket-project)
2023-10-25 10:39:33.252 [main] INFO  com.tickets.TicketsApplication - No active profile set, falling back to 1 default profile: "default"
2023-10-25 10:39:34.153 [main] INFO  org.apache.catalina.core.StandardService - Starting service [Tomcat]
2023-10-25 10:39:34.153 [main] INFO  org.apache.catalina.core.StandardEngine - Starting Servlet engine: [Apache Tomcat/10.1.13]
2023-10-25 10:39:34.219 [main] INFO  o.a.c.core.ContainerBase.[Tomcat].[localhost].[/] - Initializing Spring embedded WebApplicationContext
2023-10-25 10:39:35.341 [main] INFO  com.tickets.TicketsApplication - Started TicketsApplication in 2.454 seconds (process running for 2.827)
2023-10-25 10:39:35.675 [RMI TCP Connection(4)-172.19.240.1] INFO  o.a.c.core.ContainerBase.[Tomcat].[localhost].[/] - Initializing Spring DispatcherServlet 'dispatcherServlet'
2023-10-25 10:39:35.697 [RMI TCP Connection(5)-172.19.240.1] INFO  com.alibaba.druid.pool.DruidDataSource - {dataSource-1} inited
2023-10-25 10:40:42.644 [SpringApplicationShutdownHook] INFO  com.alibaba.druid.pool.DruidDataSource - {dataSource-1} closing ...
2023-10-25 10:40:42.647 [SpringApplicationShutdownHook] INFO  com.alibaba.druid.pool.DruidDataSource - {dataSource-1} closed
2023-10-25 10:40:46.888 [main] INFO  com.tickets.TicketsApplication - Starting TicketsApplication using Java 21 with PID 48768 (C:\Users\11583\Desktop\ticket-project\target\classes started by 11583 in C:\Users\11583\Desktop\ticket-project)
2023-10-25 10:40:46.889 [main] INFO  com.tickets.TicketsApplication - No active profile set, falling back to 1 default profile: "default"
2023-10-25 10:40:47.799 [main] INFO  org.apache.catalina.core.StandardService - Starting service [Tomcat]
2023-10-25 10:40:47.799 [main] INFO  org.apache.catalina.core.StandardEngine - Starting Servlet engine: [Apache Tomcat/10.1.13]
2023-10-25 10:40:47.861 [main] INFO  o.a.c.core.ContainerBase.[Tomcat].[localhost].[/] - Initializing Spring embedded WebApplicationContext
2023-10-25 10:40:48.950 [main] INFO  com.tickets.TicketsApplication - Started TicketsApplication in 2.384 seconds (process running for 2.811)
2023-10-25 10:40:49.268 [RMI TCP Connection(3)-172.19.240.1] INFO  o.a.c.core.ContainerBase.[Tomcat].[localhost].[/] - Initializing Spring DispatcherServlet 'dispatcherServlet'
2023-10-25 10:40:49.291 [RMI TCP Connection(2)-172.19.240.1] INFO  com.alibaba.druid.pool.DruidDataSource - {dataSource-1} inited
2023-10-25 10:41:14.514 [SpringApplicationShutdownHook] INFO  com.alibaba.druid.pool.DruidDataSource - {dataSource-1} closing ...
2023-10-25 10:41:14.517 [SpringApplicationShutdownHook] INFO  com.alibaba.druid.pool.DruidDataSource - {dataSource-1} closed
2023-10-25 10:41:16.083 [main] INFO  com.tickets.TicketsApplication - Starting TicketsApplication using Java 21 with PID 39536 (C:\Users\11583\Desktop\ticket-project\target\classes started by 11583 in C:\Users\11583\Desktop\ticket-project)
2023-10-25 10:41:16.084 [main] INFO  com.tickets.TicketsApplication - No active profile set, falling back to 1 default profile: "default"
2023-10-25 10:41:17.002 [main] INFO  org.apache.catalina.core.StandardService - Starting service [Tomcat]
2023-10-25 10:41:17.003 [main] INFO  org.apache.catalina.core.StandardEngine - Starting Servlet engine: [Apache Tomcat/10.1.13]
2023-10-25 10:41:17.063 [main] INFO  o.a.c.core.ContainerBase.[Tomcat].[localhost].[/] - Initializing Spring embedded WebApplicationContext
2023-10-25 10:41:18.181 [main] INFO  com.tickets.TicketsApplication - Started TicketsApplication in 2.51 seconds (process running for 2.909)
2023-10-25 10:41:18.426 [RMI TCP Connection(5)-172.19.240.1] INFO  o.a.c.core.ContainerBase.[Tomcat].[localhost].[/] - Initializing Spring DispatcherServlet 'dispatcherServlet'
2023-10-25 10:41:18.455 [RMI TCP Connection(4)-172.19.240.1] INFO  com.alibaba.druid.pool.DruidDataSource - {dataSource-1} inited
2023-10-25 10:41:55.216 [SpringApplicationShutdownHook] INFO  com.alibaba.druid.pool.DruidDataSource - {dataSource-1} closing ...
2023-10-25 10:41:55.219 [SpringApplicationShutdownHook] INFO  com.alibaba.druid.pool.DruidDataSource - {dataSource-1} closed
2023-10-25 10:43:10.435 [main] INFO  com.tickets.TicketsApplication - Starting TicketsApplication using Java 21 with PID 46088 (C:\Users\11583\Desktop\ticket-project\target\classes started by 11583 in C:\Users\11583\Desktop\ticket-project)
2023-10-25 10:43:10.437 [main] INFO  com.tickets.TicketsApplication - No active profile set, falling back to 1 default profile: "default"
2023-10-25 10:43:11.427 [main] INFO  org.apache.catalina.core.StandardService - Starting service [Tomcat]
2023-10-25 10:43:11.428 [main] INFO  org.apache.catalina.core.StandardEngine - Starting Servlet engine: [Apache Tomcat/10.1.13]
2023-10-25 10:43:11.494 [main] INFO  o.a.c.core.ContainerBase.[Tomcat].[localhost].[/] - Initializing Spring embedded WebApplicationContext
2023-10-25 10:43:12.679 [main] INFO  com.tickets.TicketsApplication - Started TicketsApplication in 2.621 seconds (process running for 3.116)
2023-10-25 10:43:12.881 [RMI TCP Connection(5)-172.19.240.1] INFO  o.a.c.core.ContainerBase.[Tomcat].[localhost].[/] - Initializing Spring DispatcherServlet 'dispatcherServlet'
2023-10-25 10:43:12.905 [RMI TCP Connection(4)-172.19.240.1] INFO  com.alibaba.druid.pool.DruidDataSource - {dataSource-1} inited
2023-10-25 10:44:25.799 [SpringApplicationShutdownHook] INFO  com.alibaba.druid.pool.DruidDataSource - {dataSource-1} closing ...
2023-10-25 10:44:25.802 [SpringApplicationShutdownHook] INFO  com.alibaba.druid.pool.DruidDataSource - {dataSource-1} closed
2023-10-25 10:44:29.133 [main] INFO  com.tickets.TicketsApplication - Starting TicketsApplication using Java 21 with PID 47624 (C:\Users\11583\Desktop\ticket-project\target\classes started by 11583 in C:\Users\11583\Desktop\ticket-project)
2023-10-25 10:44:29.135 [main] INFO  com.tickets.TicketsApplication - No active profile set, falling back to 1 default profile: "default"
2023-10-25 10:44:30.042 [main] INFO  org.apache.catalina.core.StandardService - Starting service [Tomcat]
2023-10-25 10:44:30.042 [main] INFO  org.apache.catalina.core.StandardEngine - Starting Servlet engine: [Apache Tomcat/10.1.13]
2023-10-25 10:44:30.104 [main] INFO  o.a.c.core.ContainerBase.[Tomcat].[localhost].[/] - Initializing Spring embedded WebApplicationContext
2023-10-25 10:44:31.163 [main] INFO  com.tickets.TicketsApplication - Started TicketsApplication in 2.354 seconds (process running for 2.772)
2023-10-25 10:44:31.526 [RMI TCP Connection(5)-172.19.240.1] INFO  o.a.c.core.ContainerBase.[Tomcat].[localhost].[/] - Initializing Spring DispatcherServlet 'dispatcherServlet'
2023-10-25 10:44:31.549 [RMI TCP Connection(4)-172.19.240.1] INFO  com.alibaba.druid.pool.DruidDataSource - {dataSource-1} inited
2023-10-25 10:45:12.504 [SpringApplicationShutdownHook] INFO  com.alibaba.druid.pool.DruidDataSource - {dataSource-1} closing ...
2023-10-25 10:45:12.507 [SpringApplicationShutdownHook] INFO  com.alibaba.druid.pool.DruidDataSource - {dataSource-1} closed
2023-10-25 10:45:14.943 [main] INFO  com.tickets.TicketsApplication - Starting TicketsApplication using Java 21 with PID 33088 (C:\Users\11583\Desktop\ticket-project\target\classes started by 11583 in C:\Users\11583\Desktop\ticket-project)
2023-10-25 10:45:14.944 [main] INFO  com.tickets.TicketsApplication - No active profile set, falling back to 1 default profile: "default"
2023-10-25 10:45:15.901 [main] INFO  org.apache.catalina.core.StandardService - Starting service [Tomcat]
2023-10-25 10:45:15.902 [main] INFO  org.apache.catalina.core.StandardEngine - Starting Servlet engine: [Apache Tomcat/10.1.13]
2023-10-25 10:45:15.962 [main] INFO  o.a.c.core.ContainerBase.[Tomcat].[localhost].[/] - Initializing Spring embedded WebApplicationContext
2023-10-25 10:45:17.059 [main] INFO  com.tickets.TicketsApplication - Started TicketsApplication in 2.479 seconds (process running for 2.886)
2023-10-25 10:45:17.415 [RMI TCP Connection(5)-172.19.240.1] INFO  o.a.c.core.ContainerBase.[Tomcat].[localhost].[/] - Initializing Spring DispatcherServlet 'dispatcherServlet'
2023-10-25 10:45:17.439 [RMI TCP Connection(4)-172.19.240.1] INFO  com.alibaba.druid.pool.DruidDataSource - {dataSource-1} inited
2023-10-25 10:47:38.444 [SpringApplicationShutdownHook] INFO  com.alibaba.druid.pool.DruidDataSource - {dataSource-1} closing ...
2023-10-25 10:47:38.448 [SpringApplicationShutdownHook] INFO  com.alibaba.druid.pool.DruidDataSource - {dataSource-1} closed
2023-10-25 10:47:40.106 [main] INFO  com.tickets.TicketsApplication - Starting TicketsApplication using Java 21 with PID 43800 (C:\Users\11583\Desktop\ticket-project\target\classes started by 11583 in C:\Users\11583\Desktop\ticket-project)
2023-10-25 10:47:40.108 [main] INFO  com.tickets.TicketsApplication - No active profile set, falling back to 1 default profile: "default"
2023-10-25 10:47:41.004 [main] INFO  org.apache.catalina.core.StandardService - Starting service [Tomcat]
2023-10-25 10:47:41.005 [main] INFO  org.apache.catalina.core.StandardEngine - Starting Servlet engine: [Apache Tomcat/10.1.13]
2023-10-25 10:47:41.072 [main] INFO  o.a.c.core.ContainerBase.[Tomcat].[localhost].[/] - Initializing Spring embedded WebApplicationContext
2023-10-25 10:47:42.226 [main] INFO  com.tickets.TicketsApplication - Started TicketsApplication in 2.563 seconds (process running for 2.986)
2023-10-25 10:47:42.525 [RMI TCP Connection(5)-172.19.240.1] INFO  o.a.c.core.ContainerBase.[Tomcat].[localhost].[/] - Initializing Spring DispatcherServlet 'dispatcherServlet'
2023-10-25 10:47:42.549 [RMI TCP Connection(6)-172.19.240.1] INFO  com.alibaba.druid.pool.DruidDataSource - {dataSource-1} inited
2023-10-25 10:48:16.553 [SpringApplicationShutdownHook] INFO  com.alibaba.druid.pool.DruidDataSource - {dataSource-1} closing ...
2023-10-25 10:48:16.556 [SpringApplicationShutdownHook] INFO  com.alibaba.druid.pool.DruidDataSource - {dataSource-1} closed
2023-10-25 10:48:19.013 [main] INFO  com.tickets.TicketsApplication - Starting TicketsApplication using Java 21 with PID 9844 (C:\Users\11583\Desktop\ticket-project\target\classes started by 11583 in C:\Users\11583\Desktop\ticket-project)
2023-10-25 10:48:19.014 [main] INFO  com.tickets.TicketsApplication - No active profile set, falling back to 1 default profile: "default"
2023-10-25 10:48:19.965 [main] INFO  org.apache.catalina.core.StandardService - Starting service [Tomcat]
2023-10-25 10:48:19.965 [main] INFO  org.apache.catalina.core.StandardEngine - Starting Servlet engine: [Apache Tomcat/10.1.13]
2023-10-25 10:48:20.042 [main] INFO  o.a.c.core.ContainerBase.[Tomcat].[localhost].[/] - Initializing Spring embedded WebApplicationContext
2023-10-25 10:48:21.189 [main] INFO  com.tickets.TicketsApplication - Started TicketsApplication in 2.564 seconds (process running for 2.974)
2023-10-25 10:48:21.463 [RMI TCP Connection(5)-172.19.240.1] INFO  o.a.c.core.ContainerBase.[Tomcat].[localhost].[/] - Initializing Spring DispatcherServlet 'dispatcherServlet'
2023-10-25 10:48:21.487 [RMI TCP Connection(4)-172.19.240.1] INFO  com.alibaba.druid.pool.DruidDataSource - {dataSource-1} inited
2023-10-25 10:54:42.379 [SpringApplicationShutdownHook] INFO  com.alibaba.druid.pool.DruidDataSource - {dataSource-1} closing ...
2023-10-25 10:54:42.383 [SpringApplicationShutdownHook] INFO  com.alibaba.druid.pool.DruidDataSource - {dataSource-1} closed
2023-10-25 10:54:45.636 [main] INFO  com.tickets.TicketsApplication - Starting TicketsApplication using Java 21 with PID 44556 (C:\Users\11583\Desktop\ticket-project\target\classes started by 11583 in C:\Users\11583\Desktop\ticket-project)
2023-10-25 10:54:45.637 [main] INFO  com.tickets.TicketsApplication - No active profile set, falling back to 1 default profile: "default"
2023-10-25 10:54:46.530 [main] INFO  org.apache.catalina.core.StandardService - Starting service [Tomcat]
2023-10-25 10:54:46.530 [main] INFO  org.apache.catalina.core.StandardEngine - Starting Servlet engine: [Apache Tomcat/10.1.13]
2023-10-25 10:54:46.588 [main] INFO  o.a.c.core.ContainerBase.[Tomcat].[localhost].[/] - Initializing Spring embedded WebApplicationContext
2023-10-25 10:54:47.671 [main] INFO  com.tickets.TicketsApplication - Started TicketsApplication in 2.352 seconds (process running for 2.767)
2023-10-25 10:54:48.075 [RMI TCP Connection(2)-172.19.240.1] INFO  o.a.c.core.ContainerBase.[Tomcat].[localhost].[/] - Initializing Spring DispatcherServlet 'dispatcherServlet'
2023-10-25 10:54:48.097 [RMI TCP Connection(3)-172.19.240.1] INFO  com.alibaba.druid.pool.DruidDataSource - {dataSource-1} inited
2023-10-25 10:58:42.434 [SpringApplicationShutdownHook] INFO  com.alibaba.druid.pool.DruidDataSource - {dataSource-1} closing ...
2023-10-25 10:58:42.438 [SpringApplicationShutdownHook] INFO  com.alibaba.druid.pool.DruidDataSource - {dataSource-1} closed
2023-10-25 10:58:45.892 [main] INFO  com.tickets.TicketsApplication - Starting TicketsApplication using Java 21 with PID 48748 (C:\Users\11583\Desktop\ticket-project\target\classes started by 11583 in C:\Users\11583\Desktop\ticket-project)
2023-10-25 10:58:45.893 [main] INFO  com.tickets.TicketsApplication - No active profile set, falling back to 1 default profile: "default"
2023-10-25 10:58:46.797 [main] INFO  org.apache.catalina.core.StandardService - Starting service [Tomcat]
2023-10-25 10:58:46.798 [main] INFO  org.apache.catalina.core.StandardEngine - Starting Servlet engine: [Apache Tomcat/10.1.13]
2023-10-25 10:58:46.858 [main] INFO  o.a.c.core.ContainerBase.[Tomcat].[localhost].[/] - Initializing Spring embedded WebApplicationContext
2023-10-25 10:58:47.933 [main] INFO  com.tickets.TicketsApplication - Started TicketsApplication in 2.41 seconds (process running for 2.834)
2023-10-25 10:58:48.223 [RMI TCP Connection(5)-172.19.240.1] INFO  o.a.c.core.ContainerBase.[Tomcat].[localhost].[/] - Initializing Spring DispatcherServlet 'dispatcherServlet'
2023-10-25 10:58:48.245 [RMI TCP Connection(4)-172.19.240.1] INFO  com.alibaba.druid.pool.DruidDataSource - {dataSource-1} inited
2023-10-25 11:02:37.274 [SpringApplicationShutdownHook] INFO  com.alibaba.druid.pool.DruidDataSource - {dataSource-1} closing ...
2023-10-25 11:02:37.277 [SpringApplicationShutdownHook] INFO  com.alibaba.druid.pool.DruidDataSource - {dataSource-1} closed
2023-10-25 11:02:39.554 [main] INFO  com.tickets.TicketsApplication - Starting TicketsApplication using Java 21 with PID 44636 (C:\Users\11583\Desktop\ticket-project\target\classes started by 11583 in C:\Users\11583\Desktop\ticket-project)
2023-10-25 11:02:39.555 [main] INFO  com.tickets.TicketsApplication - No active profile set, falling back to 1 default profile: "default"
2023-10-25 11:02:40.469 [main] INFO  org.apache.catalina.core.StandardService - Starting service [Tomcat]
2023-10-25 11:02:40.469 [main] INFO  org.apache.catalina.core.StandardEngine - Starting Servlet engine: [Apache Tomcat/10.1.13]
2023-10-25 11:02:40.528 [main] INFO  o.a.c.core.ContainerBase.[Tomcat].[localhost].[/] - Initializing Spring embedded WebApplicationContext
2023-10-25 11:02:41.619 [main] INFO  com.tickets.TicketsApplication - Started TicketsApplication in 2.38 seconds (process running for 2.787)
2023-10-25 11:02:41.988 [RMI TCP Connection(2)-172.19.240.1] INFO  o.a.c.core.ContainerBase.[Tomcat].[localhost].[/] - Initializing Spring DispatcherServlet 'dispatcherServlet'
2023-10-25 11:02:42.012 [RMI TCP Connection(1)-172.19.240.1] INFO  com.alibaba.druid.pool.DruidDataSource - {dataSource-1} inited
2023-10-25 11:03:33.562 [SpringApplicationShutdownHook] INFO  com.alibaba.druid.pool.DruidDataSource - {dataSource-1} closing ...
2023-10-25 11:03:33.565 [SpringApplicationShutdownHook] INFO  com.alibaba.druid.pool.DruidDataSource - {dataSource-1} closed
2023-10-25 11:03:35.251 [main] INFO  com.tickets.TicketsApplication - Starting TicketsApplication using Java 21 with PID 40172 (C:\Users\11583\Desktop\ticket-project\target\classes started by 11583 in C:\Users\11583\Desktop\ticket-project)
2023-10-25 11:03:35.253 [main] INFO  com.tickets.TicketsApplication - No active profile set, falling back to 1 default profile: "default"
2023-10-25 11:03:36.178 [main] INFO  org.apache.catalina.core.StandardService - Starting service [Tomcat]
2023-10-25 11:03:36.178 [main] INFO  org.apache.catalina.core.StandardEngine - Starting Servlet engine: [Apache Tomcat/10.1.13]
2023-10-25 11:03:36.238 [main] INFO  o.a.c.core.ContainerBase.[Tomcat].[localhost].[/] - Initializing Spring embedded WebApplicationContext
2023-10-25 11:03:37.303 [main] INFO  com.tickets.TicketsApplication - Started TicketsApplication in 2.426 seconds (process running for 2.846)
2023-10-25 11:03:37.666 [RMI TCP Connection(2)-172.19.240.1] INFO  o.a.c.core.ContainerBase.[Tomcat].[localhost].[/] - Initializing Spring DispatcherServlet 'dispatcherServlet'
2023-10-25 11:03:37.689 [RMI TCP Connection(3)-172.19.240.1] INFO  com.alibaba.druid.pool.DruidDataSource - {dataSource-1} inited
2023-10-25 11:08:16.820 [SpringApplicationShutdownHook] INFO  com.alibaba.druid.pool.DruidDataSource - {dataSource-1} closing ...
2023-10-25 11:08:16.823 [SpringApplicationShutdownHook] INFO  com.alibaba.druid.pool.DruidDataSource - {dataSource-1} closed
2023-10-25 11:08:18.590 [main] INFO  com.tickets.TicketsApplication - Starting TicketsApplication using Java 21 with PID 38504 (C:\Users\11583\Desktop\ticket-project\target\classes started by 11583 in C:\Users\11583\Desktop\ticket-project)
2023-10-25 11:08:18.591 [main] INFO  com.tickets.TicketsApplication - No active profile set, falling back to 1 default profile: "default"
2023-10-25 11:08:19.520 [main] INFO  org.apache.catalina.core.StandardService - Starting service [Tomcat]
2023-10-25 11:08:19.520 [main] INFO  org.apache.catalina.core.StandardEngine - Starting Servlet engine: [Apache Tomcat/10.1.13]
2023-10-25 11:08:19.579 [main] INFO  o.a.c.core.ContainerBase.[Tomcat].[localhost].[/] - Initializing Spring embedded WebApplicationContext
2023-10-25 11:08:20.640 [main] INFO  com.tickets.TicketsApplication - Started TicketsApplication in 2.398 seconds (process running for 2.799)
2023-10-25 11:08:20.996 [RMI TCP Connection(3)-172.19.240.1] INFO  o.a.c.core.ContainerBase.[Tomcat].[localhost].[/] - Initializing Spring DispatcherServlet 'dispatcherServlet'
2023-10-25 11:08:21.019 [RMI TCP Connection(2)-172.19.240.1] INFO  com.alibaba.druid.pool.DruidDataSource - {dataSource-1} inited
2023-10-25 11:08:40.034 [SpringApplicationShutdownHook] INFO  com.alibaba.druid.pool.DruidDataSource - {dataSource-1} closing ...
2023-10-25 11:08:40.037 [SpringApplicationShutdownHook] INFO  com.alibaba.druid.pool.DruidDataSource - {dataSource-1} closed
2023-10-25 11:08:41.632 [main] INFO  com.tickets.TicketsApplication - Starting TicketsApplication using Java 21 with PID 40144 (C:\Users\11583\Desktop\ticket-project\target\classes started by 11583 in C:\Users\11583\Desktop\ticket-project)
2023-10-25 11:08:41.633 [main] INFO  com.tickets.TicketsApplication - No active profile set, falling back to 1 default profile: "default"
2023-10-25 11:08:42.527 [main] INFO  org.apache.catalina.core.StandardService - Starting service [Tomcat]
2023-10-25 11:08:42.528 [main] INFO  org.apache.catalina.core.StandardEngine - Starting Servlet engine: [Apache Tomcat/10.1.13]
2023-10-25 11:08:42.589 [main] INFO  o.a.c.core.ContainerBase.[Tomcat].[localhost].[/] - Initializing Spring embedded WebApplicationContext
2023-10-25 11:08:43.657 [main] INFO  com.tickets.TicketsApplication - Started TicketsApplication in 2.463 seconds (process running for 2.858)
2023-10-25 11:08:43.944 [RMI TCP Connection(2)-172.19.240.1] INFO  o.a.c.core.ContainerBase.[Tomcat].[localhost].[/] - Initializing Spring DispatcherServlet 'dispatcherServlet'
2023-10-25 11:08:43.967 [RMI TCP Connection(3)-172.19.240.1] INFO  com.alibaba.druid.pool.DruidDataSource - {dataSource-1} inited
2023-10-25 11:13:12.560 [SpringApplicationShutdownHook] INFO  com.alibaba.druid.pool.DruidDataSource - {dataSource-1} closing ...
2023-10-25 11:13:12.563 [SpringApplicationShutdownHook] INFO  com.alibaba.druid.pool.DruidDataSource - {dataSource-1} closed
2023-10-25 11:13:16.726 [main] INFO  com.tickets.TicketsApplication - Starting TicketsApplication using Java 21 with PID 48324 (C:\Users\11583\Desktop\ticket-project\target\classes started by 11583 in C:\Users\11583\Desktop\ticket-project)
2023-10-25 11:13:16.727 [main] INFO  com.tickets.TicketsApplication - No active profile set, falling back to 1 default profile: "default"
2023-10-25 11:13:17.634 [main] INFO  org.apache.catalina.core.StandardService - Starting service [Tomcat]
2023-10-25 11:13:17.634 [main] INFO  org.apache.catalina.core.StandardEngine - Starting Servlet engine: [Apache Tomcat/10.1.13]
2023-10-25 11:13:17.691 [main] INFO  o.a.c.core.ContainerBase.[Tomcat].[localhost].[/] - Initializing Spring embedded WebApplicationContext
2023-10-25 11:13:18.824 [main] INFO  com.tickets.TicketsApplication - Started TicketsApplication in 2.459 seconds (process running for 2.834)
2023-10-25 11:13:19.150 [RMI TCP Connection(4)-172.19.240.1] INFO  o.a.c.core.ContainerBase.[Tomcat].[localhost].[/] - Initializing Spring DispatcherServlet 'dispatcherServlet'
2023-10-25 11:13:19.172 [RMI TCP Connection(5)-172.19.240.1] INFO  com.alibaba.druid.pool.DruidDataSource - {dataSource-1} inited
2023-10-25 13:25:57.306 [SpringApplicationShutdownHook] INFO  com.alibaba.druid.pool.DruidDataSource - {dataSource-1} closing ...
2023-10-25 13:25:57.309 [SpringApplicationShutdownHook] INFO  com.alibaba.druid.pool.DruidDataSource - {dataSource-1} closed
2023-10-25 13:26:02.471 [main] INFO  com.tickets.TicketsApplication - Starting TicketsApplication using Java 21 with PID 40912 (C:\Users\11583\Desktop\ticket-project\target\classes started by 11583 in C:\Users\11583\Desktop\ticket-project)
2023-10-25 13:26:02.472 [main] INFO  com.tickets.TicketsApplication - No active profile set, falling back to 1 default profile: "default"
2023-10-25 13:26:03.379 [main] INFO  org.apache.catalina.core.StandardService - Starting service [Tomcat]
2023-10-25 13:26:03.379 [main] INFO  org.apache.catalina.core.StandardEngine - Starting Servlet engine: [Apache Tomcat/10.1.13]
2023-10-25 13:26:03.440 [main] INFO  o.a.c.core.ContainerBase.[Tomcat].[localhost].[/] - Initializing Spring embedded WebApplicationContext
2023-10-25 13:26:04.479 [main] INFO  com.tickets.TicketsApplication - Started TicketsApplication in 2.34 seconds (process running for 2.813)
2023-10-25 13:26:04.832 [RMI TCP Connection(2)-172.19.240.1] INFO  o.a.c.core.ContainerBase.[Tomcat].[localhost].[/] - Initializing Spring DispatcherServlet 'dispatcherServlet'
2023-10-25 13:26:04.855 [RMI TCP Connection(3)-172.19.240.1] INFO  com.alibaba.druid.pool.DruidDataSource - {dataSource-1} inited
2023-10-25 13:27:57.103 [SpringApplicationShutdownHook] INFO  com.alibaba.druid.pool.DruidDataSource - {dataSource-1} closing ...
2023-10-25 13:27:57.106 [SpringApplicationShutdownHook] INFO  com.alibaba.druid.pool.DruidDataSource - {dataSource-1} closed
2023-10-25 13:27:59.583 [main] INFO  com.tickets.TicketsApplication - Starting TicketsApplication using Java 21 with PID 27632 (C:\Users\11583\Desktop\ticket-project\target\classes started by 11583 in C:\Users\11583\Desktop\ticket-project)
2023-10-25 13:27:59.584 [main] INFO  com.tickets.TicketsApplication - No active profile set, falling back to 1 default profile: "default"
2023-10-25 13:28:00.480 [main] INFO  org.apache.catalina.core.StandardService - Starting service [Tomcat]
2023-10-25 13:28:00.481 [main] INFO  org.apache.catalina.core.StandardEngine - Starting Servlet engine: [Apache Tomcat/10.1.13]
2023-10-25 13:28:00.543 [main] INFO  o.a.c.core.ContainerBase.[Tomcat].[localhost].[/] - Initializing Spring embedded WebApplicationContext
2023-10-25 13:28:01.610 [main] INFO  com.tickets.TicketsApplication - Started TicketsApplication in 2.347 seconds (process running for 2.755)
2023-10-25 13:28:02.019 [RMI TCP Connection(1)-172.19.240.1] INFO  o.a.c.core.ContainerBase.[Tomcat].[localhost].[/] - Initializing Spring DispatcherServlet 'dispatcherServlet'
2023-10-25 13:28:02.045 [RMI TCP Connection(2)-172.19.240.1] INFO  com.alibaba.druid.pool.DruidDataSource - {dataSource-1} inited
2023-10-25 13:28:50.187 [SpringApplicationShutdownHook] INFO  com.alibaba.druid.pool.DruidDataSource - {dataSource-1} closing ...
2023-10-25 13:28:50.191 [SpringApplicationShutdownHook] INFO  com.alibaba.druid.pool.DruidDataSource - {dataSource-1} closed
2023-10-25 13:28:54.412 [main] INFO  com.tickets.TicketsApplication - Starting TicketsApplication using Java 21 with PID 45620 (C:\Users\11583\Desktop\ticket-project\target\classes started by 11583 in C:\Users\11583\Desktop\ticket-project)
2023-10-25 13:28:54.413 [main] INFO  com.tickets.TicketsApplication - No active profile set, falling back to 1 default profile: "default"
2023-10-25 13:28:55.361 [main] INFO  org.apache.catalina.core.StandardService - Starting service [Tomcat]
2023-10-25 13:28:55.361 [main] INFO  org.apache.catalina.core.StandardEngine - Starting Servlet engine: [Apache Tomcat/10.1.13]
2023-10-25 13:28:55.421 [main] INFO  o.a.c.core.ContainerBase.[Tomcat].[localhost].[/] - Initializing Spring embedded WebApplicationContext
2023-10-25 13:28:56.528 [main] INFO  com.tickets.TicketsApplication - Started TicketsApplication in 2.456 seconds (process running for 2.878)
2023-10-25 13:28:56.803 [RMI TCP Connection(5)-172.19.240.1] INFO  o.a.c.core.ContainerBase.[Tomcat].[localhost].[/] - Initializing Spring DispatcherServlet 'dispatcherServlet'
2023-10-25 13:28:56.825 [RMI TCP Connection(4)-172.19.240.1] INFO  com.alibaba.druid.pool.DruidDataSource - {dataSource-1} inited
2023-10-25 13:29:56.622 [SpringApplicationShutdownHook] INFO  com.alibaba.druid.pool.DruidDataSource - {dataSource-1} closing ...
2023-10-25 13:29:56.625 [SpringApplicationShutdownHook] INFO  com.alibaba.druid.pool.DruidDataSource - {dataSource-1} closed
2023-10-25 13:29:59.931 [main] INFO  com.tickets.TicketsApplication - Starting TicketsApplication using Java 21 with PID 47408 (C:\Users\11583\Desktop\ticket-project\target\classes started by 11583 in C:\Users\11583\Desktop\ticket-project)
2023-10-25 13:29:59.933 [main] INFO  com.tickets.TicketsApplication - No active profile set, falling back to 1 default profile: "default"
2023-10-25 13:30:00.828 [main] INFO  org.apache.catalina.core.StandardService - Starting service [Tomcat]
2023-10-25 13:30:00.828 [main] INFO  org.apache.catalina.core.StandardEngine - Starting Servlet engine: [Apache Tomcat/10.1.13]
2023-10-25 13:30:00.888 [main] INFO  o.a.c.core.ContainerBase.[Tomcat].[localhost].[/] - Initializing Spring embedded WebApplicationContext
2023-10-25 13:30:01.987 [main] INFO  com.tickets.TicketsApplication - Started TicketsApplication in 2.388 seconds (process running for 2.862)
2023-10-25 13:30:02.277 [RMI TCP Connection(3)-172.19.240.1] INFO  o.a.c.core.ContainerBase.[Tomcat].[localhost].[/] - Initializing Spring DispatcherServlet 'dispatcherServlet'
2023-10-25 13:30:02.302 [RMI TCP Connection(2)-172.19.240.1] INFO  com.alibaba.druid.pool.DruidDataSource - {dataSource-1} inited
2023-10-25 13:31:08.100 [SpringApplicationShutdownHook] INFO  com.alibaba.druid.pool.DruidDataSource - {dataSource-1} closing ...
2023-10-25 13:31:08.103 [SpringApplicationShutdownHook] INFO  com.alibaba.druid.pool.DruidDataSource - {dataSource-1} closed
2023-10-25 13:31:59.036 [main] INFO  com.tickets.TicketsApplication - Starting TicketsApplication using Java 21 with PID 23572 (C:\Users\11583\Desktop\ticket-project\target\classes started by 11583 in C:\Users\11583\Desktop\ticket-project)
2023-10-25 13:31:59.037 [main] INFO  com.tickets.TicketsApplication - No active profile set, falling back to 1 default profile: "default"
2023-10-25 13:31:59.979 [main] INFO  org.apache.catalina.core.StandardService - Starting service [Tomcat]
2023-10-25 13:31:59.980 [main] INFO  org.apache.catalina.core.StandardEngine - Starting Servlet engine: [Apache Tomcat/10.1.13]
2023-10-25 13:32:00.040 [main] INFO  o.a.c.core.ContainerBase.[Tomcat].[localhost].[/] - Initializing Spring embedded WebApplicationContext
2023-10-25 13:32:01.129 [main] INFO  com.tickets.TicketsApplication - Started TicketsApplication in 2.505 seconds (process running for 2.898)
2023-10-25 13:32:01.489 [RMI TCP Connection(5)-172.19.240.1] INFO  o.a.c.core.ContainerBase.[Tomcat].[localhost].[/] - Initializing Spring DispatcherServlet 'dispatcherServlet'
2023-10-25 13:32:01.512 [RMI TCP Connection(4)-172.19.240.1] INFO  com.alibaba.druid.pool.DruidDataSource - {dataSource-1} inited
2023-10-25 14:38:41.697 [SpringApplicationShutdownHook] INFO  com.alibaba.druid.pool.DruidDataSource - {dataSource-1} closing ...
2023-10-25 14:38:41.698 [SpringApplicationShutdownHook] INFO  com.alibaba.druid.pool.DruidDataSource - {dataSource-1} closed
2023-10-25 14:42:28.283 [main] INFO  com.tickets.TicketsApplication - Starting TicketsApplication using Java 21 with PID 31436 (C:\Users\11583\Desktop\ticket-project\target\classes started by 11583 in C:\Users\11583\Desktop\ticket-project)
2023-10-25 14:42:28.284 [main] INFO  com.tickets.TicketsApplication - No active profile set, falling back to 1 default profile: "default"
2023-10-25 14:42:29.191 [main] INFO  org.apache.catalina.core.StandardService - Starting service [Tomcat]
2023-10-25 14:42:29.192 [main] INFO  org.apache.catalina.core.StandardEngine - Starting Servlet engine: [Apache Tomcat/10.1.13]
2023-10-25 14:42:29.250 [main] INFO  o.a.c.core.ContainerBase.[Tomcat].[localhost].[/] - Initializing Spring embedded WebApplicationContext
2023-10-25 14:42:30.326 [main] INFO  com.tickets.TicketsApplication - Started TicketsApplication in 2.428 seconds (process running for 2.832)
2023-10-25 14:42:30.661 [RMI TCP Connection(2)-172.19.240.1] INFO  o.a.c.core.ContainerBase.[Tomcat].[localhost].[/] - Initializing Spring DispatcherServlet 'dispatcherServlet'
2023-10-25 14:42:30.684 [RMI TCP Connection(3)-172.19.240.1] INFO  com.alibaba.druid.pool.DruidDataSource - {dataSource-1} inited
2023-10-25 14:43:53.269 [SpringApplicationShutdownHook] INFO  com.alibaba.druid.pool.DruidDataSource - {dataSource-1} closing ...
2023-10-25 14:43:53.272 [SpringApplicationShutdownHook] INFO  com.alibaba.druid.pool.DruidDataSource - {dataSource-1} closed
2023-10-25 14:43:55.796 [main] INFO  com.tickets.TicketsApplication - Starting TicketsApplication using Java 21 with PID 3288 (C:\Users\11583\Desktop\ticket-project\target\classes started by 11583 in C:\Users\11583\Desktop\ticket-project)
2023-10-25 14:43:55.797 [main] INFO  com.tickets.TicketsApplication - No active profile set, falling back to 1 default profile: "default"
2023-10-25 14:43:56.683 [main] INFO  org.apache.catalina.core.StandardService - Starting service [Tomcat]
2023-10-25 14:43:56.683 [main] INFO  org.apache.catalina.core.StandardEngine - Starting Servlet engine: [Apache Tomcat/10.1.13]
2023-10-25 14:43:56.742 [main] INFO  o.a.c.core.ContainerBase.[Tomcat].[localhost].[/] - Initializing Spring embedded WebApplicationContext
2023-10-25 14:43:57.775 [main] INFO  com.tickets.TicketsApplication - Started TicketsApplication in 2.287 seconds (process running for 2.68)
2023-10-25 14:43:58.249 [RMI TCP Connection(3)-172.19.240.1] INFO  o.a.c.core.ContainerBase.[Tomcat].[localhost].[/] - Initializing Spring DispatcherServlet 'dispatcherServlet'
2023-10-25 14:43:58.273 [RMI TCP Connection(2)-172.19.240.1] INFO  com.alibaba.druid.pool.DruidDataSource - {dataSource-1} inited
2023-10-25 14:48:39.128 [SpringApplicationShutdownHook] INFO  com.alibaba.druid.pool.DruidDataSource - {dataSource-1} closing ...
2023-10-25 14:48:39.132 [SpringApplicationShutdownHook] INFO  com.alibaba.druid.pool.DruidDataSource - {dataSource-1} closed
2023-10-25 14:48:42.454 [main] INFO  com.tickets.TicketsApplication - Starting TicketsApplication using Java 21 with PID 38732 (C:\Users\11583\Desktop\ticket-project\target\classes started by 11583 in C:\Users\11583\Desktop\ticket-project)
2023-10-25 14:48:42.455 [main] INFO  com.tickets.TicketsApplication - No active profile set, falling back to 1 default profile: "default"
2023-10-25 14:48:43.368 [main] INFO  org.apache.catalina.core.StandardService - Starting service [Tomcat]
2023-10-25 14:48:43.368 [main] INFO  org.apache.catalina.core.StandardEngine - Starting Servlet engine: [Apache Tomcat/10.1.13]
2023-10-25 14:48:43.435 [main] INFO  o.a.c.core.ContainerBase.[Tomcat].[localhost].[/] - Initializing Spring embedded WebApplicationContext
2023-10-25 14:48:44.521 [main] INFO  com.tickets.TicketsApplication - Started TicketsApplication in 2.39 seconds (process running for 2.787)
2023-10-25 14:48:44.889 [RMI TCP Connection(1)-172.19.240.1] INFO  o.a.c.core.ContainerBase.[Tomcat].[localhost].[/] - Initializing Spring DispatcherServlet 'dispatcherServlet'
2023-10-25 14:48:44.912 [RMI TCP Connection(2)-172.19.240.1] INFO  com.alibaba.druid.pool.DruidDataSource - {dataSource-1} inited
2023-10-25 14:49:34.476 [SpringApplicationShutdownHook] INFO  com.alibaba.druid.pool.DruidDataSource - {dataSource-1} closing ...
2023-10-25 14:49:34.479 [SpringApplicationShutdownHook] INFO  com.alibaba.druid.pool.DruidDataSource - {dataSource-1} closed
2023-10-25 14:49:35.955 [main] INFO  com.tickets.TicketsApplication - Starting TicketsApplication using Java 21 with PID 46568 (C:\Users\11583\Desktop\ticket-project\target\classes started by 11583 in C:\Users\11583\Desktop\ticket-project)
2023-10-25 14:49:35.956 [main] INFO  com.tickets.TicketsApplication - No active profile set, falling back to 1 default profile: "default"
2023-10-25 14:49:36.877 [main] INFO  org.apache.catalina.core.StandardService - Starting service [Tomcat]
2023-10-25 14:49:36.877 [main] INFO  org.apache.catalina.core.StandardEngine - Starting Servlet engine: [Apache Tomcat/10.1.13]
2023-10-25 14:49:36.931 [main] INFO  o.a.c.core.ContainerBase.[Tomcat].[localhost].[/] - Initializing Spring embedded WebApplicationContext
2023-10-25 14:49:37.987 [main] INFO  com.tickets.TicketsApplication - Started TicketsApplication in 2.353 seconds (process running for 2.745)
2023-10-25 14:49:38.402 [RMI TCP Connection(1)-172.19.240.1] INFO  o.a.c.core.ContainerBase.[Tomcat].[localhost].[/] - Initializing Spring DispatcherServlet 'dispatcherServlet'
2023-10-25 14:49:38.427 [RMI TCP Connection(2)-172.19.240.1] INFO  com.alibaba.druid.pool.DruidDataSource - {dataSource-1} inited
2023-10-25 14:57:38.924 [SpringApplicationShutdownHook] INFO  com.alibaba.druid.pool.DruidDataSource - {dataSource-1} closing ...
2023-10-25 14:57:38.928 [SpringApplicationShutdownHook] INFO  com.alibaba.druid.pool.DruidDataSource - {dataSource-1} closed
2023-10-25 14:57:41.543 [main] INFO  com.tickets.TicketsApplication - Starting TicketsApplication using Java 21 with PID 47284 (C:\Users\11583\Desktop\ticket-project\target\classes started by 11583 in C:\Users\11583\Desktop\ticket-project)
2023-10-25 14:57:41.544 [main] INFO  com.tickets.TicketsApplication - No active profile set, falling back to 1 default profile: "default"
2023-10-25 14:57:42.477 [main] INFO  org.apache.catalina.core.StandardService - Starting service [Tomcat]
2023-10-25 14:57:42.478 [main] INFO  org.apache.catalina.core.StandardEngine - Starting Servlet engine: [Apache Tomcat/10.1.13]
2023-10-25 14:57:42.538 [main] INFO  o.a.c.core.ContainerBase.[Tomcat].[localhost].[/] - Initializing Spring embedded WebApplicationContext
2023-10-25 14:57:43.623 [main] INFO  com.tickets.TicketsApplication - Started TicketsApplication in 2.403 seconds (process running for 2.803)
2023-10-25 14:57:44.070 [RMI TCP Connection(3)-172.19.240.1] INFO  o.a.c.core.ContainerBase.[Tomcat].[localhost].[/] - Initializing Spring DispatcherServlet 'dispatcherServlet'
2023-10-25 14:57:44.094 [RMI TCP Connection(2)-172.19.240.1] INFO  com.alibaba.druid.pool.DruidDataSource - {dataSource-1} inited
2023-10-25 14:57:47.815 [SpringApplicationShutdownHook] INFO  com.alibaba.druid.pool.DruidDataSource - {dataSource-1} closing ...
2023-10-25 14:57:47.819 [SpringApplicationShutdownHook] INFO  com.alibaba.druid.pool.DruidDataSource - {dataSource-1} closed
2023-10-25 14:57:50.327 [main] INFO  com.tickets.TicketsApplication - Starting TicketsApplication using Java 21 with PID 39272 (C:\Users\11583\Desktop\ticket-project\target\classes started by 11583 in C:\Users\11583\Desktop\ticket-project)
2023-10-25 14:57:50.328 [main] INFO  com.tickets.TicketsApplication - No active profile set, falling back to 1 default profile: "default"
2023-10-25 14:57:51.238 [main] INFO  org.apache.catalina.core.StandardService - Starting service [Tomcat]
2023-10-25 14:57:51.238 [main] INFO  org.apache.catalina.core.StandardEngine - Starting Servlet engine: [Apache Tomcat/10.1.13]
2023-10-25 14:57:51.296 [main] INFO  o.a.c.core.ContainerBase.[Tomcat].[localhost].[/] - Initializing Spring embedded WebApplicationContext
2023-10-25 14:57:52.382 [main] INFO  com.tickets.TicketsApplication - Started TicketsApplication in 2.364 seconds (process running for 2.755)
2023-10-25 14:57:52.783 [RMI TCP Connection(4)-172.19.240.1] INFO  o.a.c.core.ContainerBase.[Tomcat].[localhost].[/] - Initializing Spring DispatcherServlet 'dispatcherServlet'
2023-10-25 14:57:52.806 [RMI TCP Connection(3)-172.19.240.1] INFO  com.alibaba.druid.pool.DruidDataSource - {dataSource-1} inited
2023-10-25 15:36:05.028 [SpringApplicationShutdownHook] INFO  com.alibaba.druid.pool.DruidDataSource - {dataSource-1} closing ...
2023-10-25 15:36:05.029 [SpringApplicationShutdownHook] INFO  com.alibaba.druid.pool.DruidDataSource - {dataSource-1} closed
2023-10-25 15:36:07.487 [main] INFO  com.tickets.TicketsApplication - Starting TicketsApplication using Java 21 with PID 44072 (C:\Users\11583\Desktop\ticket-project\target\classes started by 11583 in C:\Users\11583\Desktop\ticket-project)
2023-10-25 15:36:07.489 [main] INFO  com.tickets.TicketsApplication - No active profile set, falling back to 1 default profile: "default"
2023-10-25 15:36:08.408 [main] INFO  org.apache.catalina.core.StandardService - Starting service [Tomcat]
2023-10-25 15:36:08.409 [main] INFO  org.apache.catalina.core.StandardEngine - Starting Servlet engine: [Apache Tomcat/10.1.13]
2023-10-25 15:36:08.467 [main] INFO  o.a.c.core.ContainerBase.[Tomcat].[localhost].[/] - Initializing Spring embedded WebApplicationContext
2023-10-25 15:36:09.511 [main] INFO  com.tickets.TicketsApplication - Started TicketsApplication in 2.334 seconds (process running for 2.73)
2023-10-25 15:36:09.936 [RMI TCP Connection(2)-172.19.240.1] INFO  o.a.c.core.ContainerBase.[Tomcat].[localhost].[/] - Initializing Spring DispatcherServlet 'dispatcherServlet'
2023-10-25 15:36:09.961 [RMI TCP Connection(1)-172.19.240.1] INFO  com.alibaba.druid.pool.DruidDataSource - {dataSource-1} inited
2023-10-25 15:39:09.387 [SpringApplicationShutdownHook] INFO  com.alibaba.druid.pool.DruidDataSource - {dataSource-1} closing ...
2023-10-25 15:39:09.390 [SpringApplicationShutdownHook] INFO  com.alibaba.druid.pool.DruidDataSource - {dataSource-1} closed
2023-10-25 15:39:12.009 [main] INFO  com.tickets.TicketsApplication - Starting TicketsApplication using Java 21 with PID 41916 (C:\Users\11583\Desktop\ticket-project\target\classes started by 11583 in C:\Users\11583\Desktop\ticket-project)
2023-10-25 15:39:12.010 [main] INFO  com.tickets.TicketsApplication - No active profile set, falling back to 1 default profile: "default"
2023-10-25 15:39:12.934 [main] INFO  org.apache.catalina.core.StandardService - Starting service [Tomcat]
2023-10-25 15:39:12.935 [main] INFO  org.apache.catalina.core.StandardEngine - Starting Servlet engine: [Apache Tomcat/10.1.13]
2023-10-25 15:39:12.996 [main] INFO  o.a.c.core.ContainerBase.[Tomcat].[localhost].[/] - Initializing Spring embedded WebApplicationContext
2023-10-25 15:39:14.073 [main] INFO  com.tickets.TicketsApplication - Started TicketsApplication in 2.381 seconds (process running for 2.78)
2023-10-25 15:39:14.443 [RMI TCP Connection(2)-172.19.240.1] INFO  o.a.c.core.ContainerBase.[Tomcat].[localhost].[/] - Initializing Spring DispatcherServlet 'dispatcherServlet'
2023-10-25 15:39:14.467 [RMI TCP Connection(1)-172.19.240.1] INFO  com.alibaba.druid.pool.DruidDataSource - {dataSource-1} inited
2023-10-25 15:40:45.374 [SpringApplicationShutdownHook] INFO  com.alibaba.druid.pool.DruidDataSource - {dataSource-1} closing ...
2023-10-25 15:40:45.378 [SpringApplicationShutdownHook] INFO  com.alibaba.druid.pool.DruidDataSource - {dataSource-1} closed
2023-10-25 15:40:47.666 [main] INFO  com.tickets.TicketsApplication - Starting TicketsApplication using Java 21 with PID 12588 (C:\Users\11583\Desktop\ticket-project\target\classes started by 11583 in C:\Users\11583\Desktop\ticket-project)
2023-10-25 15:40:47.667 [main] INFO  com.tickets.TicketsApplication - No active profile set, falling back to 1 default profile: "default"
2023-10-25 15:40:48.586 [main] INFO  org.apache.catalina.core.StandardService - Starting service [Tomcat]
2023-10-25 15:40:48.587 [main] INFO  org.apache.catalina.core.StandardEngine - Starting Servlet engine: [Apache Tomcat/10.1.13]
2023-10-25 15:40:48.647 [main] INFO  o.a.c.core.ContainerBase.[Tomcat].[localhost].[/] - Initializing Spring embedded WebApplicationContext
2023-10-25 15:40:49.708 [main] INFO  com.tickets.TicketsApplication - Started TicketsApplication in 2.356 seconds (process running for 2.75)
2023-10-25 15:40:50.111 [RMI TCP Connection(4)-172.19.240.1] INFO  o.a.c.core.ContainerBase.[Tomcat].[localhost].[/] - Initializing Spring DispatcherServlet 'dispatcherServlet'
2023-10-25 15:40:50.134 [RMI TCP Connection(3)-172.19.240.1] INFO  com.alibaba.druid.pool.DruidDataSource - {dataSource-1} inited
2023-10-25 15:43:02.315 [SpringApplicationShutdownHook] INFO  com.alibaba.druid.pool.DruidDataSource - {dataSource-1} closing ...
2023-10-25 15:43:02.318 [SpringApplicationShutdownHook] INFO  com.alibaba.druid.pool.DruidDataSource - {dataSource-1} closed
2023-10-25 15:43:04.876 [main] INFO  com.tickets.TicketsApplication - Starting TicketsApplication using Java 21 with PID 27380 (C:\Users\11583\Desktop\ticket-project\target\classes started by 11583 in C:\Users\11583\Desktop\ticket-project)
2023-10-25 15:43:04.877 [main] INFO  com.tickets.TicketsApplication - No active profile set, falling back to 1 default profile: "default"
2023-10-25 15:43:05.743 [main] INFO  org.apache.catalina.core.StandardService - Starting service [Tomcat]
2023-10-25 15:43:05.743 [main] INFO  org.apache.catalina.core.StandardEngine - Starting Servlet engine: [Apache Tomcat/10.1.13]
2023-10-25 15:43:05.804 [main] INFO  o.a.c.core.ContainerBase.[Tomcat].[localhost].[/] - Initializing Spring embedded WebApplicationContext
2023-10-25 15:43:06.854 [main] INFO  com.tickets.TicketsApplication - Started TicketsApplication in 2.291 seconds (process running for 2.682)
2023-10-25 15:43:07.333 [RMI TCP Connection(1)-172.19.240.1] INFO  o.a.c.core.ContainerBase.[Tomcat].[localhost].[/] - Initializing Spring DispatcherServlet 'dispatcherServlet'
2023-10-25 15:43:07.357 [RMI TCP Connection(2)-172.19.240.1] INFO  com.alibaba.druid.pool.DruidDataSource - {dataSource-1} inited
2023-10-25 15:49:15.173 [SpringApplicationShutdownHook] INFO  com.alibaba.druid.pool.DruidDataSource - {dataSource-1} closing ...
2023-10-25 15:49:15.177 [SpringApplicationShutdownHook] INFO  com.alibaba.druid.pool.DruidDataSource - {dataSource-1} closed
2023-10-25 15:49:18.476 [main] INFO  com.tickets.TicketsApplication - Starting TicketsApplication using Java 21 with PID 34712 (C:\Users\11583\Desktop\ticket-project\target\classes started by 11583 in C:\Users\11583\Desktop\ticket-project)
2023-10-25 15:49:18.478 [main] INFO  com.tickets.TicketsApplication - No active profile set, falling back to 1 default profile: "default"
2023-10-25 15:49:19.369 [main] INFO  org.apache.catalina.core.StandardService - Starting service [Tomcat]
2023-10-25 15:49:19.369 [main] INFO  org.apache.catalina.core.StandardEngine - Starting Servlet engine: [Apache Tomcat/10.1.13]
2023-10-25 15:49:19.428 [main] INFO  o.a.c.core.ContainerBase.[Tomcat].[localhost].[/] - Initializing Spring embedded WebApplicationContext
2023-10-25 15:49:20.492 [main] INFO  com.tickets.TicketsApplication - Started TicketsApplication in 2.324 seconds (process running for 2.714)
2023-10-25 15:49:20.908 [RMI TCP Connection(2)-172.19.240.1] INFO  o.a.c.core.ContainerBase.[Tomcat].[localhost].[/] - Initializing Spring DispatcherServlet 'dispatcherServlet'
2023-10-25 15:49:20.932 [RMI TCP Connection(3)-172.19.240.1] INFO  com.alibaba.druid.pool.DruidDataSource - {dataSource-1} inited
2023-10-25 15:50:10.157 [SpringApplicationShutdownHook] INFO  com.alibaba.druid.pool.DruidDataSource - {dataSource-1} closing ...
2023-10-25 15:50:10.161 [SpringApplicationShutdownHook] INFO  com.alibaba.druid.pool.DruidDataSource - {dataSource-1} closed
2023-10-25 15:50:12.644 [main] INFO  com.tickets.TicketsApplication - Starting TicketsApplication using Java 21 with PID 47828 (C:\Users\11583\Desktop\ticket-project\target\classes started by 11583 in C:\Users\11583\Desktop\ticket-project)
2023-10-25 15:50:12.645 [main] INFO  com.tickets.TicketsApplication - No active profile set, falling back to 1 default profile: "default"
2023-10-25 15:50:13.542 [main] INFO  org.apache.catalina.core.StandardService - Starting service [Tomcat]
2023-10-25 15:50:13.542 [main] INFO  org.apache.catalina.core.StandardEngine - Starting Servlet engine: [Apache Tomcat/10.1.13]
2023-10-25 15:50:13.600 [main] INFO  o.a.c.core.ContainerBase.[Tomcat].[localhost].[/] - Initializing Spring embedded WebApplicationContext
2023-10-25 15:50:14.646 [main] INFO  com.tickets.TicketsApplication - Started TicketsApplication in 2.316 seconds (process running for 2.707)
2023-10-25 15:50:15.090 [RMI TCP Connection(1)-172.19.240.1] INFO  o.a.c.core.ContainerBase.[Tomcat].[localhost].[/] - Initializing Spring DispatcherServlet 'dispatcherServlet'
2023-10-25 15:50:15.113 [RMI TCP Connection(2)-172.19.240.1] INFO  com.alibaba.druid.pool.DruidDataSource - {dataSource-1} inited
2023-10-25 15:50:35.548 [SpringApplicationShutdownHook] INFO  com.alibaba.druid.pool.DruidDataSource - {dataSource-1} closing ...
2023-10-25 15:50:35.551 [SpringApplicationShutdownHook] INFO  com.alibaba.druid.pool.DruidDataSource - {dataSource-1} closed
2023-10-25 15:50:38.512 [main] INFO  com.tickets.TicketsApplication - Starting TicketsApplication using Java 21 with PID 44836 (C:\Users\11583\Desktop\ticket-project\target\classes started by 11583 in C:\Users\11583\Desktop\ticket-project)
2023-10-25 15:50:38.513 [main] INFO  com.tickets.TicketsApplication - No active profile set, falling back to 1 default profile: "default"
2023-10-25 15:50:39.463 [main] INFO  org.apache.catalina.core.StandardService - Starting service [Tomcat]
2023-10-25 15:50:39.463 [main] INFO  org.apache.catalina.core.StandardEngine - Starting Servlet engine: [Apache Tomcat/10.1.13]
2023-10-25 15:50:39.520 [main] INFO  o.a.c.core.ContainerBase.[Tomcat].[localhost].[/] - Initializing Spring embedded WebApplicationContext
2023-10-25 15:50:40.592 [main] INFO  com.tickets.TicketsApplication - Started TicketsApplication in 2.39 seconds (process running for 2.785)
2023-10-25 15:50:41.024 [RMI TCP Connection(1)-172.19.240.1] INFO  o.a.c.core.ContainerBase.[Tomcat].[localhost].[/] - Initializing Spring DispatcherServlet 'dispatcherServlet'
2023-10-25 15:50:41.047 [RMI TCP Connection(2)-172.19.240.1] INFO  com.alibaba.druid.pool.DruidDataSource - {dataSource-1} inited
2023-10-25 15:51:50.030 [SpringApplicationShutdownHook] INFO  com.alibaba.druid.pool.DruidDataSource - {dataSource-1} closing ...
2023-10-25 15:51:50.033 [SpringApplicationShutdownHook] INFO  com.alibaba.druid.pool.DruidDataSource - {dataSource-1} closed
2023-10-25 15:51:52.529 [main] INFO  com.tickets.TicketsApplication - Starting TicketsApplication using Java 21 with PID 48816 (C:\Users\11583\Desktop\ticket-project\target\classes started by 11583 in C:\Users\11583\Desktop\ticket-project)
2023-10-25 15:51:52.530 [main] INFO  com.tickets.TicketsApplication - No active profile set, falling back to 1 default profile: "default"
2023-10-25 15:51:53.444 [main] INFO  org.apache.catalina.core.StandardService - Starting service [Tomcat]
2023-10-25 15:51:53.444 [main] INFO  org.apache.catalina.core.StandardEngine - Starting Servlet engine: [Apache Tomcat/10.1.13]
2023-10-25 15:51:53.506 [main] INFO  o.a.c.core.ContainerBase.[Tomcat].[localhost].[/] - Initializing Spring embedded WebApplicationContext
2023-10-25 15:51:54.566 [main] INFO  com.tickets.TicketsApplication - Started TicketsApplication in 2.358 seconds (process running for 2.754)
2023-10-25 15:51:54.974 [RMI TCP Connection(1)-172.19.240.1] INFO  o.a.c.core.ContainerBase.[Tomcat].[localhost].[/] - Initializing Spring DispatcherServlet 'dispatcherServlet'
2023-10-25 15:51:54.997 [RMI TCP Connection(2)-172.19.240.1] INFO  com.alibaba.druid.pool.DruidDataSource - {dataSource-1} inited
2023-10-25 15:52:28.249 [SpringApplicationShutdownHook] INFO  com.alibaba.druid.pool.DruidDataSource - {dataSource-1} closing ...
2023-10-25 15:52:28.252 [SpringApplicationShutdownHook] INFO  com.alibaba.druid.pool.DruidDataSource - {dataSource-1} closed
2023-10-25 15:52:30.701 [main] INFO  com.tickets.TicketsApplication - Starting TicketsApplication using Java 21 with PID 48872 (C:\Users\11583\Desktop\ticket-project\target\classes started by 11583 in C:\Users\11583\Desktop\ticket-project)
2023-10-25 15:52:30.702 [main] INFO  com.tickets.TicketsApplication - No active profile set, falling back to 1 default profile: "default"
2023-10-25 15:52:31.591 [main] INFO  org.apache.catalina.core.StandardService - Starting service [Tomcat]
2023-10-25 15:52:31.592 [main] INFO  org.apache.catalina.core.StandardEngine - Starting Servlet engine: [Apache Tomcat/10.1.13]
2023-10-25 15:52:31.652 [main] INFO  o.a.c.core.ContainerBase.[Tomcat].[localhost].[/] - Initializing Spring embedded WebApplicationContext
2023-10-25 15:52:32.712 [main] INFO  com.tickets.TicketsApplication - Started TicketsApplication in 2.328 seconds (process running for 2.721)
2023-10-25 15:52:33.124 [RMI TCP Connection(1)-172.19.240.1] INFO  o.a.c.core.ContainerBase.[Tomcat].[localhost].[/] - Initializing Spring DispatcherServlet 'dispatcherServlet'
2023-10-25 15:52:33.149 [RMI TCP Connection(2)-172.19.240.1] INFO  com.alibaba.druid.pool.DruidDataSource - {dataSource-1} inited
2023-10-25 15:54:50.207 [SpringApplicationShutdownHook] INFO  com.alibaba.druid.pool.DruidDataSource - {dataSource-1} closing ...
2023-10-25 15:54:50.210 [SpringApplicationShutdownHook] INFO  com.alibaba.druid.pool.DruidDataSource - {dataSource-1} closed
2023-10-25 15:54:53.531 [main] INFO  com.tickets.TicketsApplication - Starting TicketsApplication using Java 21 with PID 45724 (C:\Users\11583\Desktop\ticket-project\target\classes started by 11583 in C:\Users\11583\Desktop\ticket-project)
2023-10-25 15:54:53.532 [main] INFO  com.tickets.TicketsApplication - No active profile set, falling back to 1 default profile: "default"
2023-10-25 15:54:54.417 [main] INFO  org.apache.catalina.core.StandardService - Starting service [Tomcat]
2023-10-25 15:54:54.417 [main] INFO  org.apache.catalina.core.StandardEngine - Starting Servlet engine: [Apache Tomcat/10.1.13]
2023-10-25 15:54:54.477 [main] INFO  o.a.c.core.ContainerBase.[Tomcat].[localhost].[/] - Initializing Spring embedded WebApplicationContext
2023-10-25 15:54:55.562 [main] INFO  com.tickets.TicketsApplication - Started TicketsApplication in 2.394 seconds (process running for 2.791)
2023-10-25 15:54:55.924 [RMI TCP Connection(3)-172.19.240.1] INFO  o.a.c.core.ContainerBase.[Tomcat].[localhost].[/] - Initializing Spring DispatcherServlet 'dispatcherServlet'
2023-10-25 15:54:55.947 [RMI TCP Connection(2)-172.19.240.1] INFO  com.alibaba.druid.pool.DruidDataSource - {dataSource-1} inited
2023-10-25 15:56:03.370 [SpringApplicationShutdownHook] INFO  com.alibaba.druid.pool.DruidDataSource - {dataSource-1} closing ...
2023-10-25 15:56:03.373 [SpringApplicationShutdownHook] INFO  com.alibaba.druid.pool.DruidDataSource - {dataSource-1} closed
2023-10-25 15:56:07.343 [main] INFO  com.tickets.TicketsApplication - Starting TicketsApplication using Java 21 with PID 40380 (C:\Users\11583\Desktop\ticket-project\target\classes started by 11583 in C:\Users\11583\Desktop\ticket-project)
2023-10-25 15:56:07.344 [main] INFO  com.tickets.TicketsApplication - No active profile set, falling back to 1 default profile: "default"
2023-10-25 15:56:08.249 [main] INFO  org.apache.catalina.core.StandardService - Starting service [Tomcat]
2023-10-25 15:56:08.249 [main] INFO  org.apache.catalina.core.StandardEngine - Starting Servlet engine: [Apache Tomcat/10.1.13]
2023-10-25 15:56:08.310 [main] INFO  o.a.c.core.ContainerBase.[Tomcat].[localhost].[/] - Initializing Spring embedded WebApplicationContext
2023-10-25 15:56:09.379 [main] INFO  com.tickets.TicketsApplication - Started TicketsApplication in 2.41 seconds (process running for 2.814)
2023-10-25 15:56:09.715 [RMI TCP Connection(3)-172.19.240.1] INFO  o.a.c.core.ContainerBase.[Tomcat].[localhost].[/] - Initializing Spring DispatcherServlet 'dispatcherServlet'
2023-10-25 15:56:09.738 [RMI TCP Connection(2)-172.19.240.1] INFO  com.alibaba.druid.pool.DruidDataSource - {dataSource-1} inited
2023-10-25 15:58:31.094 [SpringApplicationShutdownHook] INFO  com.alibaba.druid.pool.DruidDataSource - {dataSource-1} closing ...
2023-10-25 15:58:31.098 [SpringApplicationShutdownHook] INFO  com.alibaba.druid.pool.DruidDataSource - {dataSource-1} closed
2023-10-25 15:58:34.416 [main] INFO  com.tickets.TicketsApplication - Starting TicketsApplication using Java 21 with PID 46412 (C:\Users\11583\Desktop\ticket-project\target\classes started by 11583 in C:\Users\11583\Desktop\ticket-project)
2023-10-25 15:58:34.417 [main] INFO  com.tickets.TicketsApplication - No active profile set, falling back to 1 default profile: "default"
2023-10-25 15:58:35.315 [main] INFO  org.apache.catalina.core.StandardService - Starting service [Tomcat]
2023-10-25 15:58:35.316 [main] INFO  org.apache.catalina.core.StandardEngine - Starting Servlet engine: [Apache Tomcat/10.1.13]
2023-10-25 15:58:35.377 [main] INFO  o.a.c.core.ContainerBase.[Tomcat].[localhost].[/] - Initializing Spring embedded WebApplicationContext
2023-10-25 15:58:36.418 [main] INFO  com.tickets.TicketsApplication - Started TicketsApplication in 2.34 seconds (process running for 2.743)
2023-10-25 15:58:36.823 [RMI TCP Connection(3)-172.19.240.1] INFO  o.a.c.core.ContainerBase.[Tomcat].[localhost].[/] - Initializing Spring DispatcherServlet 'dispatcherServlet'
2023-10-25 15:58:36.847 [RMI TCP Connection(2)-172.19.240.1] INFO  com.alibaba.druid.pool.DruidDataSource - {dataSource-1} inited
2023-10-25 16:05:52.757 [SpringApplicationShutdownHook] INFO  com.alibaba.druid.pool.DruidDataSource - {dataSource-1} closing ...
2023-10-25 16:05:52.761 [SpringApplicationShutdownHook] INFO  com.alibaba.druid.pool.DruidDataSource - {dataSource-1} closed
2023-10-25 16:05:59.102 [main] INFO  com.tickets.TicketsApplication - Starting TicketsApplication using Java 21 with PID 45752 (C:\Users\11583\Desktop\ticket-project\target\classes started by 11583 in C:\Users\11583\Desktop\ticket-project)
2023-10-25 16:05:59.104 [main] INFO  com.tickets.TicketsApplication - No active profile set, falling back to 1 default profile: "default"
2023-10-25 16:06:00.080 [main] INFO  org.apache.catalina.core.StandardService - Starting service [Tomcat]
2023-10-25 16:06:00.080 [main] INFO  org.apache.catalina.core.StandardEngine - Starting Servlet engine: [Apache Tomcat/10.1.13]
2023-10-25 16:06:00.140 [main] INFO  o.a.c.core.ContainerBase.[Tomcat].[localhost].[/] - Initializing Spring embedded WebApplicationContext
2023-10-25 16:06:01.287 [main] INFO  com.tickets.TicketsApplication - Started TicketsApplication in 2.522 seconds (process running for 2.933)
2023-10-25 16:06:01.521 [RMI TCP Connection(7)-172.19.240.1] INFO  o.a.c.core.ContainerBase.[Tomcat].[localhost].[/] - Initializing Spring DispatcherServlet 'dispatcherServlet'
2023-10-25 16:06:01.544 [RMI TCP Connection(6)-172.19.240.1] INFO  com.alibaba.druid.pool.DruidDataSource - {dataSource-1} inited
2023-10-25 16:06:31.370 [SpringApplicationShutdownHook] INFO  com.alibaba.druid.pool.DruidDataSource - {dataSource-1} closing ...
2023-10-25 16:06:31.374 [SpringApplicationShutdownHook] INFO  com.alibaba.druid.pool.DruidDataSource - {dataSource-1} closed
2023-10-25 16:06:34.778 [main] INFO  com.tickets.TicketsApplication - Starting TicketsApplication using Java 21 with PID 35076 (C:\Users\11583\Desktop\ticket-project\target\classes started by 11583 in C:\Users\11583\Desktop\ticket-project)
2023-10-25 16:06:34.779 [main] INFO  com.tickets.TicketsApplication - No active profile set, falling back to 1 default profile: "default"
2023-10-25 16:06:35.671 [main] INFO  org.apache.catalina.core.StandardService - Starting service [Tomcat]
2023-10-25 16:06:35.671 [main] INFO  org.apache.catalina.core.StandardEngine - Starting Servlet engine: [Apache Tomcat/10.1.13]
2023-10-25 16:06:35.735 [main] INFO  o.a.c.core.ContainerBase.[Tomcat].[localhost].[/] - Initializing Spring embedded WebApplicationContext
2023-10-25 16:06:36.773 [main] INFO  com.tickets.TicketsApplication - Started TicketsApplication in 2.305 seconds (process running for 2.673)
2023-10-25 16:06:37.243 [RMI TCP Connection(2)-172.19.240.1] INFO  o.a.c.core.ContainerBase.[Tomcat].[localhost].[/] - Initializing Spring DispatcherServlet 'dispatcherServlet'
2023-10-25 16:06:37.266 [RMI TCP Connection(3)-172.19.240.1] INFO  com.alibaba.druid.pool.DruidDataSource - {dataSource-1} inited
2023-10-25 16:07:44.188 [SpringApplicationShutdownHook] INFO  com.alibaba.druid.pool.DruidDataSource - {dataSource-1} closing ...
2023-10-25 16:07:44.191 [SpringApplicationShutdownHook] INFO  com.alibaba.druid.pool.DruidDataSource - {dataSource-1} closed
