2023-09-04 00:04:08.360 [http-nio-8080-exec-1] INFO  o.a.c.core.ContainerBase.[Tomcat].[localhost].[/] - Initializing Spring DispatcherServlet 'dispatcherServlet'
2023-09-04 00:05:00.098 [http-nio-8080-exec-2] INFO  com.alibaba.druid.pool.DruidDataSource - {dataSource-1} inited
2023-09-04 00:49:08.450 [SpringContextShutdownHook] INFO  com.alibaba.druid.pool.DruidDataSource - {dataSource-1} closing ...
2023-09-04 00:49:08.452 [SpringContextShutdownHook] INFO  com.alibaba.druid.pool.DruidDataSource - {dataSource-1} closed
2023-09-04 00:49:11.398 [main] INFO  com.tickets.TicketsApplication - Starting TicketsApplication on 文文 with PID 2860 (C:\Users\11583\Desktop\ticket-project\target\classes started by 11583 in C:\Users\11583\Desktop\ticket-project)
2023-09-04 00:49:11.400 [main] INFO  com.tickets.TicketsApplication - No active profile set, falling back to default profiles: default
2023-09-04 00:49:12.095 [main] INFO  org.apache.catalina.core.StandardService - Starting service [Tomcat]
2023-09-04 00:49:12.095 [main] INFO  org.apache.catalina.core.StandardEngine - Starting Servlet engine: [Apache Tomcat/9.0.31]
2023-09-04 00:49:12.153 [main] INFO  o.a.c.core.ContainerBase.[Tomcat].[localhost].[/] - Initializing Spring embedded WebApplicationContext
2023-09-04 00:49:12.750 [main] INFO  s.d.s.w.PropertySourcedRequestMappingHandlerMapping - Mapped URL path [/v2/api-docs] onto method [springfox.documentation.swagger2.web.Swagger2Controller#getDocumentation(String, HttpServletRequest)]
2023-09-04 00:49:12.892 [main] INFO  s.d.s.web.plugins.DocumentationPluginsBootstrapper - Context refreshed
2023-09-04 00:49:12.899 [main] INFO  s.d.s.web.plugins.DocumentationPluginsBootstrapper - Found 1 custom documentation plugin(s)
2023-09-04 00:49:12.913 [main] INFO  s.d.spring.web.scanners.ApiListingReferenceScanner - Scanning for api listing references
2023-09-04 00:49:12.985 [main] INFO  s.d.s.w.r.operation.CachingOperationNameGenerator - Generating unique operation named: delByIdUsingDELETE_1
2023-09-04 00:49:12.986 [main] INFO  s.d.s.w.r.operation.CachingOperationNameGenerator - Generating unique operation named: delByIdsUsingDELETE_1
2023-09-04 00:49:12.993 [main] INFO  s.d.s.w.r.operation.CachingOperationNameGenerator - Generating unique operation named: searchUsingGET_1
2023-09-04 00:49:12.995 [main] INFO  s.d.s.w.r.operation.CachingOperationNameGenerator - Generating unique operation named: addDeviceUsingPOST_1
2023-09-04 00:49:12.996 [main] INFO  s.d.s.w.r.operation.CachingOperationNameGenerator - Generating unique operation named: delByIdUsingDELETE_2
2023-09-04 00:49:12.997 [main] INFO  s.d.s.w.r.operation.CachingOperationNameGenerator - Generating unique operation named: delByIdsUsingDELETE_2
2023-09-04 00:49:12.999 [main] INFO  s.d.s.w.r.operation.CachingOperationNameGenerator - Generating unique operation named: searchUsingGET_2
2023-09-04 00:49:13.000 [main] INFO  s.d.s.w.r.operation.CachingOperationNameGenerator - Generating unique operation named: updatDeviceUsingPOST_1
2023-09-04 00:49:13.003 [main] INFO  s.d.s.w.r.operation.CachingOperationNameGenerator - Generating unique operation named: addDeviceUsingPOST_2
2023-09-04 00:49:13.006 [main] INFO  s.d.s.w.r.operation.CachingOperationNameGenerator - Generating unique operation named: delByIdUsingDELETE_3
2023-09-04 00:49:13.007 [main] INFO  s.d.s.w.r.operation.CachingOperationNameGenerator - Generating unique operation named: delByIdsUsingDELETE_3
2023-09-04 00:49:13.010 [main] INFO  s.d.s.w.r.operation.CachingOperationNameGenerator - Generating unique operation named: searchUsingGET_3
2023-09-04 00:49:13.014 [main] INFO  s.d.s.w.r.operation.CachingOperationNameGenerator - Generating unique operation named: updatDeviceUsingPOST_2
2023-09-04 00:49:13.017 [main] INFO  s.d.s.w.r.operation.CachingOperationNameGenerator - Generating unique operation named: delByIdUsingDELETE_4
2023-09-04 00:49:13.018 [main] INFO  s.d.s.w.r.operation.CachingOperationNameGenerator - Generating unique operation named: delByIdsUsingDELETE_4
2023-09-04 00:49:13.020 [main] INFO  s.d.s.w.r.operation.CachingOperationNameGenerator - Generating unique operation named: searchUsingGET_4
2023-09-04 00:49:13.025 [main] INFO  s.d.s.w.r.operation.CachingOperationNameGenerator - Generating unique operation named: delByIdUsingDELETE_5
2023-09-04 00:49:13.026 [main] INFO  s.d.s.w.r.operation.CachingOperationNameGenerator - Generating unique operation named: delByIdsUsingDELETE_5
2023-09-04 00:49:13.027 [main] INFO  s.d.s.w.r.operation.CachingOperationNameGenerator - Generating unique operation named: searchUsingGET_5
2023-09-04 00:49:13.040 [main] INFO  s.d.s.w.r.operation.CachingOperationNameGenerator - Generating unique operation named: addUsingPOST_1
2023-09-04 00:49:13.043 [main] INFO  s.d.s.w.r.operation.CachingOperationNameGenerator - Generating unique operation named: addUsingPOST_2
2023-09-04 00:49:13.047 [main] INFO  s.d.s.w.r.operation.CachingOperationNameGenerator - Generating unique operation named: searchUsingGET_6
2023-09-04 00:49:13.048 [main] INFO  s.d.s.w.r.operation.CachingOperationNameGenerator - Generating unique operation named: addVenueUsingPOST_1
2023-09-04 00:49:13.050 [main] INFO  s.d.s.w.r.operation.CachingOperationNameGenerator - Generating unique operation named: addUsingPOST_3
2023-09-04 00:49:13.051 [main] INFO  s.d.s.w.r.operation.CachingOperationNameGenerator - Generating unique operation named: addBatchUsingPOST_1
2023-09-04 00:49:13.051 [main] INFO  s.d.s.w.r.operation.CachingOperationNameGenerator - Generating unique operation named: delByIdUsingDELETE_6
2023-09-04 00:49:13.052 [main] INFO  s.d.s.w.r.operation.CachingOperationNameGenerator - Generating unique operation named: delByIdsUsingDELETE_6
2023-09-04 00:49:13.055 [main] INFO  s.d.s.w.r.operation.CachingOperationNameGenerator - Generating unique operation named: modelDownloadUsingGET_1
2023-09-04 00:49:13.056 [main] INFO  s.d.s.w.r.operation.CachingOperationNameGenerator - Generating unique operation named: searchUsingGET_7
2023-09-04 00:49:13.057 [main] INFO  s.d.s.w.r.operation.CachingOperationNameGenerator - Generating unique operation named: updateVenueUsingPOST_1
2023-09-04 00:49:13.059 [main] INFO  s.d.s.w.r.operation.CachingOperationNameGenerator - Generating unique operation named: addUsingPOST_4
2023-09-04 00:49:13.060 [main] INFO  s.d.s.w.r.operation.CachingOperationNameGenerator - Generating unique operation named: delByIdUsingDELETE_7
2023-09-04 00:49:13.060 [main] INFO  s.d.s.w.r.operation.CachingOperationNameGenerator - Generating unique operation named: delByIdsUsingDELETE_7
2023-09-04 00:49:13.061 [main] INFO  s.d.s.w.r.operation.CachingOperationNameGenerator - Generating unique operation named: getByVaIdUsingGET_1
2023-09-04 00:49:13.061 [main] INFO  s.d.s.w.r.operation.CachingOperationNameGenerator - Generating unique operation named: openActiviesUsingGET_1
2023-09-04 00:49:13.063 [main] INFO  s.d.s.w.r.operation.CachingOperationNameGenerator - Generating unique operation named: searchUsingGET_8
2023-09-04 00:49:13.064 [main] INFO  s.d.s.w.r.operation.CachingOperationNameGenerator - Generating unique operation named: searchUsingGET_9
2023-09-04 00:49:13.064 [main] INFO  s.d.s.w.r.operation.CachingOperationNameGenerator - Generating unique operation named: updateUsingPOST_1
2023-09-04 00:49:13.065 [main] INFO  s.d.s.w.r.operation.CachingOperationNameGenerator - Generating unique operation named: updateEnableUsingPUT_1
2023-09-04 00:49:13.067 [main] INFO  s.d.s.w.r.operation.CachingOperationNameGenerator - Generating unique operation named: addVenueUsingPOST_2
2023-09-04 00:49:13.067 [main] INFO  s.d.s.w.r.operation.CachingOperationNameGenerator - Generating unique operation named: delByIdUsingDELETE_8
2023-09-04 00:49:13.068 [main] INFO  s.d.s.w.r.operation.CachingOperationNameGenerator - Generating unique operation named: delByIdsUsingDELETE_8
2023-09-04 00:49:13.071 [main] INFO  s.d.s.w.r.operation.CachingOperationNameGenerator - Generating unique operation named: searchUsingGET_10
2023-09-04 00:49:13.071 [main] INFO  s.d.s.w.r.operation.CachingOperationNameGenerator - Generating unique operation named: searchUsingGET_11
2023-09-04 00:49:13.072 [main] INFO  s.d.s.w.r.operation.CachingOperationNameGenerator - Generating unique operation named: updateEnableUsingPUT_2
2023-09-04 00:49:13.072 [main] INFO  s.d.s.w.r.operation.CachingOperationNameGenerator - Generating unique operation named: updateVenueUsingPOST_2
2023-09-04 00:49:13.074 [main] INFO  s.d.s.w.r.operation.CachingOperationNameGenerator - Generating unique operation named: loginUsingPOST_1
2023-09-04 00:49:13.108 [main] INFO  com.tickets.TicketsApplication - Started TicketsApplication in 1.982 seconds (JVM running for 2.34)
2023-09-04 00:49:17.110 [http-nio-8080-exec-1] INFO  o.a.c.core.ContainerBase.[Tomcat].[localhost].[/] - Initializing Spring DispatcherServlet 'dispatcherServlet'
2023-09-04 00:52:15.714 [SpringContextShutdownHook] INFO  com.alibaba.druid.pool.DruidDataSource - {dataSource-0} closing ...
2023-09-04 00:52:18.591 [main] INFO  com.tickets.TicketsApplication - Starting TicketsApplication on 文文 with PID 24152 (C:\Users\11583\Desktop\ticket-project\target\classes started by 11583 in C:\Users\11583\Desktop\ticket-project)
2023-09-04 00:52:18.593 [main] INFO  com.tickets.TicketsApplication - No active profile set, falling back to default profiles: default
2023-09-04 00:52:19.281 [main] INFO  org.apache.catalina.core.StandardService - Starting service [Tomcat]
2023-09-04 00:52:19.281 [main] INFO  org.apache.catalina.core.StandardEngine - Starting Servlet engine: [Apache Tomcat/9.0.31]
2023-09-04 00:52:19.340 [main] INFO  o.a.c.core.ContainerBase.[Tomcat].[localhost].[/] - Initializing Spring embedded WebApplicationContext
2023-09-04 00:52:19.827 [main] INFO  s.d.s.w.PropertySourcedRequestMappingHandlerMapping - Mapped URL path [/v2/api-docs] onto method [springfox.documentation.swagger2.web.Swagger2Controller#getDocumentation(String, HttpServletRequest)]
2023-09-04 00:52:19.971 [main] INFO  s.d.s.web.plugins.DocumentationPluginsBootstrapper - Context refreshed
2023-09-04 00:52:19.978 [main] INFO  s.d.s.web.plugins.DocumentationPluginsBootstrapper - Found 1 custom documentation plugin(s)
2023-09-04 00:52:19.993 [main] INFO  s.d.spring.web.scanners.ApiListingReferenceScanner - Scanning for api listing references
2023-09-04 00:52:20.064 [main] INFO  s.d.s.w.r.operation.CachingOperationNameGenerator - Generating unique operation named: delByIdUsingDELETE_1
2023-09-04 00:52:20.065 [main] INFO  s.d.s.w.r.operation.CachingOperationNameGenerator - Generating unique operation named: delByIdsUsingDELETE_1
2023-09-04 00:52:20.072 [main] INFO  s.d.s.w.r.operation.CachingOperationNameGenerator - Generating unique operation named: searchUsingGET_1
2023-09-04 00:52:20.074 [main] INFO  s.d.s.w.r.operation.CachingOperationNameGenerator - Generating unique operation named: addDeviceUsingPOST_1
2023-09-04 00:52:20.074 [main] INFO  s.d.s.w.r.operation.CachingOperationNameGenerator - Generating unique operation named: delByIdUsingDELETE_2
2023-09-04 00:52:20.076 [main] INFO  s.d.s.w.r.operation.CachingOperationNameGenerator - Generating unique operation named: delByIdsUsingDELETE_2
2023-09-04 00:52:20.078 [main] INFO  s.d.s.w.r.operation.CachingOperationNameGenerator - Generating unique operation named: searchUsingGET_2
2023-09-04 00:52:20.079 [main] INFO  s.d.s.w.r.operation.CachingOperationNameGenerator - Generating unique operation named: updatDeviceUsingPOST_1
2023-09-04 00:52:20.082 [main] INFO  s.d.s.w.r.operation.CachingOperationNameGenerator - Generating unique operation named: addDeviceUsingPOST_2
2023-09-04 00:52:20.085 [main] INFO  s.d.s.w.r.operation.CachingOperationNameGenerator - Generating unique operation named: delByIdUsingDELETE_3
2023-09-04 00:52:20.086 [main] INFO  s.d.s.w.r.operation.CachingOperationNameGenerator - Generating unique operation named: delByIdsUsingDELETE_3
2023-09-04 00:52:20.089 [main] INFO  s.d.s.w.r.operation.CachingOperationNameGenerator - Generating unique operation named: searchUsingGET_3
2023-09-04 00:52:20.093 [main] INFO  s.d.s.w.r.operation.CachingOperationNameGenerator - Generating unique operation named: updatDeviceUsingPOST_2
2023-09-04 00:52:20.095 [main] INFO  s.d.s.w.r.operation.CachingOperationNameGenerator - Generating unique operation named: delByIdUsingDELETE_4
2023-09-04 00:52:20.096 [main] INFO  s.d.s.w.r.operation.CachingOperationNameGenerator - Generating unique operation named: delByIdsUsingDELETE_4
2023-09-04 00:52:20.098 [main] INFO  s.d.s.w.r.operation.CachingOperationNameGenerator - Generating unique operation named: searchUsingGET_4
2023-09-04 00:52:20.102 [main] INFO  s.d.s.w.r.operation.CachingOperationNameGenerator - Generating unique operation named: delByIdUsingDELETE_5
2023-09-04 00:52:20.103 [main] INFO  s.d.s.w.r.operation.CachingOperationNameGenerator - Generating unique operation named: delByIdsUsingDELETE_5
2023-09-04 00:52:20.104 [main] INFO  s.d.s.w.r.operation.CachingOperationNameGenerator - Generating unique operation named: searchUsingGET_5
2023-09-04 00:52:20.118 [main] INFO  s.d.s.w.r.operation.CachingOperationNameGenerator - Generating unique operation named: addUsingPOST_1
2023-09-04 00:52:20.121 [main] INFO  s.d.s.w.r.operation.CachingOperationNameGenerator - Generating unique operation named: addUsingPOST_2
2023-09-04 00:52:20.124 [main] INFO  s.d.s.w.r.operation.CachingOperationNameGenerator - Generating unique operation named: searchUsingGET_6
2023-09-04 00:52:20.126 [main] INFO  s.d.s.w.r.operation.CachingOperationNameGenerator - Generating unique operation named: addVenueUsingPOST_1
2023-09-04 00:52:20.128 [main] INFO  s.d.s.w.r.operation.CachingOperationNameGenerator - Generating unique operation named: addUsingPOST_3
2023-09-04 00:52:20.128 [main] INFO  s.d.s.w.r.operation.CachingOperationNameGenerator - Generating unique operation named: addBatchUsingPOST_1
2023-09-04 00:52:20.129 [main] INFO  s.d.s.w.r.operation.CachingOperationNameGenerator - Generating unique operation named: delByIdUsingDELETE_6
2023-09-04 00:52:20.129 [main] INFO  s.d.s.w.r.operation.CachingOperationNameGenerator - Generating unique operation named: delByIdsUsingDELETE_6
2023-09-04 00:52:20.133 [main] INFO  s.d.s.w.r.operation.CachingOperationNameGenerator - Generating unique operation named: modelDownloadUsingGET_1
2023-09-04 00:52:20.134 [main] INFO  s.d.s.w.r.operation.CachingOperationNameGenerator - Generating unique operation named: searchUsingGET_7
2023-09-04 00:52:20.135 [main] INFO  s.d.s.w.r.operation.CachingOperationNameGenerator - Generating unique operation named: updateVenueUsingPOST_1
2023-09-04 00:52:20.137 [main] INFO  s.d.s.w.r.operation.CachingOperationNameGenerator - Generating unique operation named: addUsingPOST_4
2023-09-04 00:52:20.138 [main] INFO  s.d.s.w.r.operation.CachingOperationNameGenerator - Generating unique operation named: delByIdUsingDELETE_7
2023-09-04 00:52:20.138 [main] INFO  s.d.s.w.r.operation.CachingOperationNameGenerator - Generating unique operation named: delByIdsUsingDELETE_7
2023-09-04 00:52:20.139 [main] INFO  s.d.s.w.r.operation.CachingOperationNameGenerator - Generating unique operation named: getByVaIdUsingGET_1
2023-09-04 00:52:20.139 [main] INFO  s.d.s.w.r.operation.CachingOperationNameGenerator - Generating unique operation named: openActiviesUsingGET_1
2023-09-04 00:52:20.141 [main] INFO  s.d.s.w.r.operation.CachingOperationNameGenerator - Generating unique operation named: searchUsingGET_8
2023-09-04 00:52:20.142 [main] INFO  s.d.s.w.r.operation.CachingOperationNameGenerator - Generating unique operation named: searchUsingGET_9
2023-09-04 00:52:20.142 [main] INFO  s.d.s.w.r.operation.CachingOperationNameGenerator - Generating unique operation named: updateUsingPOST_1
2023-09-04 00:52:20.143 [main] INFO  s.d.s.w.r.operation.CachingOperationNameGenerator - Generating unique operation named: updateEnableUsingPUT_1
2023-09-04 00:52:20.145 [main] INFO  s.d.s.w.r.operation.CachingOperationNameGenerator - Generating unique operation named: addVenueUsingPOST_2
2023-09-04 00:52:20.146 [main] INFO  s.d.s.w.r.operation.CachingOperationNameGenerator - Generating unique operation named: delByIdUsingDELETE_8
2023-09-04 00:52:20.147 [main] INFO  s.d.s.w.r.operation.CachingOperationNameGenerator - Generating unique operation named: delByIdsUsingDELETE_8
2023-09-04 00:52:20.149 [main] INFO  s.d.s.w.r.operation.CachingOperationNameGenerator - Generating unique operation named: searchUsingGET_10
2023-09-04 00:52:20.150 [main] INFO  s.d.s.w.r.operation.CachingOperationNameGenerator - Generating unique operation named: searchUsingGET_11
2023-09-04 00:52:20.150 [main] INFO  s.d.s.w.r.operation.CachingOperationNameGenerator - Generating unique operation named: updateEnableUsingPUT_2
2023-09-04 00:52:20.151 [main] INFO  s.d.s.w.r.operation.CachingOperationNameGenerator - Generating unique operation named: updateVenueUsingPOST_2
2023-09-04 00:52:20.152 [main] INFO  s.d.s.w.r.operation.CachingOperationNameGenerator - Generating unique operation named: loginUsingPOST_1
2023-09-04 00:52:20.186 [main] INFO  com.tickets.TicketsApplication - Started TicketsApplication in 1.868 seconds (JVM running for 2.226)
2023-09-04 00:52:29.393 [http-nio-8080-exec-1] INFO  o.a.c.core.ContainerBase.[Tomcat].[localhost].[/] - Initializing Spring DispatcherServlet 'dispatcherServlet'
2023-09-04 01:13:11.161 [SpringContextShutdownHook] INFO  com.alibaba.druid.pool.DruidDataSource - {dataSource-0} closing ...
2023-09-04 01:13:12.859 [main] INFO  com.tickets.TicketsApplication - Starting TicketsApplication on 文文 with PID 24860 (C:\Users\11583\Desktop\ticket-project\target\classes started by 11583 in C:\Users\11583\Desktop\ticket-project)
2023-09-04 01:13:12.860 [main] INFO  com.tickets.TicketsApplication - No active profile set, falling back to default profiles: default
2023-09-04 01:13:13.543 [main] INFO  org.apache.catalina.core.StandardService - Starting service [Tomcat]
2023-09-04 01:13:13.543 [main] INFO  org.apache.catalina.core.StandardEngine - Starting Servlet engine: [Apache Tomcat/9.0.31]
2023-09-04 01:13:13.604 [main] INFO  o.a.c.core.ContainerBase.[Tomcat].[localhost].[/] - Initializing Spring embedded WebApplicationContext
2023-09-04 01:13:14.069 [main] INFO  s.d.s.w.PropertySourcedRequestMappingHandlerMapping - Mapped URL path [/v2/api-docs] onto method [springfox.documentation.swagger2.web.Swagger2Controller#getDocumentation(String, HttpServletRequest)]
2023-09-04 01:13:14.212 [main] INFO  s.d.s.web.plugins.DocumentationPluginsBootstrapper - Context refreshed
2023-09-04 01:13:14.220 [main] INFO  s.d.s.web.plugins.DocumentationPluginsBootstrapper - Found 1 custom documentation plugin(s)
2023-09-04 01:13:14.236 [main] INFO  s.d.spring.web.scanners.ApiListingReferenceScanner - Scanning for api listing references
2023-09-04 01:13:14.308 [main] INFO  s.d.s.w.r.operation.CachingOperationNameGenerator - Generating unique operation named: delByIdUsingDELETE_1
2023-09-04 01:13:14.309 [main] INFO  s.d.s.w.r.operation.CachingOperationNameGenerator - Generating unique operation named: delByIdsUsingDELETE_1
2023-09-04 01:13:14.316 [main] INFO  s.d.s.w.r.operation.CachingOperationNameGenerator - Generating unique operation named: searchUsingGET_1
2023-09-04 01:13:14.317 [main] INFO  s.d.s.w.r.operation.CachingOperationNameGenerator - Generating unique operation named: addDeviceUsingPOST_1
2023-09-04 01:13:14.318 [main] INFO  s.d.s.w.r.operation.CachingOperationNameGenerator - Generating unique operation named: delByIdUsingDELETE_2
2023-09-04 01:13:14.320 [main] INFO  s.d.s.w.r.operation.CachingOperationNameGenerator - Generating unique operation named: delByIdsUsingDELETE_2
2023-09-04 01:13:14.321 [main] INFO  s.d.s.w.r.operation.CachingOperationNameGenerator - Generating unique operation named: searchUsingGET_2
2023-09-04 01:13:14.323 [main] INFO  s.d.s.w.r.operation.CachingOperationNameGenerator - Generating unique operation named: updatDeviceUsingPOST_1
2023-09-04 01:13:14.325 [main] INFO  s.d.s.w.r.operation.CachingOperationNameGenerator - Generating unique operation named: addDeviceUsingPOST_2
2023-09-04 01:13:14.328 [main] INFO  s.d.s.w.r.operation.CachingOperationNameGenerator - Generating unique operation named: delByIdUsingDELETE_3
2023-09-04 01:13:14.329 [main] INFO  s.d.s.w.r.operation.CachingOperationNameGenerator - Generating unique operation named: delByIdsUsingDELETE_3
2023-09-04 01:13:14.332 [main] INFO  s.d.s.w.r.operation.CachingOperationNameGenerator - Generating unique operation named: searchUsingGET_3
2023-09-04 01:13:14.337 [main] INFO  s.d.s.w.r.operation.CachingOperationNameGenerator - Generating unique operation named: updatDeviceUsingPOST_2
2023-09-04 01:13:14.339 [main] INFO  s.d.s.w.r.operation.CachingOperationNameGenerator - Generating unique operation named: delByIdUsingDELETE_4
2023-09-04 01:13:14.340 [main] INFO  s.d.s.w.r.operation.CachingOperationNameGenerator - Generating unique operation named: delByIdsUsingDELETE_4
2023-09-04 01:13:14.342 [main] INFO  s.d.s.w.r.operation.CachingOperationNameGenerator - Generating unique operation named: searchUsingGET_4
2023-09-04 01:13:14.346 [main] INFO  s.d.s.w.r.operation.CachingOperationNameGenerator - Generating unique operation named: delByIdUsingDELETE_5
2023-09-04 01:13:14.348 [main] INFO  s.d.s.w.r.operation.CachingOperationNameGenerator - Generating unique operation named: delByIdsUsingDELETE_5
2023-09-04 01:13:14.349 [main] INFO  s.d.s.w.r.operation.CachingOperationNameGenerator - Generating unique operation named: searchUsingGET_5
2023-09-04 01:13:14.362 [main] INFO  s.d.s.w.r.operation.CachingOperationNameGenerator - Generating unique operation named: addUsingPOST_1
2023-09-04 01:13:14.365 [main] INFO  s.d.s.w.r.operation.CachingOperationNameGenerator - Generating unique operation named: addUsingPOST_2
2023-09-04 01:13:14.368 [main] INFO  s.d.s.w.r.operation.CachingOperationNameGenerator - Generating unique operation named: searchUsingGET_6
2023-09-04 01:13:14.370 [main] INFO  s.d.s.w.r.operation.CachingOperationNameGenerator - Generating unique operation named: addVenueUsingPOST_1
2023-09-04 01:13:14.372 [main] INFO  s.d.s.w.r.operation.CachingOperationNameGenerator - Generating unique operation named: addUsingPOST_3
2023-09-04 01:13:14.372 [main] INFO  s.d.s.w.r.operation.CachingOperationNameGenerator - Generating unique operation named: addBatchUsingPOST_1
2023-09-04 01:13:14.373 [main] INFO  s.d.s.w.r.operation.CachingOperationNameGenerator - Generating unique operation named: delByIdUsingDELETE_6
2023-09-04 01:13:14.373 [main] INFO  s.d.s.w.r.operation.CachingOperationNameGenerator - Generating unique operation named: delByIdsUsingDELETE_6
2023-09-04 01:13:14.377 [main] INFO  s.d.s.w.r.operation.CachingOperationNameGenerator - Generating unique operation named: modelDownloadUsingGET_1
2023-09-04 01:13:14.378 [main] INFO  s.d.s.w.r.operation.CachingOperationNameGenerator - Generating unique operation named: searchUsingGET_7
2023-09-04 01:13:14.379 [main] INFO  s.d.s.w.r.operation.CachingOperationNameGenerator - Generating unique operation named: updateVenueUsingPOST_1
2023-09-04 01:13:14.381 [main] INFO  s.d.s.w.r.operation.CachingOperationNameGenerator - Generating unique operation named: addUsingPOST_4
2023-09-04 01:13:14.381 [main] INFO  s.d.s.w.r.operation.CachingOperationNameGenerator - Generating unique operation named: delByIdUsingDELETE_7
2023-09-04 01:13:14.382 [main] INFO  s.d.s.w.r.operation.CachingOperationNameGenerator - Generating unique operation named: delByIdsUsingDELETE_7
2023-09-04 01:13:14.383 [main] INFO  s.d.s.w.r.operation.CachingOperationNameGenerator - Generating unique operation named: getByVaIdUsingGET_1
2023-09-04 01:13:14.383 [main] INFO  s.d.s.w.r.operation.CachingOperationNameGenerator - Generating unique operation named: openActiviesUsingGET_1
2023-09-04 01:13:14.385 [main] INFO  s.d.s.w.r.operation.CachingOperationNameGenerator - Generating unique operation named: searchUsingGET_8
2023-09-04 01:13:14.385 [main] INFO  s.d.s.w.r.operation.CachingOperationNameGenerator - Generating unique operation named: searchUsingGET_9
2023-09-04 01:13:14.386 [main] INFO  s.d.s.w.r.operation.CachingOperationNameGenerator - Generating unique operation named: updateUsingPOST_1
2023-09-04 01:13:14.386 [main] INFO  s.d.s.w.r.operation.CachingOperationNameGenerator - Generating unique operation named: updateEnableUsingPUT_1
2023-09-04 01:13:14.388 [main] INFO  s.d.s.w.r.operation.CachingOperationNameGenerator - Generating unique operation named: addVenueUsingPOST_2
2023-09-04 01:13:14.389 [main] INFO  s.d.s.w.r.operation.CachingOperationNameGenerator - Generating unique operation named: delByIdUsingDELETE_8
2023-09-04 01:13:14.389 [main] INFO  s.d.s.w.r.operation.CachingOperationNameGenerator - Generating unique operation named: delByIdsUsingDELETE_8
2023-09-04 01:13:14.392 [main] INFO  s.d.s.w.r.operation.CachingOperationNameGenerator - Generating unique operation named: searchUsingGET_10
2023-09-04 01:13:14.392 [main] INFO  s.d.s.w.r.operation.CachingOperationNameGenerator - Generating unique operation named: searchUsingGET_11
2023-09-04 01:13:14.393 [main] INFO  s.d.s.w.r.operation.CachingOperationNameGenerator - Generating unique operation named: updateEnableUsingPUT_2
2023-09-04 01:13:14.394 [main] INFO  s.d.s.w.r.operation.CachingOperationNameGenerator - Generating unique operation named: updateVenueUsingPOST_2
2023-09-04 01:13:14.395 [main] INFO  s.d.s.w.r.operation.CachingOperationNameGenerator - Generating unique operation named: loginUsingPOST_1
2023-09-04 01:13:14.429 [main] INFO  com.tickets.TicketsApplication - Started TicketsApplication in 1.846 seconds (JVM running for 2.2)
2023-09-04 01:14:26.297 [SpringContextShutdownHook] INFO  com.alibaba.druid.pool.DruidDataSource - {dataSource-0} closing ...
2023-09-04 01:14:28.493 [main] INFO  com.tickets.TicketsApplication - Starting TicketsApplication on 文文 with PID 6892 (C:\Users\11583\Desktop\ticket-project\target\classes started by 11583 in C:\Users\11583\Desktop\ticket-project)
2023-09-04 01:14:28.495 [main] INFO  com.tickets.TicketsApplication - No active profile set, falling back to default profiles: default
2023-09-04 01:14:29.183 [main] INFO  org.apache.catalina.core.StandardService - Starting service [Tomcat]
2023-09-04 01:14:29.184 [main] INFO  org.apache.catalina.core.StandardEngine - Starting Servlet engine: [Apache Tomcat/9.0.31]
2023-09-04 01:14:29.245 [main] INFO  o.a.c.core.ContainerBase.[Tomcat].[localhost].[/] - Initializing Spring embedded WebApplicationContext
2023-09-04 01:14:29.699 [main] INFO  s.d.s.w.PropertySourcedRequestMappingHandlerMapping - Mapped URL path [/v2/api-docs] onto method [springfox.documentation.swagger2.web.Swagger2Controller#getDocumentation(String, HttpServletRequest)]
2023-09-04 01:14:29.842 [main] INFO  s.d.s.web.plugins.DocumentationPluginsBootstrapper - Context refreshed
2023-09-04 01:14:29.849 [main] INFO  s.d.s.web.plugins.DocumentationPluginsBootstrapper - Found 1 custom documentation plugin(s)
2023-09-04 01:14:29.864 [main] INFO  s.d.spring.web.scanners.ApiListingReferenceScanner - Scanning for api listing references
2023-09-04 01:14:29.936 [main] INFO  s.d.s.w.r.operation.CachingOperationNameGenerator - Generating unique operation named: delByIdUsingDELETE_1
2023-09-04 01:14:29.938 [main] INFO  s.d.s.w.r.operation.CachingOperationNameGenerator - Generating unique operation named: delByIdsUsingDELETE_1
2023-09-04 01:14:29.945 [main] INFO  s.d.s.w.r.operation.CachingOperationNameGenerator - Generating unique operation named: searchUsingGET_1
2023-09-04 01:14:29.947 [main] INFO  s.d.s.w.r.operation.CachingOperationNameGenerator - Generating unique operation named: addDeviceUsingPOST_1
2023-09-04 01:14:29.948 [main] INFO  s.d.s.w.r.operation.CachingOperationNameGenerator - Generating unique operation named: delByIdUsingDELETE_2
2023-09-04 01:14:29.949 [main] INFO  s.d.s.w.r.operation.CachingOperationNameGenerator - Generating unique operation named: delByIdsUsingDELETE_2
2023-09-04 01:14:29.951 [main] INFO  s.d.s.w.r.operation.CachingOperationNameGenerator - Generating unique operation named: searchUsingGET_2
2023-09-04 01:14:29.953 [main] INFO  s.d.s.w.r.operation.CachingOperationNameGenerator - Generating unique operation named: updatDeviceUsingPOST_1
2023-09-04 01:14:29.955 [main] INFO  s.d.s.w.r.operation.CachingOperationNameGenerator - Generating unique operation named: addDeviceUsingPOST_2
2023-09-04 01:14:29.959 [main] INFO  s.d.s.w.r.operation.CachingOperationNameGenerator - Generating unique operation named: delByIdUsingDELETE_3
2023-09-04 01:14:29.960 [main] INFO  s.d.s.w.r.operation.CachingOperationNameGenerator - Generating unique operation named: delByIdsUsingDELETE_3
2023-09-04 01:14:29.964 [main] INFO  s.d.s.w.r.operation.CachingOperationNameGenerator - Generating unique operation named: searchUsingGET_3
2023-09-04 01:14:29.968 [main] INFO  s.d.s.w.r.operation.CachingOperationNameGenerator - Generating unique operation named: updatDeviceUsingPOST_2
2023-09-04 01:14:29.971 [main] INFO  s.d.s.w.r.operation.CachingOperationNameGenerator - Generating unique operation named: delByIdUsingDELETE_4
2023-09-04 01:14:29.971 [main] INFO  s.d.s.w.r.operation.CachingOperationNameGenerator - Generating unique operation named: delByIdsUsingDELETE_4
2023-09-04 01:14:29.973 [main] INFO  s.d.s.w.r.operation.CachingOperationNameGenerator - Generating unique operation named: searchUsingGET_4
2023-09-04 01:14:29.977 [main] INFO  s.d.s.w.r.operation.CachingOperationNameGenerator - Generating unique operation named: delByIdUsingDELETE_5
2023-09-04 01:14:29.978 [main] INFO  s.d.s.w.r.operation.CachingOperationNameGenerator - Generating unique operation named: delByIdsUsingDELETE_5
2023-09-04 01:14:29.979 [main] INFO  s.d.s.w.r.operation.CachingOperationNameGenerator - Generating unique operation named: searchUsingGET_5
2023-09-04 01:14:29.993 [main] INFO  s.d.s.w.r.operation.CachingOperationNameGenerator - Generating unique operation named: addUsingPOST_1
2023-09-04 01:14:29.995 [main] INFO  s.d.s.w.r.operation.CachingOperationNameGenerator - Generating unique operation named: addUsingPOST_2
2023-09-04 01:14:29.999 [main] INFO  s.d.s.w.r.operation.CachingOperationNameGenerator - Generating unique operation named: searchUsingGET_6
2023-09-04 01:14:30.000 [main] INFO  s.d.s.w.r.operation.CachingOperationNameGenerator - Generating unique operation named: addVenueUsingPOST_1
2023-09-04 01:14:30.002 [main] INFO  s.d.s.w.r.operation.CachingOperationNameGenerator - Generating unique operation named: addUsingPOST_3
2023-09-04 01:14:30.003 [main] INFO  s.d.s.w.r.operation.CachingOperationNameGenerator - Generating unique operation named: addBatchUsingPOST_1
2023-09-04 01:14:30.003 [main] INFO  s.d.s.w.r.operation.CachingOperationNameGenerator - Generating unique operation named: delByIdUsingDELETE_6
2023-09-04 01:14:30.004 [main] INFO  s.d.s.w.r.operation.CachingOperationNameGenerator - Generating unique operation named: delByIdsUsingDELETE_6
2023-09-04 01:14:30.007 [main] INFO  s.d.s.w.r.operation.CachingOperationNameGenerator - Generating unique operation named: modelDownloadUsingGET_1
2023-09-04 01:14:30.008 [main] INFO  s.d.s.w.r.operation.CachingOperationNameGenerator - Generating unique operation named: searchUsingGET_7
2023-09-04 01:14:30.009 [main] INFO  s.d.s.w.r.operation.CachingOperationNameGenerator - Generating unique operation named: updateVenueUsingPOST_1
2023-09-04 01:14:30.011 [main] INFO  s.d.s.w.r.operation.CachingOperationNameGenerator - Generating unique operation named: addUsingPOST_4
2023-09-04 01:14:30.012 [main] INFO  s.d.s.w.r.operation.CachingOperationNameGenerator - Generating unique operation named: delByIdUsingDELETE_7
2023-09-04 01:14:30.012 [main] INFO  s.d.s.w.r.operation.CachingOperationNameGenerator - Generating unique operation named: delByIdsUsingDELETE_7
2023-09-04 01:14:30.013 [main] INFO  s.d.s.w.r.operation.CachingOperationNameGenerator - Generating unique operation named: getByVaIdUsingGET_1
2023-09-04 01:14:30.014 [main] INFO  s.d.s.w.r.operation.CachingOperationNameGenerator - Generating unique operation named: openActiviesUsingGET_1
2023-09-04 01:14:30.015 [main] INFO  s.d.s.w.r.operation.CachingOperationNameGenerator - Generating unique operation named: searchUsingGET_8
2023-09-04 01:14:30.016 [main] INFO  s.d.s.w.r.operation.CachingOperationNameGenerator - Generating unique operation named: searchUsingGET_9
2023-09-04 01:14:30.017 [main] INFO  s.d.s.w.r.operation.CachingOperationNameGenerator - Generating unique operation named: updateUsingPOST_1
2023-09-04 01:14:30.017 [main] INFO  s.d.s.w.r.operation.CachingOperationNameGenerator - Generating unique operation named: updateEnableUsingPUT_1
2023-09-04 01:14:30.019 [main] INFO  s.d.s.w.r.operation.CachingOperationNameGenerator - Generating unique operation named: addVenueUsingPOST_2
2023-09-04 01:14:30.020 [main] INFO  s.d.s.w.r.operation.CachingOperationNameGenerator - Generating unique operation named: delByIdUsingDELETE_8
2023-09-04 01:14:30.020 [main] INFO  s.d.s.w.r.operation.CachingOperationNameGenerator - Generating unique operation named: delByIdsUsingDELETE_8
2023-09-04 01:14:30.023 [main] INFO  s.d.s.w.r.operation.CachingOperationNameGenerator - Generating unique operation named: searchUsingGET_10
2023-09-04 01:14:30.023 [main] INFO  s.d.s.w.r.operation.CachingOperationNameGenerator - Generating unique operation named: searchUsingGET_11
2023-09-04 01:14:30.024 [main] INFO  s.d.s.w.r.operation.CachingOperationNameGenerator - Generating unique operation named: updateEnableUsingPUT_2
2023-09-04 01:14:30.025 [main] INFO  s.d.s.w.r.operation.CachingOperationNameGenerator - Generating unique operation named: updateVenueUsingPOST_2
2023-09-04 01:14:30.026 [main] INFO  s.d.s.w.r.operation.CachingOperationNameGenerator - Generating unique operation named: loginUsingPOST_1
2023-09-04 01:14:30.060 [main] INFO  com.tickets.TicketsApplication - Started TicketsApplication in 1.836 seconds (JVM running for 2.189)
2023-09-04 01:14:45.049 [http-nio-8080-exec-1] INFO  o.a.c.core.ContainerBase.[Tomcat].[localhost].[/] - Initializing Spring DispatcherServlet 'dispatcherServlet'
2023-09-04 01:19:40.180 [SpringContextShutdownHook] INFO  com.alibaba.druid.pool.DruidDataSource - {dataSource-0} closing ...
2023-09-04 01:19:43.621 [main] INFO  com.tickets.TicketsApplication - Starting TicketsApplication on 文文 with PID 29348 (C:\Users\11583\Desktop\ticket-project\target\classes started by 11583 in C:\Users\11583\Desktop\ticket-project)
2023-09-04 01:19:43.623 [main] INFO  com.tickets.TicketsApplication - No active profile set, falling back to default profiles: default
2023-09-04 01:19:44.315 [main] INFO  org.apache.catalina.core.StandardService - Starting service [Tomcat]
2023-09-04 01:19:44.315 [main] INFO  org.apache.catalina.core.StandardEngine - Starting Servlet engine: [Apache Tomcat/9.0.31]
2023-09-04 01:19:44.375 [main] INFO  o.a.c.core.ContainerBase.[Tomcat].[localhost].[/] - Initializing Spring embedded WebApplicationContext
2023-09-04 01:19:44.848 [main] INFO  s.d.s.w.PropertySourcedRequestMappingHandlerMapping - Mapped URL path [/v2/api-docs] onto method [springfox.documentation.swagger2.web.Swagger2Controller#getDocumentation(String, HttpServletRequest)]
2023-09-04 01:19:44.998 [main] INFO  s.d.s.web.plugins.DocumentationPluginsBootstrapper - Context refreshed
2023-09-04 01:19:45.004 [main] INFO  s.d.s.web.plugins.DocumentationPluginsBootstrapper - Found 1 custom documentation plugin(s)
2023-09-04 01:19:45.020 [main] INFO  s.d.spring.web.scanners.ApiListingReferenceScanner - Scanning for api listing references
2023-09-04 01:19:45.089 [main] INFO  s.d.s.w.r.operation.CachingOperationNameGenerator - Generating unique operation named: delByIdUsingDELETE_1
2023-09-04 01:19:45.090 [main] INFO  s.d.s.w.r.operation.CachingOperationNameGenerator - Generating unique operation named: delByIdsUsingDELETE_1
2023-09-04 01:19:45.096 [main] INFO  s.d.s.w.r.operation.CachingOperationNameGenerator - Generating unique operation named: searchUsingGET_1
2023-09-04 01:19:45.098 [main] INFO  s.d.s.w.r.operation.CachingOperationNameGenerator - Generating unique operation named: addDeviceUsingPOST_1
2023-09-04 01:19:45.099 [main] INFO  s.d.s.w.r.operation.CachingOperationNameGenerator - Generating unique operation named: delByIdUsingDELETE_2
2023-09-04 01:19:45.100 [main] INFO  s.d.s.w.r.operation.CachingOperationNameGenerator - Generating unique operation named: delByIdsUsingDELETE_2
2023-09-04 01:19:45.102 [main] INFO  s.d.s.w.r.operation.CachingOperationNameGenerator - Generating unique operation named: searchUsingGET_2
2023-09-04 01:19:45.103 [main] INFO  s.d.s.w.r.operation.CachingOperationNameGenerator - Generating unique operation named: updatDeviceUsingPOST_1
2023-09-04 01:19:45.105 [main] INFO  s.d.s.w.r.operation.CachingOperationNameGenerator - Generating unique operation named: addDeviceUsingPOST_2
2023-09-04 01:19:45.108 [main] INFO  s.d.s.w.r.operation.CachingOperationNameGenerator - Generating unique operation named: delByIdUsingDELETE_3
2023-09-04 01:19:45.109 [main] INFO  s.d.s.w.r.operation.CachingOperationNameGenerator - Generating unique operation named: delByIdsUsingDELETE_3
2023-09-04 01:19:45.112 [main] INFO  s.d.s.w.r.operation.CachingOperationNameGenerator - Generating unique operation named: searchUsingGET_3
2023-09-04 01:19:45.116 [main] INFO  s.d.s.w.r.operation.CachingOperationNameGenerator - Generating unique operation named: updatDeviceUsingPOST_2
2023-09-04 01:19:45.119 [main] INFO  s.d.s.w.r.operation.CachingOperationNameGenerator - Generating unique operation named: delByIdUsingDELETE_4
2023-09-04 01:19:45.119 [main] INFO  s.d.s.w.r.operation.CachingOperationNameGenerator - Generating unique operation named: delByIdsUsingDELETE_4
2023-09-04 01:19:45.121 [main] INFO  s.d.s.w.r.operation.CachingOperationNameGenerator - Generating unique operation named: searchUsingGET_4
2023-09-04 01:19:45.125 [main] INFO  s.d.s.w.r.operation.CachingOperationNameGenerator - Generating unique operation named: delByIdUsingDELETE_5
2023-09-04 01:19:45.126 [main] INFO  s.d.s.w.r.operation.CachingOperationNameGenerator - Generating unique operation named: delByIdsUsingDELETE_5
2023-09-04 01:19:45.127 [main] INFO  s.d.s.w.r.operation.CachingOperationNameGenerator - Generating unique operation named: searchUsingGET_5
2023-09-04 01:19:45.141 [main] INFO  s.d.s.w.r.operation.CachingOperationNameGenerator - Generating unique operation named: addUsingPOST_1
2023-09-04 01:19:45.143 [main] INFO  s.d.s.w.r.operation.CachingOperationNameGenerator - Generating unique operation named: addUsingPOST_2
2023-09-04 01:19:45.147 [main] INFO  s.d.s.w.r.operation.CachingOperationNameGenerator - Generating unique operation named: searchUsingGET_6
2023-09-04 01:19:45.148 [main] INFO  s.d.s.w.r.operation.CachingOperationNameGenerator - Generating unique operation named: addVenueUsingPOST_1
2023-09-04 01:19:45.150 [main] INFO  s.d.s.w.r.operation.CachingOperationNameGenerator - Generating unique operation named: addUsingPOST_3
2023-09-04 01:19:45.151 [main] INFO  s.d.s.w.r.operation.CachingOperationNameGenerator - Generating unique operation named: addBatchUsingPOST_1
2023-09-04 01:19:45.151 [main] INFO  s.d.s.w.r.operation.CachingOperationNameGenerator - Generating unique operation named: delByIdUsingDELETE_6
2023-09-04 01:19:45.152 [main] INFO  s.d.s.w.r.operation.CachingOperationNameGenerator - Generating unique operation named: delByIdsUsingDELETE_6
2023-09-04 01:19:45.155 [main] INFO  s.d.s.w.r.operation.CachingOperationNameGenerator - Generating unique operation named: modelDownloadUsingGET_1
2023-09-04 01:19:45.157 [main] INFO  s.d.s.w.r.operation.CachingOperationNameGenerator - Generating unique operation named: searchUsingGET_7
2023-09-04 01:19:45.158 [main] INFO  s.d.s.w.r.operation.CachingOperationNameGenerator - Generating unique operation named: updateVenueUsingPOST_1
2023-09-04 01:19:45.159 [main] INFO  s.d.s.w.r.operation.CachingOperationNameGenerator - Generating unique operation named: addUsingPOST_4
2023-09-04 01:19:45.160 [main] INFO  s.d.s.w.r.operation.CachingOperationNameGenerator - Generating unique operation named: delByIdUsingDELETE_7
2023-09-04 01:19:45.161 [main] INFO  s.d.s.w.r.operation.CachingOperationNameGenerator - Generating unique operation named: delByIdsUsingDELETE_7
2023-09-04 01:19:45.161 [main] INFO  s.d.s.w.r.operation.CachingOperationNameGenerator - Generating unique operation named: getByVaIdUsingGET_1
2023-09-04 01:19:45.163 [main] INFO  s.d.s.w.r.operation.CachingOperationNameGenerator - Generating unique operation named: searchUsingGET_8
2023-09-04 01:19:45.164 [main] INFO  s.d.s.w.r.operation.CachingOperationNameGenerator - Generating unique operation named: searchUsingGET_9
2023-09-04 01:19:45.164 [main] INFO  s.d.s.w.r.operation.CachingOperationNameGenerator - Generating unique operation named: updateUsingPOST_1
2023-09-04 01:19:45.165 [main] INFO  s.d.s.w.r.operation.CachingOperationNameGenerator - Generating unique operation named: updateEnableUsingPUT_1
2023-09-04 01:19:45.167 [main] INFO  s.d.s.w.r.operation.CachingOperationNameGenerator - Generating unique operation named: addVenueUsingPOST_2
2023-09-04 01:19:45.167 [main] INFO  s.d.s.w.r.operation.CachingOperationNameGenerator - Generating unique operation named: delByIdUsingDELETE_8
2023-09-04 01:19:45.168 [main] INFO  s.d.s.w.r.operation.CachingOperationNameGenerator - Generating unique operation named: delByIdsUsingDELETE_8
2023-09-04 01:19:45.170 [main] INFO  s.d.s.w.r.operation.CachingOperationNameGenerator - Generating unique operation named: searchUsingGET_10
2023-09-04 01:19:45.170 [main] INFO  s.d.s.w.r.operation.CachingOperationNameGenerator - Generating unique operation named: searchUsingGET_11
2023-09-04 01:19:45.171 [main] INFO  s.d.s.w.r.operation.CachingOperationNameGenerator - Generating unique operation named: updateEnableUsingPUT_2
2023-09-04 01:19:45.172 [main] INFO  s.d.s.w.r.operation.CachingOperationNameGenerator - Generating unique operation named: updateVenueUsingPOST_2
2023-09-04 01:19:45.173 [main] INFO  s.d.s.w.r.operation.CachingOperationNameGenerator - Generating unique operation named: loginUsingPOST_1
2023-09-04 01:19:45.207 [main] INFO  com.tickets.TicketsApplication - Started TicketsApplication in 1.867 seconds (JVM running for 2.243)
2023-09-04 01:19:45.315 [http-nio-8080-exec-1] INFO  o.a.c.core.ContainerBase.[Tomcat].[localhost].[/] - Initializing Spring DispatcherServlet 'dispatcherServlet'
2023-09-04 01:21:50.876 [SpringContextShutdownHook] INFO  com.alibaba.druid.pool.DruidDataSource - {dataSource-0} closing ...
2023-09-04 01:21:53.107 [main] INFO  com.tickets.TicketsApplication - Starting TicketsApplication on 文文 with PID 25752 (C:\Users\11583\Desktop\ticket-project\target\classes started by 11583 in C:\Users\11583\Desktop\ticket-project)
2023-09-04 01:21:53.109 [main] INFO  com.tickets.TicketsApplication - No active profile set, falling back to default profiles: default
2023-09-04 01:21:53.803 [main] INFO  org.apache.catalina.core.StandardService - Starting service [Tomcat]
2023-09-04 01:21:53.803 [main] INFO  org.apache.catalina.core.StandardEngine - Starting Servlet engine: [Apache Tomcat/9.0.31]
2023-09-04 01:21:53.863 [main] INFO  o.a.c.core.ContainerBase.[Tomcat].[localhost].[/] - Initializing Spring embedded WebApplicationContext
2023-09-04 01:21:54.317 [main] INFO  s.d.s.w.PropertySourcedRequestMappingHandlerMapping - Mapped URL path [/v2/api-docs] onto method [springfox.documentation.swagger2.web.Swagger2Controller#getDocumentation(String, HttpServletRequest)]
2023-09-04 01:21:54.458 [main] INFO  s.d.s.web.plugins.DocumentationPluginsBootstrapper - Context refreshed
2023-09-04 01:21:54.464 [main] INFO  s.d.s.web.plugins.DocumentationPluginsBootstrapper - Found 1 custom documentation plugin(s)
2023-09-04 01:21:54.478 [main] INFO  s.d.spring.web.scanners.ApiListingReferenceScanner - Scanning for api listing references
2023-09-04 01:21:54.547 [main] INFO  s.d.s.w.r.operation.CachingOperationNameGenerator - Generating unique operation named: delByIdUsingDELETE_1
2023-09-04 01:21:54.549 [main] INFO  s.d.s.w.r.operation.CachingOperationNameGenerator - Generating unique operation named: delByIdsUsingDELETE_1
2023-09-04 01:21:54.556 [main] INFO  s.d.s.w.r.operation.CachingOperationNameGenerator - Generating unique operation named: searchUsingGET_1
2023-09-04 01:21:54.557 [main] INFO  s.d.s.w.r.operation.CachingOperationNameGenerator - Generating unique operation named: addDeviceUsingPOST_1
2023-09-04 01:21:54.559 [main] INFO  s.d.s.w.r.operation.CachingOperationNameGenerator - Generating unique operation named: delByIdUsingDELETE_2
2023-09-04 01:21:54.560 [main] INFO  s.d.s.w.r.operation.CachingOperationNameGenerator - Generating unique operation named: delByIdsUsingDELETE_2
2023-09-04 01:21:54.562 [main] INFO  s.d.s.w.r.operation.CachingOperationNameGenerator - Generating unique operation named: searchUsingGET_2
2023-09-04 01:21:54.563 [main] INFO  s.d.s.w.r.operation.CachingOperationNameGenerator - Generating unique operation named: updatDeviceUsingPOST_1
2023-09-04 01:21:54.565 [main] INFO  s.d.s.w.r.operation.CachingOperationNameGenerator - Generating unique operation named: addDeviceUsingPOST_2
2023-09-04 01:21:54.569 [main] INFO  s.d.s.w.r.operation.CachingOperationNameGenerator - Generating unique operation named: delByIdUsingDELETE_3
2023-09-04 01:21:54.570 [main] INFO  s.d.s.w.r.operation.CachingOperationNameGenerator - Generating unique operation named: delByIdsUsingDELETE_3
2023-09-04 01:21:54.573 [main] INFO  s.d.s.w.r.operation.CachingOperationNameGenerator - Generating unique operation named: searchUsingGET_3
2023-09-04 01:21:54.577 [main] INFO  s.d.s.w.r.operation.CachingOperationNameGenerator - Generating unique operation named: updatDeviceUsingPOST_2
2023-09-04 01:21:54.579 [main] INFO  s.d.s.w.r.operation.CachingOperationNameGenerator - Generating unique operation named: delByIdUsingDELETE_4
2023-09-04 01:21:54.580 [main] INFO  s.d.s.w.r.operation.CachingOperationNameGenerator - Generating unique operation named: delByIdsUsingDELETE_4
2023-09-04 01:21:54.582 [main] INFO  s.d.s.w.r.operation.CachingOperationNameGenerator - Generating unique operation named: searchUsingGET_4
2023-09-04 01:21:54.586 [main] INFO  s.d.s.w.r.operation.CachingOperationNameGenerator - Generating unique operation named: delByIdUsingDELETE_5
2023-09-04 01:21:54.586 [main] INFO  s.d.s.w.r.operation.CachingOperationNameGenerator - Generating unique operation named: delByIdsUsingDELETE_5
2023-09-04 01:21:54.588 [main] INFO  s.d.s.w.r.operation.CachingOperationNameGenerator - Generating unique operation named: searchUsingGET_5
2023-09-04 01:21:54.601 [main] INFO  s.d.s.w.r.operation.CachingOperationNameGenerator - Generating unique operation named: addUsingPOST_1
2023-09-04 01:21:54.604 [main] INFO  s.d.s.w.r.operation.CachingOperationNameGenerator - Generating unique operation named: addUsingPOST_2
2023-09-04 01:21:54.607 [main] INFO  s.d.s.w.r.operation.CachingOperationNameGenerator - Generating unique operation named: searchUsingGET_6
2023-09-04 01:21:54.609 [main] INFO  s.d.s.w.r.operation.CachingOperationNameGenerator - Generating unique operation named: addVenueUsingPOST_1
2023-09-04 01:21:54.611 [main] INFO  s.d.s.w.r.operation.CachingOperationNameGenerator - Generating unique operation named: addUsingPOST_3
2023-09-04 01:21:54.612 [main] INFO  s.d.s.w.r.operation.CachingOperationNameGenerator - Generating unique operation named: addBatchUsingPOST_1
2023-09-04 01:21:54.612 [main] INFO  s.d.s.w.r.operation.CachingOperationNameGenerator - Generating unique operation named: delByIdUsingDELETE_6
2023-09-04 01:21:54.613 [main] INFO  s.d.s.w.r.operation.CachingOperationNameGenerator - Generating unique operation named: delByIdsUsingDELETE_6
2023-09-04 01:21:54.616 [main] INFO  s.d.s.w.r.operation.CachingOperationNameGenerator - Generating unique operation named: modelDownloadUsingGET_1
2023-09-04 01:21:54.617 [main] INFO  s.d.s.w.r.operation.CachingOperationNameGenerator - Generating unique operation named: searchUsingGET_7
2023-09-04 01:21:54.618 [main] INFO  s.d.s.w.r.operation.CachingOperationNameGenerator - Generating unique operation named: updateVenueUsingPOST_1
2023-09-04 01:21:54.620 [main] INFO  s.d.s.w.r.operation.CachingOperationNameGenerator - Generating unique operation named: addUsingPOST_4
2023-09-04 01:21:54.621 [main] INFO  s.d.s.w.r.operation.CachingOperationNameGenerator - Generating unique operation named: delByIdUsingDELETE_7
2023-09-04 01:21:54.622 [main] INFO  s.d.s.w.r.operation.CachingOperationNameGenerator - Generating unique operation named: delByIdsUsingDELETE_7
2023-09-04 01:21:54.622 [main] INFO  s.d.s.w.r.operation.CachingOperationNameGenerator - Generating unique operation named: getByVaIdUsingGET_1
2023-09-04 01:21:54.624 [main] INFO  s.d.s.w.r.operation.CachingOperationNameGenerator - Generating unique operation named: searchUsingGET_8
2023-09-04 01:21:54.625 [main] INFO  s.d.s.w.r.operation.CachingOperationNameGenerator - Generating unique operation named: searchUsingGET_9
2023-09-04 01:21:54.626 [main] INFO  s.d.s.w.r.operation.CachingOperationNameGenerator - Generating unique operation named: updateUsingPOST_1
2023-09-04 01:21:54.626 [main] INFO  s.d.s.w.r.operation.CachingOperationNameGenerator - Generating unique operation named: updateEnableUsingPUT_1
2023-09-04 01:21:54.628 [main] INFO  s.d.s.w.r.operation.CachingOperationNameGenerator - Generating unique operation named: addVenueUsingPOST_2
2023-09-04 01:21:54.629 [main] INFO  s.d.s.w.r.operation.CachingOperationNameGenerator - Generating unique operation named: delByIdUsingDELETE_8
2023-09-04 01:21:54.629 [main] INFO  s.d.s.w.r.operation.CachingOperationNameGenerator - Generating unique operation named: delByIdsUsingDELETE_8
2023-09-04 01:21:54.632 [main] INFO  s.d.s.w.r.operation.CachingOperationNameGenerator - Generating unique operation named: searchUsingGET_10
2023-09-04 01:21:54.632 [main] INFO  s.d.s.w.r.operation.CachingOperationNameGenerator - Generating unique operation named: searchUsingGET_11
2023-09-04 01:21:54.633 [main] INFO  s.d.s.w.r.operation.CachingOperationNameGenerator - Generating unique operation named: updateEnableUsingPUT_2
2023-09-04 01:21:54.633 [main] INFO  s.d.s.w.r.operation.CachingOperationNameGenerator - Generating unique operation named: updateVenueUsingPOST_2
2023-09-04 01:21:54.635 [main] INFO  s.d.s.w.r.operation.CachingOperationNameGenerator - Generating unique operation named: loginUsingPOST_1
2023-09-04 01:21:54.669 [main] INFO  com.tickets.TicketsApplication - Started TicketsApplication in 1.839 seconds (JVM running for 2.192)
2023-09-04 01:22:05.474 [http-nio-8080-exec-1] INFO  o.a.c.core.ContainerBase.[Tomcat].[localhost].[/] - Initializing Spring DispatcherServlet 'dispatcherServlet'
2023-09-04 01:52:42.781 [SpringContextShutdownHook] INFO  com.alibaba.druid.pool.DruidDataSource - {dataSource-0} closing ...
2023-09-04 01:52:45.659 [main] INFO  com.tickets.TicketsApplication - Starting TicketsApplication on 文文 with PID 23476 (C:\Users\11583\Desktop\ticket-project\target\classes started by 11583 in C:\Users\11583\Desktop\ticket-project)
2023-09-04 01:52:45.661 [main] INFO  com.tickets.TicketsApplication - No active profile set, falling back to default profiles: default
2023-09-04 01:52:46.365 [main] INFO  org.apache.catalina.core.StandardService - Starting service [Tomcat]
2023-09-04 01:52:46.365 [main] INFO  org.apache.catalina.core.StandardEngine - Starting Servlet engine: [Apache Tomcat/9.0.31]
2023-09-04 01:52:46.423 [main] INFO  o.a.c.core.ContainerBase.[Tomcat].[localhost].[/] - Initializing Spring embedded WebApplicationContext
2023-09-04 01:52:46.881 [main] INFO  s.d.s.w.PropertySourcedRequestMappingHandlerMapping - Mapped URL path [/v2/api-docs] onto method [springfox.documentation.swagger2.web.Swagger2Controller#getDocumentation(String, HttpServletRequest)]
2023-09-04 01:52:47.026 [main] INFO  s.d.s.web.plugins.DocumentationPluginsBootstrapper - Context refreshed
2023-09-04 01:52:47.033 [main] INFO  s.d.s.web.plugins.DocumentationPluginsBootstrapper - Found 1 custom documentation plugin(s)
2023-09-04 01:52:47.048 [main] INFO  s.d.spring.web.scanners.ApiListingReferenceScanner - Scanning for api listing references
2023-09-04 01:52:47.118 [main] INFO  s.d.s.w.r.operation.CachingOperationNameGenerator - Generating unique operation named: delByIdUsingDELETE_1
2023-09-04 01:52:47.119 [main] INFO  s.d.s.w.r.operation.CachingOperationNameGenerator - Generating unique operation named: delByIdsUsingDELETE_1
2023-09-04 01:52:47.127 [main] INFO  s.d.s.w.r.operation.CachingOperationNameGenerator - Generating unique operation named: searchUsingGET_1
2023-09-04 01:52:47.128 [main] INFO  s.d.s.w.r.operation.CachingOperationNameGenerator - Generating unique operation named: addDeviceUsingPOST_1
2023-09-04 01:52:47.130 [main] INFO  s.d.s.w.r.operation.CachingOperationNameGenerator - Generating unique operation named: delByIdUsingDELETE_2
2023-09-04 01:52:47.131 [main] INFO  s.d.s.w.r.operation.CachingOperationNameGenerator - Generating unique operation named: delByIdsUsingDELETE_2
2023-09-04 01:52:47.133 [main] INFO  s.d.s.w.r.operation.CachingOperationNameGenerator - Generating unique operation named: searchUsingGET_2
2023-09-04 01:52:47.134 [main] INFO  s.d.s.w.r.operation.CachingOperationNameGenerator - Generating unique operation named: updatDeviceUsingPOST_1
2023-09-04 01:52:47.137 [main] INFO  s.d.s.w.r.operation.CachingOperationNameGenerator - Generating unique operation named: addDeviceUsingPOST_2
2023-09-04 01:52:47.140 [main] INFO  s.d.s.w.r.operation.CachingOperationNameGenerator - Generating unique operation named: delByIdUsingDELETE_3
2023-09-04 01:52:47.141 [main] INFO  s.d.s.w.r.operation.CachingOperationNameGenerator - Generating unique operation named: delByIdsUsingDELETE_3
2023-09-04 01:52:47.144 [main] INFO  s.d.s.w.r.operation.CachingOperationNameGenerator - Generating unique operation named: searchUsingGET_3
2023-09-04 01:52:47.148 [main] INFO  s.d.s.w.r.operation.CachingOperationNameGenerator - Generating unique operation named: updatDeviceUsingPOST_2
2023-09-04 01:52:47.151 [main] INFO  s.d.s.w.r.operation.CachingOperationNameGenerator - Generating unique operation named: delByIdUsingDELETE_4
2023-09-04 01:52:47.152 [main] INFO  s.d.s.w.r.operation.CachingOperationNameGenerator - Generating unique operation named: delByIdsUsingDELETE_4
2023-09-04 01:52:47.154 [main] INFO  s.d.s.w.r.operation.CachingOperationNameGenerator - Generating unique operation named: searchUsingGET_4
2023-09-04 01:52:47.158 [main] INFO  s.d.s.w.r.operation.CachingOperationNameGenerator - Generating unique operation named: delByIdUsingDELETE_5
2023-09-04 01:52:47.158 [main] INFO  s.d.s.w.r.operation.CachingOperationNameGenerator - Generating unique operation named: delByIdsUsingDELETE_5
2023-09-04 01:52:47.160 [main] INFO  s.d.s.w.r.operation.CachingOperationNameGenerator - Generating unique operation named: searchUsingGET_5
2023-09-04 01:52:47.173 [main] INFO  s.d.s.w.r.operation.CachingOperationNameGenerator - Generating unique operation named: addUsingPOST_1
2023-09-04 01:52:47.175 [main] INFO  s.d.s.w.r.operation.CachingOperationNameGenerator - Generating unique operation named: addUsingPOST_2
2023-09-04 01:52:47.179 [main] INFO  s.d.s.w.r.operation.CachingOperationNameGenerator - Generating unique operation named: searchUsingGET_6
2023-09-04 01:52:47.180 [main] INFO  s.d.s.w.r.operation.CachingOperationNameGenerator - Generating unique operation named: addVenueUsingPOST_1
2023-09-04 01:52:47.182 [main] INFO  s.d.s.w.r.operation.CachingOperationNameGenerator - Generating unique operation named: addUsingPOST_3
2023-09-04 01:52:47.183 [main] INFO  s.d.s.w.r.operation.CachingOperationNameGenerator - Generating unique operation named: addBatchUsingPOST_1
2023-09-04 01:52:47.183 [main] INFO  s.d.s.w.r.operation.CachingOperationNameGenerator - Generating unique operation named: delByIdUsingDELETE_6
2023-09-04 01:52:47.184 [main] INFO  s.d.s.w.r.operation.CachingOperationNameGenerator - Generating unique operation named: delByIdsUsingDELETE_6
2023-09-04 01:52:47.187 [main] INFO  s.d.s.w.r.operation.CachingOperationNameGenerator - Generating unique operation named: modelDownloadUsingGET_1
2023-09-04 01:52:47.189 [main] INFO  s.d.s.w.r.operation.CachingOperationNameGenerator - Generating unique operation named: searchUsingGET_7
2023-09-04 01:52:47.190 [main] INFO  s.d.s.w.r.operation.CachingOperationNameGenerator - Generating unique operation named: updateVenueUsingPOST_1
2023-09-04 01:52:47.192 [main] INFO  s.d.s.w.r.operation.CachingOperationNameGenerator - Generating unique operation named: addUsingPOST_4
2023-09-04 01:52:47.192 [main] INFO  s.d.s.w.r.operation.CachingOperationNameGenerator - Generating unique operation named: delByIdUsingDELETE_7
2023-09-04 01:52:47.193 [main] INFO  s.d.s.w.r.operation.CachingOperationNameGenerator - Generating unique operation named: delByIdsUsingDELETE_7
2023-09-04 01:52:47.193 [main] INFO  s.d.s.w.r.operation.CachingOperationNameGenerator - Generating unique operation named: getByVaIdUsingGET_1
2023-09-04 01:52:47.195 [main] INFO  s.d.s.w.r.operation.CachingOperationNameGenerator - Generating unique operation named: searchUsingGET_8
2023-09-04 01:52:47.196 [main] INFO  s.d.s.w.r.operation.CachingOperationNameGenerator - Generating unique operation named: searchUsingGET_9
2023-09-04 01:52:47.197 [main] INFO  s.d.s.w.r.operation.CachingOperationNameGenerator - Generating unique operation named: updateUsingPOST_1
2023-09-04 01:52:47.198 [main] INFO  s.d.s.w.r.operation.CachingOperationNameGenerator - Generating unique operation named: updateEnableUsingPUT_1
2023-09-04 01:52:47.200 [main] INFO  s.d.s.w.r.operation.CachingOperationNameGenerator - Generating unique operation named: addVenueUsingPOST_2
2023-09-04 01:52:47.201 [main] INFO  s.d.s.w.r.operation.CachingOperationNameGenerator - Generating unique operation named: delByIdUsingDELETE_8
2023-09-04 01:52:47.202 [main] INFO  s.d.s.w.r.operation.CachingOperationNameGenerator - Generating unique operation named: delByIdsUsingDELETE_8
2023-09-04 01:52:47.204 [main] INFO  s.d.s.w.r.operation.CachingOperationNameGenerator - Generating unique operation named: searchUsingGET_10
2023-09-04 01:52:47.204 [main] INFO  s.d.s.w.r.operation.CachingOperationNameGenerator - Generating unique operation named: searchUsingGET_11
2023-09-04 01:52:47.205 [main] INFO  s.d.s.w.r.operation.CachingOperationNameGenerator - Generating unique operation named: updateEnableUsingPUT_2
2023-09-04 01:52:47.206 [main] INFO  s.d.s.w.r.operation.CachingOperationNameGenerator - Generating unique operation named: updateVenueUsingPOST_2
2023-09-04 01:52:47.207 [main] INFO  s.d.s.w.r.operation.CachingOperationNameGenerator - Generating unique operation named: loginUsingPOST_1
2023-09-04 01:52:47.242 [main] INFO  com.tickets.TicketsApplication - Started TicketsApplication in 1.866 seconds (JVM running for 2.214)
2023-09-04 01:52:52.489 [http-nio-8080-exec-1] INFO  o.a.c.core.ContainerBase.[Tomcat].[localhost].[/] - Initializing Spring DispatcherServlet 'dispatcherServlet'
2023-09-04 01:53:41.137 [SpringContextShutdownHook] INFO  com.alibaba.druid.pool.DruidDataSource - {dataSource-0} closing ...
2023-09-04 01:53:43.368 [main] INFO  com.tickets.TicketsApplication - Starting TicketsApplication on 文文 with PID 5024 (C:\Users\11583\Desktop\ticket-project\target\classes started by 11583 in C:\Users\11583\Desktop\ticket-project)
2023-09-04 01:53:43.369 [main] INFO  com.tickets.TicketsApplication - No active profile set, falling back to default profiles: default
2023-09-04 01:53:44.051 [main] INFO  org.apache.catalina.core.StandardService - Starting service [Tomcat]
2023-09-04 01:53:44.051 [main] INFO  org.apache.catalina.core.StandardEngine - Starting Servlet engine: [Apache Tomcat/9.0.31]
2023-09-04 01:53:44.109 [main] INFO  o.a.c.core.ContainerBase.[Tomcat].[localhost].[/] - Initializing Spring embedded WebApplicationContext
2023-09-04 01:53:44.560 [main] INFO  s.d.s.w.PropertySourcedRequestMappingHandlerMapping - Mapped URL path [/v2/api-docs] onto method [springfox.documentation.swagger2.web.Swagger2Controller#getDocumentation(String, HttpServletRequest)]
2023-09-04 01:53:44.698 [main] INFO  s.d.s.web.plugins.DocumentationPluginsBootstrapper - Context refreshed
2023-09-04 01:53:44.704 [main] INFO  s.d.s.web.plugins.DocumentationPluginsBootstrapper - Found 1 custom documentation plugin(s)
2023-09-04 01:53:44.719 [main] INFO  s.d.spring.web.scanners.ApiListingReferenceScanner - Scanning for api listing references
2023-09-04 01:53:44.789 [main] INFO  s.d.s.w.r.operation.CachingOperationNameGenerator - Generating unique operation named: delByIdUsingDELETE_1
2023-09-04 01:53:44.790 [main] INFO  s.d.s.w.r.operation.CachingOperationNameGenerator - Generating unique operation named: delByIdsUsingDELETE_1
2023-09-04 01:53:44.797 [main] INFO  s.d.s.w.r.operation.CachingOperationNameGenerator - Generating unique operation named: searchUsingGET_1
2023-09-04 01:53:44.799 [main] INFO  s.d.s.w.r.operation.CachingOperationNameGenerator - Generating unique operation named: addDeviceUsingPOST_1
2023-09-04 01:53:44.800 [main] INFO  s.d.s.w.r.operation.CachingOperationNameGenerator - Generating unique operation named: delByIdUsingDELETE_2
2023-09-04 01:53:44.801 [main] INFO  s.d.s.w.r.operation.CachingOperationNameGenerator - Generating unique operation named: delByIdsUsingDELETE_2
2023-09-04 01:53:44.803 [main] INFO  s.d.s.w.r.operation.CachingOperationNameGenerator - Generating unique operation named: searchUsingGET_2
2023-09-04 01:53:44.805 [main] INFO  s.d.s.w.r.operation.CachingOperationNameGenerator - Generating unique operation named: updatDeviceUsingPOST_1
2023-09-04 01:53:44.807 [main] INFO  s.d.s.w.r.operation.CachingOperationNameGenerator - Generating unique operation named: addDeviceUsingPOST_2
2023-09-04 01:53:44.811 [main] INFO  s.d.s.w.r.operation.CachingOperationNameGenerator - Generating unique operation named: delByIdUsingDELETE_3
2023-09-04 01:53:44.812 [main] INFO  s.d.s.w.r.operation.CachingOperationNameGenerator - Generating unique operation named: delByIdsUsingDELETE_3
2023-09-04 01:53:44.815 [main] INFO  s.d.s.w.r.operation.CachingOperationNameGenerator - Generating unique operation named: searchUsingGET_3
2023-09-04 01:53:44.819 [main] INFO  s.d.s.w.r.operation.CachingOperationNameGenerator - Generating unique operation named: updatDeviceUsingPOST_2
2023-09-04 01:53:44.822 [main] INFO  s.d.s.w.r.operation.CachingOperationNameGenerator - Generating unique operation named: delByIdUsingDELETE_4
2023-09-04 01:53:44.823 [main] INFO  s.d.s.w.r.operation.CachingOperationNameGenerator - Generating unique operation named: delByIdsUsingDELETE_4
2023-09-04 01:53:44.825 [main] INFO  s.d.s.w.r.operation.CachingOperationNameGenerator - Generating unique operation named: searchUsingGET_4
2023-09-04 01:53:44.828 [main] INFO  s.d.s.w.r.operation.CachingOperationNameGenerator - Generating unique operation named: delByIdUsingDELETE_5
2023-09-04 01:53:44.829 [main] INFO  s.d.s.w.r.operation.CachingOperationNameGenerator - Generating unique operation named: delByIdsUsingDELETE_5
2023-09-04 01:53:44.831 [main] INFO  s.d.s.w.r.operation.CachingOperationNameGenerator - Generating unique operation named: searchUsingGET_5
2023-09-04 01:53:44.842 [main] INFO  s.d.s.w.r.operation.CachingOperationNameGenerator - Generating unique operation named: addUsingPOST_1
2023-09-04 01:53:44.845 [main] INFO  s.d.s.w.r.operation.CachingOperationNameGenerator - Generating unique operation named: addUsingPOST_2
2023-09-04 01:53:44.849 [main] INFO  s.d.s.w.r.operation.CachingOperationNameGenerator - Generating unique operation named: searchUsingGET_6
2023-09-04 01:53:44.850 [main] INFO  s.d.s.w.r.operation.CachingOperationNameGenerator - Generating unique operation named: addVenueUsingPOST_1
2023-09-04 01:53:44.852 [main] INFO  s.d.s.w.r.operation.CachingOperationNameGenerator - Generating unique operation named: addUsingPOST_3
2023-09-04 01:53:44.853 [main] INFO  s.d.s.w.r.operation.CachingOperationNameGenerator - Generating unique operation named: addBatchUsingPOST_1
2023-09-04 01:53:44.853 [main] INFO  s.d.s.w.r.operation.CachingOperationNameGenerator - Generating unique operation named: delByIdUsingDELETE_6
2023-09-04 01:53:44.854 [main] INFO  s.d.s.w.r.operation.CachingOperationNameGenerator - Generating unique operation named: delByIdsUsingDELETE_6
2023-09-04 01:53:44.857 [main] INFO  s.d.s.w.r.operation.CachingOperationNameGenerator - Generating unique operation named: modelDownloadUsingGET_1
2023-09-04 01:53:44.858 [main] INFO  s.d.s.w.r.operation.CachingOperationNameGenerator - Generating unique operation named: searchUsingGET_7
2023-09-04 01:53:44.859 [main] INFO  s.d.s.w.r.operation.CachingOperationNameGenerator - Generating unique operation named: updateVenueUsingPOST_1
2023-09-04 01:53:44.861 [main] INFO  s.d.s.w.r.operation.CachingOperationNameGenerator - Generating unique operation named: addUsingPOST_4
2023-09-04 01:53:44.862 [main] INFO  s.d.s.w.r.operation.CachingOperationNameGenerator - Generating unique operation named: delByIdUsingDELETE_7
2023-09-04 01:53:44.863 [main] INFO  s.d.s.w.r.operation.CachingOperationNameGenerator - Generating unique operation named: delByIdsUsingDELETE_7
2023-09-04 01:53:44.863 [main] INFO  s.d.s.w.r.operation.CachingOperationNameGenerator - Generating unique operation named: getByVaIdUsingGET_1
2023-09-04 01:53:44.865 [main] INFO  s.d.s.w.r.operation.CachingOperationNameGenerator - Generating unique operation named: searchUsingGET_8
2023-09-04 01:53:44.866 [main] INFO  s.d.s.w.r.operation.CachingOperationNameGenerator - Generating unique operation named: searchUsingGET_9
2023-09-04 01:53:44.866 [main] INFO  s.d.s.w.r.operation.CachingOperationNameGenerator - Generating unique operation named: updateUsingPOST_1
2023-09-04 01:53:44.867 [main] INFO  s.d.s.w.r.operation.CachingOperationNameGenerator - Generating unique operation named: updateEnableUsingPUT_1
2023-09-04 01:53:44.869 [main] INFO  s.d.s.w.r.operation.CachingOperationNameGenerator - Generating unique operation named: addVenueUsingPOST_2
2023-09-04 01:53:44.870 [main] INFO  s.d.s.w.r.operation.CachingOperationNameGenerator - Generating unique operation named: delByIdUsingDELETE_8
2023-09-04 01:53:44.871 [main] INFO  s.d.s.w.r.operation.CachingOperationNameGenerator - Generating unique operation named: delByIdsUsingDELETE_8
2023-09-04 01:53:44.873 [main] INFO  s.d.s.w.r.operation.CachingOperationNameGenerator - Generating unique operation named: searchUsingGET_10
2023-09-04 01:53:44.873 [main] INFO  s.d.s.w.r.operation.CachingOperationNameGenerator - Generating unique operation named: searchUsingGET_11
2023-09-04 01:53:44.874 [main] INFO  s.d.s.w.r.operation.CachingOperationNameGenerator - Generating unique operation named: updateEnableUsingPUT_2
2023-09-04 01:53:44.874 [main] INFO  s.d.s.w.r.operation.CachingOperationNameGenerator - Generating unique operation named: updateVenueUsingPOST_2
2023-09-04 01:53:44.876 [main] INFO  s.d.s.w.r.operation.CachingOperationNameGenerator - Generating unique operation named: loginUsingPOST_1
2023-09-04 01:53:44.909 [main] INFO  com.tickets.TicketsApplication - Started TicketsApplication in 1.809 seconds (JVM running for 2.16)
2023-09-04 01:53:52.739 [http-nio-8080-exec-1] INFO  o.a.c.core.ContainerBase.[Tomcat].[localhost].[/] - Initializing Spring DispatcherServlet 'dispatcherServlet'
2023-09-04 02:01:40.869 [SpringContextShutdownHook] INFO  com.alibaba.druid.pool.DruidDataSource - {dataSource-0} closing ...
2023-09-04 02:01:53.754 [main] INFO  com.tickets.TicketsApplication - Starting TicketsApplication on 文文 with PID 20072 (C:\Users\11583\Desktop\ticket-project\target\classes started by 11583 in C:\Users\11583\Desktop\ticket-project)
2023-09-04 02:01:53.756 [main] INFO  com.tickets.TicketsApplication - No active profile set, falling back to default profiles: default
2023-09-04 02:01:54.446 [main] INFO  org.apache.catalina.core.StandardService - Starting service [Tomcat]
2023-09-04 02:01:54.447 [main] INFO  org.apache.catalina.core.StandardEngine - Starting Servlet engine: [Apache Tomcat/9.0.31]
2023-09-04 02:01:54.507 [main] INFO  o.a.c.core.ContainerBase.[Tomcat].[localhost].[/] - Initializing Spring embedded WebApplicationContext
2023-09-04 02:01:54.966 [main] INFO  s.d.s.w.PropertySourcedRequestMappingHandlerMapping - Mapped URL path [/v2/api-docs] onto method [springfox.documentation.swagger2.web.Swagger2Controller#getDocumentation(String, HttpServletRequest)]
2023-09-04 02:01:55.111 [main] INFO  s.d.s.web.plugins.DocumentationPluginsBootstrapper - Context refreshed
2023-09-04 02:01:55.118 [main] INFO  s.d.s.web.plugins.DocumentationPluginsBootstrapper - Found 1 custom documentation plugin(s)
2023-09-04 02:01:55.133 [main] INFO  s.d.spring.web.scanners.ApiListingReferenceScanner - Scanning for api listing references
2023-09-04 02:01:55.205 [main] INFO  s.d.s.w.r.operation.CachingOperationNameGenerator - Generating unique operation named: delByIdUsingDELETE_1
2023-09-04 02:01:55.206 [main] INFO  s.d.s.w.r.operation.CachingOperationNameGenerator - Generating unique operation named: delByIdsUsingDELETE_1
2023-09-04 02:01:55.213 [main] INFO  s.d.s.w.r.operation.CachingOperationNameGenerator - Generating unique operation named: searchUsingGET_1
2023-09-04 02:01:55.214 [main] INFO  s.d.s.w.r.operation.CachingOperationNameGenerator - Generating unique operation named: addDeviceUsingPOST_1
2023-09-04 02:01:55.215 [main] INFO  s.d.s.w.r.operation.CachingOperationNameGenerator - Generating unique operation named: delByIdUsingDELETE_2
2023-09-04 02:01:55.216 [main] INFO  s.d.s.w.r.operation.CachingOperationNameGenerator - Generating unique operation named: delByIdsUsingDELETE_2
2023-09-04 02:01:55.218 [main] INFO  s.d.s.w.r.operation.CachingOperationNameGenerator - Generating unique operation named: searchUsingGET_2
2023-09-04 02:01:55.219 [main] INFO  s.d.s.w.r.operation.CachingOperationNameGenerator - Generating unique operation named: updatDeviceUsingPOST_1
2023-09-04 02:01:55.221 [main] INFO  s.d.s.w.r.operation.CachingOperationNameGenerator - Generating unique operation named: addDeviceUsingPOST_2
2023-09-04 02:01:55.224 [main] INFO  s.d.s.w.r.operation.CachingOperationNameGenerator - Generating unique operation named: delByIdUsingDELETE_3
2023-09-04 02:01:55.225 [main] INFO  s.d.s.w.r.operation.CachingOperationNameGenerator - Generating unique operation named: delByIdsUsingDELETE_3
2023-09-04 02:01:55.227 [main] INFO  s.d.s.w.r.operation.CachingOperationNameGenerator - Generating unique operation named: searchUsingGET_3
2023-09-04 02:01:55.231 [main] INFO  s.d.s.w.r.operation.CachingOperationNameGenerator - Generating unique operation named: updatDeviceUsingPOST_2
2023-09-04 02:01:55.233 [main] INFO  s.d.s.w.r.operation.CachingOperationNameGenerator - Generating unique operation named: delByIdUsingDELETE_4
2023-09-04 02:01:55.234 [main] INFO  s.d.s.w.r.operation.CachingOperationNameGenerator - Generating unique operation named: delByIdsUsingDELETE_4
2023-09-04 02:01:55.236 [main] INFO  s.d.s.w.r.operation.CachingOperationNameGenerator - Generating unique operation named: searchUsingGET_4
2023-09-04 02:01:55.240 [main] INFO  s.d.s.w.r.operation.CachingOperationNameGenerator - Generating unique operation named: delByIdUsingDELETE_5
2023-09-04 02:01:55.240 [main] INFO  s.d.s.w.r.operation.CachingOperationNameGenerator - Generating unique operation named: delByIdsUsingDELETE_5
2023-09-04 02:01:55.242 [main] INFO  s.d.s.w.r.operation.CachingOperationNameGenerator - Generating unique operation named: searchUsingGET_5
2023-09-04 02:01:55.255 [main] INFO  s.d.s.w.r.operation.CachingOperationNameGenerator - Generating unique operation named: addUsingPOST_1
2023-09-04 02:01:55.258 [main] INFO  s.d.s.w.r.operation.CachingOperationNameGenerator - Generating unique operation named: addUsingPOST_2
2023-09-04 02:01:55.261 [main] INFO  s.d.s.w.r.operation.CachingOperationNameGenerator - Generating unique operation named: searchUsingGET_6
2023-09-04 02:01:55.263 [main] INFO  s.d.s.w.r.operation.CachingOperationNameGenerator - Generating unique operation named: addVenueUsingPOST_1
2023-09-04 02:01:55.264 [main] INFO  s.d.s.w.r.operation.CachingOperationNameGenerator - Generating unique operation named: addUsingPOST_3
2023-09-04 02:01:55.265 [main] INFO  s.d.s.w.r.operation.CachingOperationNameGenerator - Generating unique operation named: addBatchUsingPOST_1
2023-09-04 02:01:55.266 [main] INFO  s.d.s.w.r.operation.CachingOperationNameGenerator - Generating unique operation named: delByIdUsingDELETE_6
2023-09-04 02:01:55.266 [main] INFO  s.d.s.w.r.operation.CachingOperationNameGenerator - Generating unique operation named: delByIdsUsingDELETE_6
2023-09-04 02:01:55.269 [main] INFO  s.d.s.w.r.operation.CachingOperationNameGenerator - Generating unique operation named: modelDownloadUsingGET_1
2023-09-04 02:01:55.271 [main] INFO  s.d.s.w.r.operation.CachingOperationNameGenerator - Generating unique operation named: searchUsingGET_7
2023-09-04 02:01:55.272 [main] INFO  s.d.s.w.r.operation.CachingOperationNameGenerator - Generating unique operation named: updateVenueUsingPOST_1
2023-09-04 02:01:55.274 [main] INFO  s.d.s.w.r.operation.CachingOperationNameGenerator - Generating unique operation named: addUsingPOST_4
2023-09-04 02:01:55.274 [main] INFO  s.d.s.w.r.operation.CachingOperationNameGenerator - Generating unique operation named: delByIdUsingDELETE_7
2023-09-04 02:01:55.275 [main] INFO  s.d.s.w.r.operation.CachingOperationNameGenerator - Generating unique operation named: delByIdsUsingDELETE_7
2023-09-04 02:01:55.275 [main] INFO  s.d.s.w.r.operation.CachingOperationNameGenerator - Generating unique operation named: getByVaIdUsingGET_1
2023-09-04 02:01:55.277 [main] INFO  s.d.s.w.r.operation.CachingOperationNameGenerator - Generating unique operation named: searchUsingGET_8
2023-09-04 02:01:55.278 [main] INFO  s.d.s.w.r.operation.CachingOperationNameGenerator - Generating unique operation named: searchUsingGET_9
2023-09-04 02:01:55.279 [main] INFO  s.d.s.w.r.operation.CachingOperationNameGenerator - Generating unique operation named: updateUsingPOST_1
2023-09-04 02:01:55.279 [main] INFO  s.d.s.w.r.operation.CachingOperationNameGenerator - Generating unique operation named: updateEnableUsingPUT_1
2023-09-04 02:01:55.282 [main] INFO  s.d.s.w.r.operation.CachingOperationNameGenerator - Generating unique operation named: addVenueUsingPOST_2
2023-09-04 02:01:55.283 [main] INFO  s.d.s.w.r.operation.CachingOperationNameGenerator - Generating unique operation named: delByIdUsingDELETE_8
2023-09-04 02:01:55.284 [main] INFO  s.d.s.w.r.operation.CachingOperationNameGenerator - Generating unique operation named: delByIdsUsingDELETE_8
2023-09-04 02:01:55.286 [main] INFO  s.d.s.w.r.operation.CachingOperationNameGenerator - Generating unique operation named: searchUsingGET_10
2023-09-04 02:01:55.286 [main] INFO  s.d.s.w.r.operation.CachingOperationNameGenerator - Generating unique operation named: searchUsingGET_11
2023-09-04 02:01:55.287 [main] INFO  s.d.s.w.r.operation.CachingOperationNameGenerator - Generating unique operation named: updateEnableUsingPUT_2
2023-09-04 02:01:55.288 [main] INFO  s.d.s.w.r.operation.CachingOperationNameGenerator - Generating unique operation named: updateVenueUsingPOST_2
2023-09-04 02:01:55.289 [main] INFO  s.d.s.w.r.operation.CachingOperationNameGenerator - Generating unique operation named: loginUsingPOST_1
2023-09-04 02:01:55.323 [main] INFO  com.tickets.TicketsApplication - Started TicketsApplication in 1.84 seconds (JVM running for 2.191)
2023-09-04 02:02:12.467 [http-nio-8080-exec-1] INFO  o.a.c.core.ContainerBase.[Tomcat].[localhost].[/] - Initializing Spring DispatcherServlet 'dispatcherServlet'
2023-09-04 02:10:31.022 [SpringContextShutdownHook] INFO  com.alibaba.druid.pool.DruidDataSource - {dataSource-0} closing ...
2023-09-04 02:10:33.275 [main] INFO  com.tickets.TicketsApplication - Starting TicketsApplication on 文文 with PID 4528 (C:\Users\11583\Desktop\ticket-project\target\classes started by 11583 in C:\Users\11583\Desktop\ticket-project)
2023-09-04 02:10:33.277 [main] INFO  com.tickets.TicketsApplication - No active profile set, falling back to default profiles: default
2023-09-04 02:10:33.966 [main] INFO  org.apache.catalina.core.StandardService - Starting service [Tomcat]
2023-09-04 02:10:33.966 [main] INFO  org.apache.catalina.core.StandardEngine - Starting Servlet engine: [Apache Tomcat/9.0.31]
2023-09-04 02:10:34.026 [main] INFO  o.a.c.core.ContainerBase.[Tomcat].[localhost].[/] - Initializing Spring embedded WebApplicationContext
2023-09-04 02:10:34.481 [main] INFO  s.d.s.w.PropertySourcedRequestMappingHandlerMapping - Mapped URL path [/v2/api-docs] onto method [springfox.documentation.swagger2.web.Swagger2Controller#getDocumentation(String, HttpServletRequest)]
2023-09-04 02:10:34.615 [main] INFO  s.d.s.web.plugins.DocumentationPluginsBootstrapper - Context refreshed
2023-09-04 02:10:34.621 [main] INFO  s.d.s.web.plugins.DocumentationPluginsBootstrapper - Found 1 custom documentation plugin(s)
2023-09-04 02:10:34.636 [main] INFO  s.d.spring.web.scanners.ApiListingReferenceScanner - Scanning for api listing references
2023-09-04 02:10:34.708 [main] INFO  s.d.s.w.r.operation.CachingOperationNameGenerator - Generating unique operation named: delByIdUsingDELETE_1
2023-09-04 02:10:34.710 [main] INFO  s.d.s.w.r.operation.CachingOperationNameGenerator - Generating unique operation named: delByIdsUsingDELETE_1
2023-09-04 02:10:34.716 [main] INFO  s.d.s.w.r.operation.CachingOperationNameGenerator - Generating unique operation named: searchUsingGET_1
2023-09-04 02:10:34.718 [main] INFO  s.d.s.w.r.operation.CachingOperationNameGenerator - Generating unique operation named: addDeviceUsingPOST_1
2023-09-04 02:10:34.719 [main] INFO  s.d.s.w.r.operation.CachingOperationNameGenerator - Generating unique operation named: delByIdUsingDELETE_2
2023-09-04 02:10:34.720 [main] INFO  s.d.s.w.r.operation.CachingOperationNameGenerator - Generating unique operation named: delByIdsUsingDELETE_2
2023-09-04 02:10:34.722 [main] INFO  s.d.s.w.r.operation.CachingOperationNameGenerator - Generating unique operation named: searchUsingGET_2
2023-09-04 02:10:34.723 [main] INFO  s.d.s.w.r.operation.CachingOperationNameGenerator - Generating unique operation named: updatDeviceUsingPOST_1
2023-09-04 02:10:34.726 [main] INFO  s.d.s.w.r.operation.CachingOperationNameGenerator - Generating unique operation named: addDeviceUsingPOST_2
2023-09-04 02:10:34.729 [main] INFO  s.d.s.w.r.operation.CachingOperationNameGenerator - Generating unique operation named: delByIdUsingDELETE_3
2023-09-04 02:10:34.730 [main] INFO  s.d.s.w.r.operation.CachingOperationNameGenerator - Generating unique operation named: delByIdsUsingDELETE_3
2023-09-04 02:10:34.733 [main] INFO  s.d.s.w.r.operation.CachingOperationNameGenerator - Generating unique operation named: searchUsingGET_3
2023-09-04 02:10:34.737 [main] INFO  s.d.s.w.r.operation.CachingOperationNameGenerator - Generating unique operation named: updatDeviceUsingPOST_2
2023-09-04 02:10:34.739 [main] INFO  s.d.s.w.r.operation.CachingOperationNameGenerator - Generating unique operation named: delByIdUsingDELETE_4
2023-09-04 02:10:34.740 [main] INFO  s.d.s.w.r.operation.CachingOperationNameGenerator - Generating unique operation named: delByIdsUsingDELETE_4
2023-09-04 02:10:34.742 [main] INFO  s.d.s.w.r.operation.CachingOperationNameGenerator - Generating unique operation named: searchUsingGET_4
2023-09-04 02:10:34.745 [main] INFO  s.d.s.w.r.operation.CachingOperationNameGenerator - Generating unique operation named: delByIdUsingDELETE_5
2023-09-04 02:10:34.746 [main] INFO  s.d.s.w.r.operation.CachingOperationNameGenerator - Generating unique operation named: delByIdsUsingDELETE_5
2023-09-04 02:10:34.747 [main] INFO  s.d.s.w.r.operation.CachingOperationNameGenerator - Generating unique operation named: searchUsingGET_5
2023-09-04 02:10:34.760 [main] INFO  s.d.s.w.r.operation.CachingOperationNameGenerator - Generating unique operation named: addUsingPOST_1
2023-09-04 02:10:34.762 [main] INFO  s.d.s.w.r.operation.CachingOperationNameGenerator - Generating unique operation named: addUsingPOST_2
2023-09-04 02:10:34.765 [main] INFO  s.d.s.w.r.operation.CachingOperationNameGenerator - Generating unique operation named: searchUsingGET_6
2023-09-04 02:10:34.767 [main] INFO  s.d.s.w.r.operation.CachingOperationNameGenerator - Generating unique operation named: addVenueUsingPOST_1
2023-09-04 02:10:34.768 [main] INFO  s.d.s.w.r.operation.CachingOperationNameGenerator - Generating unique operation named: addUsingPOST_3
2023-09-04 02:10:34.769 [main] INFO  s.d.s.w.r.operation.CachingOperationNameGenerator - Generating unique operation named: addBatchUsingPOST_1
2023-09-04 02:10:34.770 [main] INFO  s.d.s.w.r.operation.CachingOperationNameGenerator - Generating unique operation named: delByIdUsingDELETE_6
2023-09-04 02:10:34.770 [main] INFO  s.d.s.w.r.operation.CachingOperationNameGenerator - Generating unique operation named: delByIdsUsingDELETE_6
2023-09-04 02:10:34.773 [main] INFO  s.d.s.w.r.operation.CachingOperationNameGenerator - Generating unique operation named: modelDownloadUsingGET_1
2023-09-04 02:10:34.775 [main] INFO  s.d.s.w.r.operation.CachingOperationNameGenerator - Generating unique operation named: searchUsingGET_7
2023-09-04 02:10:34.776 [main] INFO  s.d.s.w.r.operation.CachingOperationNameGenerator - Generating unique operation named: updateVenueUsingPOST_1
2023-09-04 02:10:34.778 [main] INFO  s.d.s.w.r.operation.CachingOperationNameGenerator - Generating unique operation named: addUsingPOST_4
2023-09-04 02:10:34.778 [main] INFO  s.d.s.w.r.operation.CachingOperationNameGenerator - Generating unique operation named: delByIdUsingDELETE_7
2023-09-04 02:10:34.779 [main] INFO  s.d.s.w.r.operation.CachingOperationNameGenerator - Generating unique operation named: delByIdsUsingDELETE_7
2023-09-04 02:10:34.779 [main] INFO  s.d.s.w.r.operation.CachingOperationNameGenerator - Generating unique operation named: getByVaIdUsingGET_1
2023-09-04 02:10:34.781 [main] INFO  s.d.s.w.r.operation.CachingOperationNameGenerator - Generating unique operation named: searchUsingGET_8
2023-09-04 02:10:34.782 [main] INFO  s.d.s.w.r.operation.CachingOperationNameGenerator - Generating unique operation named: searchUsingGET_9
2023-09-04 02:10:34.782 [main] INFO  s.d.s.w.r.operation.CachingOperationNameGenerator - Generating unique operation named: updateUsingPOST_1
2023-09-04 02:10:34.783 [main] INFO  s.d.s.w.r.operation.CachingOperationNameGenerator - Generating unique operation named: updateEnableUsingPUT_1
2023-09-04 02:10:34.785 [main] INFO  s.d.s.w.r.operation.CachingOperationNameGenerator - Generating unique operation named: addVenueUsingPOST_2
2023-09-04 02:10:34.786 [main] INFO  s.d.s.w.r.operation.CachingOperationNameGenerator - Generating unique operation named: delByIdUsingDELETE_8
2023-09-04 02:10:34.787 [main] INFO  s.d.s.w.r.operation.CachingOperationNameGenerator - Generating unique operation named: delByIdsUsingDELETE_8
2023-09-04 02:10:34.788 [main] INFO  s.d.s.w.r.operation.CachingOperationNameGenerator - Generating unique operation named: searchUsingGET_10
2023-09-04 02:10:34.789 [main] INFO  s.d.s.w.r.operation.CachingOperationNameGenerator - Generating unique operation named: searchUsingGET_11
2023-09-04 02:10:34.790 [main] INFO  s.d.s.w.r.operation.CachingOperationNameGenerator - Generating unique operation named: updateEnableUsingPUT_2
2023-09-04 02:10:34.790 [main] INFO  s.d.s.w.r.operation.CachingOperationNameGenerator - Generating unique operation named: updateVenueUsingPOST_2
2023-09-04 02:10:34.792 [main] INFO  s.d.s.w.r.operation.CachingOperationNameGenerator - Generating unique operation named: loginUsingPOST_1
2023-09-04 02:10:34.826 [main] INFO  com.tickets.TicketsApplication - Started TicketsApplication in 1.824 seconds (JVM running for 2.17)
2023-09-04 02:10:38.334 [http-nio-8080-exec-1] INFO  o.a.c.core.ContainerBase.[Tomcat].[localhost].[/] - Initializing Spring DispatcherServlet 'dispatcherServlet'
