2023-09-25 13:40:28.288 [main] INFO  com.tickets.TicketsApplication - Starting TicketsApplication on 文文 with PID 36532 (C:\Users\11583\Desktop\ticket-project\target\classes started by 11583 in C:\Users\11583\Desktop\ticket-project)
2023-09-25 13:40:28.292 [main] INFO  com.tickets.TicketsApplication - No active profile set, falling back to default profiles: default
2023-09-25 13:40:29.184 [main] INFO  org.apache.catalina.core.StandardService - Starting service [Tomcat]
2023-09-25 13:40:29.185 [main] INFO  org.apache.catalina.core.StandardEngine - Starting Servlet engine: [Apache Tomcat/9.0.31]
2023-09-25 13:40:29.260 [main] INFO  o.a.c.core.ContainerBase.[Tomcat].[localhost].[/] - Initializing Spring embedded WebApplicationContext
2023-09-25 13:40:29.826 [main] INFO  s.d.s.w.PropertySourcedRequestMappingHandlerMapping - Mapped URL path [/v2/api-docs] onto method [springfox.documentation.swagger2.web.Swagger2Controller#getDocumentation(String, HttpServletRequest)]
2023-09-25 13:40:29.993 [main] INFO  org.quartz.impl.StdSchedulerFactory - Using default implementation for ThreadExecutor
2023-09-25 13:40:30.001 [main] INFO  org.quartz.core.SchedulerSignalerImpl - Initialized Scheduler Signaller of type: class org.quartz.core.SchedulerSignalerImpl
2023-09-25 13:40:30.001 [main] INFO  org.quartz.core.QuartzScheduler - Quartz Scheduler v.2.3.2 created.
2023-09-25 13:40:30.002 [main] INFO  org.quartz.simpl.RAMJobStore - RAMJobStore initialized.
2023-09-25 13:40:30.003 [main] INFO  org.quartz.core.QuartzScheduler - Scheduler meta-data: Quartz Scheduler (v2.3.2) 'quartzScheduler' with instanceId 'NON_CLUSTERED'
  Scheduler class: 'org.quartz.core.QuartzScheduler' - running locally.
  NOT STARTED.
  Currently in standby mode.
  Number of jobs executed: 0
  Using thread pool 'org.quartz.simpl.SimpleThreadPool' - with 10 threads.
  Using job-store 'org.quartz.simpl.RAMJobStore' - which does not support persistence. and is not clustered.

2023-09-25 13:40:30.003 [main] INFO  org.quartz.impl.StdSchedulerFactory - Quartz scheduler 'quartzScheduler' initialized from an externally provided properties instance.
2023-09-25 13:40:30.003 [main] INFO  org.quartz.impl.StdSchedulerFactory - Quartz scheduler version: 2.3.2
2023-09-25 13:40:30.003 [main] INFO  org.quartz.core.QuartzScheduler - JobFactory set to: org.springframework.scheduling.quartz.SpringBeanJobFactory@1dbc607d
2023-09-25 13:40:30.036 [main] INFO  s.d.s.web.plugins.DocumentationPluginsBootstrapper - Context refreshed
2023-09-25 13:40:30.045 [main] INFO  s.d.s.web.plugins.DocumentationPluginsBootstrapper - Found 1 custom documentation plugin(s)
2023-09-25 13:40:30.062 [main] INFO  s.d.spring.web.scanners.ApiListingReferenceScanner - Scanning for api listing references
2023-09-25 13:40:30.147 [main] INFO  s.d.s.w.r.operation.CachingOperationNameGenerator - Generating unique operation named: delByIdUsingDELETE_1
2023-09-25 13:40:30.148 [main] INFO  s.d.s.w.r.operation.CachingOperationNameGenerator - Generating unique operation named: delByIdsUsingDELETE_1
2023-09-25 13:40:30.155 [main] INFO  s.d.s.w.r.operation.CachingOperationNameGenerator - Generating unique operation named: searchUsingGET_1
2023-09-25 13:40:30.157 [main] INFO  s.d.s.w.r.operation.CachingOperationNameGenerator - Generating unique operation named: addDeviceUsingPOST_1
2023-09-25 13:40:30.158 [main] INFO  s.d.s.w.r.operation.CachingOperationNameGenerator - Generating unique operation named: delByIdUsingDELETE_2
2023-09-25 13:40:30.159 [main] INFO  s.d.s.w.r.operation.CachingOperationNameGenerator - Generating unique operation named: delByIdsUsingDELETE_2
2023-09-25 13:40:30.160 [main] INFO  s.d.s.w.r.operation.CachingOperationNameGenerator - Generating unique operation named: searchUsingGET_2
2023-09-25 13:40:30.161 [main] INFO  s.d.s.w.r.operation.CachingOperationNameGenerator - Generating unique operation named: updatDeviceUsingPOST_1
2023-09-25 13:40:30.163 [main] INFO  s.d.s.w.r.operation.CachingOperationNameGenerator - Generating unique operation named: addDeviceUsingPOST_2
2023-09-25 13:40:30.166 [main] INFO  s.d.s.w.r.operation.CachingOperationNameGenerator - Generating unique operation named: delByIdUsingDELETE_3
2023-09-25 13:40:30.166 [main] INFO  s.d.s.w.r.operation.CachingOperationNameGenerator - Generating unique operation named: delByIdsUsingDELETE_3
2023-09-25 13:40:30.169 [main] INFO  s.d.s.w.r.operation.CachingOperationNameGenerator - Generating unique operation named: searchUsingGET_3
2023-09-25 13:40:30.173 [main] INFO  s.d.s.w.r.operation.CachingOperationNameGenerator - Generating unique operation named: updatDeviceUsingPOST_2
2023-09-25 13:40:30.175 [main] INFO  s.d.s.w.r.operation.CachingOperationNameGenerator - Generating unique operation named: delByIdUsingDELETE_4
2023-09-25 13:40:30.175 [main] INFO  s.d.s.w.r.operation.CachingOperationNameGenerator - Generating unique operation named: delByIdsUsingDELETE_4
2023-09-25 13:40:30.177 [main] INFO  s.d.s.w.r.operation.CachingOperationNameGenerator - Generating unique operation named: searchUsingGET_4
2023-09-25 13:40:30.180 [main] INFO  s.d.s.w.r.operation.CachingOperationNameGenerator - Generating unique operation named: delByIdUsingDELETE_5
2023-09-25 13:40:30.181 [main] INFO  s.d.s.w.r.operation.CachingOperationNameGenerator - Generating unique operation named: delByIdsUsingDELETE_5
2023-09-25 13:40:30.183 [main] INFO  s.d.s.w.r.operation.CachingOperationNameGenerator - Generating unique operation named: searchUsingGET_5
2023-09-25 13:40:30.195 [main] INFO  s.d.s.w.r.operation.CachingOperationNameGenerator - Generating unique operation named: addUsingPOST_1
2023-09-25 13:40:30.198 [main] INFO  s.d.s.w.r.operation.CachingOperationNameGenerator - Generating unique operation named: addUsingPOST_2
2023-09-25 13:40:30.201 [main] INFO  s.d.s.w.r.operation.CachingOperationNameGenerator - Generating unique operation named: searchUsingGET_6
2023-09-25 13:40:30.202 [main] INFO  s.d.s.w.r.operation.CachingOperationNameGenerator - Generating unique operation named: addVenueUsingPOST_1
2023-09-25 13:40:30.204 [main] INFO  s.d.s.w.r.operation.CachingOperationNameGenerator - Generating unique operation named: addUsingPOST_3
2023-09-25 13:40:30.205 [main] INFO  s.d.s.w.r.operation.CachingOperationNameGenerator - Generating unique operation named: addBatchUsingPOST_1
2023-09-25 13:40:30.206 [main] INFO  s.d.s.w.r.operation.CachingOperationNameGenerator - Generating unique operation named: delByIdUsingDELETE_6
2023-09-25 13:40:30.206 [main] INFO  s.d.s.w.r.operation.CachingOperationNameGenerator - Generating unique operation named: delByIdsUsingDELETE_6
2023-09-25 13:40:30.209 [main] INFO  s.d.s.w.r.operation.CachingOperationNameGenerator - Generating unique operation named: modelDownloadUsingGET_1
2023-09-25 13:40:30.210 [main] INFO  s.d.s.w.r.operation.CachingOperationNameGenerator - Generating unique operation named: searchUsingGET_7
2023-09-25 13:40:30.211 [main] INFO  s.d.s.w.r.operation.CachingOperationNameGenerator - Generating unique operation named: updateVenueUsingPOST_1
2023-09-25 13:40:30.213 [main] INFO  s.d.s.w.r.operation.CachingOperationNameGenerator - Generating unique operation named: addUsingPOST_4
2023-09-25 13:40:30.214 [main] INFO  s.d.s.w.r.operation.CachingOperationNameGenerator - Generating unique operation named: delByIdUsingDELETE_7
2023-09-25 13:40:30.215 [main] INFO  s.d.s.w.r.operation.CachingOperationNameGenerator - Generating unique operation named: delByIdsUsingDELETE_7
2023-09-25 13:40:30.215 [main] INFO  s.d.s.w.r.operation.CachingOperationNameGenerator - Generating unique operation named: getByVaIdUsingGET_1
2023-09-25 13:40:30.218 [main] INFO  s.d.s.w.r.operation.CachingOperationNameGenerator - Generating unique operation named: searchUsingGET_8
2023-09-25 13:40:30.219 [main] INFO  s.d.s.w.r.operation.CachingOperationNameGenerator - Generating unique operation named: searchUsingGET_9
2023-09-25 13:40:30.219 [main] INFO  s.d.s.w.r.operation.CachingOperationNameGenerator - Generating unique operation named: updateUsingPOST_1
2023-09-25 13:40:30.220 [main] INFO  s.d.s.w.r.operation.CachingOperationNameGenerator - Generating unique operation named: updateEnableUsingPUT_1
2023-09-25 13:40:30.222 [main] INFO  s.d.s.w.r.operation.CachingOperationNameGenerator - Generating unique operation named: addVenueUsingPOST_2
2023-09-25 13:40:30.222 [main] INFO  s.d.s.w.r.operation.CachingOperationNameGenerator - Generating unique operation named: delByIdUsingDELETE_8
2023-09-25 13:40:30.223 [main] INFO  s.d.s.w.r.operation.CachingOperationNameGenerator - Generating unique operation named: delByIdsUsingDELETE_8
2023-09-25 13:40:30.224 [main] INFO  s.d.s.w.r.operation.CachingOperationNameGenerator - Generating unique operation named: searchUsingGET_10
2023-09-25 13:40:30.225 [main] INFO  s.d.s.w.r.operation.CachingOperationNameGenerator - Generating unique operation named: searchUsingGET_11
2023-09-25 13:40:30.225 [main] INFO  s.d.s.w.r.operation.CachingOperationNameGenerator - Generating unique operation named: updateEnableUsingPUT_2
2023-09-25 13:40:30.226 [main] INFO  s.d.s.w.r.operation.CachingOperationNameGenerator - Generating unique operation named: updateVenueUsingPOST_2
2023-09-25 13:40:30.227 [main] INFO  s.d.s.w.r.operation.CachingOperationNameGenerator - Generating unique operation named: loginUsingPOST_1
2023-09-25 13:40:30.233 [main] INFO  org.quartz.core.QuartzScheduler - Scheduler quartzScheduler_$_NON_CLUSTERED started.
2023-09-25 13:40:30.269 [main] INFO  com.tickets.TicketsApplication - Started TicketsApplication in 2.325 seconds (JVM running for 3.414)
2023-09-25 13:40:40.772 [http-nio-8080-exec-1] INFO  o.a.c.core.ContainerBase.[Tomcat].[localhost].[/] - Initializing Spring DispatcherServlet 'dispatcherServlet'
2023-09-25 13:40:40.862 [http-nio-8080-exec-2] INFO  com.alibaba.druid.pool.DruidDataSource - {dataSource-1} inited
2023-09-25 13:45:22.550 [SpringContextShutdownHook] INFO  org.quartz.core.QuartzScheduler - Scheduler quartzScheduler_$_NON_CLUSTERED paused.
2023-09-25 13:45:22.551 [SpringContextShutdownHook] INFO  org.quartz.core.QuartzScheduler - Scheduler quartzScheduler_$_NON_CLUSTERED shutting down.
2023-09-25 13:45:22.551 [SpringContextShutdownHook] INFO  org.quartz.core.QuartzScheduler - Scheduler quartzScheduler_$_NON_CLUSTERED paused.
2023-09-25 13:45:22.551 [SpringContextShutdownHook] INFO  org.quartz.core.QuartzScheduler - Scheduler quartzScheduler_$_NON_CLUSTERED shutdown complete.
2023-09-25 13:45:22.552 [SpringContextShutdownHook] INFO  com.alibaba.druid.pool.DruidDataSource - {dataSource-1} closing ...
2023-09-25 13:45:22.557 [SpringContextShutdownHook] INFO  com.alibaba.druid.pool.DruidDataSource - {dataSource-1} closed
2023-09-25 13:45:28.066 [main] INFO  com.tickets.TicketsApplication - Starting TicketsApplication on 文文 with PID 14084 (C:\Users\11583\Desktop\ticket-project\target\classes started by 11583 in C:\Users\11583\Desktop\ticket-project)
2023-09-25 13:45:28.068 [main] INFO  com.tickets.TicketsApplication - No active profile set, falling back to default profiles: default
2023-09-25 13:45:28.839 [main] INFO  org.apache.catalina.core.StandardService - Starting service [Tomcat]
2023-09-25 13:45:28.839 [main] INFO  org.apache.catalina.core.StandardEngine - Starting Servlet engine: [Apache Tomcat/9.0.31]
2023-09-25 13:45:28.906 [main] INFO  o.a.c.core.ContainerBase.[Tomcat].[localhost].[/] - Initializing Spring embedded WebApplicationContext
2023-09-25 13:45:29.414 [main] INFO  s.d.s.w.PropertySourcedRequestMappingHandlerMapping - Mapped URL path [/v2/api-docs] onto method [springfox.documentation.swagger2.web.Swagger2Controller#getDocumentation(String, HttpServletRequest)]
2023-09-25 13:45:29.564 [main] INFO  org.quartz.impl.StdSchedulerFactory - Using default implementation for ThreadExecutor
2023-09-25 13:45:29.571 [main] INFO  org.quartz.core.SchedulerSignalerImpl - Initialized Scheduler Signaller of type: class org.quartz.core.SchedulerSignalerImpl
2023-09-25 13:45:29.571 [main] INFO  org.quartz.core.QuartzScheduler - Quartz Scheduler v.2.3.2 created.
2023-09-25 13:45:29.572 [main] INFO  org.quartz.simpl.RAMJobStore - RAMJobStore initialized.
2023-09-25 13:45:29.572 [main] INFO  org.quartz.core.QuartzScheduler - Scheduler meta-data: Quartz Scheduler (v2.3.2) 'quartzScheduler' with instanceId 'NON_CLUSTERED'
  Scheduler class: 'org.quartz.core.QuartzScheduler' - running locally.
  NOT STARTED.
  Currently in standby mode.
  Number of jobs executed: 0
  Using thread pool 'org.quartz.simpl.SimpleThreadPool' - with 10 threads.
  Using job-store 'org.quartz.simpl.RAMJobStore' - which does not support persistence. and is not clustered.

2023-09-25 13:45:29.572 [main] INFO  org.quartz.impl.StdSchedulerFactory - Quartz scheduler 'quartzScheduler' initialized from an externally provided properties instance.
2023-09-25 13:45:29.572 [main] INFO  org.quartz.impl.StdSchedulerFactory - Quartz scheduler version: 2.3.2
2023-09-25 13:45:29.572 [main] INFO  org.quartz.core.QuartzScheduler - JobFactory set to: org.springframework.scheduling.quartz.SpringBeanJobFactory@41f40dfa
2023-09-25 13:45:29.603 [main] INFO  s.d.s.web.plugins.DocumentationPluginsBootstrapper - Context refreshed
2023-09-25 13:45:29.612 [main] INFO  s.d.s.web.plugins.DocumentationPluginsBootstrapper - Found 1 custom documentation plugin(s)
2023-09-25 13:45:29.629 [main] INFO  s.d.spring.web.scanners.ApiListingReferenceScanner - Scanning for api listing references
2023-09-25 13:45:29.723 [main] INFO  s.d.s.w.r.operation.CachingOperationNameGenerator - Generating unique operation named: delByIdUsingDELETE_1
2023-09-25 13:45:29.724 [main] INFO  s.d.s.w.r.operation.CachingOperationNameGenerator - Generating unique operation named: delByIdsUsingDELETE_1
2023-09-25 13:45:29.731 [main] INFO  s.d.s.w.r.operation.CachingOperationNameGenerator - Generating unique operation named: searchUsingGET_1
2023-09-25 13:45:29.732 [main] INFO  s.d.s.w.r.operation.CachingOperationNameGenerator - Generating unique operation named: addDeviceUsingPOST_1
2023-09-25 13:45:29.733 [main] INFO  s.d.s.w.r.operation.CachingOperationNameGenerator - Generating unique operation named: delByIdUsingDELETE_2
2023-09-25 13:45:29.733 [main] INFO  s.d.s.w.r.operation.CachingOperationNameGenerator - Generating unique operation named: delByIdsUsingDELETE_2
2023-09-25 13:45:29.735 [main] INFO  s.d.s.w.r.operation.CachingOperationNameGenerator - Generating unique operation named: searchUsingGET_2
2023-09-25 13:45:29.736 [main] INFO  s.d.s.w.r.operation.CachingOperationNameGenerator - Generating unique operation named: updatDeviceUsingPOST_1
2023-09-25 13:45:29.738 [main] INFO  s.d.s.w.r.operation.CachingOperationNameGenerator - Generating unique operation named: addDeviceUsingPOST_2
2023-09-25 13:45:29.741 [main] INFO  s.d.s.w.r.operation.CachingOperationNameGenerator - Generating unique operation named: delByIdUsingDELETE_3
2023-09-25 13:45:29.742 [main] INFO  s.d.s.w.r.operation.CachingOperationNameGenerator - Generating unique operation named: delByIdsUsingDELETE_3
2023-09-25 13:45:29.744 [main] INFO  s.d.s.w.r.operation.CachingOperationNameGenerator - Generating unique operation named: searchUsingGET_3
2023-09-25 13:45:29.748 [main] INFO  s.d.s.w.r.operation.CachingOperationNameGenerator - Generating unique operation named: updatDeviceUsingPOST_2
2023-09-25 13:45:29.749 [main] INFO  s.d.s.w.r.operation.CachingOperationNameGenerator - Generating unique operation named: delByIdUsingDELETE_4
2023-09-25 13:45:29.750 [main] INFO  s.d.s.w.r.operation.CachingOperationNameGenerator - Generating unique operation named: delByIdsUsingDELETE_4
2023-09-25 13:45:29.752 [main] INFO  s.d.s.w.r.operation.CachingOperationNameGenerator - Generating unique operation named: searchUsingGET_4
2023-09-25 13:45:29.757 [main] INFO  s.d.s.w.r.operation.CachingOperationNameGenerator - Generating unique operation named: delByIdUsingDELETE_5
2023-09-25 13:45:29.757 [main] INFO  s.d.s.w.r.operation.CachingOperationNameGenerator - Generating unique operation named: delByIdsUsingDELETE_5
2023-09-25 13:45:29.759 [main] INFO  s.d.s.w.r.operation.CachingOperationNameGenerator - Generating unique operation named: searchUsingGET_5
2023-09-25 13:45:29.770 [main] INFO  s.d.s.w.r.operation.CachingOperationNameGenerator - Generating unique operation named: addUsingPOST_1
2023-09-25 13:45:29.773 [main] INFO  s.d.s.w.r.operation.CachingOperationNameGenerator - Generating unique operation named: addUsingPOST_2
2023-09-25 13:45:29.776 [main] INFO  s.d.s.w.r.operation.CachingOperationNameGenerator - Generating unique operation named: searchUsingGET_6
2023-09-25 13:45:29.778 [main] INFO  s.d.s.w.r.operation.CachingOperationNameGenerator - Generating unique operation named: addVenueUsingPOST_1
2023-09-25 13:45:29.780 [main] INFO  s.d.s.w.r.operation.CachingOperationNameGenerator - Generating unique operation named: addUsingPOST_3
2023-09-25 13:45:29.780 [main] INFO  s.d.s.w.r.operation.CachingOperationNameGenerator - Generating unique operation named: addBatchUsingPOST_1
2023-09-25 13:45:29.781 [main] INFO  s.d.s.w.r.operation.CachingOperationNameGenerator - Generating unique operation named: delByIdUsingDELETE_6
2023-09-25 13:45:29.781 [main] INFO  s.d.s.w.r.operation.CachingOperationNameGenerator - Generating unique operation named: delByIdsUsingDELETE_6
2023-09-25 13:45:29.783 [main] INFO  s.d.s.w.r.operation.CachingOperationNameGenerator - Generating unique operation named: modelDownloadUsingGET_1
2023-09-25 13:45:29.785 [main] INFO  s.d.s.w.r.operation.CachingOperationNameGenerator - Generating unique operation named: searchUsingGET_7
2023-09-25 13:45:29.786 [main] INFO  s.d.s.w.r.operation.CachingOperationNameGenerator - Generating unique operation named: updateVenueUsingPOST_1
2023-09-25 13:45:29.788 [main] INFO  s.d.s.w.r.operation.CachingOperationNameGenerator - Generating unique operation named: addUsingPOST_4
2023-09-25 13:45:29.789 [main] INFO  s.d.s.w.r.operation.CachingOperationNameGenerator - Generating unique operation named: delByIdUsingDELETE_7
2023-09-25 13:45:29.789 [main] INFO  s.d.s.w.r.operation.CachingOperationNameGenerator - Generating unique operation named: delByIdsUsingDELETE_7
2023-09-25 13:45:29.790 [main] INFO  s.d.s.w.r.operation.CachingOperationNameGenerator - Generating unique operation named: getByVaIdUsingGET_1
2023-09-25 13:45:29.792 [main] INFO  s.d.s.w.r.operation.CachingOperationNameGenerator - Generating unique operation named: searchUsingGET_8
2023-09-25 13:45:29.793 [main] INFO  s.d.s.w.r.operation.CachingOperationNameGenerator - Generating unique operation named: searchUsingGET_9
2023-09-25 13:45:29.793 [main] INFO  s.d.s.w.r.operation.CachingOperationNameGenerator - Generating unique operation named: updateUsingPOST_1
2023-09-25 13:45:29.794 [main] INFO  s.d.s.w.r.operation.CachingOperationNameGenerator - Generating unique operation named: updateEnableUsingPUT_1
2023-09-25 13:45:29.796 [main] INFO  s.d.s.w.r.operation.CachingOperationNameGenerator - Generating unique operation named: addVenueUsingPOST_2
2023-09-25 13:45:29.797 [main] INFO  s.d.s.w.r.operation.CachingOperationNameGenerator - Generating unique operation named: delByIdUsingDELETE_8
2023-09-25 13:45:29.798 [main] INFO  s.d.s.w.r.operation.CachingOperationNameGenerator - Generating unique operation named: delByIdsUsingDELETE_8
2023-09-25 13:45:29.799 [main] INFO  s.d.s.w.r.operation.CachingOperationNameGenerator - Generating unique operation named: searchUsingGET_10
2023-09-25 13:45:29.800 [main] INFO  s.d.s.w.r.operation.CachingOperationNameGenerator - Generating unique operation named: searchUsingGET_11
2023-09-25 13:45:29.800 [main] INFO  s.d.s.w.r.operation.CachingOperationNameGenerator - Generating unique operation named: updateEnableUsingPUT_2
2023-09-25 13:45:29.801 [main] INFO  s.d.s.w.r.operation.CachingOperationNameGenerator - Generating unique operation named: updateVenueUsingPOST_2
2023-09-25 13:45:29.803 [main] INFO  s.d.s.w.r.operation.CachingOperationNameGenerator - Generating unique operation named: loginUsingPOST_1
2023-09-25 13:45:29.808 [main] INFO  org.quartz.core.QuartzScheduler - Scheduler quartzScheduler_$_NON_CLUSTERED started.
2023-09-25 13:45:29.851 [main] INFO  com.tickets.TicketsApplication - Started TicketsApplication in 2.159 seconds (JVM running for 2.575)
2023-09-25 14:11:18.677 [http-nio-8080-exec-1] INFO  o.a.c.core.ContainerBase.[Tomcat].[localhost].[/] - Initializing Spring DispatcherServlet 'dispatcherServlet'
2023-09-25 14:11:18.897 [Timer-0] INFO  com.alibaba.druid.pool.DruidDataSource - {dataSource-1} inited
2023-09-25 14:23:54.715 [SpringContextShutdownHook] INFO  org.quartz.core.QuartzScheduler - Scheduler quartzScheduler_$_NON_CLUSTERED paused.
2023-09-25 14:23:54.716 [SpringContextShutdownHook] INFO  org.quartz.core.QuartzScheduler - Scheduler quartzScheduler_$_NON_CLUSTERED shutting down.
2023-09-25 14:23:54.716 [SpringContextShutdownHook] INFO  org.quartz.core.QuartzScheduler - Scheduler quartzScheduler_$_NON_CLUSTERED paused.
2023-09-25 14:23:54.716 [SpringContextShutdownHook] INFO  org.quartz.core.QuartzScheduler - Scheduler quartzScheduler_$_NON_CLUSTERED shutdown complete.
2023-09-25 14:23:54.720 [SpringContextShutdownHook] INFO  com.alibaba.druid.pool.DruidDataSource - {dataSource-1} closing ...
2023-09-25 14:23:54.724 [SpringContextShutdownHook] INFO  com.alibaba.druid.pool.DruidDataSource - {dataSource-1} closed
2023-09-25 14:24:12.900 [main] INFO  com.tickets.TicketsApplication - Starting TicketsApplication on 文文 with PID 35492 (C:\Users\11583\Desktop\ticket-project\target\classes started by 11583 in C:\Users\11583\Desktop\ticket-project)
2023-09-25 14:24:12.902 [main] INFO  com.tickets.TicketsApplication - No active profile set, falling back to default profiles: default
2023-09-25 14:24:13.678 [main] INFO  org.apache.catalina.core.StandardService - Starting service [Tomcat]
2023-09-25 14:24:13.679 [main] INFO  org.apache.catalina.core.StandardEngine - Starting Servlet engine: [Apache Tomcat/9.0.31]
2023-09-25 14:24:13.746 [main] INFO  o.a.c.core.ContainerBase.[Tomcat].[localhost].[/] - Initializing Spring embedded WebApplicationContext
2023-09-25 14:24:14.247 [main] INFO  s.d.s.w.PropertySourcedRequestMappingHandlerMapping - Mapped URL path [/v2/api-docs] onto method [springfox.documentation.swagger2.web.Swagger2Controller#getDocumentation(String, HttpServletRequest)]
2023-09-25 14:24:14.387 [main] INFO  org.quartz.impl.StdSchedulerFactory - Using default implementation for ThreadExecutor
2023-09-25 14:24:14.395 [main] INFO  org.quartz.core.SchedulerSignalerImpl - Initialized Scheduler Signaller of type: class org.quartz.core.SchedulerSignalerImpl
2023-09-25 14:24:14.395 [main] INFO  org.quartz.core.QuartzScheduler - Quartz Scheduler v.2.3.2 created.
2023-09-25 14:24:14.396 [main] INFO  org.quartz.simpl.RAMJobStore - RAMJobStore initialized.
2023-09-25 14:24:14.396 [main] INFO  org.quartz.core.QuartzScheduler - Scheduler meta-data: Quartz Scheduler (v2.3.2) 'quartzScheduler' with instanceId 'NON_CLUSTERED'
  Scheduler class: 'org.quartz.core.QuartzScheduler' - running locally.
  NOT STARTED.
  Currently in standby mode.
  Number of jobs executed: 0
  Using thread pool 'org.quartz.simpl.SimpleThreadPool' - with 10 threads.
  Using job-store 'org.quartz.simpl.RAMJobStore' - which does not support persistence. and is not clustered.

2023-09-25 14:24:14.396 [main] INFO  org.quartz.impl.StdSchedulerFactory - Quartz scheduler 'quartzScheduler' initialized from an externally provided properties instance.
2023-09-25 14:24:14.396 [main] INFO  org.quartz.impl.StdSchedulerFactory - Quartz scheduler version: 2.3.2
2023-09-25 14:24:14.396 [main] INFO  org.quartz.core.QuartzScheduler - JobFactory set to: org.springframework.scheduling.quartz.SpringBeanJobFactory@6408be5
2023-09-25 14:24:14.424 [main] INFO  s.d.s.web.plugins.DocumentationPluginsBootstrapper - Context refreshed
2023-09-25 14:24:14.431 [main] INFO  s.d.s.web.plugins.DocumentationPluginsBootstrapper - Found 1 custom documentation plugin(s)
2023-09-25 14:24:14.448 [main] INFO  s.d.spring.web.scanners.ApiListingReferenceScanner - Scanning for api listing references
2023-09-25 14:24:14.542 [main] INFO  s.d.s.w.r.operation.CachingOperationNameGenerator - Generating unique operation named: delByIdUsingDELETE_1
2023-09-25 14:24:14.544 [main] INFO  s.d.s.w.r.operation.CachingOperationNameGenerator - Generating unique operation named: delByIdsUsingDELETE_1
2023-09-25 14:24:14.552 [main] INFO  s.d.s.w.r.operation.CachingOperationNameGenerator - Generating unique operation named: searchUsingGET_1
2023-09-25 14:24:14.553 [main] INFO  s.d.s.w.r.operation.CachingOperationNameGenerator - Generating unique operation named: addDeviceUsingPOST_1
2023-09-25 14:24:14.554 [main] INFO  s.d.s.w.r.operation.CachingOperationNameGenerator - Generating unique operation named: delByIdUsingDELETE_2
2023-09-25 14:24:14.554 [main] INFO  s.d.s.w.r.operation.CachingOperationNameGenerator - Generating unique operation named: delByIdsUsingDELETE_2
2023-09-25 14:24:14.556 [main] INFO  s.d.s.w.r.operation.CachingOperationNameGenerator - Generating unique operation named: searchUsingGET_2
2023-09-25 14:24:14.557 [main] INFO  s.d.s.w.r.operation.CachingOperationNameGenerator - Generating unique operation named: updatDeviceUsingPOST_1
2023-09-25 14:24:14.560 [main] INFO  s.d.s.w.r.operation.CachingOperationNameGenerator - Generating unique operation named: addDeviceUsingPOST_2
2023-09-25 14:24:14.563 [main] INFO  s.d.s.w.r.operation.CachingOperationNameGenerator - Generating unique operation named: delByIdUsingDELETE_3
2023-09-25 14:24:14.563 [main] INFO  s.d.s.w.r.operation.CachingOperationNameGenerator - Generating unique operation named: delByIdsUsingDELETE_3
2023-09-25 14:24:14.565 [main] INFO  s.d.s.w.r.operation.CachingOperationNameGenerator - Generating unique operation named: searchUsingGET_3
2023-09-25 14:24:14.569 [main] INFO  s.d.s.w.r.operation.CachingOperationNameGenerator - Generating unique operation named: updatDeviceUsingPOST_2
2023-09-25 14:24:14.571 [main] INFO  s.d.s.w.r.operation.CachingOperationNameGenerator - Generating unique operation named: delByIdUsingDELETE_4
2023-09-25 14:24:14.571 [main] INFO  s.d.s.w.r.operation.CachingOperationNameGenerator - Generating unique operation named: delByIdsUsingDELETE_4
2023-09-25 14:24:14.573 [main] INFO  s.d.s.w.r.operation.CachingOperationNameGenerator - Generating unique operation named: searchUsingGET_4
2023-09-25 14:24:14.576 [main] INFO  s.d.s.w.r.operation.CachingOperationNameGenerator - Generating unique operation named: delByIdUsingDELETE_5
2023-09-25 14:24:14.577 [main] INFO  s.d.s.w.r.operation.CachingOperationNameGenerator - Generating unique operation named: delByIdsUsingDELETE_5
2023-09-25 14:24:14.578 [main] INFO  s.d.s.w.r.operation.CachingOperationNameGenerator - Generating unique operation named: searchUsingGET_5
2023-09-25 14:24:14.591 [main] INFO  s.d.s.w.r.operation.CachingOperationNameGenerator - Generating unique operation named: addUsingPOST_1
2023-09-25 14:24:14.594 [main] INFO  s.d.s.w.r.operation.CachingOperationNameGenerator - Generating unique operation named: addUsingPOST_2
2023-09-25 14:24:14.597 [main] INFO  s.d.s.w.r.operation.CachingOperationNameGenerator - Generating unique operation named: searchUsingGET_6
2023-09-25 14:24:14.598 [main] INFO  s.d.s.w.r.operation.CachingOperationNameGenerator - Generating unique operation named: addVenueUsingPOST_1
2023-09-25 14:24:14.599 [main] INFO  s.d.s.w.r.operation.CachingOperationNameGenerator - Generating unique operation named: addUsingPOST_3
2023-09-25 14:24:14.600 [main] INFO  s.d.s.w.r.operation.CachingOperationNameGenerator - Generating unique operation named: addBatchUsingPOST_1
2023-09-25 14:24:14.601 [main] INFO  s.d.s.w.r.operation.CachingOperationNameGenerator - Generating unique operation named: delByIdUsingDELETE_6
2023-09-25 14:24:14.601 [main] INFO  s.d.s.w.r.operation.CachingOperationNameGenerator - Generating unique operation named: delByIdsUsingDELETE_6
2023-09-25 14:24:14.603 [main] INFO  s.d.s.w.r.operation.CachingOperationNameGenerator - Generating unique operation named: modelDownloadUsingGET_1
2023-09-25 14:24:14.605 [main] INFO  s.d.s.w.r.operation.CachingOperationNameGenerator - Generating unique operation named: searchUsingGET_7
2023-09-25 14:24:14.606 [main] INFO  s.d.s.w.r.operation.CachingOperationNameGenerator - Generating unique operation named: updateVenueUsingPOST_1
2023-09-25 14:24:14.608 [main] INFO  s.d.s.w.r.operation.CachingOperationNameGenerator - Generating unique operation named: addUsingPOST_4
2023-09-25 14:24:14.609 [main] INFO  s.d.s.w.r.operation.CachingOperationNameGenerator - Generating unique operation named: delByIdUsingDELETE_7
2023-09-25 14:24:14.609 [main] INFO  s.d.s.w.r.operation.CachingOperationNameGenerator - Generating unique operation named: delByIdsUsingDELETE_7
2023-09-25 14:24:14.609 [main] INFO  s.d.s.w.r.operation.CachingOperationNameGenerator - Generating unique operation named: getByVaIdUsingGET_1
2023-09-25 14:24:14.612 [main] INFO  s.d.s.w.r.operation.CachingOperationNameGenerator - Generating unique operation named: searchUsingGET_8
2023-09-25 14:24:14.612 [main] INFO  s.d.s.w.r.operation.CachingOperationNameGenerator - Generating unique operation named: searchUsingGET_9
2023-09-25 14:24:14.613 [main] INFO  s.d.s.w.r.operation.CachingOperationNameGenerator - Generating unique operation named: updateUsingPOST_1
2023-09-25 14:24:14.613 [main] INFO  s.d.s.w.r.operation.CachingOperationNameGenerator - Generating unique operation named: updateEnableUsingPUT_1
2023-09-25 14:24:14.615 [main] INFO  s.d.s.w.r.operation.CachingOperationNameGenerator - Generating unique operation named: addVenueUsingPOST_2
2023-09-25 14:24:14.615 [main] INFO  s.d.s.w.r.operation.CachingOperationNameGenerator - Generating unique operation named: delByIdUsingDELETE_8
2023-09-25 14:24:14.616 [main] INFO  s.d.s.w.r.operation.CachingOperationNameGenerator - Generating unique operation named: delByIdsUsingDELETE_8
2023-09-25 14:24:14.617 [main] INFO  s.d.s.w.r.operation.CachingOperationNameGenerator - Generating unique operation named: searchUsingGET_10
2023-09-25 14:24:14.618 [main] INFO  s.d.s.w.r.operation.CachingOperationNameGenerator - Generating unique operation named: searchUsingGET_11
2023-09-25 14:24:14.618 [main] INFO  s.d.s.w.r.operation.CachingOperationNameGenerator - Generating unique operation named: updateEnableUsingPUT_2
2023-09-25 14:24:14.619 [main] INFO  s.d.s.w.r.operation.CachingOperationNameGenerator - Generating unique operation named: updateVenueUsingPOST_2
2023-09-25 14:24:14.620 [main] INFO  s.d.s.w.r.operation.CachingOperationNameGenerator - Generating unique operation named: loginUsingPOST_1
2023-09-25 14:24:14.626 [main] INFO  org.quartz.core.QuartzScheduler - Scheduler quartzScheduler_$_NON_CLUSTERED started.
2023-09-25 14:24:14.664 [main] INFO  com.tickets.TicketsApplication - Started TicketsApplication in 2.124 seconds (JVM running for 2.545)
2023-09-25 14:24:23.714 [http-nio-8080-exec-1] INFO  o.a.c.core.ContainerBase.[Tomcat].[localhost].[/] - Initializing Spring DispatcherServlet 'dispatcherServlet'
2023-09-25 14:24:23.965 [Timer-0] INFO  com.alibaba.druid.pool.DruidDataSource - {dataSource-1} inited
2023-09-25 14:26:57.811 [SpringContextShutdownHook] INFO  org.quartz.core.QuartzScheduler - Scheduler quartzScheduler_$_NON_CLUSTERED paused.
2023-09-25 14:26:57.812 [SpringContextShutdownHook] INFO  org.quartz.core.QuartzScheduler - Scheduler quartzScheduler_$_NON_CLUSTERED shutting down.
2023-09-25 14:26:57.812 [SpringContextShutdownHook] INFO  org.quartz.core.QuartzScheduler - Scheduler quartzScheduler_$_NON_CLUSTERED paused.
2023-09-25 14:26:57.812 [SpringContextShutdownHook] INFO  org.quartz.core.QuartzScheduler - Scheduler quartzScheduler_$_NON_CLUSTERED shutdown complete.
2023-09-25 14:26:57.813 [SpringContextShutdownHook] INFO  com.alibaba.druid.pool.DruidDataSource - {dataSource-1} closing ...
2023-09-25 14:26:57.814 [SpringContextShutdownHook] INFO  com.alibaba.druid.pool.DruidDataSource - {dataSource-1} closed
