2024-01-16 12:33:46.131 [main] INFO  com.tickets.TicketsApplication - Starting TicketsApplication using Java 21 with PID 11100 (C:\Users\11583\Desktop\ticket-project\target\classes started by 11583 in C:\Users\11583\Desktop\ticket-project)
2024-01-16 12:33:46.133 [main] INFO  com.tickets.TicketsApplication - No active profile set, falling back to 1 default profile: "default"
2024-01-16 12:33:47.358 [main] INFO  org.apache.catalina.core.StandardService - Starting service [Tomcat]
2024-01-16 12:33:47.359 [main] INFO  org.apache.catalina.core.StandardEngine - Starting Servlet engine: [Apache Tomcat/10.1.13]
2024-01-16 12:33:47.427 [main] INFO  o.a.c.core.ContainerBase.[Tomcat].[localhost].[/] - Initializing Spring embedded WebApplicationContext
2024-01-16 12:33:48.639 [main] INFO  com.tickets.TicketsApplication - Started TicketsApplication in 2.949 seconds (process running for 3.847)
2024-01-16 12:33:49.202 [RMI TCP Connection(3)-192.168.1.5] INFO  o.a.c.core.ContainerBase.[Tomcat].[localhost].[/] - Initializing Spring DispatcherServlet 'dispatcherServlet'
2024-01-16 12:33:49.233 [RMI TCP Connection(2)-192.168.1.5] INFO  com.alibaba.druid.pool.DruidDataSource - {dataSource-1} inited
2024-01-16 12:37:48.090 [SpringApplicationShutdownHook] INFO  com.alibaba.druid.pool.DruidDataSource - {dataSource-1} closing ...
2024-01-16 12:37:48.091 [SpringApplicationShutdownHook] INFO  com.alibaba.druid.pool.DruidDataSource - {dataSource-1} closed
2024-01-16 12:37:53.199 [main] INFO  com.tickets.TicketsApplication - Starting TicketsApplication using Java 21 with PID 15792 (C:\Users\11583\Desktop\ticket-project\target\classes started by 11583 in C:\Users\11583\Desktop\ticket-project)
2024-01-16 12:37:53.200 [main] INFO  com.tickets.TicketsApplication - No active profile set, falling back to 1 default profile: "default"
2024-01-16 12:37:54.237 [main] INFO  org.apache.catalina.core.StandardService - Starting service [Tomcat]
2024-01-16 12:37:54.237 [main] INFO  org.apache.catalina.core.StandardEngine - Starting Servlet engine: [Apache Tomcat/10.1.13]
2024-01-16 12:37:54.296 [main] INFO  o.a.c.core.ContainerBase.[Tomcat].[localhost].[/] - Initializing Spring embedded WebApplicationContext
2024-01-16 12:37:55.348 [main] INFO  com.tickets.TicketsApplication - Started TicketsApplication in 2.508 seconds (process running for 2.968)
2024-01-16 12:37:55.738 [RMI TCP Connection(3)-192.168.1.5] INFO  o.a.c.core.ContainerBase.[Tomcat].[localhost].[/] - Initializing Spring DispatcherServlet 'dispatcherServlet'
2024-01-16 12:37:55.762 [RMI TCP Connection(4)-192.168.1.5] INFO  com.alibaba.druid.pool.DruidDataSource - {dataSource-1} inited
2024-01-16 12:38:03.899 [SpringApplicationShutdownHook] INFO  com.alibaba.druid.pool.DruidDataSource - {dataSource-1} closing ...
2024-01-16 12:38:03.903 [SpringApplicationShutdownHook] INFO  com.alibaba.druid.pool.DruidDataSource - {dataSource-1} closed
2024-01-16 12:38:17.911 [main] INFO  com.tickets.TicketsApplication - Starting TicketsApplication using Java 21 with PID 19756 (C:\Users\11583\Desktop\ticket-project\target\classes started by 11583 in C:\Users\11583\Desktop\ticket-project)
2024-01-16 12:38:17.913 [main] INFO  com.tickets.TicketsApplication - No active profile set, falling back to 1 default profile: "default"
2024-01-16 12:40:09.099 [main] INFO  com.tickets.TicketsApplication - Starting TicketsApplication using Java 21 with PID 21116 (C:\Users\11583\Desktop\ticket-project\target\classes started by 11583 in C:\Users\11583\Desktop\ticket-project)
2024-01-16 12:40:09.101 [main] INFO  com.tickets.TicketsApplication - No active profile set, falling back to 1 default profile: "default"
2024-01-16 12:40:10.010 [main] INFO  org.apache.catalina.core.StandardService - Starting service [Tomcat]
2024-01-16 12:40:10.010 [main] INFO  org.apache.catalina.core.StandardEngine - Starting Servlet engine: [Apache Tomcat/10.1.13]
2024-01-16 12:40:10.070 [main] INFO  o.a.c.core.ContainerBase.[Tomcat].[localhost].[/] - Initializing Spring embedded WebApplicationContext
2024-01-16 12:40:11.156 [main] INFO  com.tickets.TicketsApplication - Started TicketsApplication in 2.387 seconds (process running for 2.785)
2024-01-16 12:40:11.531 [RMI TCP Connection(1)-192.168.1.5] INFO  o.a.c.core.ContainerBase.[Tomcat].[localhost].[/] - Initializing Spring DispatcherServlet 'dispatcherServlet'
2024-01-16 12:40:11.553 [RMI TCP Connection(2)-192.168.1.5] INFO  com.alibaba.druid.pool.DruidDataSource - {dataSource-1} inited
2024-01-16 12:40:51.537 [SpringApplicationShutdownHook] INFO  com.alibaba.druid.pool.DruidDataSource - {dataSource-1} closing ...
2024-01-16 12:40:51.541 [SpringApplicationShutdownHook] INFO  com.alibaba.druid.pool.DruidDataSource - {dataSource-1} closed
2024-01-16 12:40:52.981 [main] INFO  com.tickets.TicketsApplication - Starting TicketsApplication using Java 21 with PID 19720 (C:\Users\11583\Desktop\ticket-project\target\classes started by 11583 in C:\Users\11583\Desktop\ticket-project)
2024-01-16 12:40:52.982 [main] INFO  com.tickets.TicketsApplication - No active profile set, falling back to 1 default profile: "default"
2024-01-16 12:40:53.865 [main] INFO  org.apache.catalina.core.StandardService - Starting service [Tomcat]
2024-01-16 12:40:53.865 [main] INFO  org.apache.catalina.core.StandardEngine - Starting Servlet engine: [Apache Tomcat/10.1.13]
2024-01-16 12:40:53.922 [main] INFO  o.a.c.core.ContainerBase.[Tomcat].[localhost].[/] - Initializing Spring embedded WebApplicationContext
2024-01-16 12:40:54.955 [main] INFO  com.tickets.TicketsApplication - Started TicketsApplication in 2.288 seconds (process running for 2.687)
2024-01-16 12:40:55.441 [RMI TCP Connection(3)-192.168.1.5] INFO  o.a.c.core.ContainerBase.[Tomcat].[localhost].[/] - Initializing Spring DispatcherServlet 'dispatcherServlet'
2024-01-16 12:40:55.464 [RMI TCP Connection(2)-192.168.1.5] INFO  com.alibaba.druid.pool.DruidDataSource - {dataSource-1} inited
2024-01-16 12:58:40.110 [SpringApplicationShutdownHook] INFO  com.alibaba.druid.pool.DruidDataSource - {dataSource-1} closing ...
2024-01-16 12:58:40.113 [SpringApplicationShutdownHook] INFO  com.alibaba.druid.pool.DruidDataSource - {dataSource-1} closed
2024-01-16 12:59:00.722 [main] INFO  com.tickets.TicketsApplication - Starting TicketsApplication using Java 21 with PID 13720 (C:\Users\11583\Desktop\ticket-project\target\classes started by 11583 in C:\Users\11583\Desktop\ticket-project)
2024-01-16 12:59:00.723 [main] INFO  com.tickets.TicketsApplication - No active profile set, falling back to 1 default profile: "default"
2024-01-16 12:59:48.958 [main] INFO  com.tickets.TicketsApplication - Starting TicketsApplication using Java 21 with PID 15176 (C:\Users\11583\Desktop\ticket-project\target\classes started by 11583 in C:\Users\11583\Desktop\ticket-project)
2024-01-16 12:59:48.959 [main] INFO  com.tickets.TicketsApplication - No active profile set, falling back to 1 default profile: "default"
2024-01-16 12:59:49.849 [main] INFO  org.apache.catalina.core.StandardService - Starting service [Tomcat]
2024-01-16 12:59:49.849 [main] INFO  org.apache.catalina.core.StandardEngine - Starting Servlet engine: [Apache Tomcat/10.1.13]
2024-01-16 12:59:49.924 [main] INFO  o.a.c.core.ContainerBase.[Tomcat].[localhost].[/] - Initializing Spring embedded WebApplicationContext
2024-01-16 12:59:51.063 [main] INFO  com.tickets.TicketsApplication - Started TicketsApplication in 2.422 seconds (process running for 2.786)
2024-01-16 12:59:51.417 [RMI TCP Connection(2)-192.168.1.5] INFO  o.a.c.core.ContainerBase.[Tomcat].[localhost].[/] - Initializing Spring DispatcherServlet 'dispatcherServlet'
2024-01-16 12:59:51.439 [RMI TCP Connection(3)-192.168.1.5] INFO  com.alibaba.druid.pool.DruidDataSource - {dataSource-1} inited
2024-01-16 13:02:21.326 [main] INFO  com.tickets.TicketsApplication - Starting TicketsApplication using Java 21 with PID 17588 (C:\Users\11583\Desktop\ticket-project\target\classes started by 11583 in C:\Users\11583\Desktop\ticket-project)
2024-01-16 13:02:21.327 [main] INFO  com.tickets.TicketsApplication - No active profile set, falling back to 1 default profile: "default"
2024-01-16 13:02:30.016 [main] INFO  com.tickets.TicketsApplication - Starting TicketsApplication using Java 21 with PID 6784 (C:\Users\11583\Desktop\ticket-project\target\classes started by 11583 in C:\Users\11583\Desktop\ticket-project)
2024-01-16 13:02:30.017 [main] INFO  com.tickets.TicketsApplication - No active profile set, falling back to 1 default profile: "default"
2024-01-16 13:03:40.145 [SpringApplicationShutdownHook] INFO  com.alibaba.druid.pool.DruidDataSource - {dataSource-1} closing ...
2024-01-16 13:03:40.148 [SpringApplicationShutdownHook] INFO  com.alibaba.druid.pool.DruidDataSource - {dataSource-1} closed
2024-01-16 13:03:44.134 [main] INFO  com.tickets.TicketsApplication - Starting TicketsApplication using Java 21 with PID 2020 (C:\Users\11583\Desktop\ticket-project\target\classes started by 11583 in C:\Users\11583\Desktop\ticket-project)
2024-01-16 13:03:44.135 [main] INFO  com.tickets.TicketsApplication - No active profile set, falling back to 1 default profile: "default"
2024-01-16 13:03:45.033 [main] INFO  org.apache.catalina.core.StandardService - Starting service [Tomcat]
2024-01-16 13:03:45.033 [main] INFO  org.apache.catalina.core.StandardEngine - Starting Servlet engine: [Apache Tomcat/10.1.13]
2024-01-16 13:03:45.100 [main] INFO  o.a.c.core.ContainerBase.[Tomcat].[localhost].[/] - Initializing Spring embedded WebApplicationContext
2024-01-16 13:03:46.252 [main] INFO  com.tickets.TicketsApplication - Started TicketsApplication in 2.434 seconds (process running for 2.81)
2024-01-16 13:03:46.585 [RMI TCP Connection(2)-192.168.1.5] INFO  o.a.c.core.ContainerBase.[Tomcat].[localhost].[/] - Initializing Spring DispatcherServlet 'dispatcherServlet'
2024-01-16 13:03:46.607 [RMI TCP Connection(3)-192.168.1.5] INFO  com.alibaba.druid.pool.DruidDataSource - {dataSource-1} inited
2024-01-16 13:07:29.951 [SpringApplicationShutdownHook] INFO  com.alibaba.druid.pool.DruidDataSource - {dataSource-1} closing ...
2024-01-16 13:07:29.954 [SpringApplicationShutdownHook] INFO  com.alibaba.druid.pool.DruidDataSource - {dataSource-1} closed
2024-01-16 13:07:31.440 [main] INFO  com.tickets.TicketsApplication - Starting TicketsApplication using Java 21 with PID 21244 (C:\Users\11583\Desktop\ticket-project\target\classes started by 11583 in C:\Users\11583\Desktop\ticket-project)
2024-01-16 13:07:31.441 [main] INFO  com.tickets.TicketsApplication - No active profile set, falling back to 1 default profile: "default"
2024-01-16 13:07:32.314 [main] INFO  org.apache.catalina.core.StandardService - Starting service [Tomcat]
2024-01-16 13:07:32.314 [main] INFO  org.apache.catalina.core.StandardEngine - Starting Servlet engine: [Apache Tomcat/10.1.13]
2024-01-16 13:07:32.377 [main] INFO  o.a.c.core.ContainerBase.[Tomcat].[localhost].[/] - Initializing Spring embedded WebApplicationContext
2024-01-16 13:07:33.428 [main] INFO  com.tickets.TicketsApplication - Started TicketsApplication in 2.312 seconds (process running for 2.723)
2024-01-16 13:07:33.848 [RMI TCP Connection(1)-192.168.1.5] INFO  o.a.c.core.ContainerBase.[Tomcat].[localhost].[/] - Initializing Spring DispatcherServlet 'dispatcherServlet'
2024-01-16 13:07:33.872 [RMI TCP Connection(2)-192.168.1.5] INFO  com.alibaba.druid.pool.DruidDataSource - {dataSource-1} inited
2024-01-16 13:33:17.543 [SpringApplicationShutdownHook] INFO  com.alibaba.druid.pool.DruidDataSource - {dataSource-1} closing ...
2024-01-16 13:33:17.546 [SpringApplicationShutdownHook] INFO  com.alibaba.druid.pool.DruidDataSource - {dataSource-1} closed
2024-01-16 13:33:21.227 [main] INFO  com.tickets.TicketsApplication - Starting TicketsApplication using Java 21 with PID 17716 (C:\Users\11583\Desktop\ticket-project\target\classes started by 11583 in C:\Users\11583\Desktop\ticket-project)
2024-01-16 13:33:21.228 [main] INFO  com.tickets.TicketsApplication - No active profile set, falling back to 1 default profile: "default"
2024-01-16 13:33:22.219 [main] INFO  org.apache.catalina.core.StandardService - Starting service [Tomcat]
2024-01-16 13:33:22.219 [main] INFO  org.apache.catalina.core.StandardEngine - Starting Servlet engine: [Apache Tomcat/10.1.13]
2024-01-16 13:33:22.282 [main] INFO  o.a.c.core.ContainerBase.[Tomcat].[localhost].[/] - Initializing Spring embedded WebApplicationContext
2024-01-16 13:33:23.398 [main] INFO  com.tickets.TicketsApplication - Started TicketsApplication in 2.532 seconds (process running for 2.953)
2024-01-16 13:33:23.580 [RMI TCP Connection(3)-192.168.1.5] INFO  o.a.c.core.ContainerBase.[Tomcat].[localhost].[/] - Initializing Spring DispatcherServlet 'dispatcherServlet'
2024-01-16 13:33:23.602 [RMI TCP Connection(1)-192.168.1.5] INFO  com.alibaba.druid.pool.DruidDataSource - {dataSource-1} inited
2024-01-16 13:41:20.850 [SpringApplicationShutdownHook] INFO  com.alibaba.druid.pool.DruidDataSource - {dataSource-1} closing ...
2024-01-16 13:41:20.853 [SpringApplicationShutdownHook] INFO  com.alibaba.druid.pool.DruidDataSource - {dataSource-1} closed
2024-01-16 13:42:50.215 [main] INFO  com.tickets.TicketsApplication - Starting TicketsApplication using Java 21 with PID 18472 (C:\Users\11583\Desktop\ticket-project\target\classes started by 11583 in C:\Users\11583\Desktop\ticket-project)
2024-01-16 13:42:50.216 [main] INFO  com.tickets.TicketsApplication - No active profile set, falling back to 1 default profile: "default"
2024-01-16 13:43:44.991 [main] INFO  com.tickets.TicketsApplication - Starting TicketsApplication using Java 21 with PID 9488 (C:\Users\11583\Desktop\ticket-project\target\classes started by 11583 in C:\Users\11583\Desktop\ticket-project)
2024-01-16 13:43:44.993 [main] INFO  com.tickets.TicketsApplication - No active profile set, falling back to 1 default profile: "default"
2024-01-16 13:43:45.947 [main] INFO  org.apache.catalina.core.StandardService - Starting service [Tomcat]
2024-01-16 13:43:45.948 [main] INFO  org.apache.catalina.core.StandardEngine - Starting Servlet engine: [Apache Tomcat/10.1.13]
2024-01-16 13:43:46.009 [main] INFO  o.a.c.core.ContainerBase.[Tomcat].[localhost].[/] - Initializing Spring embedded WebApplicationContext
2024-01-16 13:43:47.076 [main] INFO  com.tickets.TicketsApplication - Started TicketsApplication in 2.403 seconds (process running for 2.815)
2024-01-16 13:43:47.407 [RMI TCP Connection(3)-192.168.1.5] INFO  o.a.c.core.ContainerBase.[Tomcat].[localhost].[/] - Initializing Spring DispatcherServlet 'dispatcherServlet'
2024-01-16 13:43:47.430 [RMI TCP Connection(2)-192.168.1.5] INFO  com.alibaba.druid.pool.DruidDataSource - {dataSource-1} inited
2024-01-16 13:45:06.001 [SpringApplicationShutdownHook] INFO  com.alibaba.druid.pool.DruidDataSource - {dataSource-1} closing ...
2024-01-16 13:45:06.004 [SpringApplicationShutdownHook] INFO  com.alibaba.druid.pool.DruidDataSource - {dataSource-1} closed
2024-01-16 21:21:36.545 [main] INFO  com.tickets.TicketsApplication - Starting TicketsApplication using Java 21 with PID 25232 (C:\Users\11583\Desktop\ticket-project\target\classes started by 11583 in C:\Users\11583\Desktop\ticket-project)
2024-01-16 21:21:36.546 [main] INFO  com.tickets.TicketsApplication - No active profile set, falling back to 1 default profile: "default"
2024-01-16 21:21:37.444 [main] INFO  org.apache.catalina.core.StandardService - Starting service [Tomcat]
2024-01-16 21:21:37.444 [main] INFO  org.apache.catalina.core.StandardEngine - Starting Servlet engine: [Apache Tomcat/10.1.13]
2024-01-16 21:21:37.505 [main] INFO  o.a.c.core.ContainerBase.[Tomcat].[localhost].[/] - Initializing Spring embedded WebApplicationContext
2024-01-16 21:21:38.668 [main] INFO  com.tickets.TicketsApplication - Started TicketsApplication in 2.428 seconds (process running for 2.812)
2024-01-16 21:21:39.013 [RMI TCP Connection(1)-192.168.1.5] INFO  o.a.c.core.ContainerBase.[Tomcat].[localhost].[/] - Initializing Spring DispatcherServlet 'dispatcherServlet'
2024-01-16 21:21:39.037 [RMI TCP Connection(2)-192.168.1.5] INFO  com.alibaba.druid.pool.DruidDataSource - {dataSource-1} inited
2024-01-16 21:55:41.599 [SpringApplicationShutdownHook] INFO  com.alibaba.druid.pool.DruidDataSource - {dataSource-1} closing ...
2024-01-16 21:55:41.603 [SpringApplicationShutdownHook] INFO  com.alibaba.druid.pool.DruidDataSource - {dataSource-1} closed
2024-01-16 21:55:44.777 [main] INFO  com.tickets.TicketsApplication - Starting TicketsApplication using Java 21 with PID 24020 (C:\Users\11583\Desktop\ticket-project\target\classes started by 11583 in C:\Users\11583\Desktop\ticket-project)
2024-01-16 21:55:44.778 [main] INFO  com.tickets.TicketsApplication - No active profile set, falling back to 1 default profile: "default"
2024-01-16 21:55:45.686 [main] INFO  org.apache.catalina.core.StandardService - Starting service [Tomcat]
2024-01-16 21:55:45.687 [main] INFO  org.apache.catalina.core.StandardEngine - Starting Servlet engine: [Apache Tomcat/10.1.13]
2024-01-16 21:55:45.748 [main] INFO  o.a.c.core.ContainerBase.[Tomcat].[localhost].[/] - Initializing Spring embedded WebApplicationContext
2024-01-16 21:55:46.868 [main] INFO  com.tickets.TicketsApplication - Started TicketsApplication in 2.404 seconds (process running for 2.835)
2024-01-16 21:55:47.270 [RMI TCP Connection(2)-192.168.1.5] INFO  o.a.c.core.ContainerBase.[Tomcat].[localhost].[/] - Initializing Spring DispatcherServlet 'dispatcherServlet'
2024-01-16 21:55:47.294 [RMI TCP Connection(1)-192.168.1.5] INFO  com.alibaba.druid.pool.DruidDataSource - {dataSource-1} inited
2024-01-16 22:07:47.820 [SpringApplicationShutdownHook] INFO  com.alibaba.druid.pool.DruidDataSource - {dataSource-1} closing ...
2024-01-16 22:07:47.823 [SpringApplicationShutdownHook] INFO  com.alibaba.druid.pool.DruidDataSource - {dataSource-1} closed
2024-01-16 22:07:49.363 [main] INFO  com.tickets.TicketsApplication - Starting TicketsApplication using Java 21 with PID 7960 (C:\Users\11583\Desktop\ticket-project\target\classes started by 11583 in C:\Users\11583\Desktop\ticket-project)
2024-01-16 22:07:49.365 [main] INFO  com.tickets.TicketsApplication - No active profile set, falling back to 1 default profile: "default"
2024-01-16 22:07:50.245 [main] INFO  org.apache.catalina.core.StandardService - Starting service [Tomcat]
2024-01-16 22:07:50.245 [main] INFO  org.apache.catalina.core.StandardEngine - Starting Servlet engine: [Apache Tomcat/10.1.13]
2024-01-16 22:07:50.306 [main] INFO  o.a.c.core.ContainerBase.[Tomcat].[localhost].[/] - Initializing Spring embedded WebApplicationContext
2024-01-16 22:07:51.386 [main] INFO  com.tickets.TicketsApplication - Started TicketsApplication in 2.368 seconds (process running for 2.777)
2024-01-16 22:07:51.854 [RMI TCP Connection(5)-192.168.1.5] INFO  o.a.c.core.ContainerBase.[Tomcat].[localhost].[/] - Initializing Spring DispatcherServlet 'dispatcherServlet'
2024-01-16 22:07:51.876 [RMI TCP Connection(4)-192.168.1.5] INFO  com.alibaba.druid.pool.DruidDataSource - {dataSource-1} inited
2024-01-16 22:11:50.029 [SpringApplicationShutdownHook] INFO  com.alibaba.druid.pool.DruidDataSource - {dataSource-1} closing ...
2024-01-16 22:11:50.034 [SpringApplicationShutdownHook] INFO  com.alibaba.druid.pool.DruidDataSource - {dataSource-1} closed
2024-01-16 22:11:51.871 [main] INFO  com.tickets.TicketsApplication - Starting TicketsApplication using Java 21 with PID 23272 (C:\Users\11583\Desktop\ticket-project\target\classes started by 11583 in C:\Users\11583\Desktop\ticket-project)
2024-01-16 22:11:51.872 [main] INFO  com.tickets.TicketsApplication - No active profile set, falling back to 1 default profile: "default"
2024-01-16 22:11:52.766 [main] INFO  org.apache.catalina.core.StandardService - Starting service [Tomcat]
2024-01-16 22:11:52.766 [main] INFO  org.apache.catalina.core.StandardEngine - Starting Servlet engine: [Apache Tomcat/10.1.13]
2024-01-16 22:11:52.824 [main] INFO  o.a.c.core.ContainerBase.[Tomcat].[localhost].[/] - Initializing Spring embedded WebApplicationContext
2024-01-16 22:11:53.907 [main] INFO  com.tickets.TicketsApplication - Started TicketsApplication in 2.367 seconds (process running for 2.791)
2024-01-16 22:11:54.353 [RMI TCP Connection(3)-192.168.1.5] INFO  o.a.c.core.ContainerBase.[Tomcat].[localhost].[/] - Initializing Spring DispatcherServlet 'dispatcherServlet'
2024-01-16 22:11:54.377 [RMI TCP Connection(2)-192.168.1.5] INFO  com.alibaba.druid.pool.DruidDataSource - {dataSource-1} inited
