2024-06-26 15:59:00.752 [main] INFO  com.tickets.TicketsApplication - Starting TicketsApplication using Java 21 with PID 117800 (C:\Users\wen\IdeaProjects\ticket-project\target\classes started by wen in C:\Users\wen\IdeaProjects\ticket-project)
2024-06-26 15:59:00.756 [main] INFO  com.tickets.TicketsApplication - No active profile set, falling back to 1 default profile: "default"
2024-06-26 15:59:01.910 [main] INFO  org.apache.catalina.core.StandardService - Starting service [Tomcat]
2024-06-26 15:59:01.910 [main] INFO  org.apache.catalina.core.StandardEngine - Starting Servlet engine: [Apache Tomcat/10.1.13]
2024-06-26 15:59:02.024 [main] INFO  o.a.c.core.ContainerBase.[Tomcat].[localhost].[/] - Initializing Spring embedded WebApplicationContext
2024-06-26 15:59:03.865 [main] INFO  com.tickets.TicketsApplication - Started TicketsApplication in 3.613 seconds (process running for 4.291)
2024-06-26 15:59:04.214 [http-nio-8087-exec-2] INFO  o.a.c.core.ContainerBase.[Tomcat].[localhost].[/] - Initializing Spring DispatcherServlet 'dispatcherServlet'
2024-06-26 15:59:04.492 [http-nio-8087-exec-1] INFO  com.alibaba.druid.pool.DruidDataSource - {dataSource-1} inited
2024-06-26 16:02:43.000 [SpringApplicationShutdownHook] INFO  com.alibaba.druid.pool.DruidDataSource - {dataSource-1} closing ...
2024-06-26 16:02:43.007 [SpringApplicationShutdownHook] INFO  com.alibaba.druid.pool.DruidDataSource - {dataSource-1} closed
2024-06-26 16:08:45.766 [main] INFO  com.tickets.TicketsApplication - Starting TicketsApplication using Java 21 with PID 108840 (C:\Users\wen\IdeaProjects\ticket-project\target\classes started by wen in C:\Users\wen\IdeaProjects\ticket-project)
2024-06-26 16:08:45.767 [main] INFO  com.tickets.TicketsApplication - No active profile set, falling back to 1 default profile: "default"
2024-06-26 16:08:47.581 [main] INFO  org.apache.catalina.core.StandardService - Starting service [Tomcat]
2024-06-26 16:08:47.581 [main] INFO  org.apache.catalina.core.StandardEngine - Starting Servlet engine: [Apache Tomcat/10.1.13]
2024-06-26 16:08:47.791 [main] INFO  o.a.c.core.ContainerBase.[Tomcat].[localhost].[/] - Initializing Spring embedded WebApplicationContext
2024-06-26 16:08:50.522 [main] INFO  com.tickets.TicketsApplication - Started TicketsApplication in 5.131 seconds (process running for 5.779)
2024-06-26 16:08:51.333 [RMI TCP Connection(14)-192.168.1.2] INFO  o.a.c.core.ContainerBase.[Tomcat].[localhost].[/] - Initializing Spring DispatcherServlet 'dispatcherServlet'
2024-06-26 16:08:51.388 [RMI TCP Connection(15)-192.168.1.2] INFO  com.alibaba.druid.pool.DruidDataSource - {dataSource-1} inited
2024-06-26 16:11:09.660 [SpringApplicationShutdownHook] INFO  com.alibaba.druid.pool.DruidDataSource - {dataSource-1} closing ...
2024-06-26 16:11:09.664 [SpringApplicationShutdownHook] INFO  com.alibaba.druid.pool.DruidDataSource - {dataSource-1} closed
2024-06-26 16:11:19.675 [main] INFO  com.tickets.TicketsApplication - Starting TicketsApplication using Java 21 with PID 74632 (C:\Users\wen\IdeaProjects\ticket-project\target\classes started by wen in C:\Users\wen\IdeaProjects\ticket-project)
2024-06-26 16:11:19.677 [main] INFO  com.tickets.TicketsApplication - No active profile set, falling back to 1 default profile: "default"
2024-06-26 16:11:21.030 [main] INFO  org.apache.catalina.core.StandardService - Starting service [Tomcat]
2024-06-26 16:11:21.030 [main] INFO  org.apache.catalina.core.StandardEngine - Starting Servlet engine: [Apache Tomcat/10.1.13]
2024-06-26 16:11:21.109 [main] INFO  o.a.c.core.ContainerBase.[Tomcat].[localhost].[/] - Initializing Spring embedded WebApplicationContext
2024-06-26 16:11:22.939 [main] INFO  com.tickets.TicketsApplication - Started TicketsApplication in 3.679 seconds (process running for 4.226)
2024-06-26 16:11:23.676 [RMI TCP Connection(4)-192.168.1.2] INFO  o.a.c.core.ContainerBase.[Tomcat].[localhost].[/] - Initializing Spring DispatcherServlet 'dispatcherServlet'
2024-06-26 16:11:23.712 [RMI TCP Connection(5)-192.168.1.2] INFO  com.alibaba.druid.pool.DruidDataSource - {dataSource-1} inited
2024-06-26 16:13:59.742 [SpringApplicationShutdownHook] INFO  com.alibaba.druid.pool.DruidDataSource - {dataSource-1} closing ...
2024-06-26 16:13:59.749 [SpringApplicationShutdownHook] INFO  com.alibaba.druid.pool.DruidDataSource - {dataSource-1} closed
2024-06-26 16:15:14.651 [main] INFO  com.tickets.TicketsApplication - Starting TicketsApplication using Java 21 with PID 115580 (C:\Users\wen\IdeaProjects\ticket-project\target\classes started by wen in C:\Users\wen\IdeaProjects\ticket-project)
2024-06-26 16:15:14.653 [main] INFO  com.tickets.TicketsApplication - No active profile set, falling back to 1 default profile: "default"
2024-06-26 16:15:16.023 [main] INFO  org.apache.catalina.core.StandardService - Starting service [Tomcat]
2024-06-26 16:15:16.024 [main] INFO  org.apache.catalina.core.StandardEngine - Starting Servlet engine: [Apache Tomcat/10.1.13]
2024-06-26 16:15:16.118 [main] INFO  o.a.c.core.ContainerBase.[Tomcat].[localhost].[/] - Initializing Spring embedded WebApplicationContext
2024-06-26 16:15:18.022 [main] INFO  com.tickets.TicketsApplication - Started TicketsApplication in 3.894 seconds (process running for 4.657)
2024-06-26 16:15:18.963 [RMI TCP Connection(3)-192.168.1.2] INFO  o.a.c.core.ContainerBase.[Tomcat].[localhost].[/] - Initializing Spring DispatcherServlet 'dispatcherServlet'
2024-06-26 16:15:19.075 [RMI TCP Connection(2)-192.168.1.2] INFO  com.alibaba.druid.pool.DruidDataSource - {dataSource-1} inited
2024-06-26 16:16:26.878 [SpringApplicationShutdownHook] INFO  com.alibaba.druid.pool.DruidDataSource - {dataSource-1} closing ...
2024-06-26 16:16:26.885 [SpringApplicationShutdownHook] INFO  com.alibaba.druid.pool.DruidDataSource - {dataSource-1} closed
2024-06-26 16:16:33.950 [main] INFO  com.tickets.TicketsApplication - Starting TicketsApplication using Java 21 with PID 112336 (C:\Users\wen\IdeaProjects\ticket-project\target\classes started by wen in C:\Users\wen\IdeaProjects\ticket-project)
2024-06-26 16:16:33.953 [main] INFO  com.tickets.TicketsApplication - No active profile set, falling back to 1 default profile: "default"
2024-06-26 16:16:35.403 [main] INFO  org.apache.catalina.core.StandardService - Starting service [Tomcat]
2024-06-26 16:16:35.403 [main] INFO  org.apache.catalina.core.StandardEngine - Starting Servlet engine: [Apache Tomcat/10.1.13]
2024-06-26 16:16:35.505 [main] INFO  o.a.c.core.ContainerBase.[Tomcat].[localhost].[/] - Initializing Spring embedded WebApplicationContext
2024-06-26 16:16:37.299 [main] INFO  com.tickets.TicketsApplication - Started TicketsApplication in 3.955 seconds (process running for 4.777)
2024-06-26 16:16:38.968 [RMI TCP Connection(2)-192.168.1.2] INFO  o.a.c.core.ContainerBase.[Tomcat].[localhost].[/] - Initializing Spring DispatcherServlet 'dispatcherServlet'
2024-06-26 16:16:39.227 [RMI TCP Connection(1)-192.168.1.2] INFO  com.alibaba.druid.pool.DruidDataSource - {dataSource-1} inited
2024-06-26 16:20:20.428 [SpringApplicationShutdownHook] INFO  com.alibaba.druid.pool.DruidDataSource - {dataSource-1} closing ...
2024-06-26 16:20:20.486 [SpringApplicationShutdownHook] INFO  com.alibaba.druid.pool.DruidDataSource - {dataSource-1} closed
2024-06-26 16:23:00.288 [main] INFO  com.tickets.TicketsApplication - Starting TicketsApplication using Java 21 with PID 43408 (C:\Users\wen\IdeaProjects\ticket-project\target\classes started by wen in C:\Users\wen\IdeaProjects\ticket-project)
2024-06-26 16:23:00.289 [main] INFO  com.tickets.TicketsApplication - No active profile set, falling back to 1 default profile: "default"
2024-06-26 16:23:01.455 [main] INFO  org.apache.catalina.core.StandardService - Starting service [Tomcat]
2024-06-26 16:23:01.455 [main] INFO  org.apache.catalina.core.StandardEngine - Starting Servlet engine: [Apache Tomcat/10.1.13]
2024-06-26 16:23:01.565 [main] INFO  o.a.c.core.ContainerBase.[Tomcat].[localhost].[/] - Initializing Spring embedded WebApplicationContext
2024-06-26 16:23:03.377 [main] INFO  com.tickets.TicketsApplication - Started TicketsApplication in 3.493 seconds (process running for 4.07)
2024-06-26 16:23:03.969 [RMI TCP Connection(2)-192.168.1.2] INFO  o.a.c.core.ContainerBase.[Tomcat].[localhost].[/] - Initializing Spring DispatcherServlet 'dispatcherServlet'
2024-06-26 16:23:04.106 [RMI TCP Connection(3)-192.168.1.2] INFO  com.alibaba.druid.pool.DruidDataSource - {dataSource-1} inited
2024-06-26 16:23:36.748 [SpringApplicationShutdownHook] INFO  com.alibaba.druid.pool.DruidDataSource - {dataSource-1} closing ...
2024-06-26 16:23:36.752 [SpringApplicationShutdownHook] INFO  com.alibaba.druid.pool.DruidDataSource - {dataSource-1} closed
2024-06-26 16:23:43.840 [main] INFO  com.tickets.TicketsApplication - Starting TicketsApplication using Java 21 with PID 101732 (C:\Users\wen\IdeaProjects\ticket-project\target\classes started by wen in C:\Users\wen\IdeaProjects\ticket-project)
2024-06-26 16:23:43.843 [main] INFO  com.tickets.TicketsApplication - No active profile set, falling back to 1 default profile: "default"
2024-06-26 16:23:45.107 [main] INFO  org.apache.catalina.core.StandardService - Starting service [Tomcat]
2024-06-26 16:23:45.107 [main] INFO  org.apache.catalina.core.StandardEngine - Starting Servlet engine: [Apache Tomcat/10.1.13]
2024-06-26 16:23:45.194 [main] INFO  o.a.c.core.ContainerBase.[Tomcat].[localhost].[/] - Initializing Spring embedded WebApplicationContext
2024-06-26 16:23:46.904 [main] INFO  com.tickets.TicketsApplication - Started TicketsApplication in 3.68 seconds (process running for 4.265)
2024-06-26 16:23:47.780 [RMI TCP Connection(4)-192.168.1.2] INFO  o.a.c.core.ContainerBase.[Tomcat].[localhost].[/] - Initializing Spring DispatcherServlet 'dispatcherServlet'
2024-06-26 16:23:47.877 [RMI TCP Connection(3)-192.168.1.2] INFO  com.alibaba.druid.pool.DruidDataSource - {dataSource-1} inited
2024-06-26 16:25:32.891 [SpringApplicationShutdownHook] INFO  com.alibaba.druid.pool.DruidDataSource - {dataSource-1} closing ...
2024-06-26 16:25:32.918 [SpringApplicationShutdownHook] INFO  com.alibaba.druid.pool.DruidDataSource - {dataSource-1} closed
2024-06-26 16:25:39.474 [main] INFO  com.tickets.TicketsApplication - Starting TicketsApplication using Java 21 with PID 117960 (C:\Users\wen\IdeaProjects\ticket-project\target\classes started by wen in C:\Users\wen\IdeaProjects\ticket-project)
2024-06-26 16:25:39.476 [main] INFO  com.tickets.TicketsApplication - No active profile set, falling back to 1 default profile: "default"
2024-06-26 16:25:40.955 [main] INFO  org.apache.catalina.core.StandardService - Starting service [Tomcat]
2024-06-26 16:25:40.956 [main] INFO  org.apache.catalina.core.StandardEngine - Starting Servlet engine: [Apache Tomcat/10.1.13]
2024-06-26 16:25:41.070 [main] INFO  o.a.c.core.ContainerBase.[Tomcat].[localhost].[/] - Initializing Spring embedded WebApplicationContext
2024-06-26 16:25:43.150 [main] INFO  com.tickets.TicketsApplication - Started TicketsApplication in 4.204 seconds (process running for 4.814)
2024-06-26 16:25:44.978 [RMI TCP Connection(3)-192.168.1.2] INFO  o.a.c.core.ContainerBase.[Tomcat].[localhost].[/] - Initializing Spring DispatcherServlet 'dispatcherServlet'
2024-06-26 16:25:45.100 [RMI TCP Connection(1)-192.168.1.2] INFO  com.alibaba.druid.pool.DruidDataSource - {dataSource-1} inited
2024-06-26 16:34:15.953 [SpringApplicationShutdownHook] INFO  com.alibaba.druid.pool.DruidDataSource - {dataSource-1} closing ...
2024-06-26 16:34:15.963 [SpringApplicationShutdownHook] INFO  com.alibaba.druid.pool.DruidDataSource - {dataSource-1} closed
2024-06-26 16:34:22.666 [main] INFO  com.tickets.TicketsApplication - Starting TicketsApplication using Java 21 with PID 118384 (C:\Users\wen\IdeaProjects\ticket-project\target\classes started by wen in C:\Users\wen\IdeaProjects\ticket-project)
2024-06-26 16:34:22.679 [main] INFO  com.tickets.TicketsApplication - No active profile set, falling back to 1 default profile: "default"
2024-06-26 16:34:24.263 [main] INFO  org.apache.catalina.core.StandardService - Starting service [Tomcat]
2024-06-26 16:34:24.263 [main] INFO  org.apache.catalina.core.StandardEngine - Starting Servlet engine: [Apache Tomcat/10.1.13]
2024-06-26 16:34:24.347 [main] INFO  o.a.c.core.ContainerBase.[Tomcat].[localhost].[/] - Initializing Spring embedded WebApplicationContext
2024-06-26 16:34:25.963 [main] INFO  com.tickets.TicketsApplication - Started TicketsApplication in 4.01 seconds (process running for 4.545)
2024-06-26 16:34:26.941 [RMI TCP Connection(4)-192.168.1.2] INFO  o.a.c.core.ContainerBase.[Tomcat].[localhost].[/] - Initializing Spring DispatcherServlet 'dispatcherServlet'
2024-06-26 16:34:27.098 [RMI TCP Connection(5)-192.168.1.2] INFO  com.alibaba.druid.pool.DruidDataSource - {dataSource-1} inited
2024-06-26 16:36:13.916 [SpringApplicationShutdownHook] INFO  com.alibaba.druid.pool.DruidDataSource - {dataSource-1} closing ...
2024-06-26 16:36:13.937 [SpringApplicationShutdownHook] INFO  com.alibaba.druid.pool.DruidDataSource - {dataSource-1} closed
2024-06-26 16:36:20.592 [main] INFO  com.tickets.TicketsApplication - Starting TicketsApplication using Java 21 with PID 107876 (C:\Users\wen\IdeaProjects\ticket-project\target\classes started by wen in C:\Users\wen\IdeaProjects\ticket-project)
2024-06-26 16:36:20.593 [main] INFO  com.tickets.TicketsApplication - No active profile set, falling back to 1 default profile: "default"
2024-06-26 16:36:21.784 [main] INFO  org.apache.catalina.core.StandardService - Starting service [Tomcat]
2024-06-26 16:36:21.784 [main] INFO  org.apache.catalina.core.StandardEngine - Starting Servlet engine: [Apache Tomcat/10.1.13]
2024-06-26 16:36:21.880 [main] INFO  o.a.c.core.ContainerBase.[Tomcat].[localhost].[/] - Initializing Spring embedded WebApplicationContext
2024-06-26 16:36:23.493 [main] INFO  com.tickets.TicketsApplication - Started TicketsApplication in 3.29 seconds (process running for 3.818)
2024-06-26 16:36:24.504 [RMI TCP Connection(2)-192.168.1.2] INFO  o.a.c.core.ContainerBase.[Tomcat].[localhost].[/] - Initializing Spring DispatcherServlet 'dispatcherServlet'
2024-06-26 16:36:24.594 [RMI TCP Connection(3)-192.168.1.2] INFO  com.alibaba.druid.pool.DruidDataSource - {dataSource-1} inited
2024-06-26 16:37:52.626 [SpringApplicationShutdownHook] INFO  com.alibaba.druid.pool.DruidDataSource - {dataSource-1} closing ...
2024-06-26 16:37:52.641 [SpringApplicationShutdownHook] INFO  com.alibaba.druid.pool.DruidDataSource - {dataSource-1} closed
2024-06-26 16:38:00.084 [main] INFO  com.tickets.TicketsApplication - Starting TicketsApplication using Java 21 with PID 34544 (C:\Users\wen\IdeaProjects\ticket-project\target\classes started by wen in C:\Users\wen\IdeaProjects\ticket-project)
2024-06-26 16:38:00.085 [main] INFO  com.tickets.TicketsApplication - No active profile set, falling back to 1 default profile: "default"
2024-06-26 16:38:01.318 [main] INFO  org.apache.catalina.core.StandardService - Starting service [Tomcat]
2024-06-26 16:38:01.318 [main] INFO  org.apache.catalina.core.StandardEngine - Starting Servlet engine: [Apache Tomcat/10.1.13]
2024-06-26 16:38:01.408 [main] INFO  o.a.c.core.ContainerBase.[Tomcat].[localhost].[/] - Initializing Spring embedded WebApplicationContext
2024-06-26 16:38:03.115 [main] INFO  com.tickets.TicketsApplication - Started TicketsApplication in 3.563 seconds (process running for 4.077)
2024-06-26 16:38:03.616 [RMI TCP Connection(3)-192.168.1.2] INFO  o.a.c.core.ContainerBase.[Tomcat].[localhost].[/] - Initializing Spring DispatcherServlet 'dispatcherServlet'
2024-06-26 16:38:03.897 [RMI TCP Connection(2)-192.168.1.2] INFO  com.alibaba.druid.pool.DruidDataSource - {dataSource-1} inited
2024-06-26 16:39:10.356 [SpringApplicationShutdownHook] INFO  com.alibaba.druid.pool.DruidDataSource - {dataSource-1} closing ...
2024-06-26 16:39:10.393 [SpringApplicationShutdownHook] INFO  com.alibaba.druid.pool.DruidDataSource - {dataSource-1} closed
2024-06-26 16:39:16.752 [main] INFO  com.tickets.TicketsApplication - Starting TicketsApplication using Java 21 with PID 113336 (C:\Users\wen\IdeaProjects\ticket-project\target\classes started by wen in C:\Users\wen\IdeaProjects\ticket-project)
2024-06-26 16:39:16.753 [main] INFO  com.tickets.TicketsApplication - No active profile set, falling back to 1 default profile: "default"
2024-06-26 16:39:17.946 [main] INFO  org.apache.catalina.core.StandardService - Starting service [Tomcat]
2024-06-26 16:39:17.946 [main] INFO  org.apache.catalina.core.StandardEngine - Starting Servlet engine: [Apache Tomcat/10.1.13]
2024-06-26 16:39:18.025 [main] INFO  o.a.c.core.ContainerBase.[Tomcat].[localhost].[/] - Initializing Spring embedded WebApplicationContext
2024-06-26 16:39:19.723 [main] INFO  com.tickets.TicketsApplication - Started TicketsApplication in 3.361 seconds (process running for 3.926)
2024-06-26 16:39:20.625 [RMI TCP Connection(2)-192.168.1.2] INFO  com.alibaba.druid.pool.DruidDataSource - {dataSource-1} inited
2024-06-26 16:39:20.763 [RMI TCP Connection(1)-192.168.1.2] INFO  o.a.c.core.ContainerBase.[Tomcat].[localhost].[/] - Initializing Spring DispatcherServlet 'dispatcherServlet'
2024-06-26 16:40:24.765 [SpringApplicationShutdownHook] INFO  com.alibaba.druid.pool.DruidDataSource - {dataSource-1} closing ...
2024-06-26 16:40:24.770 [SpringApplicationShutdownHook] INFO  com.alibaba.druid.pool.DruidDataSource - {dataSource-1} closed
2024-06-26 16:40:32.911 [main] INFO  com.tickets.TicketsApplication - Starting TicketsApplication using Java 21 with PID 101920 (C:\Users\wen\IdeaProjects\ticket-project\target\classes started by wen in C:\Users\wen\IdeaProjects\ticket-project)
2024-06-26 16:40:32.913 [main] INFO  com.tickets.TicketsApplication - No active profile set, falling back to 1 default profile: "default"
2024-06-26 16:40:34.469 [main] INFO  org.apache.catalina.core.StandardService - Starting service [Tomcat]
2024-06-26 16:40:34.470 [main] INFO  org.apache.catalina.core.StandardEngine - Starting Servlet engine: [Apache Tomcat/10.1.13]
2024-06-26 16:40:34.572 [main] INFO  o.a.c.core.ContainerBase.[Tomcat].[localhost].[/] - Initializing Spring embedded WebApplicationContext
2024-06-26 16:40:36.432 [main] INFO  com.tickets.TicketsApplication - Started TicketsApplication in 4.143 seconds (process running for 4.957)
2024-06-26 16:40:37.860 [RMI TCP Connection(3)-192.168.1.2] INFO  o.a.c.core.ContainerBase.[Tomcat].[localhost].[/] - Initializing Spring DispatcherServlet 'dispatcherServlet'
2024-06-26 16:40:38.195 [RMI TCP Connection(2)-192.168.1.2] INFO  com.alibaba.druid.pool.DruidDataSource - {dataSource-1} inited
2024-06-26 16:42:54.036 [SpringApplicationShutdownHook] INFO  com.alibaba.druid.pool.DruidDataSource - {dataSource-1} closing ...
2024-06-26 16:42:54.039 [SpringApplicationShutdownHook] INFO  com.alibaba.druid.pool.DruidDataSource - {dataSource-1} closed
2024-06-26 16:43:00.352 [main] INFO  com.tickets.TicketsApplication - Starting TicketsApplication using Java 21 with PID 115232 (C:\Users\wen\IdeaProjects\ticket-project\target\classes started by wen in C:\Users\wen\IdeaProjects\ticket-project)
2024-06-26 16:43:00.353 [main] INFO  com.tickets.TicketsApplication - No active profile set, falling back to 1 default profile: "default"
2024-06-26 16:43:01.595 [main] INFO  org.apache.catalina.core.StandardService - Starting service [Tomcat]
2024-06-26 16:43:01.595 [main] INFO  org.apache.catalina.core.StandardEngine - Starting Servlet engine: [Apache Tomcat/10.1.13]
2024-06-26 16:43:01.683 [main] INFO  o.a.c.core.ContainerBase.[Tomcat].[localhost].[/] - Initializing Spring embedded WebApplicationContext
2024-06-26 16:43:03.448 [main] INFO  com.tickets.TicketsApplication - Started TicketsApplication in 3.533 seconds (process running for 4.118)
2024-06-26 16:43:03.826 [RMI TCP Connection(2)-192.168.1.2] INFO  o.a.c.core.ContainerBase.[Tomcat].[localhost].[/] - Initializing Spring DispatcherServlet 'dispatcherServlet'
2024-06-26 16:43:03.949 [RMI TCP Connection(1)-192.168.1.2] INFO  com.alibaba.druid.pool.DruidDataSource - {dataSource-1} inited
2024-06-26 16:50:06.743 [SpringApplicationShutdownHook] INFO  com.alibaba.druid.pool.DruidDataSource - {dataSource-1} closing ...
2024-06-26 16:50:06.750 [SpringApplicationShutdownHook] INFO  com.alibaba.druid.pool.DruidDataSource - {dataSource-1} closed
2024-06-26 16:54:04.741 [main] INFO  com.tickets.TicketsApplication - Starting TicketsApplication using Java 21 with PID 87528 (C:\Users\wen\IdeaProjects\ticket-project\target\classes started by wen in C:\Users\wen\IdeaProjects\ticket-project)
2024-06-26 16:54:04.742 [main] INFO  com.tickets.TicketsApplication - No active profile set, falling back to 1 default profile: "default"
2024-06-26 16:54:06.248 [main] INFO  org.apache.catalina.core.StandardService - Starting service [Tomcat]
2024-06-26 16:54:06.249 [main] INFO  org.apache.catalina.core.StandardEngine - Starting Servlet engine: [Apache Tomcat/10.1.13]
2024-06-26 16:54:06.330 [main] INFO  o.a.c.core.ContainerBase.[Tomcat].[localhost].[/] - Initializing Spring embedded WebApplicationContext
2024-06-26 16:54:07.980 [main] INFO  com.tickets.TicketsApplication - Started TicketsApplication in 3.631 seconds (process running for 4.168)
2024-06-26 16:54:09.022 [RMI TCP Connection(3)-192.168.1.2] INFO  o.a.c.core.ContainerBase.[Tomcat].[localhost].[/] - Initializing Spring DispatcherServlet 'dispatcherServlet'
2024-06-26 16:54:09.130 [RMI TCP Connection(4)-192.168.1.2] INFO  com.alibaba.druid.pool.DruidDataSource - {dataSource-1} inited
2024-06-26 16:55:24.096 [SpringApplicationShutdownHook] INFO  com.alibaba.druid.pool.DruidDataSource - {dataSource-1} closing ...
2024-06-26 16:55:24.101 [SpringApplicationShutdownHook] INFO  com.alibaba.druid.pool.DruidDataSource - {dataSource-1} closed
2024-06-26 16:55:31.781 [main] INFO  com.tickets.TicketsApplication - Starting TicketsApplication using Java 21 with PID 121316 (C:\Users\wen\IdeaProjects\ticket-project\target\classes started by wen in C:\Users\wen\IdeaProjects\ticket-project)
2024-06-26 16:55:31.783 [main] INFO  com.tickets.TicketsApplication - No active profile set, falling back to 1 default profile: "default"
2024-06-26 16:55:33.290 [main] INFO  org.apache.catalina.core.StandardService - Starting service [Tomcat]
2024-06-26 16:55:33.290 [main] INFO  org.apache.catalina.core.StandardEngine - Starting Servlet engine: [Apache Tomcat/10.1.13]
2024-06-26 16:55:33.380 [main] INFO  o.a.c.core.ContainerBase.[Tomcat].[localhost].[/] - Initializing Spring embedded WebApplicationContext
2024-06-26 16:55:35.545 [main] INFO  com.tickets.TicketsApplication - Started TicketsApplication in 4.295 seconds (process running for 5.07)
2024-06-26 16:55:35.644 [http-nio-8087-exec-1] INFO  o.a.c.core.ContainerBase.[Tomcat].[localhost].[/] - Initializing Spring DispatcherServlet 'dispatcherServlet'
2024-06-26 16:55:36.367 [RMI TCP Connection(5)-192.168.1.2] INFO  com.alibaba.druid.pool.DruidDataSource - {dataSource-1} inited
2024-06-26 16:57:58.709 [SpringApplicationShutdownHook] INFO  com.alibaba.druid.pool.DruidDataSource - {dataSource-1} closing ...
2024-06-26 16:57:58.725 [SpringApplicationShutdownHook] INFO  com.alibaba.druid.pool.DruidDataSource - {dataSource-1} closed
2024-06-26 16:58:05.169 [main] INFO  com.tickets.TicketsApplication - Starting TicketsApplication using Java 21 with PID 57332 (C:\Users\wen\IdeaProjects\ticket-project\target\classes started by wen in C:\Users\wen\IdeaProjects\ticket-project)
2024-06-26 16:58:05.170 [main] INFO  com.tickets.TicketsApplication - No active profile set, falling back to 1 default profile: "default"
2024-06-26 16:58:06.461 [main] INFO  org.apache.catalina.core.StandardService - Starting service [Tomcat]
2024-06-26 16:58:06.461 [main] INFO  org.apache.catalina.core.StandardEngine - Starting Servlet engine: [Apache Tomcat/10.1.13]
2024-06-26 16:58:06.536 [main] INFO  o.a.c.core.ContainerBase.[Tomcat].[localhost].[/] - Initializing Spring embedded WebApplicationContext
2024-06-26 16:58:08.211 [main] INFO  com.tickets.TicketsApplication - Started TicketsApplication in 3.594 seconds (process running for 4.127)
2024-06-26 16:58:08.679 [RMI TCP Connection(1)-192.168.1.2] INFO  o.a.c.core.ContainerBase.[Tomcat].[localhost].[/] - Initializing Spring DispatcherServlet 'dispatcherServlet'
2024-06-26 16:58:08.799 [RMI TCP Connection(2)-192.168.1.2] INFO  com.alibaba.druid.pool.DruidDataSource - {dataSource-1} inited
2024-06-26 16:59:15.131 [SpringApplicationShutdownHook] INFO  com.alibaba.druid.pool.DruidDataSource - {dataSource-1} closing ...
2024-06-26 16:59:15.136 [SpringApplicationShutdownHook] INFO  com.alibaba.druid.pool.DruidDataSource - {dataSource-1} closed
2024-06-26 16:59:31.530 [main] INFO  com.tickets.TicketsApplication - Starting TicketsApplication using Java 21 with PID 115592 (C:\Users\wen\IdeaProjects\ticket-project\target\classes started by wen in C:\Users\wen\IdeaProjects\ticket-project)
2024-06-26 16:59:31.533 [main] INFO  com.tickets.TicketsApplication - No active profile set, falling back to 1 default profile: "default"
2024-06-26 16:59:32.919 [main] INFO  org.apache.catalina.core.StandardService - Starting service [Tomcat]
2024-06-26 16:59:32.919 [main] INFO  org.apache.catalina.core.StandardEngine - Starting Servlet engine: [Apache Tomcat/10.1.13]
2024-06-26 16:59:33.008 [main] INFO  o.a.c.core.ContainerBase.[Tomcat].[localhost].[/] - Initializing Spring embedded WebApplicationContext
2024-06-26 16:59:34.895 [main] INFO  com.tickets.TicketsApplication - Started TicketsApplication in 3.924 seconds (process running for 4.609)
2024-06-26 16:59:35.934 [RMI TCP Connection(5)-192.168.1.2] INFO  o.a.c.core.ContainerBase.[Tomcat].[localhost].[/] - Initializing Spring DispatcherServlet 'dispatcherServlet'
2024-06-26 16:59:36.268 [RMI TCP Connection(4)-192.168.1.2] INFO  com.alibaba.druid.pool.DruidDataSource - {dataSource-1} inited
2024-06-26 17:13:31.061 [main] INFO  com.tickets.TicketsApplication - Starting TicketsApplication using Java 21 with PID 32904 (C:\Users\wen\IdeaProjects\ticket-project\target\classes started by wen in C:\Users\wen\IdeaProjects\ticket-project)
2024-06-26 17:13:31.066 [main] INFO  com.tickets.TicketsApplication - No active profile set, falling back to 1 default profile: "default"
2024-06-26 17:13:33.520 [main] INFO  org.apache.catalina.core.StandardService - Starting service [Tomcat]
2024-06-26 17:13:33.520 [main] INFO  org.apache.catalina.core.StandardEngine - Starting Servlet engine: [Apache Tomcat/10.1.13]
2024-06-26 17:13:33.621 [main] INFO  o.a.c.core.ContainerBase.[Tomcat].[localhost].[/] - Initializing Spring embedded WebApplicationContext
2024-06-26 17:13:35.632 [main] INFO  com.tickets.TicketsApplication - Started TicketsApplication in 7.34 seconds (process running for 10.087)
2024-06-26 17:13:36.303 [RMI TCP Connection(5)-192.168.1.2] INFO  o.a.c.core.ContainerBase.[Tomcat].[localhost].[/] - Initializing Spring DispatcherServlet 'dispatcherServlet'
2024-06-26 17:13:36.558 [RMI TCP Connection(3)-192.168.1.2] INFO  com.alibaba.druid.pool.DruidDataSource - {dataSource-1} inited
2024-06-26 17:23:33.331 [main] INFO  com.tickets.TicketsApplication - Starting TicketsApplication using Java 21 with PID 59836 (C:\Users\wen\IdeaProjects\ticket-project\target\classes started by wen in C:\Users\wen\IdeaProjects\ticket-project)
2024-06-26 17:23:33.342 [main] INFO  com.tickets.TicketsApplication - No active profile set, falling back to 1 default profile: "default"
2024-06-26 17:23:34.699 [main] INFO  org.apache.catalina.core.StandardService - Starting service [Tomcat]
2024-06-26 17:23:34.700 [main] INFO  org.apache.catalina.core.StandardEngine - Starting Servlet engine: [Apache Tomcat/10.1.13]
2024-06-26 17:23:34.767 [main] INFO  o.a.c.core.ContainerBase.[Tomcat].[localhost].[/] - Initializing Spring embedded WebApplicationContext
2024-06-26 17:23:36.476 [main] INFO  com.tickets.TicketsApplication - Started TicketsApplication in 3.92 seconds (process running for 4.803)
2024-06-26 17:23:37.175 [RMI TCP Connection(1)-192.168.1.2] INFO  o.a.c.core.ContainerBase.[Tomcat].[localhost].[/] - Initializing Spring DispatcherServlet 'dispatcherServlet'
2024-06-26 17:23:37.304 [RMI TCP Connection(2)-192.168.1.2] INFO  com.alibaba.druid.pool.DruidDataSource - {dataSource-1} inited
2024-06-26 17:25:23.067 [SpringApplicationShutdownHook] INFO  com.alibaba.druid.pool.DruidDataSource - {dataSource-1} closing ...
2024-06-26 17:25:23.071 [SpringApplicationShutdownHook] INFO  com.alibaba.druid.pool.DruidDataSource - {dataSource-1} closed
2024-06-26 17:25:33.201 [main] INFO  com.tickets.TicketsApplication - Starting TicketsApplication using Java 21 with PID 38340 (C:\Users\wen\IdeaProjects\ticket-project\target\classes started by wen in C:\Users\wen\IdeaProjects\ticket-project)
2024-06-26 17:25:33.204 [main] INFO  com.tickets.TicketsApplication - No active profile set, falling back to 1 default profile: "default"
2024-06-26 17:25:34.649 [main] INFO  org.apache.catalina.core.StandardService - Starting service [Tomcat]
2024-06-26 17:25:34.650 [main] INFO  org.apache.catalina.core.StandardEngine - Starting Servlet engine: [Apache Tomcat/10.1.13]
2024-06-26 17:25:34.742 [main] INFO  o.a.c.core.ContainerBase.[Tomcat].[localhost].[/] - Initializing Spring embedded WebApplicationContext
2024-06-26 17:25:36.638 [main] INFO  com.tickets.TicketsApplication - Started TicketsApplication in 3.969 seconds (process running for 4.824)
2024-06-26 17:25:38.600 [RMI TCP Connection(1)-192.168.1.2] INFO  o.a.c.core.ContainerBase.[Tomcat].[localhost].[/] - Initializing Spring DispatcherServlet 'dispatcherServlet'
2024-06-26 17:25:39.169 [RMI TCP Connection(2)-192.168.1.2] INFO  com.alibaba.druid.pool.DruidDataSource - {dataSource-1} inited
2024-06-26 17:28:58.965 [SpringApplicationShutdownHook] INFO  com.alibaba.druid.pool.DruidDataSource - {dataSource-1} closing ...
2024-06-26 17:28:58.993 [SpringApplicationShutdownHook] INFO  com.alibaba.druid.pool.DruidDataSource - {dataSource-1} closed
2024-06-26 17:29:05.206 [main] INFO  com.tickets.TicketsApplication - Starting TicketsApplication using Java 21 with PID 77360 (C:\Users\wen\IdeaProjects\ticket-project\target\classes started by wen in C:\Users\wen\IdeaProjects\ticket-project)
2024-06-26 17:29:05.208 [main] INFO  com.tickets.TicketsApplication - No active profile set, falling back to 1 default profile: "default"
2024-06-26 17:29:06.363 [main] INFO  org.apache.catalina.core.StandardService - Starting service [Tomcat]
2024-06-26 17:29:06.363 [main] INFO  org.apache.catalina.core.StandardEngine - Starting Servlet engine: [Apache Tomcat/10.1.13]
2024-06-26 17:29:06.457 [main] INFO  o.a.c.core.ContainerBase.[Tomcat].[localhost].[/] - Initializing Spring embedded WebApplicationContext
2024-06-26 17:29:08.144 [main] INFO  com.tickets.TicketsApplication - Started TicketsApplication in 3.429 seconds (process running for 3.962)
2024-06-26 17:29:08.697 [RMI TCP Connection(2)-192.168.1.2] INFO  o.a.c.core.ContainerBase.[Tomcat].[localhost].[/] - Initializing Spring DispatcherServlet 'dispatcherServlet'
2024-06-26 17:29:08.765 [RMI TCP Connection(1)-192.168.1.2] INFO  com.alibaba.druid.pool.DruidDataSource - {dataSource-1} inited
2024-06-26 17:31:02.064 [SpringApplicationShutdownHook] INFO  com.alibaba.druid.pool.DruidDataSource - {dataSource-1} closing ...
2024-06-26 17:31:02.095 [SpringApplicationShutdownHook] INFO  com.alibaba.druid.pool.DruidDataSource - {dataSource-1} closed
2024-06-26 17:31:09.670 [main] INFO  com.tickets.TicketsApplication - Starting TicketsApplication using Java 21 with PID 116384 (C:\Users\wen\IdeaProjects\ticket-project\target\classes started by wen in C:\Users\wen\IdeaProjects\ticket-project)
2024-06-26 17:31:09.671 [main] INFO  com.tickets.TicketsApplication - No active profile set, falling back to 1 default profile: "default"
2024-06-26 17:31:10.780 [main] INFO  org.apache.catalina.core.StandardService - Starting service [Tomcat]
2024-06-26 17:31:10.780 [main] INFO  org.apache.catalina.core.StandardEngine - Starting Servlet engine: [Apache Tomcat/10.1.13]
2024-06-26 17:31:10.849 [main] INFO  o.a.c.core.ContainerBase.[Tomcat].[localhost].[/] - Initializing Spring embedded WebApplicationContext
2024-06-26 17:31:12.491 [main] INFO  com.tickets.TicketsApplication - Started TicketsApplication in 3.3 seconds (process running for 3.86)
2024-06-26 17:31:13.220 [RMI TCP Connection(2)-192.168.1.2] INFO  o.a.c.core.ContainerBase.[Tomcat].[localhost].[/] - Initializing Spring DispatcherServlet 'dispatcherServlet'
2024-06-26 17:31:13.321 [RMI TCP Connection(1)-192.168.1.2] INFO  com.alibaba.druid.pool.DruidDataSource - {dataSource-1} inited
2024-06-26 17:41:55.353 [main] INFO  com.tickets.TicketsApplication - Starting TicketsApplication using Java 21 with PID 119336 (C:\Users\wen\IdeaProjects\ticket-project\target\classes started by wen in C:\Users\wen\IdeaProjects\ticket-project)
2024-06-26 17:41:55.356 [main] INFO  com.tickets.TicketsApplication - No active profile set, falling back to 1 default profile: "default"
2024-06-26 17:41:57.173 [main] INFO  org.apache.catalina.core.StandardService - Starting service [Tomcat]
2024-06-26 17:41:57.174 [main] INFO  org.apache.catalina.core.StandardEngine - Starting Servlet engine: [Apache Tomcat/10.1.13]
2024-06-26 17:41:57.272 [main] INFO  o.a.c.core.ContainerBase.[Tomcat].[localhost].[/] - Initializing Spring embedded WebApplicationContext
2024-06-26 17:41:59.615 [main] INFO  com.tickets.TicketsApplication - Started TicketsApplication in 4.873 seconds (process running for 6.421)
2024-06-26 17:42:00.121 [RMI TCP Connection(5)-192.168.1.2] INFO  o.a.c.core.ContainerBase.[Tomcat].[localhost].[/] - Initializing Spring DispatcherServlet 'dispatcherServlet'
2024-06-26 17:42:00.227 [RMI TCP Connection(6)-192.168.1.2] INFO  com.alibaba.druid.pool.DruidDataSource - {dataSource-1} inited
2024-06-26 17:53:27.440 [SpringApplicationShutdownHook] INFO  com.alibaba.druid.pool.DruidDataSource - {dataSource-1} closing ...
2024-06-26 17:53:27.456 [SpringApplicationShutdownHook] INFO  com.alibaba.druid.pool.DruidDataSource - {dataSource-1} closed
2024-06-26 17:55:19.242 [main] INFO  com.tickets.TicketsApplication - Starting TicketsApplication using Java 21 with PID 38904 (C:\Users\wen\IdeaProjects\ticket-project\target\classes started by wen in C:\Users\wen\IdeaProjects\ticket-project)
2024-06-26 17:55:19.243 [main] INFO  com.tickets.TicketsApplication - No active profile set, falling back to 1 default profile: "default"
2024-06-26 17:55:21.029 [main] INFO  org.apache.catalina.core.StandardService - Starting service [Tomcat]
2024-06-26 17:55:21.029 [main] INFO  org.apache.catalina.core.StandardEngine - Starting Servlet engine: [Apache Tomcat/10.1.13]
2024-06-26 17:55:21.142 [main] INFO  o.a.c.core.ContainerBase.[Tomcat].[localhost].[/] - Initializing Spring embedded WebApplicationContext
2024-06-26 17:55:23.423 [main] INFO  com.tickets.TicketsApplication - Started TicketsApplication in 4.615 seconds (process running for 5.211)
2024-06-26 17:55:24.194 [RMI TCP Connection(5)-192.168.1.2] INFO  o.a.c.core.ContainerBase.[Tomcat].[localhost].[/] - Initializing Spring DispatcherServlet 'dispatcherServlet'
2024-06-26 17:55:24.303 [RMI TCP Connection(4)-192.168.1.2] INFO  com.alibaba.druid.pool.DruidDataSource - {dataSource-1} inited
2024-06-26 17:55:38.909 [SpringApplicationShutdownHook] INFO  com.alibaba.druid.pool.DruidDataSource - {dataSource-1} closing ...
2024-06-26 17:55:38.923 [SpringApplicationShutdownHook] INFO  com.alibaba.druid.pool.DruidDataSource - {dataSource-1} closed
2024-06-26 17:55:55.214 [main] INFO  com.tickets.TicketsApplication - Starting TicketsApplication using Java 21 with PID 110956 (C:\Users\wen\IdeaProjects\ticket-project\target\classes started by wen in C:\Users\wen\IdeaProjects\ticket-project)
2024-06-26 17:55:55.216 [main] INFO  com.tickets.TicketsApplication - No active profile set, falling back to 1 default profile: "default"
2024-06-26 17:55:57.017 [main] INFO  org.apache.catalina.core.StandardService - Starting service [Tomcat]
2024-06-26 17:55:57.018 [main] INFO  org.apache.catalina.core.StandardEngine - Starting Servlet engine: [Apache Tomcat/10.1.13]
2024-06-26 17:55:57.123 [main] INFO  o.a.c.core.ContainerBase.[Tomcat].[localhost].[/] - Initializing Spring embedded WebApplicationContext
2024-06-26 17:55:59.224 [main] INFO  com.tickets.TicketsApplication - Started TicketsApplication in 4.78 seconds (process running for 6.509)
2024-06-26 17:56:14.196 [http-nio-8087-exec-2] INFO  o.a.c.core.ContainerBase.[Tomcat].[localhost].[/] - Initializing Spring DispatcherServlet 'dispatcherServlet'
2024-06-26 18:36:45.269 [SpringApplicationShutdownHook] INFO  com.alibaba.druid.pool.DruidDataSource - {dataSource-0} closing ...
2024-06-26 18:38:36.867 [main] INFO  com.tickets.TicketsApplication - Starting TicketsApplication using Java 21 with PID 93480 (C:\Users\wen\IdeaProjects\ticket-project\target\classes started by wen in C:\Users\wen\IdeaProjects\ticket-project)
2024-06-26 18:38:36.868 [main] INFO  com.tickets.TicketsApplication - No active profile set, falling back to 1 default profile: "default"
2024-06-26 18:38:38.015 [main] INFO  org.apache.catalina.core.StandardService - Starting service [Tomcat]
2024-06-26 18:38:38.016 [main] INFO  org.apache.catalina.core.StandardEngine - Starting Servlet engine: [Apache Tomcat/10.1.13]
2024-06-26 18:38:38.139 [main] INFO  o.a.c.core.ContainerBase.[Tomcat].[localhost].[/] - Initializing Spring embedded WebApplicationContext
2024-06-26 18:38:39.808 [main] INFO  com.tickets.TicketsApplication - Started TicketsApplication in 3.647 seconds (process running for 4.281)
2024-06-26 18:38:40.306 [RMI TCP Connection(1)-192.168.1.2] INFO  o.a.c.core.ContainerBase.[Tomcat].[localhost].[/] - Initializing Spring DispatcherServlet 'dispatcherServlet'
2024-06-26 18:38:40.406 [RMI TCP Connection(2)-192.168.1.2] INFO  com.alibaba.druid.pool.DruidDataSource - {dataSource-1} inited
2024-06-26 18:40:52.944 [SpringApplicationShutdownHook] INFO  com.alibaba.druid.pool.DruidDataSource - {dataSource-1} closing ...
2024-06-26 18:40:52.959 [SpringApplicationShutdownHook] INFO  com.alibaba.druid.pool.DruidDataSource - {dataSource-1} closed
2024-06-26 18:40:59.099 [main] INFO  com.tickets.TicketsApplication - Starting TicketsApplication using Java 21 with PID 103808 (C:\Users\wen\IdeaProjects\ticket-project\target\classes started by wen in C:\Users\wen\IdeaProjects\ticket-project)
2024-06-26 18:40:59.100 [main] INFO  com.tickets.TicketsApplication - No active profile set, falling back to 1 default profile: "default"
2024-06-26 18:41:00.216 [main] INFO  org.apache.catalina.core.StandardService - Starting service [Tomcat]
2024-06-26 18:41:00.216 [main] INFO  org.apache.catalina.core.StandardEngine - Starting Servlet engine: [Apache Tomcat/10.1.13]
2024-06-26 18:41:00.286 [main] INFO  o.a.c.core.ContainerBase.[Tomcat].[localhost].[/] - Initializing Spring embedded WebApplicationContext
2024-06-26 18:41:01.925 [main] INFO  com.tickets.TicketsApplication - Started TicketsApplication in 3.216 seconds (process running for 3.761)
2024-06-26 18:41:02.957 [RMI TCP Connection(2)-192.168.1.2] INFO  o.a.c.core.ContainerBase.[Tomcat].[localhost].[/] - Initializing Spring DispatcherServlet 'dispatcherServlet'
2024-06-26 18:41:03.096 [RMI TCP Connection(3)-192.168.1.2] INFO  com.alibaba.druid.pool.DruidDataSource - {dataSource-1} inited
2024-06-26 18:48:00.656 [SpringApplicationShutdownHook] INFO  com.alibaba.druid.pool.DruidDataSource - {dataSource-1} closing ...
2024-06-26 18:48:00.660 [SpringApplicationShutdownHook] INFO  com.alibaba.druid.pool.DruidDataSource - {dataSource-1} closed
2024-06-26 18:48:06.577 [main] INFO  com.tickets.TicketsApplication - Starting TicketsApplication using Java 21 with PID 107884 (C:\Users\wen\IdeaProjects\ticket-project\target\classes started by wen in C:\Users\wen\IdeaProjects\ticket-project)
2024-06-26 18:48:06.578 [main] INFO  com.tickets.TicketsApplication - No active profile set, falling back to 1 default profile: "default"
2024-06-26 18:48:07.742 [main] INFO  org.apache.catalina.core.StandardService - Starting service [Tomcat]
2024-06-26 18:48:07.742 [main] INFO  org.apache.catalina.core.StandardEngine - Starting Servlet engine: [Apache Tomcat/10.1.13]
2024-06-26 18:48:07.860 [main] INFO  o.a.c.core.ContainerBase.[Tomcat].[localhost].[/] - Initializing Spring embedded WebApplicationContext
2024-06-26 18:48:09.555 [main] INFO  com.tickets.TicketsApplication - Started TicketsApplication in 3.389 seconds (process running for 3.96)
2024-06-26 18:48:10.483 [RMI TCP Connection(2)-192.168.1.2] INFO  o.a.c.core.ContainerBase.[Tomcat].[localhost].[/] - Initializing Spring DispatcherServlet 'dispatcherServlet'
2024-06-26 18:48:10.528 [RMI TCP Connection(1)-192.168.1.2] INFO  com.alibaba.druid.pool.DruidDataSource - {dataSource-1} inited
2024-06-26 18:50:02.377 [SpringApplicationShutdownHook] INFO  com.alibaba.druid.pool.DruidDataSource - {dataSource-1} closing ...
2024-06-26 18:50:02.384 [SpringApplicationShutdownHook] INFO  com.alibaba.druid.pool.DruidDataSource - {dataSource-1} closed
2024-06-26 18:50:09.552 [main] INFO  com.tickets.TicketsApplication - Starting TicketsApplication using Java 21 with PID 120184 (C:\Users\wen\IdeaProjects\ticket-project\target\classes started by wen in C:\Users\wen\IdeaProjects\ticket-project)
2024-06-26 18:50:09.553 [main] INFO  com.tickets.TicketsApplication - No active profile set, falling back to 1 default profile: "default"
2024-06-26 18:50:10.673 [main] INFO  org.apache.catalina.core.StandardService - Starting service [Tomcat]
2024-06-26 18:50:10.674 [main] INFO  org.apache.catalina.core.StandardEngine - Starting Servlet engine: [Apache Tomcat/10.1.13]
2024-06-26 18:50:10.757 [main] INFO  o.a.c.core.ContainerBase.[Tomcat].[localhost].[/] - Initializing Spring embedded WebApplicationContext
2024-06-26 18:50:12.415 [main] INFO  com.tickets.TicketsApplication - Started TicketsApplication in 3.289 seconds (process running for 3.885)
2024-06-26 18:50:13.051 [RMI TCP Connection(2)-192.168.1.2] INFO  o.a.c.core.ContainerBase.[Tomcat].[localhost].[/] - Initializing Spring DispatcherServlet 'dispatcherServlet'
2024-06-26 18:50:13.125 [RMI TCP Connection(1)-192.168.1.2] INFO  com.alibaba.druid.pool.DruidDataSource - {dataSource-1} inited
2024-06-26 19:05:14.829 [SpringApplicationShutdownHook] INFO  com.alibaba.druid.pool.DruidDataSource - {dataSource-1} closing ...
2024-06-26 19:05:14.833 [SpringApplicationShutdownHook] INFO  com.alibaba.druid.pool.DruidDataSource - {dataSource-1} closed
