2024-01-29 09:46:12.576 [main] INFO  com.tickets.TicketsApplication - Starting TicketsApplication using Java 21 with PID 12700 (C:\Users\11583\Desktop\ticket-project\target\classes started by 11583 in C:\Users\11583\Desktop\ticket-project)
2024-01-29 09:46:12.579 [main] INFO  com.tickets.TicketsApplication - No active profile set, falling back to 1 default profile: "default"
2024-01-29 10:10:55.794 [main] INFO  com.tickets.TicketsApplication - Starting TicketsApplication using Java 21 with PID 20744 (C:\Users\11583\Desktop\ticket-project\target\classes started by 11583 in C:\Users\11583\Desktop\ticket-project)
2024-01-29 10:10:55.797 [main] INFO  com.tickets.TicketsApplication - No active profile set, falling back to 1 default profile: "default"
2024-01-29 15:50:31.362 [main] INFO  com.tickets.TicketsApplication - Starting TicketsApplication using Java 21 with PID 25236 (C:\Users\11583\Desktop\ticket-project\target\classes started by 11583 in C:\Users\11583\Desktop\ticket-project)
2024-01-29 15:50:31.364 [main] INFO  com.tickets.TicketsApplication - No active profile set, falling back to 1 default profile: "default"
2024-01-29 16:10:27.337 [main] INFO  com.tickets.TicketsApplication - Starting TicketsApplication using Java 21 with PID 10376 (C:\Users\11583\Desktop\ticket-project\target\classes started by 11583 in C:\Users\11583\Desktop\ticket-project)
2024-01-29 16:10:27.338 [main] INFO  com.tickets.TicketsApplication - No active profile set, falling back to 1 default profile: "default"
2024-01-29 16:10:28.470 [main] INFO  org.apache.catalina.core.StandardService - Starting service [Tomcat]
2024-01-29 16:10:28.470 [main] INFO  org.apache.catalina.core.StandardEngine - Starting Servlet engine: [Apache Tomcat/10.1.13]
2024-01-29 16:10:28.534 [main] INFO  o.a.c.core.ContainerBase.[Tomcat].[localhost].[/] - Initializing Spring embedded WebApplicationContext
2024-01-29 16:10:30.453 [main] INFO  com.tickets.TicketsApplication - Started TicketsApplication in 3.569 seconds (process running for 4.256)
2024-01-29 16:10:30.646 [RMI TCP Connection(1)-192.168.1.5] INFO  o.a.c.core.ContainerBase.[Tomcat].[localhost].[/] - Initializing Spring DispatcherServlet 'dispatcherServlet'
2024-01-29 16:10:30.693 [RMI TCP Connection(2)-192.168.1.5] INFO  com.alibaba.druid.pool.DruidDataSource - {dataSource-1} inited
2024-01-29 16:10:35.650 [http-nio-8080-exec-1] INFO  org.springdoc.api.AbstractOpenApiResource - Init duration for springdoc-openapi is: 458 ms
2024-01-29 16:15:59.570 [main] INFO  com.tickets.TicketsApplication - Starting TicketsApplication using Java 21 with PID 25836 (C:\Users\11583\Desktop\ticket-project\target\classes started by 11583 in C:\Users\11583\Desktop\ticket-project)
2024-01-29 16:15:59.572 [main] INFO  com.tickets.TicketsApplication - No active profile set, falling back to 1 default profile: "default"
2024-01-29 16:30:45.865 [SpringApplicationShutdownHook] INFO  com.alibaba.druid.pool.DruidDataSource - {dataSource-1} closing ...
2024-01-29 16:30:45.869 [SpringApplicationShutdownHook] INFO  com.alibaba.druid.pool.DruidDataSource - {dataSource-1} closed
2024-01-29 17:45:46.590 [main] INFO  com.tickets.TicketsApplication - Starting TicketsApplication using Java 21 with PID 22648 (C:\Users\11583\Desktop\ticket-project\target\classes started by 11583 in C:\Users\11583\Desktop\ticket-project)
2024-01-29 17:45:46.592 [main] INFO  com.tickets.TicketsApplication - No active profile set, falling back to 1 default profile: "default"
2024-01-29 17:51:13.575 [main] INFO  com.tickets.TicketsApplication - Starting TicketsApplication using Java 21 with PID 3184 (C:\Users\11583\Desktop\ticket-project\target\classes started by 11583 in C:\Users\11583\Desktop\ticket-project)
2024-01-29 17:51:13.577 [main] INFO  com.tickets.TicketsApplication - No active profile set, falling back to 1 default profile: "default"
2024-01-29 17:51:14.558 [main] INFO  org.apache.catalina.core.StandardService - Starting service [Tomcat]
2024-01-29 17:51:14.558 [main] INFO  org.apache.catalina.core.StandardEngine - Starting Servlet engine: [Apache Tomcat/10.1.13]
2024-01-29 17:51:14.622 [main] INFO  o.a.c.core.ContainerBase.[Tomcat].[localhost].[/] - Initializing Spring embedded WebApplicationContext
2024-01-29 17:51:16.721 [main] INFO  com.tickets.TicketsApplication - Started TicketsApplication in 3.504 seconds (process running for 3.949)
2024-01-29 17:51:17.012 [RMI TCP Connection(2)-192.168.1.5] INFO  o.a.c.core.ContainerBase.[Tomcat].[localhost].[/] - Initializing Spring DispatcherServlet 'dispatcherServlet'
2024-01-29 17:51:17.056 [RMI TCP Connection(1)-192.168.1.5] INFO  com.alibaba.druid.pool.DruidDataSource - {dataSource-1} inited
2024-01-29 18:08:44.528 [SpringApplicationShutdownHook] INFO  com.alibaba.druid.pool.DruidDataSource - {dataSource-1} closing ...
2024-01-29 18:08:44.532 [SpringApplicationShutdownHook] INFO  com.alibaba.druid.pool.DruidDataSource - {dataSource-1} closed
2024-01-29 18:49:03.478 [main] INFO  com.tickets.TicketsApplication - Starting TicketsApplication using Java 21 with PID 28316 (C:\Users\11583\Desktop\ticket-project\target\classes started by 11583 in C:\Users\11583\Desktop\ticket-project)
2024-01-29 18:49:03.481 [main] INFO  com.tickets.TicketsApplication - No active profile set, falling back to 1 default profile: "default"
2024-01-29 18:49:04.800 [main] INFO  org.apache.catalina.core.StandardService - Starting service [Tomcat]
2024-01-29 18:49:04.800 [main] INFO  org.apache.catalina.core.StandardEngine - Starting Servlet engine: [Apache Tomcat/10.1.13]
2024-01-29 18:49:04.880 [main] INFO  o.a.c.core.ContainerBase.[Tomcat].[localhost].[/] - Initializing Spring embedded WebApplicationContext
2024-01-29 18:49:07.266 [main] INFO  com.tickets.TicketsApplication - Started TicketsApplication in 4.278 seconds (process running for 4.743)
2024-01-29 18:49:07.820 [RMI TCP Connection(2)-192.168.1.5] INFO  o.a.c.core.ContainerBase.[Tomcat].[localhost].[/] - Initializing Spring DispatcherServlet 'dispatcherServlet'
2024-01-29 18:49:07.862 [RMI TCP Connection(3)-192.168.1.5] INFO  com.alibaba.druid.pool.DruidDataSource - {dataSource-1} inited
2024-01-29 18:49:24.300 [http-nio-8080-exec-2] INFO  org.springdoc.api.AbstractOpenApiResource - Init duration for springdoc-openapi is: 431 ms
2024-01-29 18:55:54.479 [SpringApplicationShutdownHook] INFO  com.alibaba.druid.pool.DruidDataSource - {dataSource-1} closing ...
2024-01-29 18:55:54.483 [SpringApplicationShutdownHook] INFO  com.alibaba.druid.pool.DruidDataSource - {dataSource-1} closed
2024-01-29 18:56:08.877 [main] INFO  com.tickets.TicketsApplication - Starting TicketsApplication using Java 21 with PID 17260 (C:\Users\11583\Desktop\ticket-project\target\classes started by 11583 in C:\Users\11583\Desktop\ticket-project)
2024-01-29 18:56:08.878 [main] INFO  com.tickets.TicketsApplication - No active profile set, falling back to 1 default profile: "default"
2024-01-29 19:06:11.910 [main] INFO  com.tickets.TicketsApplication - Starting TicketsApplication using Java 21 with PID 19480 (C:\Users\11583\Desktop\ticket-project\target\classes started by 11583 in C:\Users\11583\Desktop\ticket-project)
2024-01-29 19:06:11.911 [main] INFO  com.tickets.TicketsApplication - No active profile set, falling back to 1 default profile: "default"
2024-01-29 19:06:12.907 [main] INFO  org.apache.catalina.core.StandardService - Starting service [Tomcat]
2024-01-29 19:06:12.907 [main] INFO  org.apache.catalina.core.StandardEngine - Starting Servlet engine: [Apache Tomcat/10.1.13]
2024-01-29 19:06:12.967 [main] INFO  o.a.c.core.ContainerBase.[Tomcat].[localhost].[/] - Initializing Spring embedded WebApplicationContext
2024-01-29 19:06:15.138 [main] INFO  com.tickets.TicketsApplication - Started TicketsApplication in 3.594 seconds (process running for 4.03)
2024-01-29 19:06:15.336 [RMI TCP Connection(2)-192.168.1.5] INFO  o.a.c.core.ContainerBase.[Tomcat].[localhost].[/] - Initializing Spring DispatcherServlet 'dispatcherServlet'
2024-01-29 19:06:15.381 [RMI TCP Connection(1)-192.168.1.5] INFO  com.alibaba.druid.pool.DruidDataSource - {dataSource-1} inited
2024-01-29 19:07:09.152 [SpringApplicationShutdownHook] INFO  com.alibaba.druid.pool.DruidDataSource - {dataSource-1} closing ...
2024-01-29 19:07:09.156 [SpringApplicationShutdownHook] INFO  com.alibaba.druid.pool.DruidDataSource - {dataSource-1} closed
2024-01-29 19:07:10.873 [main] INFO  com.tickets.TicketsApplication - Starting TicketsApplication using Java 21 with PID 20180 (C:\Users\11583\Desktop\ticket-project\target\classes started by 11583 in C:\Users\11583\Desktop\ticket-project)
2024-01-29 19:07:10.874 [main] INFO  com.tickets.TicketsApplication - No active profile set, falling back to 1 default profile: "default"
2024-01-29 19:07:11.822 [main] INFO  org.apache.catalina.core.StandardService - Starting service [Tomcat]
2024-01-29 19:07:11.822 [main] INFO  org.apache.catalina.core.StandardEngine - Starting Servlet engine: [Apache Tomcat/10.1.13]
2024-01-29 19:07:11.886 [main] INFO  o.a.c.core.ContainerBase.[Tomcat].[localhost].[/] - Initializing Spring embedded WebApplicationContext
2024-01-29 19:07:13.890 [main] INFO  com.tickets.TicketsApplication - Started TicketsApplication in 3.363 seconds (process running for 3.896)
2024-01-29 19:07:14.510 [RMI TCP Connection(2)-192.168.1.5] INFO  o.a.c.core.ContainerBase.[Tomcat].[localhost].[/] - Initializing Spring DispatcherServlet 'dispatcherServlet'
2024-01-29 19:07:14.552 [RMI TCP Connection(1)-192.168.1.5] INFO  com.alibaba.druid.pool.DruidDataSource - {dataSource-1} inited
2024-01-29 19:07:53.310 [SpringApplicationShutdownHook] INFO  com.alibaba.druid.pool.DruidDataSource - {dataSource-1} closing ...
2024-01-29 19:07:53.313 [SpringApplicationShutdownHook] INFO  com.alibaba.druid.pool.DruidDataSource - {dataSource-1} closed
2024-01-29 19:07:55.104 [main] INFO  com.tickets.TicketsApplication - Starting TicketsApplication using Java 21 with PID 4760 (C:\Users\11583\Desktop\ticket-project\target\classes started by 11583 in C:\Users\11583\Desktop\ticket-project)
2024-01-29 19:07:55.105 [main] INFO  com.tickets.TicketsApplication - No active profile set, falling back to 1 default profile: "default"
2024-01-29 19:07:56.056 [main] INFO  org.apache.catalina.core.StandardService - Starting service [Tomcat]
2024-01-29 19:07:56.056 [main] INFO  org.apache.catalina.core.StandardEngine - Starting Servlet engine: [Apache Tomcat/10.1.13]
2024-01-29 19:07:56.117 [main] INFO  o.a.c.core.ContainerBase.[Tomcat].[localhost].[/] - Initializing Spring embedded WebApplicationContext
2024-01-29 19:07:58.132 [main] INFO  com.tickets.TicketsApplication - Started TicketsApplication in 3.382 seconds (process running for 3.849)
2024-01-29 19:07:58.530 [RMI TCP Connection(2)-192.168.1.5] INFO  o.a.c.core.ContainerBase.[Tomcat].[localhost].[/] - Initializing Spring DispatcherServlet 'dispatcherServlet'
2024-01-29 19:07:58.572 [RMI TCP Connection(3)-192.168.1.5] INFO  com.alibaba.druid.pool.DruidDataSource - {dataSource-1} inited
2024-01-29 19:19:14.213 [SpringApplicationShutdownHook] INFO  com.alibaba.druid.pool.DruidDataSource - {dataSource-1} closing ...
2024-01-29 19:19:14.216 [SpringApplicationShutdownHook] INFO  com.alibaba.druid.pool.DruidDataSource - {dataSource-1} closed
2024-01-29 19:19:17.622 [main] INFO  com.tickets.TicketsApplication - Starting TicketsApplication using Java 21 with PID 19356 (C:\Users\11583\Desktop\ticket-project\target\classes started by 11583 in C:\Users\11583\Desktop\ticket-project)
2024-01-29 19:19:17.623 [main] INFO  com.tickets.TicketsApplication - No active profile set, falling back to 1 default profile: "default"
2024-01-29 19:19:18.567 [main] INFO  org.apache.catalina.core.StandardService - Starting service [Tomcat]
2024-01-29 19:19:18.568 [main] INFO  org.apache.catalina.core.StandardEngine - Starting Servlet engine: [Apache Tomcat/10.1.13]
2024-01-29 19:19:18.631 [main] INFO  o.a.c.core.ContainerBase.[Tomcat].[localhost].[/] - Initializing Spring embedded WebApplicationContext
2024-01-29 19:19:20.622 [main] INFO  com.tickets.TicketsApplication - Started TicketsApplication in 3.347 seconds (process running for 3.818)
2024-01-29 19:19:21.123 [RMI TCP Connection(2)-192.168.1.5] INFO  o.a.c.core.ContainerBase.[Tomcat].[localhost].[/] - Initializing Spring DispatcherServlet 'dispatcherServlet'
2024-01-29 19:19:21.166 [RMI TCP Connection(1)-192.168.1.5] INFO  com.alibaba.druid.pool.DruidDataSource - {dataSource-1} inited
2024-01-29 19:20:57.086 [SpringApplicationShutdownHook] INFO  com.alibaba.druid.pool.DruidDataSource - {dataSource-1} closing ...
2024-01-29 19:20:57.090 [SpringApplicationShutdownHook] INFO  com.alibaba.druid.pool.DruidDataSource - {dataSource-1} closed
2024-01-29 19:21:00.338 [main] INFO  com.tickets.TicketsApplication - Starting TicketsApplication using Java 21 with PID 28272 (C:\Users\11583\Desktop\ticket-project\target\classes started by 11583 in C:\Users\11583\Desktop\ticket-project)
2024-01-29 19:21:00.340 [main] INFO  com.tickets.TicketsApplication - No active profile set, falling back to 1 default profile: "default"
2024-01-29 19:21:01.304 [main] INFO  org.apache.catalina.core.StandardService - Starting service [Tomcat]
2024-01-29 19:21:01.304 [main] INFO  org.apache.catalina.core.StandardEngine - Starting Servlet engine: [Apache Tomcat/10.1.13]
2024-01-29 19:21:01.365 [main] INFO  o.a.c.core.ContainerBase.[Tomcat].[localhost].[/] - Initializing Spring embedded WebApplicationContext
2024-01-29 19:21:03.359 [main] INFO  com.tickets.TicketsApplication - Started TicketsApplication in 3.371 seconds (process running for 3.841)
2024-01-29 19:21:03.861 [RMI TCP Connection(2)-192.168.1.5] INFO  o.a.c.core.ContainerBase.[Tomcat].[localhost].[/] - Initializing Spring DispatcherServlet 'dispatcherServlet'
2024-01-29 19:21:03.903 [RMI TCP Connection(1)-192.168.1.5] INFO  com.alibaba.druid.pool.DruidDataSource - {dataSource-1} inited
2024-01-29 19:22:31.721 [SpringApplicationShutdownHook] INFO  com.alibaba.druid.pool.DruidDataSource - {dataSource-1} closing ...
2024-01-29 19:22:31.725 [SpringApplicationShutdownHook] INFO  com.alibaba.druid.pool.DruidDataSource - {dataSource-1} closed
2024-01-29 19:22:33.352 [main] INFO  com.tickets.TicketsApplication - Starting TicketsApplication using Java 21 with PID 16456 (C:\Users\11583\Desktop\ticket-project\target\classes started by 11583 in C:\Users\11583\Desktop\ticket-project)
2024-01-29 19:22:33.353 [main] INFO  com.tickets.TicketsApplication - No active profile set, falling back to 1 default profile: "default"
2024-01-29 19:22:34.314 [main] INFO  org.apache.catalina.core.StandardService - Starting service [Tomcat]
2024-01-29 19:22:34.314 [main] INFO  org.apache.catalina.core.StandardEngine - Starting Servlet engine: [Apache Tomcat/10.1.13]
2024-01-29 19:22:34.380 [main] INFO  o.a.c.core.ContainerBase.[Tomcat].[localhost].[/] - Initializing Spring embedded WebApplicationContext
2024-01-29 19:22:36.392 [main] INFO  com.tickets.TicketsApplication - Started TicketsApplication in 3.393 seconds (process running for 3.896)
2024-01-29 19:22:36.830 [RMI TCP Connection(1)-192.168.1.5] INFO  o.a.c.core.ContainerBase.[Tomcat].[localhost].[/] - Initializing Spring DispatcherServlet 'dispatcherServlet'
2024-01-29 19:22:36.872 [RMI TCP Connection(2)-192.168.1.5] INFO  com.alibaba.druid.pool.DruidDataSource - {dataSource-1} inited
